[0.062s] Invoking command in '/home/ej/Silverfish/ublox_ws/build/ublox_serialization': CMAKE_PREFIX_PATH=/opt/ros/humble /usr/bin/cmake /home/ej/Silverfish/ublox_ws/src/ublox/ublox_serialization -DCMAKE_INSTALL_PREFIX=/home/ej/Silverfish/ublox_ws/install/ublox_serialization
[0.709s] -- The C compiler identification is GNU 11.3.0
[1.022s] -- The CXX compiler identification is GNU 11.3.0
[1.056s] -- Detecting C compiler ABI info
[1.464s] -- Detecting C compiler ABI info - done
[1.493s] -- Check for working C compiler: /usr/bin/cc - skipped
[1.494s] -- Detecting C compile features
[1.496s] -- Detecting C compile features - done
[1.509s] -- Detecting CXX compiler ABI info
[1.920s] -- Detecting CXX compiler ABI info - done
[1.947s] -- Check for working CXX compiler: /usr/bin/c++ - skipped
[1.948s] -- Detecting CXX compile features
[1.950s] -- Detecting CXX compile features - done
[1.970s] -- Found ament_cmake: 1.3.3 (/opt/ros/humble/share/ament_cmake/cmake)
[2.814s] -- Found Python3: /usr/bin/python3.10 (found version "3.10.6") found components: Interpreter 
[3.745s] -- Configuring done
[3.766s] -- Generating done
[3.771s] -- Build files have been written to: /home/ej/Silverfish/ublox_ws/build/ublox_serialization
[3.789s] Invoked command in '/home/ej/Silverfish/ublox_ws/build/ublox_serialization' returned '0': CMAKE_PREFIX_PATH=/opt/ros/humble /usr/bin/cmake /home/ej/Silverfish/ublox_ws/src/ublox/ublox_serialization -DCMAKE_INSTALL_PREFIX=/home/ej/Silverfish/ublox_ws/install/ublox_serialization
[3.803s] Invoking command in '/home/ej/Silverfish/ublox_ws/build/ublox_serialization': CMAKE_PREFIX_PATH=/opt/ros/humble /usr/bin/cmake --build /home/ej/Silverfish/ublox_ws/build/ublox_serialization -- -j4 -l4
[3.990s] Invoked command in '/home/ej/Silverfish/ublox_ws/build/ublox_serialization' returned '0': CMAKE_PREFIX_PATH=/opt/ros/humble /usr/bin/cmake --build /home/ej/Silverfish/ublox_ws/build/ublox_serialization -- -j4 -l4
[4.158s] Invoking command in '/home/ej/Silverfish/ublox_ws/build/ublox_serialization': CMAKE_PREFIX_PATH=/opt/ros/humble /usr/bin/cmake --install /home/ej/Silverfish/ublox_ws/build/ublox_serialization
[4.190s] -- Install configuration: ""
[4.191s] -- Installing: /home/ej/Silverfish/ublox_ws/install/ublox_serialization/include/ublox_serialization
[4.191s] -- Installing: /home/ej/Silverfish/ublox_ws/install/ublox_serialization/include/ublox_serialization/ublox_serialization
[4.192s] -- Installing: /home/ej/Silverfish/ublox_ws/install/ublox_serialization/include/ublox_serialization/ublox_serialization/checksum.hpp
[4.194s] -- Installing: /home/ej/Silverfish/ublox_ws/install/ublox_serialization/include/ublox_serialization/ublox_serialization/serialization.hpp
[4.196s] -- Installing: /home/ej/Silverfish/ublox_ws/install/ublox_serialization/share/ament_index/resource_index/package_run_dependencies/ublox_serialization
[4.242s] -- Installing: /home/ej/Silverfish/ublox_ws/install/ublox_serialization/share/ament_index/resource_index/parent_prefix_path/ublox_serialization
[4.246s] -- Installing: /home/ej/Silverfish/ublox_ws/install/ublox_serialization/share/ublox_serialization/environment/ament_prefix_path.sh
[4.249s] -- Installing: /home/ej/Silverfish/ublox_ws/install/ublox_serialization/share/ublox_serialization/environment/ament_prefix_path.dsv
[4.250s] -- Installing: /home/ej/Silverfish/ublox_ws/install/ublox_serialization/share/ublox_serialization/environment/path.sh
[4.252s] -- Installing: /home/ej/Silverfish/ublox_ws/install/ublox_serialization/share/ublox_serialization/environment/path.dsv
[4.253s] -- Installing: /home/ej/Silverfish/ublox_ws/install/ublox_serialization/share/ublox_serialization/local_setup.bash
[4.255s] -- Installing: /home/ej/Silverfish/ublox_ws/install/ublox_serialization/share/ublox_serialization/local_setup.sh
[4.256s] -- Installing: /home/ej/Silverfish/ublox_ws/install/ublox_serialization/share/ublox_serialization/local_setup.zsh
[4.258s] -- Installing: /home/ej/Silverfish/ublox_ws/install/ublox_serialization/share/ublox_serialization/local_setup.dsv
[4.259s] -- Installing: /home/ej/Silverfish/ublox_ws/install/ublox_serialization/share/ublox_serialization/package.dsv
[4.261s] -- Installing: /home/ej/Silverfish/ublox_ws/install/ublox_serialization/share/ament_index/resource_index/packages/ublox_serialization
[4.263s] -- Installing: /home/ej/Silverfish/ublox_ws/install/ublox_serialization/share/ublox_serialization/cmake/export_ublox_serializationExport.cmake
[4.264s] -- Installing: /home/ej/Silverfish/ublox_ws/install/ublox_serialization/share/ublox_serialization/cmake/ament_cmake_export_include_directories-extras.cmake
[4.266s] -- Installing: /home/ej/Silverfish/ublox_ws/install/ublox_serialization/share/ublox_serialization/cmake/ament_cmake_export_targets-extras.cmake
[4.267s] -- Installing: /home/ej/Silverfish/ublox_ws/install/ublox_serialization/share/ublox_serialization/cmake/ublox_serializationConfig.cmake
[4.268s] -- Installing: /home/ej/Silverfish/ublox_ws/install/ublox_serialization/share/ublox_serialization/cmake/ublox_serializationConfig-version.cmake
[4.270s] -- Installing: /home/ej/Silverfish/ublox_ws/install/ublox_serialization/share/ublox_serialization/package.xml
[4.281s] Invoked command in '/home/ej/Silverfish/ublox_ws/build/ublox_serialization' returned '0': CMAKE_PREFIX_PATH=/opt/ros/humble /usr/bin/cmake --install /home/ej/Silverfish/ublox_ws/build/ublox_serialization
