[0.105s] Invoking command in '/home/ej/Silverfish/ublox_ws/build/ublox_serialization': CMAKE_PREFIX_PATH=/opt/ros/humble /usr/bin/cmake --build /home/ej/Silverfish/ublox_ws/build/ublox_serialization -- -j4 -l4
[0.330s] Invoked command in '/home/ej/Silverfish/ublox_ws/build/ublox_serialization' returned '0': CMAKE_PREFIX_PATH=/opt/ros/humble /usr/bin/cmake --build /home/ej/Silverfish/ublox_ws/build/ublox_serialization -- -j4 -l4
[0.547s] Invoking command in '/home/ej/Silverfish/ublox_ws/build/ublox_serialization': CMAKE_PREFIX_PATH=/opt/ros/humble /usr/bin/cmake --install /home/ej/Silverfish/ublox_ws/build/ublox_serialization
[0.591s] -- Install configuration: ""
[0.594s] -- Up-to-date: /home/ej/Silverfish/ublox_ws/install/ublox_serialization/include/ublox_serialization
[0.596s] -- Up-to-date: /home/ej/Silverfish/ublox_ws/install/ublox_serialization/include/ublox_serialization/ublox_serialization
[0.597s] -- Up-to-date: /home/ej/Silverfish/ublox_ws/install/ublox_serialization/include/ublox_serialization/ublox_serialization/checksum.hpp
[0.597s] -- Up-to-date: /home/ej/Silverfish/ublox_ws/install/ublox_serialization/include/ublox_serialization/ublox_serialization/serialization.hpp
[0.601s] -- Up-to-date: /home/ej/Silverfish/ublox_ws/install/ublox_serialization/share/ament_index/resource_index/package_run_dependencies/ublox_serialization
[0.604s] -- Up-to-date: /home/ej/Silverfish/ublox_ws/install/ublox_serialization/share/ament_index/resource_index/parent_prefix_path/ublox_serialization
[0.607s] -- Up-to-date: /home/ej/Silverfish/ublox_ws/install/ublox_serialization/share/ublox_serialization/environment/ament_prefix_path.sh
[0.609s] -- Up-to-date: /home/ej/Silverfish/ublox_ws/install/ublox_serialization/share/ublox_serialization/environment/ament_prefix_path.dsv
[0.610s] -- Up-to-date: /home/ej/Silverfish/ublox_ws/install/ublox_serialization/share/ublox_serialization/environment/path.sh
[0.611s] -- Up-to-date: /home/ej/Silverfish/ublox_ws/install/ublox_serialization/share/ublox_serialization/environment/path.dsv
[0.612s] -- Up-to-date: /home/ej/Silverfish/ublox_ws/install/ublox_serialization/share/ublox_serialization/local_setup.bash
[0.613s] -- Up-to-date: /home/ej/Silverfish/ublox_ws/install/ublox_serialization/share/ublox_serialization/local_setup.sh
[0.615s] -- Up-to-date: /home/ej/Silverfish/ublox_ws/install/ublox_serialization/share/ublox_serialization/local_setup.zsh
[0.616s] -- Up-to-date: /home/ej/Silverfish/ublox_ws/install/ublox_serialization/share/ublox_serialization/local_setup.dsv
[0.620s] -- Up-to-date: /home/ej/Silverfish/ublox_ws/install/ublox_serialization/share/ublox_serialization/package.dsv
[0.625s] -- Up-to-date: /home/ej/Silverfish/ublox_ws/install/ublox_serialization/share/ament_index/resource_index/packages/ublox_serialization
[0.626s] -- Up-to-date: /home/ej/Silverfish/ublox_ws/install/ublox_serialization/share/ublox_serialization/cmake/export_ublox_serializationExport.cmake
[0.627s] -- Up-to-date: /home/ej/Silverfish/ublox_ws/install/ublox_serialization/share/ublox_serialization/cmake/ament_cmake_export_include_directories-extras.cmake
[0.628s] -- Up-to-date: /home/ej/Silverfish/ublox_ws/install/ublox_serialization/share/ublox_serialization/cmake/ament_cmake_export_targets-extras.cmake
[0.631s] -- Up-to-date: /home/ej/Silverfish/ublox_ws/install/ublox_serialization/share/ublox_serialization/cmake/ublox_serializationConfig.cmake
[0.632s] -- Up-to-date: /home/ej/Silverfish/ublox_ws/install/ublox_serialization/share/ublox_serialization/cmake/ublox_serializationConfig-version.cmake
[0.637s] -- Up-to-date: /home/ej/Silverfish/ublox_ws/install/ublox_serialization/share/ublox_serialization/package.xml
[0.638s] Invoked command in '/home/ej/Silverfish/ublox_ws/build/ublox_serialization' returned '0': CMAKE_PREFIX_PATH=/opt/ros/humble /usr/bin/cmake --install /home/ej/Silverfish/ublox_ws/build/ublox_serialization
