[3.293s] Invoking command in '/home/ej/Silverfish/ntrip_ws/src/ntrip_client': PYTHONPATH=/home/ej/Silverfish/ntrip_ws/build/ntrip_client/prefix_override:/home/ej/Silverfish/ntrip_ws/install/ntrip_client/lib/python3.10/site-packages:${PYTHONPATH} /usr/bin/python3 setup.py egg_info --egg-base ../../build/ntrip_client build --build-base /home/ej/Silverfish/ntrip_ws/build/ntrip_client/build install --record /home/ej/Silverfish/ntrip_ws/build/ntrip_client/install.log --single-version-externally-managed
[4.495s] running egg_info
[4.496s] creating ../../build/ntrip_client/ntrip_client.egg-info
[4.497s] writing ../../build/ntrip_client/ntrip_client.egg-info/PKG-INFO
[4.498s] writing dependency_links to ../../build/ntrip_client/ntrip_client.egg-info/dependency_links.txt
[4.499s] writing requirements to ../../build/ntrip_client/ntrip_client.egg-info/requires.txt
[4.500s] writing top-level names to ../../build/ntrip_client/ntrip_client.egg-info/top_level.txt
[4.501s] writing manifest file '../../build/ntrip_client/ntrip_client.egg-info/SOURCES.txt'
[4.521s] reading manifest file '../../build/ntrip_client/ntrip_client.egg-info/SOURCES.txt'
[4.522s] adding license file 'LICENSE'
[4.525s] writing manifest file '../../build/ntrip_client/ntrip_client.egg-info/SOURCES.txt'
[4.525s] running build
[4.526s] running build_py
[4.527s] creating /home/ej/Silverfish/ntrip_ws/build/ntrip_client/build
[4.527s] creating /home/ej/Silverfish/ntrip_ws/build/ntrip_client/build/lib
[4.528s] creating /home/ej/Silverfish/ntrip_ws/build/ntrip_client/build/lib/ntrip_client
[4.528s] copying src/ntrip_client/ntrip_client.py -> /home/ej/Silverfish/ntrip_ws/build/ntrip_client/build/lib/ntrip_client
[4.528s] copying src/ntrip_client/__init__.py -> /home/ej/Silverfish/ntrip_ws/build/ntrip_client/build/lib/ntrip_client
[4.529s] copying src/ntrip_client/rtcm_parser.py -> /home/ej/Silverfish/ntrip_ws/build/ntrip_client/build/lib/ntrip_client
[4.531s] copying src/ntrip_client/nmea_parser.py -> /home/ej/Silverfish/ntrip_ws/build/ntrip_client/build/lib/ntrip_client
[4.533s] running build_scripts
[4.534s] creating /home/ej/Silverfish/ntrip_ws/build/ntrip_client/build/scripts-3.10
[4.535s] copying and adjusting scripts/ntrip_ros.py -> /home/ej/Silverfish/ntrip_ws/build/ntrip_client/build/scripts-3.10
[4.536s] copying and adjusting scripts/rtcm_rx.py -> /home/ej/Silverfish/ntrip_ws/build/ntrip_client/build/scripts-3.10
[4.536s] changing mode of /home/ej/Silverfish/ntrip_ws/build/ntrip_client/build/scripts-3.10/ntrip_ros.py from 664 to 775
[4.537s] changing mode of /home/ej/Silverfish/ntrip_ws/build/ntrip_client/build/scripts-3.10/rtcm_rx.py from 664 to 775
[4.537s] running install
[4.538s] /usr/lib/python3/dist-packages/setuptools/command/install.py:34: SetuptoolsDeprecationWarning: setup.py install is deprecated. Use build and pip and other standards-based tools.
[4.539s]   warnings.warn(
[4.540s] running install_lib
[4.543s] creating /home/ej/Silverfish/ntrip_ws/install/ntrip_client/lib/python3.10/site-packages/ntrip_client
[4.545s] copying /home/ej/Silverfish/ntrip_ws/build/ntrip_client/build/lib/ntrip_client/ntrip_client.py -> /home/ej/Silverfish/ntrip_ws/install/ntrip_client/lib/python3.10/site-packages/ntrip_client
[4.547s] copying /home/ej/Silverfish/ntrip_ws/build/ntrip_client/build/lib/ntrip_client/__init__.py -> /home/ej/Silverfish/ntrip_ws/install/ntrip_client/lib/python3.10/site-packages/ntrip_client
[4.548s] copying /home/ej/Silverfish/ntrip_ws/build/ntrip_client/build/lib/ntrip_client/rtcm_parser.py -> /home/ej/Silverfish/ntrip_ws/install/ntrip_client/lib/python3.10/site-packages/ntrip_client
[4.549s] copying /home/ej/Silverfish/ntrip_ws/build/ntrip_client/build/lib/ntrip_client/nmea_parser.py -> /home/ej/Silverfish/ntrip_ws/install/ntrip_client/lib/python3.10/site-packages/ntrip_client
[4.554s] byte-compiling /home/ej/Silverfish/ntrip_ws/install/ntrip_client/lib/python3.10/site-packages/ntrip_client/ntrip_client.py to ntrip_client.cpython-310.pyc
[4.563s] byte-compiling /home/ej/Silverfish/ntrip_ws/install/ntrip_client/lib/python3.10/site-packages/ntrip_client/__init__.py to __init__.cpython-310.pyc
[4.564s] byte-compiling /home/ej/Silverfish/ntrip_ws/install/ntrip_client/lib/python3.10/site-packages/ntrip_client/rtcm_parser.py to rtcm_parser.cpython-310.pyc
[4.568s] byte-compiling /home/ej/Silverfish/ntrip_ws/install/ntrip_client/lib/python3.10/site-packages/ntrip_client/nmea_parser.py to nmea_parser.cpython-310.pyc
[4.570s] running install_data
[4.573s] creating /home/ej/Silverfish/ntrip_ws/install/ntrip_client/share/ament_index
[4.574s] creating /home/ej/Silverfish/ntrip_ws/install/ntrip_client/share/ament_index/resource_index
[4.574s] creating /home/ej/Silverfish/ntrip_ws/install/ntrip_client/share/ament_index/resource_index/packages
[4.575s] copying resource/ntrip_client -> /home/ej/Silverfish/ntrip_ws/install/ntrip_client/share/ament_index/resource_index/packages
[4.575s] copying package.xml -> /home/ej/Silverfish/ntrip_ws/install/ntrip_client/share/ntrip_client
[4.576s] copying launch/ntrip_client_launch.py -> /home/ej/Silverfish/ntrip_ws/install/ntrip_client/share/ntrip_client
[4.577s] running install_egg_info
[4.586s] Copying ../../build/ntrip_client/ntrip_client.egg-info to /home/ej/Silverfish/ntrip_ws/install/ntrip_client/lib/python3.10/site-packages/ntrip_client-1.2.0-py3.10.egg-info
[4.591s] running install_scripts
[4.693s] creating /home/ej/Silverfish/ntrip_ws/install/ntrip_client/lib/ntrip_client
[4.693s] copying /home/ej/Silverfish/ntrip_ws/build/ntrip_client/build/scripts-3.10/rtcm_rx.py -> /home/ej/Silverfish/ntrip_ws/install/ntrip_client/lib/ntrip_client
[4.694s] copying /home/ej/Silverfish/ntrip_ws/build/ntrip_client/build/scripts-3.10/ntrip_ros.py -> /home/ej/Silverfish/ntrip_ws/install/ntrip_client/lib/ntrip_client
[4.697s] changing mode of /home/ej/Silverfish/ntrip_ws/install/ntrip_client/lib/ntrip_client/rtcm_rx.py to 775
[4.697s] changing mode of /home/ej/Silverfish/ntrip_ws/install/ntrip_client/lib/ntrip_client/ntrip_ros.py to 775
[4.701s] writing list of installed files to '/home/ej/Silverfish/ntrip_ws/build/ntrip_client/install.log'
[4.885s] Invoked command in '/home/ej/Silverfish/ntrip_ws/src/ntrip_client' returned '0': PYTHONPATH=/home/ej/Silverfish/ntrip_ws/build/ntrip_client/prefix_override:/home/ej/Silverfish/ntrip_ws/install/ntrip_client/lib/python3.10/site-packages:${PYTHONPATH} /usr/bin/python3 setup.py egg_info --egg-base ../../build/ntrip_client build --build-base /home/ej/Silverfish/ntrip_ws/build/ntrip_client/build install --record /home/ej/Silverfish/ntrip_ws/build/ntrip_client/install.log --single-version-externally-managed
