[0.088s] Invoking command in '/home/ej/Silverfish/ublox_ws/build/rtcm_msgs': CMAKE_PREFIX_PATH=/opt/ros/humble /usr/bin/cmake /home/ej/Silverfish/ublox_ws/src/ublox/rtcm_msgs -DCMAKE_INSTALL_PREFIX=/home/ej/Silverfish/ublox_ws/install/rtcm_msgs
[0.481s] -- The C compiler identification is GNU 11.3.0
[0.855s] -- The CXX compiler identification is GNU 11.3.0
[0.903s] -- Detecting C compiler ABI info
[1.421s] -- Detecting C compiler ABI info - done
[1.456s] -- Check for working C compiler: /usr/bin/cc - skipped
[1.459s] -- Detecting C compile features
[1.462s] -- Detecting C compile features - done
[1.482s] -- Detecting CXX compiler ABI info
[2.161s] -- Detecting CXX compiler ABI info - done
[2.237s] -- Check for working CXX compiler: /usr/bin/c++ - skipped
[2.241s] -- Detecting CXX compile features
[2.253s] -- Detecting CXX compile features - done
[2.292s] -- Found ros_environment: 3.2.2 (/opt/ros/humble/share/ros_environment/cmake)
[2.330s] -- Found std_msgs: 4.2.2 (/opt/ros/humble/share/std_msgs/cmake)
[3.847s] -- Found Python3: /usr/bin/python3.10 (found version "3.10.6") found components: Interpreter 
[4.957s] -- Found rosidl_generator_c: 3.1.4 (/opt/ros/humble/share/rosidl_generator_c/cmake)
[5.017s] -- Found rosidl_adapter: 3.1.4 (/opt/ros/humble/share/rosidl_adapter/cmake)
[5.068s] -- Found rosidl_generator_cpp: 3.1.4 (/opt/ros/humble/share/rosidl_generator_cpp/cmake)
[5.163s] -- Using all available rosidl_typesupport_c: rosidl_typesupport_fastrtps_c;rosidl_typesupport_introspection_c
[5.322s] -- Using all available rosidl_typesupport_cpp: rosidl_typesupport_fastrtps_cpp;rosidl_typesupport_introspection_cpp
[5.651s] -- Found rosidl_default_generators: 1.2.0 (/opt/ros/humble/share/rosidl_default_generators/cmake)
[7.360s] -- Found ament_cmake_cppcheck: 0.12.4 (/opt/ros/humble/share/ament_cmake_cppcheck/cmake)
[7.378s] -- Found ament_cmake_cpplint: 0.12.4 (/opt/ros/humble/share/ament_cmake_cpplint/cmake)
[7.397s] -- Found ament_cmake_uncrustify: 0.12.4 (/opt/ros/humble/share/ament_cmake_uncrustify/cmake)
[7.415s] -- Found ament_cmake_ros: 0.10.0 (/opt/ros/humble/share/ament_cmake_ros/cmake)
[9.528s] -- Using all available rosidl_typesupport_c: rosidl_typesupport_fastrtps_c;rosidl_typesupport_introspection_c
[10.350s] -- Using all available rosidl_typesupport_cpp: rosidl_typesupport_fastrtps_cpp;rosidl_typesupport_introspection_cpp
[10.471s] -- Found PythonInterp: /usr/bin/python3 (found suitable version "3.10.6", minimum required is "3.6") 
[10.484s] -- Found python_cmake_module: 0.10.0 (/opt/ros/humble/share/python_cmake_module/cmake)
[10.609s] -- Found PythonLibs: /usr/lib/aarch64-linux-gnu/libpython3.10.so (found suitable version "3.10.6", minimum required is "3.5") 
[10.611s] -- Using PYTHON_EXECUTABLE: /usr/bin/python3
[10.613s] -- Using PYTHON_INCLUDE_DIRS: /usr/include/python3.10
[10.614s] -- Using PYTHON_LIBRARIES: /usr/lib/aarch64-linux-gnu/libpython3.10.so
[10.728s] -- Found PythonExtra: .so  
[10.985s] -- Found ament_cmake_flake8: 0.12.4 (/opt/ros/humble/share/ament_cmake_flake8/cmake)
[11.011s] -- Found ament_cmake_pep257: 0.12.4 (/opt/ros/humble/share/ament_cmake_pep257/cmake)
[11.068s] -- Configuring done
[11.332s] -- Generating done
[11.348s] -- Build files have been written to: /home/ej/Silverfish/ublox_ws/build/rtcm_msgs
[11.376s] Invoked command in '/home/ej/Silverfish/ublox_ws/build/rtcm_msgs' returned '0': CMAKE_PREFIX_PATH=/opt/ros/humble /usr/bin/cmake /home/ej/Silverfish/ublox_ws/src/ublox/rtcm_msgs -DCMAKE_INSTALL_PREFIX=/home/ej/Silverfish/ublox_ws/install/rtcm_msgs
[11.388s] Invoking command in '/home/ej/Silverfish/ublox_ws/build/rtcm_msgs': CMAKE_PREFIX_PATH=/opt/ros/humble /usr/bin/cmake --build /home/ej/Silverfish/ublox_ws/build/rtcm_msgs -- -j4 -l4
[11.599s] [  3%] [34m[1mGenerating C code for ROS interfaces[0m
[11.674s] [  6%] [34m[1mGenerating C++ code for ROS interfaces[0m
[11.792s] [  6%] Built target ament_cmake_python_copy_rtcm_msgs
[13.873s] [  6%] Built target rtcm_msgs__cpp
[13.980s] [  9%] [34m[1mGenerating C++ type support dispatch for ROS interfaces[0m
[13.983s] [ 12%] [34m[1mGenerating C++ type support for eProsima Fast-RTPS[0m
[14.464s] [ 16%] [32mBuilding C object CMakeFiles/rtcm_msgs__rosidl_generator_c.dir/rosidl_generator_c/rtcm_msgs/msg/detail/message__functions.c.o[0m
[14.549s] running egg_info
[14.559s] creating rtcm_msgs.egg-info
[14.562s] writing rtcm_msgs.egg-info/PKG-INFO
[14.566s] writing dependency_links to rtcm_msgs.egg-info/dependency_links.txt
[14.571s] writing top-level names to rtcm_msgs.egg-info/top_level.txt
[14.575s] writing manifest file 'rtcm_msgs.egg-info/SOURCES.txt'
[14.589s] reading manifest file 'rtcm_msgs.egg-info/SOURCES.txt'
[14.594s] writing manifest file 'rtcm_msgs.egg-info/SOURCES.txt'
[14.999s] [ 16%] Built target ament_cmake_python_build_rtcm_msgs_egg
[15.128s] [ 19%] [32m[1mLinking C shared library librtcm_msgs__rosidl_generator_c.so[0m
[15.177s] [ 22%] [34m[1mGenerating C++ introspection for ROS interfaces[0m
[15.526s] [ 22%] Built target rtcm_msgs__rosidl_generator_c
[15.635s] [ 25%] [34m[1mGenerating C type support for eProsima Fast-RTPS[0m
[16.254s] [ 29%] [32mBuilding CXX object CMakeFiles/rtcm_msgs__rosidl_typesupport_cpp.dir/rosidl_typesupport_cpp/rtcm_msgs/msg/message__type_support.cpp.o[0m
[16.605s] [ 32%] [32mBuilding CXX object CMakeFiles/rtcm_msgs__rosidl_typesupport_fastrtps_cpp.dir/rosidl_typesupport_fastrtps_cpp/rtcm_msgs/msg/detail/dds_fastrtps/message__type_support.cpp.o[0m
[18.044s] [ 35%] [32mBuilding CXX object CMakeFiles/rtcm_msgs__rosidl_typesupport_fastrtps_c.dir/rosidl_typesupport_fastrtps_c/rtcm_msgs/msg/detail/message__type_support_c.cpp.o[0m
[18.211s] [ 38%] [32mBuilding CXX object CMakeFiles/rtcm_msgs__rosidl_typesupport_introspection_cpp.dir/rosidl_typesupport_introspection_cpp/rtcm_msgs/msg/detail/message__type_support.cpp.o[0m
[20.062s] [ 41%] [32m[1mLinking CXX shared library librtcm_msgs__rosidl_typesupport_cpp.so[0m
[20.595s] [ 41%] Built target rtcm_msgs__rosidl_typesupport_cpp
[20.722s] [ 45%] [34m[1mGenerating C introspection for ROS interfaces[0m
[22.127s] [ 48%] [32m[1mLinking CXX shared library librtcm_msgs__rosidl_typesupport_fastrtps_cpp.so[0m
[22.821s] [ 48%] Built target rtcm_msgs__rosidl_typesupport_fastrtps_cpp
[22.896s] [ 51%] [34m[1mGenerating C type support dispatch for ROS interfaces[0m
[22.954s] [ 54%] [32m[1mLinking CXX shared library librtcm_msgs__rosidl_typesupport_fastrtps_c.so[0m
[23.191s] [ 58%] [32m[1mLinking CXX shared library librtcm_msgs__rosidl_typesupport_introspection_cpp.so[0m
[23.689s] [ 61%] [32mBuilding C object CMakeFiles/rtcm_msgs__rosidl_typesupport_introspection_c.dir/rosidl_typesupport_introspection_c/rtcm_msgs/msg/detail/message__type_support.c.o[0m
[23.924s] [ 61%] Built target rtcm_msgs__rosidl_typesupport_fastrtps_c
[24.046s] [ 61%] Built target rtcm_msgs__rosidl_typesupport_introspection_cpp
[24.096s] [ 64%] [32m[1mLinking C shared library librtcm_msgs__rosidl_typesupport_introspection_c.so[0m
[24.319s] [ 64%] Built target rtcm_msgs__rosidl_typesupport_introspection_c
[25.631s] [ 67%] [32mBuilding CXX object CMakeFiles/rtcm_msgs__rosidl_typesupport_c.dir/rosidl_typesupport_c/rtcm_msgs/msg/message__type_support.cpp.o[0m
[25.966s] [ 70%] [32m[1mLinking CXX shared library librtcm_msgs__rosidl_typesupport_c.so[0m
[25.981s] [ 70%] Built target rtcm_msgs__rosidl_typesupport_c
[26.057s] [ 70%] Built target rtcm_msgs
[26.161s] [ 74%] [34m[1mGenerating Python code for ROS interfaces[0m
[27.627s] [ 74%] Built target rtcm_msgs__py
[27.731s] [ 77%] [32mBuilding C object CMakeFiles/rtcm_msgs__rosidl_generator_py.dir/rosidl_generator_py/rtcm_msgs/msg/_message_s.c.o[0m
[28.374s] [ 80%] [32m[1mLinking C shared library rosidl_generator_py/rtcm_msgs/librtcm_msgs__rosidl_generator_py.so[0m
[28.646s] [ 80%] Built target rtcm_msgs__rosidl_generator_py
[28.769s] [ 83%] [32mBuilding C object CMakeFiles/rtcm_msgs__rosidl_typesupport_fastrtps_c__pyext.dir/rosidl_generator_py/rtcm_msgs/_rtcm_msgs_s.ep.rosidl_typesupport_fastrtps_c.c.o[0m
[28.798s] [ 87%] [32mBuilding C object CMakeFiles/rtcm_msgs__rosidl_typesupport_c__pyext.dir/rosidl_generator_py/rtcm_msgs/_rtcm_msgs_s.ep.rosidl_typesupport_c.c.o[0m
[28.803s] [ 90%] [32mBuilding C object CMakeFiles/rtcm_msgs__rosidl_typesupport_introspection_c__pyext.dir/rosidl_generator_py/rtcm_msgs/_rtcm_msgs_s.ep.rosidl_typesupport_introspection_c.c.o[0m
[29.607s] [ 93%] [32m[1mLinking C shared library rosidl_generator_py/rtcm_msgs/rtcm_msgs_s__rosidl_typesupport_fastrtps_c.cpython-310-aarch64-linux-gnu.so[0m
[29.678s] [ 96%] [32m[1mLinking C shared library rosidl_generator_py/rtcm_msgs/rtcm_msgs_s__rosidl_typesupport_c.cpython-310-aarch64-linux-gnu.so[0m
[29.818s] [100%] [32m[1mLinking C shared library rosidl_generator_py/rtcm_msgs/rtcm_msgs_s__rosidl_typesupport_introspection_c.cpython-310-aarch64-linux-gnu.so[0m
[30.015s] [100%] Built target rtcm_msgs__rosidl_typesupport_c__pyext
[30.051s] [100%] Built target rtcm_msgs__rosidl_typesupport_fastrtps_c__pyext
[30.186s] [100%] Built target rtcm_msgs__rosidl_typesupport_introspection_c__pyext
[30.251s] Invoked command in '/home/ej/Silverfish/ublox_ws/build/rtcm_msgs' returned '0': CMAKE_PREFIX_PATH=/opt/ros/humble /usr/bin/cmake --build /home/ej/Silverfish/ublox_ws/build/rtcm_msgs -- -j4 -l4
[30.649s] Invoking command in '/home/ej/Silverfish/ublox_ws/build/rtcm_msgs': CMAKE_PREFIX_PATH=/opt/ros/humble /usr/bin/cmake --install /home/ej/Silverfish/ublox_ws/build/rtcm_msgs
[30.689s] -- Install configuration: ""
[30.691s] -- Installing: /home/ej/Silverfish/ublox_ws/install/rtcm_msgs/share/ament_index/resource_index/rosidl_interfaces/rtcm_msgs
[30.693s] -- Installing: /home/ej/Silverfish/ublox_ws/install/rtcm_msgs/include/rtcm_msgs/rtcm_msgs
[30.694s] -- Installing: /home/ej/Silverfish/ublox_ws/install/rtcm_msgs/include/rtcm_msgs/rtcm_msgs/msg
[30.694s] -- Installing: /home/ej/Silverfish/ublox_ws/install/rtcm_msgs/include/rtcm_msgs/rtcm_msgs/msg/message.h
[30.695s] -- Installing: /home/ej/Silverfish/ublox_ws/install/rtcm_msgs/include/rtcm_msgs/rtcm_msgs/msg/rosidl_generator_c__visibility_control.h
[30.697s] -- Installing: /home/ej/Silverfish/ublox_ws/install/rtcm_msgs/include/rtcm_msgs/rtcm_msgs/msg/detail
[30.698s] -- Installing: /home/ej/Silverfish/ublox_ws/install/rtcm_msgs/include/rtcm_msgs/rtcm_msgs/msg/detail/message__struct.h
[30.699s] -- Installing: /home/ej/Silverfish/ublox_ws/install/rtcm_msgs/include/rtcm_msgs/rtcm_msgs/msg/detail/message__functions.h
[30.700s] -- Installing: /home/ej/Silverfish/ublox_ws/install/rtcm_msgs/include/rtcm_msgs/rtcm_msgs/msg/detail/message__functions.c
[30.704s] -- Installing: /home/ej/Silverfish/ublox_ws/install/rtcm_msgs/include/rtcm_msgs/rtcm_msgs/msg/detail/message__type_support.h
[30.705s] -- Installing: /home/ej/Silverfish/ublox_ws/install/rtcm_msgs/share/rtcm_msgs/environment/library_path.sh
[30.707s] -- Installing: /home/ej/Silverfish/ublox_ws/install/rtcm_msgs/share/rtcm_msgs/environment/library_path.dsv
[30.715s] -- Installing: /home/ej/Silverfish/ublox_ws/install/rtcm_msgs/lib/librtcm_msgs__rosidl_generator_c.so
[30.716s] -- Set runtime path of "/home/ej/Silverfish/ublox_ws/install/rtcm_msgs/lib/librtcm_msgs__rosidl_generator_c.so" to ""
[30.718s] -- Up-to-date: /home/ej/Silverfish/ublox_ws/install/rtcm_msgs/include/rtcm_msgs/rtcm_msgs
[30.718s] -- Up-to-date: /home/ej/Silverfish/ublox_ws/install/rtcm_msgs/include/rtcm_msgs/rtcm_msgs/msg
[30.719s] -- Installing: /home/ej/Silverfish/ublox_ws/install/rtcm_msgs/include/rtcm_msgs/rtcm_msgs/msg/rosidl_typesupport_fastrtps_c__visibility_control.h
[30.719s] -- Up-to-date: /home/ej/Silverfish/ublox_ws/install/rtcm_msgs/include/rtcm_msgs/rtcm_msgs/msg/detail
[30.720s] -- Installing: /home/ej/Silverfish/ublox_ws/install/rtcm_msgs/include/rtcm_msgs/rtcm_msgs/msg/detail/message__rosidl_typesupport_fastrtps_c.h
[30.720s] -- Installing: /home/ej/Silverfish/ublox_ws/install/rtcm_msgs/lib/librtcm_msgs__rosidl_typesupport_fastrtps_c.so
[30.723s] -- Set runtime path of "/home/ej/Silverfish/ublox_ws/install/rtcm_msgs/lib/librtcm_msgs__rosidl_typesupport_fastrtps_c.so" to ""
[30.723s] -- Up-to-date: /home/ej/Silverfish/ublox_ws/install/rtcm_msgs/include/rtcm_msgs/rtcm_msgs
[30.723s] -- Up-to-date: /home/ej/Silverfish/ublox_ws/install/rtcm_msgs/include/rtcm_msgs/rtcm_msgs/msg
[30.724s] -- Up-to-date: /home/ej/Silverfish/ublox_ws/install/rtcm_msgs/include/rtcm_msgs/rtcm_msgs/msg/detail
[30.724s] -- Installing: /home/ej/Silverfish/ublox_ws/install/rtcm_msgs/include/rtcm_msgs/rtcm_msgs/msg/detail/message__struct.hpp
[30.725s] -- Installing: /home/ej/Silverfish/ublox_ws/install/rtcm_msgs/include/rtcm_msgs/rtcm_msgs/msg/detail/message__traits.hpp
[30.727s] -- Installing: /home/ej/Silverfish/ublox_ws/install/rtcm_msgs/include/rtcm_msgs/rtcm_msgs/msg/detail/message__builder.hpp
[30.728s] -- Installing: /home/ej/Silverfish/ublox_ws/install/rtcm_msgs/include/rtcm_msgs/rtcm_msgs/msg/message.hpp
[30.729s] -- Up-to-date: /home/ej/Silverfish/ublox_ws/install/rtcm_msgs/include/rtcm_msgs/rtcm_msgs
[30.730s] -- Up-to-date: /home/ej/Silverfish/ublox_ws/install/rtcm_msgs/include/rtcm_msgs/rtcm_msgs/msg
[30.731s] -- Installing: /home/ej/Silverfish/ublox_ws/install/rtcm_msgs/include/rtcm_msgs/rtcm_msgs/msg/rosidl_typesupport_fastrtps_cpp__visibility_control.h
[30.732s] -- Up-to-date: /home/ej/Silverfish/ublox_ws/install/rtcm_msgs/include/rtcm_msgs/rtcm_msgs/msg/detail
[30.733s] -- Installing: /home/ej/Silverfish/ublox_ws/install/rtcm_msgs/include/rtcm_msgs/rtcm_msgs/msg/detail/message__rosidl_typesupport_fastrtps_cpp.hpp
[30.734s] -- Installing: /home/ej/Silverfish/ublox_ws/install/rtcm_msgs/include/rtcm_msgs/rtcm_msgs/msg/detail/dds_fastrtps
[30.735s] -- Installing: /home/ej/Silverfish/ublox_ws/install/rtcm_msgs/lib/librtcm_msgs__rosidl_typesupport_fastrtps_cpp.so
[30.739s] -- Set runtime path of "/home/ej/Silverfish/ublox_ws/install/rtcm_msgs/lib/librtcm_msgs__rosidl_typesupport_fastrtps_cpp.so" to ""
[30.740s] -- Up-to-date: /home/ej/Silverfish/ublox_ws/install/rtcm_msgs/include/rtcm_msgs/rtcm_msgs
[30.740s] -- Up-to-date: /home/ej/Silverfish/ublox_ws/install/rtcm_msgs/include/rtcm_msgs/rtcm_msgs/msg
[30.741s] -- Installing: /home/ej/Silverfish/ublox_ws/install/rtcm_msgs/include/rtcm_msgs/rtcm_msgs/msg/rosidl_typesupport_introspection_c__visibility_control.h
[30.742s] -- Up-to-date: /home/ej/Silverfish/ublox_ws/install/rtcm_msgs/include/rtcm_msgs/rtcm_msgs/msg/detail
[30.742s] -- Installing: /home/ej/Silverfish/ublox_ws/install/rtcm_msgs/include/rtcm_msgs/rtcm_msgs/msg/detail/message__type_support.c
[30.744s] -- Installing: /home/ej/Silverfish/ublox_ws/install/rtcm_msgs/include/rtcm_msgs/rtcm_msgs/msg/detail/message__rosidl_typesupport_introspection_c.h
[30.745s] -- Installing: /home/ej/Silverfish/ublox_ws/install/rtcm_msgs/lib/librtcm_msgs__rosidl_typesupport_introspection_c.so
[30.749s] -- Set runtime path of "/home/ej/Silverfish/ublox_ws/install/rtcm_msgs/lib/librtcm_msgs__rosidl_typesupport_introspection_c.so" to ""
[30.750s] -- Installing: /home/ej/Silverfish/ublox_ws/install/rtcm_msgs/lib/librtcm_msgs__rosidl_typesupport_c.so
[30.752s] -- Set runtime path of "/home/ej/Silverfish/ublox_ws/install/rtcm_msgs/lib/librtcm_msgs__rosidl_typesupport_c.so" to ""
[30.753s] -- Up-to-date: /home/ej/Silverfish/ublox_ws/install/rtcm_msgs/include/rtcm_msgs/rtcm_msgs
[30.754s] -- Up-to-date: /home/ej/Silverfish/ublox_ws/install/rtcm_msgs/include/rtcm_msgs/rtcm_msgs/msg
[30.754s] -- Up-to-date: /home/ej/Silverfish/ublox_ws/install/rtcm_msgs/include/rtcm_msgs/rtcm_msgs/msg/detail
[30.755s] -- Installing: /home/ej/Silverfish/ublox_ws/install/rtcm_msgs/include/rtcm_msgs/rtcm_msgs/msg/detail/message__rosidl_typesupport_introspection_cpp.hpp
[30.756s] -- Installing: /home/ej/Silverfish/ublox_ws/install/rtcm_msgs/include/rtcm_msgs/rtcm_msgs/msg/detail/message__type_support.cpp
[30.758s] -- Installing: /home/ej/Silverfish/ublox_ws/install/rtcm_msgs/lib/librtcm_msgs__rosidl_typesupport_introspection_cpp.so
[30.762s] -- Set runtime path of "/home/ej/Silverfish/ublox_ws/install/rtcm_msgs/lib/librtcm_msgs__rosidl_typesupport_introspection_cpp.so" to ""
[30.763s] -- Installing: /home/ej/Silverfish/ublox_ws/install/rtcm_msgs/lib/librtcm_msgs__rosidl_typesupport_cpp.so
[30.765s] -- Set runtime path of "/home/ej/Silverfish/ublox_ws/install/rtcm_msgs/lib/librtcm_msgs__rosidl_typesupport_cpp.so" to ""
[30.766s] -- Installing: /home/ej/Silverfish/ublox_ws/install/rtcm_msgs/share/rtcm_msgs/environment/pythonpath.sh
[30.768s] -- Installing: /home/ej/Silverfish/ublox_ws/install/rtcm_msgs/share/rtcm_msgs/environment/pythonpath.dsv
[30.769s] -- Installing: /home/ej/Silverfish/ublox_ws/install/rtcm_msgs/local/lib/python3.10/dist-packages/rtcm_msgs-1.1.0-py3.10.egg-info
[30.770s] -- Installing: /home/ej/Silverfish/ublox_ws/install/rtcm_msgs/local/lib/python3.10/dist-packages/rtcm_msgs-1.1.0-py3.10.egg-info/PKG-INFO
[30.780s] -- Installing: /home/ej/Silverfish/ublox_ws/install/rtcm_msgs/local/lib/python3.10/dist-packages/rtcm_msgs-1.1.0-py3.10.egg-info/top_level.txt
[30.786s] -- Installing: /home/ej/Silverfish/ublox_ws/install/rtcm_msgs/local/lib/python3.10/dist-packages/rtcm_msgs-1.1.0-py3.10.egg-info/SOURCES.txt
[30.787s] -- Installing: /home/ej/Silverfish/ublox_ws/install/rtcm_msgs/local/lib/python3.10/dist-packages/rtcm_msgs-1.1.0-py3.10.egg-info/dependency_links.txt
[30.788s] -- Installing: /home/ej/Silverfish/ublox_ws/install/rtcm_msgs/local/lib/python3.10/dist-packages/rtcm_msgs
[30.788s] -- Installing: /home/ej/Silverfish/ublox_ws/install/rtcm_msgs/local/lib/python3.10/dist-packages/rtcm_msgs/librtcm_msgs__rosidl_generator_py.so
[30.789s] -- Installing: /home/ej/Silverfish/ublox_ws/install/rtcm_msgs/local/lib/python3.10/dist-packages/rtcm_msgs/_rtcm_msgs_s.ep.rosidl_typesupport_c.c
[30.790s] -- Installing: /home/ej/Silverfish/ublox_ws/install/rtcm_msgs/local/lib/python3.10/dist-packages/rtcm_msgs/msg
[30.791s] -- Installing: /home/ej/Silverfish/ublox_ws/install/rtcm_msgs/local/lib/python3.10/dist-packages/rtcm_msgs/msg/_message.py
[30.791s] -- Installing: /home/ej/Silverfish/ublox_ws/install/rtcm_msgs/local/lib/python3.10/dist-packages/rtcm_msgs/msg/_message_s.c
[30.793s] -- Installing: /home/ej/Silverfish/ublox_ws/install/rtcm_msgs/local/lib/python3.10/dist-packages/rtcm_msgs/msg/__init__.py
[30.794s] -- Installing: /home/ej/Silverfish/ublox_ws/install/rtcm_msgs/local/lib/python3.10/dist-packages/rtcm_msgs/_rtcm_msgs_s.ep.rosidl_typesupport_fastrtps_c.c
[30.795s] -- Installing: /home/ej/Silverfish/ublox_ws/install/rtcm_msgs/local/lib/python3.10/dist-packages/rtcm_msgs/__init__.py
[30.796s] -- Installing: /home/ej/Silverfish/ublox_ws/install/rtcm_msgs/local/lib/python3.10/dist-packages/rtcm_msgs/rtcm_msgs_s__rosidl_typesupport_c.cpython-310-aarch64-linux-gnu.so
[30.798s] -- Installing: /home/ej/Silverfish/ublox_ws/install/rtcm_msgs/local/lib/python3.10/dist-packages/rtcm_msgs/rtcm_msgs_s__rosidl_typesupport_fastrtps_c.cpython-310-aarch64-linux-gnu.so
[30.806s] -- Installing: /home/ej/Silverfish/ublox_ws/install/rtcm_msgs/local/lib/python3.10/dist-packages/rtcm_msgs/rtcm_msgs_s__rosidl_typesupport_introspection_c.cpython-310-aarch64-linux-gnu.so
[30.807s] -- Installing: /home/ej/Silverfish/ublox_ws/install/rtcm_msgs/local/lib/python3.10/dist-packages/rtcm_msgs/_rtcm_msgs_s.ep.rosidl_typesupport_introspection_c.c
[31.015s] Listing '/home/ej/Silverfish/ublox_ws/install/rtcm_msgs/local/lib/python3.10/dist-packages/rtcm_msgs'...
[31.018s] Compiling '/home/ej/Silverfish/ublox_ws/install/rtcm_msgs/local/lib/python3.10/dist-packages/rtcm_msgs/__init__.py'...
[31.020s] Listing '/home/ej/Silverfish/ublox_ws/install/rtcm_msgs/local/lib/python3.10/dist-packages/rtcm_msgs/msg'...
[31.022s] Compiling '/home/ej/Silverfish/ublox_ws/install/rtcm_msgs/local/lib/python3.10/dist-packages/rtcm_msgs/msg/__init__.py'...
[31.024s] Compiling '/home/ej/Silverfish/ublox_ws/install/rtcm_msgs/local/lib/python3.10/dist-packages/rtcm_msgs/msg/_message.py'...
[31.058s] -- Installing: /home/ej/Silverfish/ublox_ws/install/rtcm_msgs/local/lib/python3.10/dist-packages/rtcm_msgs/rtcm_msgs_s__rosidl_typesupport_fastrtps_c.cpython-310-aarch64-linux-gnu.so
[31.071s] -- Set runtime path of "/home/ej/Silverfish/ublox_ws/install/rtcm_msgs/local/lib/python3.10/dist-packages/rtcm_msgs/rtcm_msgs_s__rosidl_typesupport_fastrtps_c.cpython-310-aarch64-linux-gnu.so" to ""
[31.076s] -- Installing: /home/ej/Silverfish/ublox_ws/install/rtcm_msgs/local/lib/python3.10/dist-packages/rtcm_msgs/rtcm_msgs_s__rosidl_typesupport_introspection_c.cpython-310-aarch64-linux-gnu.so
[31.077s] -- Set runtime path of "/home/ej/Silverfish/ublox_ws/install/rtcm_msgs/local/lib/python3.10/dist-packages/rtcm_msgs/rtcm_msgs_s__rosidl_typesupport_introspection_c.cpython-310-aarch64-linux-gnu.so" to ""
[31.078s] -- Installing: /home/ej/Silverfish/ublox_ws/install/rtcm_msgs/local/lib/python3.10/dist-packages/rtcm_msgs/rtcm_msgs_s__rosidl_typesupport_c.cpython-310-aarch64-linux-gnu.so
[31.083s] -- Set runtime path of "/home/ej/Silverfish/ublox_ws/install/rtcm_msgs/local/lib/python3.10/dist-packages/rtcm_msgs/rtcm_msgs_s__rosidl_typesupport_c.cpython-310-aarch64-linux-gnu.so" to ""
[31.084s] -- Installing: /home/ej/Silverfish/ublox_ws/install/rtcm_msgs/lib/librtcm_msgs__rosidl_generator_py.so
[31.086s] -- Set runtime path of "/home/ej/Silverfish/ublox_ws/install/rtcm_msgs/lib/librtcm_msgs__rosidl_generator_py.so" to ""
[31.088s] -- Installing: /home/ej/Silverfish/ublox_ws/install/rtcm_msgs/share/rtcm_msgs/msg/Message.idl
[31.092s] -- Installing: /home/ej/Silverfish/ublox_ws/install/rtcm_msgs/share/rtcm_msgs/msg/Message.msg
[31.094s] -- Installing: /home/ej/Silverfish/ublox_ws/install/rtcm_msgs/share/ament_index/resource_index/package_run_dependencies/rtcm_msgs
[31.098s] -- Installing: /home/ej/Silverfish/ublox_ws/install/rtcm_msgs/share/ament_index/resource_index/parent_prefix_path/rtcm_msgs
[31.099s] -- Installing: /home/ej/Silverfish/ublox_ws/install/rtcm_msgs/share/rtcm_msgs/environment/ament_prefix_path.sh
[31.101s] -- Installing: /home/ej/Silverfish/ublox_ws/install/rtcm_msgs/share/rtcm_msgs/environment/ament_prefix_path.dsv
[31.104s] -- Installing: /home/ej/Silverfish/ublox_ws/install/rtcm_msgs/share/rtcm_msgs/environment/path.sh
[31.104s] -- Installing: /home/ej/Silverfish/ublox_ws/install/rtcm_msgs/share/rtcm_msgs/environment/path.dsv
[31.106s] -- Installing: /home/ej/Silverfish/ublox_ws/install/rtcm_msgs/share/rtcm_msgs/local_setup.bash
[31.108s] -- Installing: /home/ej/Silverfish/ublox_ws/install/rtcm_msgs/share/rtcm_msgs/local_setup.sh
[31.110s] -- Installing: /home/ej/Silverfish/ublox_ws/install/rtcm_msgs/share/rtcm_msgs/local_setup.zsh
[31.111s] -- Installing: /home/ej/Silverfish/ublox_ws/install/rtcm_msgs/share/rtcm_msgs/local_setup.dsv
[31.113s] -- Installing: /home/ej/Silverfish/ublox_ws/install/rtcm_msgs/share/rtcm_msgs/package.dsv
[31.115s] -- Installing: /home/ej/Silverfish/ublox_ws/install/rtcm_msgs/share/ament_index/resource_index/packages/rtcm_msgs
[31.117s] -- Installing: /home/ej/Silverfish/ublox_ws/install/rtcm_msgs/share/rtcm_msgs/cmake/export_rtcm_msgs__rosidl_generator_cExport.cmake
[31.120s] -- Installing: /home/ej/Silverfish/ublox_ws/install/rtcm_msgs/share/rtcm_msgs/cmake/export_rtcm_msgs__rosidl_generator_cExport-noconfig.cmake
[31.121s] -- Installing: /home/ej/Silverfish/ublox_ws/install/rtcm_msgs/share/rtcm_msgs/cmake/export_rtcm_msgs__rosidl_typesupport_fastrtps_cExport.cmake
[31.123s] -- Installing: /home/ej/Silverfish/ublox_ws/install/rtcm_msgs/share/rtcm_msgs/cmake/export_rtcm_msgs__rosidl_typesupport_fastrtps_cExport-noconfig.cmake
[31.125s] -- Installing: /home/ej/Silverfish/ublox_ws/install/rtcm_msgs/share/rtcm_msgs/cmake/export_rtcm_msgs__rosidl_generator_cppExport.cmake
[31.126s] -- Installing: /home/ej/Silverfish/ublox_ws/install/rtcm_msgs/share/rtcm_msgs/cmake/export_rtcm_msgs__rosidl_typesupport_fastrtps_cppExport.cmake
[31.130s] -- Installing: /home/ej/Silverfish/ublox_ws/install/rtcm_msgs/share/rtcm_msgs/cmake/export_rtcm_msgs__rosidl_typesupport_fastrtps_cppExport-noconfig.cmake
[31.131s] -- Installing: /home/ej/Silverfish/ublox_ws/install/rtcm_msgs/share/rtcm_msgs/cmake/rtcm_msgs__rosidl_typesupport_introspection_cExport.cmake
[31.144s] -- Installing: /home/ej/Silverfish/ublox_ws/install/rtcm_msgs/share/rtcm_msgs/cmake/rtcm_msgs__rosidl_typesupport_introspection_cExport-noconfig.cmake
[31.148s] -- Installing: /home/ej/Silverfish/ublox_ws/install/rtcm_msgs/share/rtcm_msgs/cmake/rtcm_msgs__rosidl_typesupport_cExport.cmake
[31.149s] -- Installing: /home/ej/Silverfish/ublox_ws/install/rtcm_msgs/share/rtcm_msgs/cmake/rtcm_msgs__rosidl_typesupport_cExport-noconfig.cmake
[31.150s] -- Installing: /home/ej/Silverfish/ublox_ws/install/rtcm_msgs/share/rtcm_msgs/cmake/rtcm_msgs__rosidl_typesupport_introspection_cppExport.cmake
[31.150s] -- Installing: /home/ej/Silverfish/ublox_ws/install/rtcm_msgs/share/rtcm_msgs/cmake/rtcm_msgs__rosidl_typesupport_introspection_cppExport-noconfig.cmake
[31.151s] -- Installing: /home/ej/Silverfish/ublox_ws/install/rtcm_msgs/share/rtcm_msgs/cmake/rtcm_msgs__rosidl_typesupport_cppExport.cmake
[31.153s] -- Installing: /home/ej/Silverfish/ublox_ws/install/rtcm_msgs/share/rtcm_msgs/cmake/rtcm_msgs__rosidl_typesupport_cppExport-noconfig.cmake
[31.154s] -- Installing: /home/ej/Silverfish/ublox_ws/install/rtcm_msgs/share/rtcm_msgs/cmake/export_rtcm_msgs__rosidl_generator_pyExport.cmake
[31.156s] -- Installing: /home/ej/Silverfish/ublox_ws/install/rtcm_msgs/share/rtcm_msgs/cmake/export_rtcm_msgs__rosidl_generator_pyExport-noconfig.cmake
[31.158s] -- Installing: /home/ej/Silverfish/ublox_ws/install/rtcm_msgs/share/rtcm_msgs/cmake/rosidl_cmake-extras.cmake
[31.159s] -- Installing: /home/ej/Silverfish/ublox_ws/install/rtcm_msgs/share/rtcm_msgs/cmake/ament_cmake_export_dependencies-extras.cmake
[31.161s] -- Installing: /home/ej/Silverfish/ublox_ws/install/rtcm_msgs/share/rtcm_msgs/cmake/ament_cmake_export_include_directories-extras.cmake
[31.162s] -- Installing: /home/ej/Silverfish/ublox_ws/install/rtcm_msgs/share/rtcm_msgs/cmake/ament_cmake_export_libraries-extras.cmake
[31.164s] -- Installing: /home/ej/Silverfish/ublox_ws/install/rtcm_msgs/share/rtcm_msgs/cmake/ament_cmake_export_targets-extras.cmake
[31.165s] -- Installing: /home/ej/Silverfish/ublox_ws/install/rtcm_msgs/share/rtcm_msgs/cmake/rosidl_cmake_export_typesupport_targets-extras.cmake
[31.167s] -- Installing: /home/ej/Silverfish/ublox_ws/install/rtcm_msgs/share/rtcm_msgs/cmake/rosidl_cmake_export_typesupport_libraries-extras.cmake
[31.171s] -- Installing: /home/ej/Silverfish/ublox_ws/install/rtcm_msgs/share/rtcm_msgs/cmake/rtcm_msgsConfig.cmake
[31.172s] -- Installing: /home/ej/Silverfish/ublox_ws/install/rtcm_msgs/share/rtcm_msgs/cmake/rtcm_msgsConfig-version.cmake
[31.174s] -- Installing: /home/ej/Silverfish/ublox_ws/install/rtcm_msgs/share/rtcm_msgs/package.xml
[31.198s] Invoked command in '/home/ej/Silverfish/ublox_ws/build/rtcm_msgs' returned '0': CMAKE_PREFIX_PATH=/opt/ros/humble /usr/bin/cmake --install /home/ej/Silverfish/ublox_ws/build/rtcm_msgs
