[1.241s] DEBUG:colcon:Command line arguments: ['/usr/bin/colcon', 'build']
[1.241s] DEBUG:colcon:Parsed command line arguments: Namespace(log_base=None, log_level=None, verb_name='build', build_base='build', install_base='install', merge_install=False, symlink_install=False, test_result_base=None, continue_on_error=False, executor='parallel', parallel_workers=4, event_handlers=None, ignore_user_meta=False, metas=['./colcon.meta'], base_paths=['.'], packages_ignore=None, packages_ignore_regex=None, paths=None, packages_up_to=None, packages_up_to_regex=None, packages_above=None, packages_above_and_dependencies=None, packages_above_depth=None, packages_select_by_dep=None, packages_skip_by_dep=None, packages_skip_up_to=None, packages_select_build_failed=False, packages_skip_build_finished=False, packages_select_test_failures=False, packages_skip_test_passed=False, packages_select=None, packages_skip=None, packages_select_regex=None, packages_skip_regex=None, packages_start=None, packages_end=None, allow_overriding=[], cmake_args=None, cmake_target=None, cmake_target_skip_unavailable=False, cmake_clean_cache=False, cmake_clean_first=False, cmake_force_configure=False, ament_cmake_args=None, catkin_cmake_args=None, catkin_skip_building_tests=False, verb_parser=<colcon_defaults.argument_parser.defaults.DefaultArgumentsDecorator object at 0xffffb125aec0>, verb_extension=<colcon_core.verb.build.BuildVerb object at 0xffffb1cb9030>, main=<bound method BuildVerb.main of <colcon_core.verb.build.BuildVerb object at 0xffffb1cb9030>>)
[1.337s] Level 1:colcon.colcon_core.package_discovery:discover_packages(colcon_meta) check parameters
[1.337s] Level 1:colcon.colcon_core.package_discovery:discover_packages(recursive) check parameters
[1.337s] Level 1:colcon.colcon_core.package_discovery:discover_packages(ignore) check parameters
[1.337s] Level 1:colcon.colcon_core.package_discovery:discover_packages(path) check parameters
[1.338s] Level 1:colcon.colcon_core.package_discovery:discover_packages(colcon_meta) discover
[1.338s] Level 1:colcon.colcon_core.package_discovery:discover_packages(recursive) discover
[1.338s] INFO:colcon.colcon_core.package_discovery:Crawling recursively for packages in '/home/ej/Silverfish/ublox_ws'
[1.338s] Level 1:colcon.colcon_core.package_identification:_identify(.) by extensions ['ignore', 'ignore_ament_install']
[1.339s] Level 1:colcon.colcon_core.package_identification:_identify(.) by extension 'ignore'
[1.339s] Level 1:colcon.colcon_core.package_identification:_identify(.) by extension 'ignore_ament_install'
[1.339s] Level 1:colcon.colcon_core.package_identification:_identify(.) by extensions ['colcon_pkg']
[1.339s] Level 1:colcon.colcon_core.package_identification:_identify(.) by extension 'colcon_pkg'
[1.339s] Level 1:colcon.colcon_core.package_identification:_identify(.) by extensions ['colcon_meta']
[1.340s] Level 1:colcon.colcon_core.package_identification:_identify(.) by extension 'colcon_meta'
[1.340s] Level 1:colcon.colcon_core.package_identification:_identify(.) by extensions ['ros']
[1.340s] Level 1:colcon.colcon_core.package_identification:_identify(.) by extension 'ros'
[1.424s] Level 1:colcon.colcon_core.package_identification:_identify(.) by extensions ['cmake', 'python']
[1.425s] Level 1:colcon.colcon_core.package_identification:_identify(.) by extension 'cmake'
[1.425s] Level 1:colcon.colcon_core.package_identification:_identify(.) by extension 'python'
[1.425s] Level 1:colcon.colcon_core.package_identification:_identify(.) by extensions ['python_setup_py']
[1.425s] Level 1:colcon.colcon_core.package_identification:_identify(.) by extension 'python_setup_py'
[1.426s] Level 1:colcon.colcon_core.package_identification:_identify(build) by extensions ['ignore', 'ignore_ament_install']
[1.426s] Level 1:colcon.colcon_core.package_identification:_identify(build) by extension 'ignore'
[1.426s] Level 1:colcon.colcon_core.package_identification:_identify(build) ignored
[1.427s] Level 1:colcon.colcon_core.package_identification:_identify(install) by extensions ['ignore', 'ignore_ament_install']
[1.427s] Level 1:colcon.colcon_core.package_identification:_identify(install) by extension 'ignore'
[1.427s] Level 1:colcon.colcon_core.package_identification:_identify(install) ignored
[1.428s] Level 1:colcon.colcon_core.package_identification:_identify(log) by extensions ['ignore', 'ignore_ament_install']
[1.428s] Level 1:colcon.colcon_core.package_identification:_identify(log) by extension 'ignore'
[1.429s] Level 1:colcon.colcon_core.package_identification:_identify(log) ignored
[1.429s] Level 1:colcon.colcon_core.package_identification:_identify(src) by extensions ['ignore', 'ignore_ament_install']
[1.429s] Level 1:colcon.colcon_core.package_identification:_identify(src) by extension 'ignore'
[1.429s] Level 1:colcon.colcon_core.package_identification:_identify(src) by extension 'ignore_ament_install'
[1.430s] Level 1:colcon.colcon_core.package_identification:_identify(src) by extensions ['colcon_pkg']
[1.430s] Level 1:colcon.colcon_core.package_identification:_identify(src) by extension 'colcon_pkg'
[1.430s] Level 1:colcon.colcon_core.package_identification:_identify(src) by extensions ['colcon_meta']
[1.430s] Level 1:colcon.colcon_core.package_identification:_identify(src) by extension 'colcon_meta'
[1.430s] Level 1:colcon.colcon_core.package_identification:_identify(src) by extensions ['ros']
[1.430s] Level 1:colcon.colcon_core.package_identification:_identify(src) by extension 'ros'
[1.431s] Level 1:colcon.colcon_core.package_identification:_identify(src) by extensions ['cmake', 'python']
[1.431s] Level 1:colcon.colcon_core.package_identification:_identify(src) by extension 'cmake'
[1.431s] Level 1:colcon.colcon_core.package_identification:_identify(src) by extension 'python'
[1.431s] Level 1:colcon.colcon_core.package_identification:_identify(src) by extensions ['python_setup_py']
[1.431s] Level 1:colcon.colcon_core.package_identification:_identify(src) by extension 'python_setup_py'
[1.432s] Level 1:colcon.colcon_core.package_identification:_identify(src/build) by extensions ['ignore', 'ignore_ament_install']
[1.432s] Level 1:colcon.colcon_core.package_identification:_identify(src/build) by extension 'ignore'
[1.432s] Level 1:colcon.colcon_core.package_identification:_identify(src/build) ignored
[1.433s] Level 1:colcon.colcon_core.package_identification:_identify(src/install) by extensions ['ignore', 'ignore_ament_install']
[1.433s] Level 1:colcon.colcon_core.package_identification:_identify(src/install) by extension 'ignore'
[1.433s] Level 1:colcon.colcon_core.package_identification:_identify(src/install) ignored
[1.434s] Level 1:colcon.colcon_core.package_identification:_identify(src/log) by extensions ['ignore', 'ignore_ament_install']
[1.434s] Level 1:colcon.colcon_core.package_identification:_identify(src/log) by extension 'ignore'
[1.434s] Level 1:colcon.colcon_core.package_identification:_identify(src/log) ignored
[1.434s] Level 1:colcon.colcon_core.package_identification:_identify(src/ublox) by extensions ['ignore', 'ignore_ament_install']
[1.435s] Level 1:colcon.colcon_core.package_identification:_identify(src/ublox) by extension 'ignore'
[1.435s] Level 1:colcon.colcon_core.package_identification:_identify(src/ublox) by extension 'ignore_ament_install'
[1.435s] Level 1:colcon.colcon_core.package_identification:_identify(src/ublox) by extensions ['colcon_pkg']
[1.435s] Level 1:colcon.colcon_core.package_identification:_identify(src/ublox) by extension 'colcon_pkg'
[1.435s] Level 1:colcon.colcon_core.package_identification:_identify(src/ublox) by extensions ['colcon_meta']
[1.435s] Level 1:colcon.colcon_core.package_identification:_identify(src/ublox) by extension 'colcon_meta'
[1.436s] Level 1:colcon.colcon_core.package_identification:_identify(src/ublox) by extensions ['ros']
[1.436s] Level 1:colcon.colcon_core.package_identification:_identify(src/ublox) by extension 'ros'
[1.436s] Level 1:colcon.colcon_core.package_identification:_identify(src/ublox) by extensions ['cmake', 'python']
[1.436s] Level 1:colcon.colcon_core.package_identification:_identify(src/ublox) by extension 'cmake'
[1.436s] Level 1:colcon.colcon_core.package_identification:_identify(src/ublox) by extension 'python'
[1.437s] Level 1:colcon.colcon_core.package_identification:_identify(src/ublox) by extensions ['python_setup_py']
[1.437s] Level 1:colcon.colcon_core.package_identification:_identify(src/ublox) by extension 'python_setup_py'
[1.437s] Level 1:colcon.colcon_core.package_identification:_identify(src/ublox/rtcm_msgs) by extensions ['ignore', 'ignore_ament_install']
[1.438s] Level 1:colcon.colcon_core.package_identification:_identify(src/ublox/rtcm_msgs) by extension 'ignore'
[1.438s] Level 1:colcon.colcon_core.package_identification:_identify(src/ublox/rtcm_msgs) by extension 'ignore_ament_install'
[1.438s] Level 1:colcon.colcon_core.package_identification:_identify(src/ublox/rtcm_msgs) by extensions ['colcon_pkg']
[1.438s] Level 1:colcon.colcon_core.package_identification:_identify(src/ublox/rtcm_msgs) by extension 'colcon_pkg'
[1.438s] Level 1:colcon.colcon_core.package_identification:_identify(src/ublox/rtcm_msgs) by extensions ['colcon_meta']
[1.438s] Level 1:colcon.colcon_core.package_identification:_identify(src/ublox/rtcm_msgs) by extension 'colcon_meta'
[1.438s] Level 1:colcon.colcon_core.package_identification:_identify(src/ublox/rtcm_msgs) by extensions ['ros']
[1.439s] Level 1:colcon.colcon_core.package_identification:_identify(src/ublox/rtcm_msgs) by extension 'ros'
[1.463s] DEBUG:colcon.colcon_core.package_identification:Package 'src/ublox/rtcm_msgs' with type 'ros.ament_cmake' and name 'rtcm_msgs'
[1.464s] Level 1:colcon.colcon_core.package_identification:_identify(src/ublox/ublox) by extensions ['ignore', 'ignore_ament_install']
[1.464s] Level 1:colcon.colcon_core.package_identification:_identify(src/ublox/ublox) by extension 'ignore'
[1.464s] Level 1:colcon.colcon_core.package_identification:_identify(src/ublox/ublox) by extension 'ignore_ament_install'
[1.465s] Level 1:colcon.colcon_core.package_identification:_identify(src/ublox/ublox) by extensions ['colcon_pkg']
[1.465s] Level 1:colcon.colcon_core.package_identification:_identify(src/ublox/ublox) by extension 'colcon_pkg'
[1.465s] Level 1:colcon.colcon_core.package_identification:_identify(src/ublox/ublox) by extensions ['colcon_meta']
[1.465s] Level 1:colcon.colcon_core.package_identification:_identify(src/ublox/ublox) by extension 'colcon_meta'
[1.465s] Level 1:colcon.colcon_core.package_identification:_identify(src/ublox/ublox) by extensions ['ros']
[1.465s] Level 1:colcon.colcon_core.package_identification:_identify(src/ublox/ublox) by extension 'ros'
[1.467s] DEBUG:colcon.colcon_core.package_identification:Package 'src/ublox/ublox' with type 'ros.ament_cmake' and name 'ublox'
[1.468s] Level 1:colcon.colcon_core.package_identification:_identify(src/ublox/ublox_gps) by extensions ['ignore', 'ignore_ament_install']
[1.469s] Level 1:colcon.colcon_core.package_identification:_identify(src/ublox/ublox_gps) by extension 'ignore'
[1.469s] Level 1:colcon.colcon_core.package_identification:_identify(src/ublox/ublox_gps) by extension 'ignore_ament_install'
[1.469s] Level 1:colcon.colcon_core.package_identification:_identify(src/ublox/ublox_gps) by extensions ['colcon_pkg']
[1.469s] Level 1:colcon.colcon_core.package_identification:_identify(src/ublox/ublox_gps) by extension 'colcon_pkg'
[1.469s] Level 1:colcon.colcon_core.package_identification:_identify(src/ublox/ublox_gps) by extensions ['colcon_meta']
[1.469s] Level 1:colcon.colcon_core.package_identification:_identify(src/ublox/ublox_gps) by extension 'colcon_meta'
[1.470s] Level 1:colcon.colcon_core.package_identification:_identify(src/ublox/ublox_gps) by extensions ['ros']
[1.470s] Level 1:colcon.colcon_core.package_identification:_identify(src/ublox/ublox_gps) by extension 'ros'
[1.476s] DEBUG:colcon.colcon_core.package_identification:Package 'src/ublox/ublox_gps' with type 'ros.ament_cmake' and name 'ublox_gps'
[1.476s] Level 1:colcon.colcon_core.package_identification:_identify(src/ublox/ublox_msgs) by extensions ['ignore', 'ignore_ament_install']
[1.477s] Level 1:colcon.colcon_core.package_identification:_identify(src/ublox/ublox_msgs) by extension 'ignore'
[1.477s] Level 1:colcon.colcon_core.package_identification:_identify(src/ublox/ublox_msgs) by extension 'ignore_ament_install'
[1.477s] Level 1:colcon.colcon_core.package_identification:_identify(src/ublox/ublox_msgs) by extensions ['colcon_pkg']
[1.477s] Level 1:colcon.colcon_core.package_identification:_identify(src/ublox/ublox_msgs) by extension 'colcon_pkg'
[1.478s] Level 1:colcon.colcon_core.package_identification:_identify(src/ublox/ublox_msgs) by extensions ['colcon_meta']
[1.478s] Level 1:colcon.colcon_core.package_identification:_identify(src/ublox/ublox_msgs) by extension 'colcon_meta'
[1.478s] Level 1:colcon.colcon_core.package_identification:_identify(src/ublox/ublox_msgs) by extensions ['ros']
[1.478s] Level 1:colcon.colcon_core.package_identification:_identify(src/ublox/ublox_msgs) by extension 'ros'
[1.481s] DEBUG:colcon.colcon_core.package_identification:Package 'src/ublox/ublox_msgs' with type 'ros.ament_cmake' and name 'ublox_msgs'
[1.482s] Level 1:colcon.colcon_core.package_identification:_identify(src/ublox/ublox_serialization) by extensions ['ignore', 'ignore_ament_install']
[1.482s] Level 1:colcon.colcon_core.package_identification:_identify(src/ublox/ublox_serialization) by extension 'ignore'
[1.483s] Level 1:colcon.colcon_core.package_identification:_identify(src/ublox/ublox_serialization) by extension 'ignore_ament_install'
[1.483s] Level 1:colcon.colcon_core.package_identification:_identify(src/ublox/ublox_serialization) by extensions ['colcon_pkg']
[1.483s] Level 1:colcon.colcon_core.package_identification:_identify(src/ublox/ublox_serialization) by extension 'colcon_pkg'
[1.483s] Level 1:colcon.colcon_core.package_identification:_identify(src/ublox/ublox_serialization) by extensions ['colcon_meta']
[1.483s] Level 1:colcon.colcon_core.package_identification:_identify(src/ublox/ublox_serialization) by extension 'colcon_meta'
[1.483s] Level 1:colcon.colcon_core.package_identification:_identify(src/ublox/ublox_serialization) by extensions ['ros']
[1.484s] Level 1:colcon.colcon_core.package_identification:_identify(src/ublox/ublox_serialization) by extension 'ros'
[1.485s] DEBUG:colcon.colcon_core.package_identification:Package 'src/ublox/ublox_serialization' with type 'ros.ament_cmake' and name 'ublox_serialization'
[1.486s] Level 1:colcon.colcon_core.package_discovery:discover_packages(recursive) using defaults
[1.486s] Level 1:colcon.colcon_core.package_discovery:discover_packages(ignore) discover
[1.486s] Level 1:colcon.colcon_core.package_discovery:discover_packages(ignore) using defaults
[1.486s] Level 1:colcon.colcon_core.package_discovery:discover_packages(path) discover
[1.486s] Level 1:colcon.colcon_core.package_discovery:discover_packages(path) using defaults
[1.588s] Level 1:colcon.colcon_core.package_discovery:discover_packages(prefix_path) check parameters
[1.589s] Level 1:colcon.colcon_core.package_discovery:discover_packages(prefix_path) discover
[1.604s] DEBUG:colcon.colcon_installed_package_information.package_discovery:Found 184 installed packages in /opt/ros/humble
[1.609s] Level 1:colcon.colcon_core.package_discovery:discover_packages(prefix_path) using defaults
[1.780s] Level 5:colcon.colcon_core.verb:set package 'rtcm_msgs' build argument 'cmake_args' from command line to 'None'
[1.780s] Level 5:colcon.colcon_core.verb:set package 'rtcm_msgs' build argument 'cmake_target' from command line to 'None'
[1.780s] Level 5:colcon.colcon_core.verb:set package 'rtcm_msgs' build argument 'cmake_target_skip_unavailable' from command line to 'False'
[1.780s] Level 5:colcon.colcon_core.verb:set package 'rtcm_msgs' build argument 'cmake_clean_cache' from command line to 'False'
[1.780s] Level 5:colcon.colcon_core.verb:set package 'rtcm_msgs' build argument 'cmake_clean_first' from command line to 'False'
[1.780s] Level 5:colcon.colcon_core.verb:set package 'rtcm_msgs' build argument 'cmake_force_configure' from command line to 'False'
[1.781s] Level 5:colcon.colcon_core.verb:set package 'rtcm_msgs' build argument 'ament_cmake_args' from command line to 'None'
[1.781s] Level 5:colcon.colcon_core.verb:set package 'rtcm_msgs' build argument 'catkin_cmake_args' from command line to 'None'
[1.781s] Level 5:colcon.colcon_core.verb:set package 'rtcm_msgs' build argument 'catkin_skip_building_tests' from command line to 'False'
[1.781s] DEBUG:colcon.colcon_core.verb:Building package 'rtcm_msgs' with the following arguments: {'ament_cmake_args': None, 'build_base': '/home/ej/Silverfish/ublox_ws/build/rtcm_msgs', 'catkin_cmake_args': None, 'catkin_skip_building_tests': False, 'cmake_args': None, 'cmake_clean_cache': False, 'cmake_clean_first': False, 'cmake_force_configure': False, 'cmake_target': None, 'cmake_target_skip_unavailable': False, 'install_base': '/home/ej/Silverfish/ublox_ws/install/rtcm_msgs', 'merge_install': False, 'path': '/home/ej/Silverfish/ublox_ws/src/ublox/rtcm_msgs', 'symlink_install': False, 'test_result_base': None}
[1.785s] Level 5:colcon.colcon_core.verb:set package 'ublox_serialization' build argument 'cmake_args' from command line to 'None'
[1.785s] Level 5:colcon.colcon_core.verb:set package 'ublox_serialization' build argument 'cmake_target' from command line to 'None'
[1.785s] Level 5:colcon.colcon_core.verb:set package 'ublox_serialization' build argument 'cmake_target_skip_unavailable' from command line to 'False'
[1.785s] Level 5:colcon.colcon_core.verb:set package 'ublox_serialization' build argument 'cmake_clean_cache' from command line to 'False'
[1.785s] Level 5:colcon.colcon_core.verb:set package 'ublox_serialization' build argument 'cmake_clean_first' from command line to 'False'
[1.786s] Level 5:colcon.colcon_core.verb:set package 'ublox_serialization' build argument 'cmake_force_configure' from command line to 'False'
[1.786s] Level 5:colcon.colcon_core.verb:set package 'ublox_serialization' build argument 'ament_cmake_args' from command line to 'None'
[1.786s] Level 5:colcon.colcon_core.verb:set package 'ublox_serialization' build argument 'catkin_cmake_args' from command line to 'None'
[1.786s] Level 5:colcon.colcon_core.verb:set package 'ublox_serialization' build argument 'catkin_skip_building_tests' from command line to 'False'
[1.786s] DEBUG:colcon.colcon_core.verb:Building package 'ublox_serialization' with the following arguments: {'ament_cmake_args': None, 'build_base': '/home/ej/Silverfish/ublox_ws/build/ublox_serialization', 'catkin_cmake_args': None, 'catkin_skip_building_tests': False, 'cmake_args': None, 'cmake_clean_cache': False, 'cmake_clean_first': False, 'cmake_force_configure': False, 'cmake_target': None, 'cmake_target_skip_unavailable': False, 'install_base': '/home/ej/Silverfish/ublox_ws/install/ublox_serialization', 'merge_install': False, 'path': '/home/ej/Silverfish/ublox_ws/src/ublox/ublox_serialization', 'symlink_install': False, 'test_result_base': None}
[1.790s] Level 5:colcon.colcon_core.verb:set package 'ublox_msgs' build argument 'cmake_args' from command line to 'None'
[1.790s] Level 5:colcon.colcon_core.verb:set package 'ublox_msgs' build argument 'cmake_target' from command line to 'None'
[1.790s] Level 5:colcon.colcon_core.verb:set package 'ublox_msgs' build argument 'cmake_target_skip_unavailable' from command line to 'False'
[1.790s] Level 5:colcon.colcon_core.verb:set package 'ublox_msgs' build argument 'cmake_clean_cache' from command line to 'False'
[1.790s] Level 5:colcon.colcon_core.verb:set package 'ublox_msgs' build argument 'cmake_clean_first' from command line to 'False'
[1.791s] Level 5:colcon.colcon_core.verb:set package 'ublox_msgs' build argument 'cmake_force_configure' from command line to 'False'
[1.791s] Level 5:colcon.colcon_core.verb:set package 'ublox_msgs' build argument 'ament_cmake_args' from command line to 'None'
[1.791s] Level 5:colcon.colcon_core.verb:set package 'ublox_msgs' build argument 'catkin_cmake_args' from command line to 'None'
[1.791s] Level 5:colcon.colcon_core.verb:set package 'ublox_msgs' build argument 'catkin_skip_building_tests' from command line to 'False'
[1.791s] DEBUG:colcon.colcon_core.verb:Building package 'ublox_msgs' with the following arguments: {'ament_cmake_args': None, 'build_base': '/home/ej/Silverfish/ublox_ws/build/ublox_msgs', 'catkin_cmake_args': None, 'catkin_skip_building_tests': False, 'cmake_args': None, 'cmake_clean_cache': False, 'cmake_clean_first': False, 'cmake_force_configure': False, 'cmake_target': None, 'cmake_target_skip_unavailable': False, 'install_base': '/home/ej/Silverfish/ublox_ws/install/ublox_msgs', 'merge_install': False, 'path': '/home/ej/Silverfish/ublox_ws/src/ublox/ublox_msgs', 'symlink_install': False, 'test_result_base': None}
[1.795s] Level 5:colcon.colcon_core.verb:set package 'ublox_gps' build argument 'cmake_args' from command line to 'None'
[1.795s] Level 5:colcon.colcon_core.verb:set package 'ublox_gps' build argument 'cmake_target' from command line to 'None'
[1.795s] Level 5:colcon.colcon_core.verb:set package 'ublox_gps' build argument 'cmake_target_skip_unavailable' from command line to 'False'
[1.795s] Level 5:colcon.colcon_core.verb:set package 'ublox_gps' build argument 'cmake_clean_cache' from command line to 'False'
[1.795s] Level 5:colcon.colcon_core.verb:set package 'ublox_gps' build argument 'cmake_clean_first' from command line to 'False'
[1.796s] Level 5:colcon.colcon_core.verb:set package 'ublox_gps' build argument 'cmake_force_configure' from command line to 'False'
[1.796s] Level 5:colcon.colcon_core.verb:set package 'ublox_gps' build argument 'ament_cmake_args' from command line to 'None'
[1.796s] Level 5:colcon.colcon_core.verb:set package 'ublox_gps' build argument 'catkin_cmake_args' from command line to 'None'
[1.796s] Level 5:colcon.colcon_core.verb:set package 'ublox_gps' build argument 'catkin_skip_building_tests' from command line to 'False'
[1.796s] DEBUG:colcon.colcon_core.verb:Building package 'ublox_gps' with the following arguments: {'ament_cmake_args': None, 'build_base': '/home/ej/Silverfish/ublox_ws/build/ublox_gps', 'catkin_cmake_args': None, 'catkin_skip_building_tests': False, 'cmake_args': None, 'cmake_clean_cache': False, 'cmake_clean_first': False, 'cmake_force_configure': False, 'cmake_target': None, 'cmake_target_skip_unavailable': False, 'install_base': '/home/ej/Silverfish/ublox_ws/install/ublox_gps', 'merge_install': False, 'path': '/home/ej/Silverfish/ublox_ws/src/ublox/ublox_gps', 'symlink_install': False, 'test_result_base': None}
[1.800s] Level 5:colcon.colcon_core.verb:set package 'ublox' build argument 'cmake_args' from command line to 'None'
[1.800s] Level 5:colcon.colcon_core.verb:set package 'ublox' build argument 'cmake_target' from command line to 'None'
[1.800s] Level 5:colcon.colcon_core.verb:set package 'ublox' build argument 'cmake_target_skip_unavailable' from command line to 'False'
[1.800s] Level 5:colcon.colcon_core.verb:set package 'ublox' build argument 'cmake_clean_cache' from command line to 'False'
[1.800s] Level 5:colcon.colcon_core.verb:set package 'ublox' build argument 'cmake_clean_first' from command line to 'False'
[1.801s] Level 5:colcon.colcon_core.verb:set package 'ublox' build argument 'cmake_force_configure' from command line to 'False'
[1.801s] Level 5:colcon.colcon_core.verb:set package 'ublox' build argument 'ament_cmake_args' from command line to 'None'
[1.801s] Level 5:colcon.colcon_core.verb:set package 'ublox' build argument 'catkin_cmake_args' from command line to 'None'
[1.801s] Level 5:colcon.colcon_core.verb:set package 'ublox' build argument 'catkin_skip_building_tests' from command line to 'False'
[1.801s] DEBUG:colcon.colcon_core.verb:Building package 'ublox' with the following arguments: {'ament_cmake_args': None, 'build_base': '/home/ej/Silverfish/ublox_ws/build/ublox', 'catkin_cmake_args': None, 'catkin_skip_building_tests': False, 'cmake_args': None, 'cmake_clean_cache': False, 'cmake_clean_first': False, 'cmake_force_configure': False, 'cmake_target': None, 'cmake_target_skip_unavailable': False, 'install_base': '/home/ej/Silverfish/ublox_ws/install/ublox', 'merge_install': False, 'path': '/home/ej/Silverfish/ublox_ws/src/ublox/ublox', 'symlink_install': False, 'test_result_base': None}
[1.803s] INFO:colcon.colcon_core.executor:Executing jobs using 'parallel' executor
[1.818s] DEBUG:colcon.colcon_parallel_executor.executor.parallel:run_until_complete
[1.819s] INFO:colcon.colcon_ros.task.ament_cmake.build:Building ROS package in '/home/ej/Silverfish/ublox_ws/src/ublox/ublox_serialization' with build type 'ament_cmake'
[1.820s] INFO:colcon.colcon_cmake.task.cmake.build:Building CMake package in '/home/ej/Silverfish/ublox_ws/src/ublox/ublox_serialization'
[1.841s] INFO:colcon.colcon_core.plugin_system:Skipping extension 'colcon_core.shell.bat': Not used on non-Windows systems
[1.842s] INFO:colcon.colcon_core.shell:Skip shell extension 'powershell' for command environment: Not usable outside of PowerShell
[1.843s] DEBUG:colcon.colcon_core.shell:Skip shell extension 'dsv' for command environment
[1.867s] INFO:colcon.colcon_ros.task.ament_cmake.build:Building ROS package in '/home/ej/Silverfish/ublox_ws/src/ublox/rtcm_msgs' with build type 'ament_cmake'
[1.869s] INFO:colcon.colcon_cmake.task.cmake.build:Building CMake package in '/home/ej/Silverfish/ublox_ws/src/ublox/rtcm_msgs'
[1.878s] INFO:colcon.colcon_core.shell:Skip shell extension 'powershell' for command environment: Not usable outside of PowerShell
[1.878s] DEBUG:colcon.colcon_core.shell:Skip shell extension 'dsv' for command environment
[1.933s] DEBUG:colcon.colcon_core.event_handler.log_command:Invoking command in '/home/ej/Silverfish/ublox_ws/build/ublox_serialization': CMAKE_PREFIX_PATH=/opt/ros/humble /usr/bin/cmake --build /home/ej/Silverfish/ublox_ws/build/ublox_serialization -- -j4 -l4
[1.963s] DEBUG:colcon.colcon_core.event_handler.log_command:Invoking command in '/home/ej/Silverfish/ublox_ws/build/rtcm_msgs': CMAKE_PREFIX_PATH=/opt/ros/humble /usr/bin/cmake --build /home/ej/Silverfish/ublox_ws/build/rtcm_msgs -- -j4 -l4
[2.144s] DEBUG:colcon.colcon_core.event_handler.log_command:Invoked command in '/home/ej/Silverfish/ublox_ws/build/ublox_serialization' returned '0': CMAKE_PREFIX_PATH=/opt/ros/humble /usr/bin/cmake --build /home/ej/Silverfish/ublox_ws/build/ublox_serialization -- -j4 -l4
[2.394s] DEBUG:colcon.colcon_core.event_handler.log_command:Invoking command in '/home/ej/Silverfish/ublox_ws/build/ublox_serialization': CMAKE_PREFIX_PATH=/opt/ros/humble /usr/bin/cmake --install /home/ej/Silverfish/ublox_ws/build/ublox_serialization
[2.539s] Level 1:colcon.colcon_core.environment:create_environment_scripts_only(ublox_serialization)
[2.554s] DEBUG:colcon.colcon_core.event_handler.log_command:Invoked command in '/home/ej/Silverfish/ublox_ws/build/ublox_serialization' returned '0': CMAKE_PREFIX_PATH=/opt/ros/humble /usr/bin/cmake --install /home/ej/Silverfish/ublox_ws/build/ublox_serialization
[2.603s] Level 1:colcon.colcon_core.environment:checking '/home/ej/Silverfish/ublox_ws/install/ublox_serialization' for CMake module files
[2.608s] Level 1:colcon.colcon_core.environment:checking '/home/ej/Silverfish/ublox_ws/install/ublox_serialization' for CMake config files
[2.610s] Level 1:colcon.colcon_core.shell:create_environment_hook('ublox_serialization', 'cmake_prefix_path')
[2.620s] INFO:colcon.colcon_core.shell:Creating environment hook '/home/ej/Silverfish/ublox_ws/install/ublox_serialization/share/ublox_serialization/hook/cmake_prefix_path.ps1'
[2.636s] INFO:colcon.colcon_core.shell:Creating environment descriptor '/home/ej/Silverfish/ublox_ws/install/ublox_serialization/share/ublox_serialization/hook/cmake_prefix_path.dsv'
[2.641s] INFO:colcon.colcon_core.shell:Creating environment hook '/home/ej/Silverfish/ublox_ws/install/ublox_serialization/share/ublox_serialization/hook/cmake_prefix_path.sh'
[2.650s] Level 1:colcon.colcon_core.environment:checking '/home/ej/Silverfish/ublox_ws/install/ublox_serialization/bin'
[2.651s] Level 1:colcon.colcon_core.environment:checking '/home/ej/Silverfish/ublox_ws/install/ublox_serialization/lib/pkgconfig/ublox_serialization.pc'
[2.653s] Level 1:colcon.colcon_core.environment:checking '/home/ej/Silverfish/ublox_ws/install/ublox_serialization/lib/python3.10/site-packages'
[2.654s] Level 1:colcon.colcon_core.environment:checking '/home/ej/Silverfish/ublox_ws/install/ublox_serialization/bin'
[2.664s] INFO:colcon.colcon_core.shell:Creating package script '/home/ej/Silverfish/ublox_ws/install/ublox_serialization/share/ublox_serialization/package.ps1'
[2.669s] INFO:colcon.colcon_core.shell:Creating package descriptor '/home/ej/Silverfish/ublox_ws/install/ublox_serialization/share/ublox_serialization/package.dsv'
[2.674s] INFO:colcon.colcon_core.shell:Creating package script '/home/ej/Silverfish/ublox_ws/install/ublox_serialization/share/ublox_serialization/package.sh'
[2.688s] INFO:colcon.colcon_core.shell:Creating package script '/home/ej/Silverfish/ublox_ws/install/ublox_serialization/share/ublox_serialization/package.bash'
[2.694s] INFO:colcon.colcon_core.shell:Creating package script '/home/ej/Silverfish/ublox_ws/install/ublox_serialization/share/ublox_serialization/package.zsh'
[2.699s] Level 1:colcon.colcon_core.environment:create_file_with_runtime_dependencies(/home/ej/Silverfish/ublox_ws/install/ublox_serialization/share/colcon-core/packages/ublox_serialization)
[2.896s] Level 1:colcon.colcon_core.environment:create_environment_scripts_only(ublox_serialization)
[2.912s] Level 1:colcon.colcon_core.environment:checking '/home/ej/Silverfish/ublox_ws/install/ublox_serialization' for CMake module files
[2.916s] Level 1:colcon.colcon_core.environment:checking '/home/ej/Silverfish/ublox_ws/install/ublox_serialization' for CMake config files
[2.919s] Level 1:colcon.colcon_core.shell:create_environment_hook('ublox_serialization', 'cmake_prefix_path')
[2.929s] INFO:colcon.colcon_core.shell:Creating environment hook '/home/ej/Silverfish/ublox_ws/install/ublox_serialization/share/ublox_serialization/hook/cmake_prefix_path.ps1'
[2.932s] INFO:colcon.colcon_core.shell:Creating environment descriptor '/home/ej/Silverfish/ublox_ws/install/ublox_serialization/share/ublox_serialization/hook/cmake_prefix_path.dsv'
[2.935s] INFO:colcon.colcon_core.shell:Creating environment hook '/home/ej/Silverfish/ublox_ws/install/ublox_serialization/share/ublox_serialization/hook/cmake_prefix_path.sh'
[2.942s] Level 1:colcon.colcon_core.environment:checking '/home/ej/Silverfish/ublox_ws/install/ublox_serialization/bin'
[2.944s] Level 1:colcon.colcon_core.environment:checking '/home/ej/Silverfish/ublox_ws/install/ublox_serialization/lib/pkgconfig/ublox_serialization.pc'
[2.948s] Level 1:colcon.colcon_core.environment:checking '/home/ej/Silverfish/ublox_ws/install/ublox_serialization/lib/python3.10/site-packages'
[2.952s] Level 1:colcon.colcon_core.environment:checking '/home/ej/Silverfish/ublox_ws/install/ublox_serialization/bin'
[2.962s] INFO:colcon.colcon_core.shell:Creating package script '/home/ej/Silverfish/ublox_ws/install/ublox_serialization/share/ublox_serialization/package.ps1'
[2.966s] INFO:colcon.colcon_core.shell:Creating package descriptor '/home/ej/Silverfish/ublox_ws/install/ublox_serialization/share/ublox_serialization/package.dsv'
[2.971s] INFO:colcon.colcon_core.shell:Creating package script '/home/ej/Silverfish/ublox_ws/install/ublox_serialization/share/ublox_serialization/package.sh'
[2.975s] INFO:colcon.colcon_core.shell:Creating package script '/home/ej/Silverfish/ublox_ws/install/ublox_serialization/share/ublox_serialization/package.bash'
[2.979s] INFO:colcon.colcon_core.shell:Creating package script '/home/ej/Silverfish/ublox_ws/install/ublox_serialization/share/ublox_serialization/package.zsh'
[2.988s] Level 1:colcon.colcon_core.environment:create_file_with_runtime_dependencies(/home/ej/Silverfish/ublox_ws/install/ublox_serialization/share/colcon-core/packages/ublox_serialization)
[2.991s] INFO:colcon.colcon_ros.task.ament_cmake.build:Building ROS package in '/home/ej/Silverfish/ublox_ws/src/ublox/ublox_msgs' with build type 'ament_cmake'
[2.993s] INFO:colcon.colcon_cmake.task.cmake.build:Building CMake package in '/home/ej/Silverfish/ublox_ws/src/ublox/ublox_msgs'
[3.002s] INFO:colcon.colcon_core.shell:Skip shell extension 'powershell' for command environment: Not usable outside of PowerShell
[3.003s] DEBUG:colcon.colcon_core.shell:Skip shell extension 'dsv' for command environment
[3.086s] DEBUG:colcon.colcon_core.event_handler.log_command:Invoking command in '/home/ej/Silverfish/ublox_ws/build/ublox_msgs': AMENT_PREFIX_PATH=/home/ej/Silverfish/ublox_ws/install/ublox_serialization:${AMENT_PREFIX_PATH} CMAKE_PREFIX_PATH=/home/ej/Silverfish/ublox_ws/install/ublox_serialization:/opt/ros/humble /usr/bin/cmake --build /home/ej/Silverfish/ublox_ws/build/ublox_msgs -- -j4 -l4
[5.909s] DEBUG:colcon.colcon_core.event_handler.log_command:Invoked command in '/home/ej/Silverfish/ublox_ws/build/rtcm_msgs' returned '0': CMAKE_PREFIX_PATH=/opt/ros/humble /usr/bin/cmake --build /home/ej/Silverfish/ublox_ws/build/rtcm_msgs -- -j4 -l4
[6.885s] DEBUG:colcon.colcon_core.event_handler.log_command:Invoking command in '/home/ej/Silverfish/ublox_ws/build/rtcm_msgs': CMAKE_PREFIX_PATH=/opt/ros/humble /usr/bin/cmake --install /home/ej/Silverfish/ublox_ws/build/rtcm_msgs
[7.367s] Level 1:colcon.colcon_core.environment:create_environment_scripts_only(rtcm_msgs)
[7.393s] Level 1:colcon.colcon_core.environment:checking '/home/ej/Silverfish/ublox_ws/install/rtcm_msgs' for CMake module files
[7.411s] DEBUG:colcon.colcon_core.event_handler.log_command:Invoked command in '/home/ej/Silverfish/ublox_ws/build/rtcm_msgs' returned '0': CMAKE_PREFIX_PATH=/opt/ros/humble /usr/bin/cmake --install /home/ej/Silverfish/ublox_ws/build/rtcm_msgs
[7.414s] Level 1:colcon.colcon_core.environment:checking '/home/ej/Silverfish/ublox_ws/install/rtcm_msgs' for CMake config files
[7.416s] Level 1:colcon.colcon_core.shell:create_environment_hook('rtcm_msgs', 'cmake_prefix_path')
[7.423s] INFO:colcon.colcon_core.shell:Creating environment hook '/home/ej/Silverfish/ublox_ws/install/rtcm_msgs/share/rtcm_msgs/hook/cmake_prefix_path.ps1'
[7.427s] INFO:colcon.colcon_core.shell:Creating environment descriptor '/home/ej/Silverfish/ublox_ws/install/rtcm_msgs/share/rtcm_msgs/hook/cmake_prefix_path.dsv'
[7.430s] INFO:colcon.colcon_core.shell:Creating environment hook '/home/ej/Silverfish/ublox_ws/install/rtcm_msgs/share/rtcm_msgs/hook/cmake_prefix_path.sh'
[7.435s] Level 1:colcon.colcon_core.environment:checking '/home/ej/Silverfish/ublox_ws/install/rtcm_msgs/lib'
[7.436s] Level 1:colcon.colcon_core.shell:create_environment_hook('rtcm_msgs', 'ld_library_path_lib')
[7.448s] INFO:colcon.colcon_core.shell:Creating environment hook '/home/ej/Silverfish/ublox_ws/install/rtcm_msgs/share/rtcm_msgs/hook/ld_library_path_lib.ps1'
[7.452s] INFO:colcon.colcon_core.shell:Creating environment descriptor '/home/ej/Silverfish/ublox_ws/install/rtcm_msgs/share/rtcm_msgs/hook/ld_library_path_lib.dsv'
[7.469s] INFO:colcon.colcon_core.shell:Creating environment hook '/home/ej/Silverfish/ublox_ws/install/rtcm_msgs/share/rtcm_msgs/hook/ld_library_path_lib.sh'
[7.471s] Level 1:colcon.colcon_core.environment:checking '/home/ej/Silverfish/ublox_ws/install/rtcm_msgs/bin'
[7.472s] Level 1:colcon.colcon_core.environment:checking '/home/ej/Silverfish/ublox_ws/install/rtcm_msgs/lib/pkgconfig/rtcm_msgs.pc'
[7.474s] Level 1:colcon.colcon_core.environment:checking '/home/ej/Silverfish/ublox_ws/install/rtcm_msgs/lib/python3.10/site-packages'
[7.475s] Level 1:colcon.colcon_core.environment:checking '/home/ej/Silverfish/ublox_ws/install/rtcm_msgs/bin'
[7.490s] INFO:colcon.colcon_core.shell:Creating package script '/home/ej/Silverfish/ublox_ws/install/rtcm_msgs/share/rtcm_msgs/package.ps1'
[7.495s] INFO:colcon.colcon_core.shell:Creating package descriptor '/home/ej/Silverfish/ublox_ws/install/rtcm_msgs/share/rtcm_msgs/package.dsv'
[7.498s] INFO:colcon.colcon_core.shell:Creating package script '/home/ej/Silverfish/ublox_ws/install/rtcm_msgs/share/rtcm_msgs/package.sh'
[7.502s] INFO:colcon.colcon_core.shell:Creating package script '/home/ej/Silverfish/ublox_ws/install/rtcm_msgs/share/rtcm_msgs/package.bash'
[7.505s] INFO:colcon.colcon_core.shell:Creating package script '/home/ej/Silverfish/ublox_ws/install/rtcm_msgs/share/rtcm_msgs/package.zsh'
[7.507s] Level 1:colcon.colcon_core.environment:create_file_with_runtime_dependencies(/home/ej/Silverfish/ublox_ws/install/rtcm_msgs/share/colcon-core/packages/rtcm_msgs)
[8.039s] DEBUG:colcon.colcon_core.event_handler.log_command:Invoked command in '/home/ej/Silverfish/ublox_ws/build/ublox_msgs' returned '0': AMENT_PREFIX_PATH=/home/ej/Silverfish/ublox_ws/install/ublox_serialization:${AMENT_PREFIX_PATH} CMAKE_PREFIX_PATH=/home/ej/Silverfish/ublox_ws/install/ublox_serialization:/opt/ros/humble /usr/bin/cmake --build /home/ej/Silverfish/ublox_ws/build/ublox_msgs -- -j4 -l4
[8.051s] Level 1:colcon.colcon_core.environment:create_environment_scripts_only(rtcm_msgs)
[8.061s] Level 1:colcon.colcon_core.environment:checking '/home/ej/Silverfish/ublox_ws/install/rtcm_msgs' for CMake module files
[8.066s] Level 1:colcon.colcon_core.environment:checking '/home/ej/Silverfish/ublox_ws/install/rtcm_msgs' for CMake config files
[8.070s] Level 1:colcon.colcon_core.shell:create_environment_hook('rtcm_msgs', 'cmake_prefix_path')
[8.086s] INFO:colcon.colcon_core.shell:Creating environment hook '/home/ej/Silverfish/ublox_ws/install/rtcm_msgs/share/rtcm_msgs/hook/cmake_prefix_path.ps1'
[8.090s] INFO:colcon.colcon_core.shell:Creating environment descriptor '/home/ej/Silverfish/ublox_ws/install/rtcm_msgs/share/rtcm_msgs/hook/cmake_prefix_path.dsv'
[8.093s] INFO:colcon.colcon_core.shell:Creating environment hook '/home/ej/Silverfish/ublox_ws/install/rtcm_msgs/share/rtcm_msgs/hook/cmake_prefix_path.sh'
[8.098s] Level 1:colcon.colcon_core.environment:checking '/home/ej/Silverfish/ublox_ws/install/rtcm_msgs/lib'
[8.099s] Level 1:colcon.colcon_core.shell:create_environment_hook('rtcm_msgs', 'ld_library_path_lib')
[8.105s] INFO:colcon.colcon_core.shell:Creating environment hook '/home/ej/Silverfish/ublox_ws/install/rtcm_msgs/share/rtcm_msgs/hook/ld_library_path_lib.ps1'
[8.108s] INFO:colcon.colcon_core.shell:Creating environment descriptor '/home/ej/Silverfish/ublox_ws/install/rtcm_msgs/share/rtcm_msgs/hook/ld_library_path_lib.dsv'
[8.110s] INFO:colcon.colcon_core.shell:Creating environment hook '/home/ej/Silverfish/ublox_ws/install/rtcm_msgs/share/rtcm_msgs/hook/ld_library_path_lib.sh'
[8.113s] Level 1:colcon.colcon_core.environment:checking '/home/ej/Silverfish/ublox_ws/install/rtcm_msgs/bin'
[8.113s] Level 1:colcon.colcon_core.environment:checking '/home/ej/Silverfish/ublox_ws/install/rtcm_msgs/lib/pkgconfig/rtcm_msgs.pc'
[8.114s] Level 1:colcon.colcon_core.environment:checking '/home/ej/Silverfish/ublox_ws/install/rtcm_msgs/lib/python3.10/site-packages'
[8.115s] Level 1:colcon.colcon_core.environment:checking '/home/ej/Silverfish/ublox_ws/install/rtcm_msgs/bin'
[8.122s] INFO:colcon.colcon_core.shell:Creating package script '/home/ej/Silverfish/ublox_ws/install/rtcm_msgs/share/rtcm_msgs/package.ps1'
[8.127s] INFO:colcon.colcon_core.shell:Creating package descriptor '/home/ej/Silverfish/ublox_ws/install/rtcm_msgs/share/rtcm_msgs/package.dsv'
[8.131s] INFO:colcon.colcon_core.shell:Creating package script '/home/ej/Silverfish/ublox_ws/install/rtcm_msgs/share/rtcm_msgs/package.sh'
[8.137s] INFO:colcon.colcon_core.shell:Creating package script '/home/ej/Silverfish/ublox_ws/install/rtcm_msgs/share/rtcm_msgs/package.bash'
[8.142s] INFO:colcon.colcon_core.shell:Creating package script '/home/ej/Silverfish/ublox_ws/install/rtcm_msgs/share/rtcm_msgs/package.zsh'
[8.149s] Level 1:colcon.colcon_core.environment:create_file_with_runtime_dependencies(/home/ej/Silverfish/ublox_ws/install/rtcm_msgs/share/colcon-core/packages/rtcm_msgs)
[22.145s] DEBUG:colcon.colcon_core.event_handler.log_command:Invoking command in '/home/ej/Silverfish/ublox_ws/build/ublox_msgs': AMENT_PREFIX_PATH=/home/ej/Silverfish/ublox_ws/install/ublox_serialization:${AMENT_PREFIX_PATH} CMAKE_PREFIX_PATH=/home/ej/Silverfish/ublox_ws/install/ublox_serialization:/opt/ros/humble /usr/bin/cmake --install /home/ej/Silverfish/ublox_ws/build/ublox_msgs
[23.398s] Level 1:colcon.colcon_core.environment:create_environment_scripts_only(ublox_msgs)
[23.410s] Level 1:colcon.colcon_core.environment:checking '/home/ej/Silverfish/ublox_ws/install/ublox_msgs' for CMake module files
[23.429s] Level 1:colcon.colcon_core.environment:checking '/home/ej/Silverfish/ublox_ws/install/ublox_msgs' for CMake config files
[23.432s] DEBUG:colcon.colcon_core.event_handler.log_command:Invoked command in '/home/ej/Silverfish/ublox_ws/build/ublox_msgs' returned '0': AMENT_PREFIX_PATH=/home/ej/Silverfish/ublox_ws/install/ublox_serialization:${AMENT_PREFIX_PATH} CMAKE_PREFIX_PATH=/home/ej/Silverfish/ublox_ws/install/ublox_serialization:/opt/ros/humble /usr/bin/cmake --install /home/ej/Silverfish/ublox_ws/build/ublox_msgs
[23.434s] Level 1:colcon.colcon_core.shell:create_environment_hook('ublox_msgs', 'cmake_prefix_path')
[23.440s] INFO:colcon.colcon_core.shell:Creating environment hook '/home/ej/Silverfish/ublox_ws/install/ublox_msgs/share/ublox_msgs/hook/cmake_prefix_path.ps1'
[23.443s] INFO:colcon.colcon_core.shell:Creating environment descriptor '/home/ej/Silverfish/ublox_ws/install/ublox_msgs/share/ublox_msgs/hook/cmake_prefix_path.dsv'
[23.446s] INFO:colcon.colcon_core.shell:Creating environment hook '/home/ej/Silverfish/ublox_ws/install/ublox_msgs/share/ublox_msgs/hook/cmake_prefix_path.sh'
[23.450s] Level 1:colcon.colcon_core.environment:checking '/home/ej/Silverfish/ublox_ws/install/ublox_msgs/lib'
[23.451s] Level 1:colcon.colcon_core.shell:create_environment_hook('ublox_msgs', 'ld_library_path_lib')
[23.456s] INFO:colcon.colcon_core.shell:Creating environment hook '/home/ej/Silverfish/ublox_ws/install/ublox_msgs/share/ublox_msgs/hook/ld_library_path_lib.ps1'
[23.458s] INFO:colcon.colcon_core.shell:Creating environment descriptor '/home/ej/Silverfish/ublox_ws/install/ublox_msgs/share/ublox_msgs/hook/ld_library_path_lib.dsv'
[23.460s] INFO:colcon.colcon_core.shell:Creating environment hook '/home/ej/Silverfish/ublox_ws/install/ublox_msgs/share/ublox_msgs/hook/ld_library_path_lib.sh'
[23.463s] Level 1:colcon.colcon_core.environment:checking '/home/ej/Silverfish/ublox_ws/install/ublox_msgs/bin'
[23.463s] Level 1:colcon.colcon_core.environment:checking '/home/ej/Silverfish/ublox_ws/install/ublox_msgs/lib/pkgconfig/ublox_msgs.pc'
[23.465s] Level 1:colcon.colcon_core.environment:checking '/home/ej/Silverfish/ublox_ws/install/ublox_msgs/lib/python3.10/site-packages'
[23.466s] Level 1:colcon.colcon_core.environment:checking '/home/ej/Silverfish/ublox_ws/install/ublox_msgs/bin'
[23.472s] INFO:colcon.colcon_core.shell:Creating package script '/home/ej/Silverfish/ublox_ws/install/ublox_msgs/share/ublox_msgs/package.ps1'
[23.475s] INFO:colcon.colcon_core.shell:Creating package descriptor '/home/ej/Silverfish/ublox_ws/install/ublox_msgs/share/ublox_msgs/package.dsv'
[23.478s] INFO:colcon.colcon_core.shell:Creating package script '/home/ej/Silverfish/ublox_ws/install/ublox_msgs/share/ublox_msgs/package.sh'
[23.480s] INFO:colcon.colcon_core.shell:Creating package script '/home/ej/Silverfish/ublox_ws/install/ublox_msgs/share/ublox_msgs/package.bash'
[23.483s] INFO:colcon.colcon_core.shell:Creating package script '/home/ej/Silverfish/ublox_ws/install/ublox_msgs/share/ublox_msgs/package.zsh'
[23.485s] Level 1:colcon.colcon_core.environment:create_file_with_runtime_dependencies(/home/ej/Silverfish/ublox_ws/install/ublox_msgs/share/colcon-core/packages/ublox_msgs)
[37.680s] Level 1:colcon.colcon_core.environment:create_environment_scripts_only(ublox_msgs)
[37.688s] Level 1:colcon.colcon_core.environment:checking '/home/ej/Silverfish/ublox_ws/install/ublox_msgs' for CMake module files
[37.692s] Level 1:colcon.colcon_core.environment:checking '/home/ej/Silverfish/ublox_ws/install/ublox_msgs' for CMake config files
[37.694s] Level 1:colcon.colcon_core.shell:create_environment_hook('ublox_msgs', 'cmake_prefix_path')
[37.700s] INFO:colcon.colcon_core.shell:Creating environment hook '/home/ej/Silverfish/ublox_ws/install/ublox_msgs/share/ublox_msgs/hook/cmake_prefix_path.ps1'
[37.702s] INFO:colcon.colcon_core.shell:Creating environment descriptor '/home/ej/Silverfish/ublox_ws/install/ublox_msgs/share/ublox_msgs/hook/cmake_prefix_path.dsv'
[37.704s] INFO:colcon.colcon_core.shell:Creating environment hook '/home/ej/Silverfish/ublox_ws/install/ublox_msgs/share/ublox_msgs/hook/cmake_prefix_path.sh'
[37.708s] Level 1:colcon.colcon_core.environment:checking '/home/ej/Silverfish/ublox_ws/install/ublox_msgs/lib'
[37.709s] Level 1:colcon.colcon_core.shell:create_environment_hook('ublox_msgs', 'ld_library_path_lib')
[37.714s] INFO:colcon.colcon_core.shell:Creating environment hook '/home/ej/Silverfish/ublox_ws/install/ublox_msgs/share/ublox_msgs/hook/ld_library_path_lib.ps1'
[37.717s] INFO:colcon.colcon_core.shell:Creating environment descriptor '/home/ej/Silverfish/ublox_ws/install/ublox_msgs/share/ublox_msgs/hook/ld_library_path_lib.dsv'
[37.719s] INFO:colcon.colcon_core.shell:Creating environment hook '/home/ej/Silverfish/ublox_ws/install/ublox_msgs/share/ublox_msgs/hook/ld_library_path_lib.sh'
[37.722s] Level 1:colcon.colcon_core.environment:checking '/home/ej/Silverfish/ublox_ws/install/ublox_msgs/bin'
[37.722s] Level 1:colcon.colcon_core.environment:checking '/home/ej/Silverfish/ublox_ws/install/ublox_msgs/lib/pkgconfig/ublox_msgs.pc'
[37.723s] Level 1:colcon.colcon_core.environment:checking '/home/ej/Silverfish/ublox_ws/install/ublox_msgs/lib/python3.10/site-packages'
[37.725s] Level 1:colcon.colcon_core.environment:checking '/home/ej/Silverfish/ublox_ws/install/ublox_msgs/bin'
[37.739s] INFO:colcon.colcon_core.shell:Creating package script '/home/ej/Silverfish/ublox_ws/install/ublox_msgs/share/ublox_msgs/package.ps1'
[37.742s] INFO:colcon.colcon_core.shell:Creating package descriptor '/home/ej/Silverfish/ublox_ws/install/ublox_msgs/share/ublox_msgs/package.dsv'
[37.746s] INFO:colcon.colcon_core.shell:Creating package script '/home/ej/Silverfish/ublox_ws/install/ublox_msgs/share/ublox_msgs/package.sh'
[37.749s] INFO:colcon.colcon_core.shell:Creating package script '/home/ej/Silverfish/ublox_ws/install/ublox_msgs/share/ublox_msgs/package.bash'
[37.752s] INFO:colcon.colcon_core.shell:Creating package script '/home/ej/Silverfish/ublox_ws/install/ublox_msgs/share/ublox_msgs/package.zsh'
[37.754s] Level 1:colcon.colcon_core.environment:create_file_with_runtime_dependencies(/home/ej/Silverfish/ublox_ws/install/ublox_msgs/share/colcon-core/packages/ublox_msgs)
[37.757s] INFO:colcon.colcon_ros.task.ament_cmake.build:Building ROS package in '/home/ej/Silverfish/ublox_ws/src/ublox/ublox_gps' with build type 'ament_cmake'
[37.758s] INFO:colcon.colcon_cmake.task.cmake.build:Building CMake package in '/home/ej/Silverfish/ublox_ws/src/ublox/ublox_gps'
[37.763s] INFO:colcon.colcon_core.shell:Skip shell extension 'powershell' for command environment: Not usable outside of PowerShell
[37.764s] DEBUG:colcon.colcon_core.shell:Skip shell extension 'dsv' for command environment
[37.849s] DEBUG:colcon.colcon_core.event_handler.log_command:Invoking command in '/home/ej/Silverfish/ublox_ws/build/ublox_gps': AMENT_PREFIX_PATH=/home/ej/Silverfish/ublox_ws/install/ublox_msgs:/home/ej/Silverfish/ublox_ws/install/ublox_serialization:/home/ej/Silverfish/ublox_ws/install/rtcm_msgs:${AMENT_PREFIX_PATH} CMAKE_PREFIX_PATH=/home/ej/Silverfish/ublox_ws/install/ublox_msgs:/home/ej/Silverfish/ublox_ws/install/ublox_serialization:/home/ej/Silverfish/ublox_ws/install/rtcm_msgs:/opt/ros/humble LD_LIBRARY_PATH=/home/ej/Silverfish/ublox_ws/install/ublox_msgs/lib:/home/ej/Silverfish/ublox_ws/install/rtcm_msgs/lib:${LD_LIBRARY_PATH} PYTHONPATH=/home/ej/Silverfish/ublox_ws/install/ublox_msgs/local/lib/python3.10/dist-packages:/home/ej/Silverfish/ublox_ws/install/rtcm_msgs/local/lib/python3.10/dist-packages:${PYTHONPATH} /usr/bin/cmake --build /home/ej/Silverfish/ublox_ws/build/ublox_gps -- -j4 -l4
[562.067s] DEBUG:colcon.colcon_core.event_handler.log_command:Invoked command in '/home/ej/Silverfish/ublox_ws/build/ublox_gps' returned '0': AMENT_PREFIX_PATH=/home/ej/Silverfish/ublox_ws/install/ublox_msgs:/home/ej/Silverfish/ublox_ws/install/ublox_serialization:/home/ej/Silverfish/ublox_ws/install/rtcm_msgs:${AMENT_PREFIX_PATH} CMAKE_PREFIX_PATH=/home/ej/Silverfish/ublox_ws/install/ublox_msgs:/home/ej/Silverfish/ublox_ws/install/ublox_serialization:/home/ej/Silverfish/ublox_ws/install/rtcm_msgs:/opt/ros/humble LD_LIBRARY_PATH=/home/ej/Silverfish/ublox_ws/install/ublox_msgs/lib:/home/ej/Silverfish/ublox_ws/install/rtcm_msgs/lib:${LD_LIBRARY_PATH} PYTHONPATH=/home/ej/Silverfish/ublox_ws/install/ublox_msgs/local/lib/python3.10/dist-packages:/home/ej/Silverfish/ublox_ws/install/rtcm_msgs/local/lib/python3.10/dist-packages:${PYTHONPATH} /usr/bin/cmake --build /home/ej/Silverfish/ublox_ws/build/ublox_gps -- -j4 -l4
[562.505s] DEBUG:colcon.colcon_core.event_handler.log_command:Invoking command in '/home/ej/Silverfish/ublox_ws/build/ublox_gps': AMENT_PREFIX_PATH=/home/ej/Silverfish/ublox_ws/install/ublox_msgs:/home/ej/Silverfish/ublox_ws/install/ublox_serialization:/home/ej/Silverfish/ublox_ws/install/rtcm_msgs:${AMENT_PREFIX_PATH} CMAKE_PREFIX_PATH=/home/ej/Silverfish/ublox_ws/install/ublox_msgs:/home/ej/Silverfish/ublox_ws/install/ublox_serialization:/home/ej/Silverfish/ublox_ws/install/rtcm_msgs:/opt/ros/humble LD_LIBRARY_PATH=/home/ej/Silverfish/ublox_ws/install/ublox_msgs/lib:/home/ej/Silverfish/ublox_ws/install/rtcm_msgs/lib:${LD_LIBRARY_PATH} PYTHONPATH=/home/ej/Silverfish/ublox_ws/install/ublox_msgs/local/lib/python3.10/dist-packages:/home/ej/Silverfish/ublox_ws/install/rtcm_msgs/local/lib/python3.10/dist-packages:${PYTHONPATH} /usr/bin/cmake --install /home/ej/Silverfish/ublox_ws/build/ublox_gps
[562.950s] Level 1:colcon.colcon_core.environment:create_environment_scripts_only(ublox_gps)
[562.961s] Level 1:colcon.colcon_core.environment:checking '/home/ej/Silverfish/ublox_ws/install/ublox_gps' for CMake module files
[562.961s] DEBUG:colcon.colcon_core.event_handler.log_command:Invoked command in '/home/ej/Silverfish/ublox_ws/build/ublox_gps' returned '0': AMENT_PREFIX_PATH=/home/ej/Silverfish/ublox_ws/install/ublox_msgs:/home/ej/Silverfish/ublox_ws/install/ublox_serialization:/home/ej/Silverfish/ublox_ws/install/rtcm_msgs:${AMENT_PREFIX_PATH} CMAKE_PREFIX_PATH=/home/ej/Silverfish/ublox_ws/install/ublox_msgs:/home/ej/Silverfish/ublox_ws/install/ublox_serialization:/home/ej/Silverfish/ublox_ws/install/rtcm_msgs:/opt/ros/humble LD_LIBRARY_PATH=/home/ej/Silverfish/ublox_ws/install/ublox_msgs/lib:/home/ej/Silverfish/ublox_ws/install/rtcm_msgs/lib:${LD_LIBRARY_PATH} PYTHONPATH=/home/ej/Silverfish/ublox_ws/install/ublox_msgs/local/lib/python3.10/dist-packages:/home/ej/Silverfish/ublox_ws/install/rtcm_msgs/local/lib/python3.10/dist-packages:${PYTHONPATH} /usr/bin/cmake --install /home/ej/Silverfish/ublox_ws/build/ublox_gps
[562.966s] Level 1:colcon.colcon_core.environment:checking '/home/ej/Silverfish/ublox_ws/install/ublox_gps' for CMake config files
[562.969s] Level 1:colcon.colcon_core.shell:create_environment_hook('ublox_gps', 'cmake_prefix_path')
[562.975s] INFO:colcon.colcon_core.shell:Creating environment hook '/home/ej/Silverfish/ublox_ws/install/ublox_gps/share/ublox_gps/hook/cmake_prefix_path.ps1'
[562.985s] INFO:colcon.colcon_core.shell:Creating environment descriptor '/home/ej/Silverfish/ublox_ws/install/ublox_gps/share/ublox_gps/hook/cmake_prefix_path.dsv'
[562.989s] INFO:colcon.colcon_core.shell:Creating environment hook '/home/ej/Silverfish/ublox_ws/install/ublox_gps/share/ublox_gps/hook/cmake_prefix_path.sh'
[562.991s] Level 1:colcon.colcon_core.environment:checking '/home/ej/Silverfish/ublox_ws/install/ublox_gps/lib'
[562.992s] Level 1:colcon.colcon_core.shell:create_environment_hook('ublox_gps', 'ld_library_path_lib')
[562.997s] INFO:colcon.colcon_core.shell:Creating environment hook '/home/ej/Silverfish/ublox_ws/install/ublox_gps/share/ublox_gps/hook/ld_library_path_lib.ps1'
[562.999s] INFO:colcon.colcon_core.shell:Creating environment descriptor '/home/ej/Silverfish/ublox_ws/install/ublox_gps/share/ublox_gps/hook/ld_library_path_lib.dsv'
[563.002s] INFO:colcon.colcon_core.shell:Creating environment hook '/home/ej/Silverfish/ublox_ws/install/ublox_gps/share/ublox_gps/hook/ld_library_path_lib.sh'
[563.004s] Level 1:colcon.colcon_core.environment:checking '/home/ej/Silverfish/ublox_ws/install/ublox_gps/bin'
[563.004s] Level 1:colcon.colcon_core.environment:checking '/home/ej/Silverfish/ublox_ws/install/ublox_gps/lib/pkgconfig/ublox_gps.pc'
[563.006s] Level 1:colcon.colcon_core.environment:checking '/home/ej/Silverfish/ublox_ws/install/ublox_gps/lib/python3.10/site-packages'
[563.007s] Level 1:colcon.colcon_core.environment:checking '/home/ej/Silverfish/ublox_ws/install/ublox_gps/bin'
[563.013s] INFO:colcon.colcon_core.shell:Creating package script '/home/ej/Silverfish/ublox_ws/install/ublox_gps/share/ublox_gps/package.ps1'
[563.016s] INFO:colcon.colcon_core.shell:Creating package descriptor '/home/ej/Silverfish/ublox_ws/install/ublox_gps/share/ublox_gps/package.dsv'
[563.018s] INFO:colcon.colcon_core.shell:Creating package script '/home/ej/Silverfish/ublox_ws/install/ublox_gps/share/ublox_gps/package.sh'
[563.021s] INFO:colcon.colcon_core.shell:Creating package script '/home/ej/Silverfish/ublox_ws/install/ublox_gps/share/ublox_gps/package.bash'
[563.023s] INFO:colcon.colcon_core.shell:Creating package script '/home/ej/Silverfish/ublox_ws/install/ublox_gps/share/ublox_gps/package.zsh'
[563.025s] Level 1:colcon.colcon_core.environment:create_file_with_runtime_dependencies(/home/ej/Silverfish/ublox_ws/install/ublox_gps/share/colcon-core/packages/ublox_gps)
[563.455s] Level 1:colcon.colcon_core.environment:create_environment_scripts_only(ublox_gps)
[563.465s] Level 1:colcon.colcon_core.environment:checking '/home/ej/Silverfish/ublox_ws/install/ublox_gps' for CMake module files
[563.469s] Level 1:colcon.colcon_core.environment:checking '/home/ej/Silverfish/ublox_ws/install/ublox_gps' for CMake config files
[563.472s] Level 1:colcon.colcon_core.shell:create_environment_hook('ublox_gps', 'cmake_prefix_path')
[563.477s] INFO:colcon.colcon_core.shell:Creating environment hook '/home/ej/Silverfish/ublox_ws/install/ublox_gps/share/ublox_gps/hook/cmake_prefix_path.ps1'
[563.480s] INFO:colcon.colcon_core.shell:Creating environment descriptor '/home/ej/Silverfish/ublox_ws/install/ublox_gps/share/ublox_gps/hook/cmake_prefix_path.dsv'
[563.482s] INFO:colcon.colcon_core.shell:Creating environment hook '/home/ej/Silverfish/ublox_ws/install/ublox_gps/share/ublox_gps/hook/cmake_prefix_path.sh'
[563.491s] Level 1:colcon.colcon_core.environment:checking '/home/ej/Silverfish/ublox_ws/install/ublox_gps/lib'
[563.494s] Level 1:colcon.colcon_core.shell:create_environment_hook('ublox_gps', 'ld_library_path_lib')
[563.501s] INFO:colcon.colcon_core.shell:Creating environment hook '/home/ej/Silverfish/ublox_ws/install/ublox_gps/share/ublox_gps/hook/ld_library_path_lib.ps1'
[563.504s] INFO:colcon.colcon_core.shell:Creating environment descriptor '/home/ej/Silverfish/ublox_ws/install/ublox_gps/share/ublox_gps/hook/ld_library_path_lib.dsv'
[563.508s] INFO:colcon.colcon_core.shell:Creating environment hook '/home/ej/Silverfish/ublox_ws/install/ublox_gps/share/ublox_gps/hook/ld_library_path_lib.sh'
[563.511s] Level 1:colcon.colcon_core.environment:checking '/home/ej/Silverfish/ublox_ws/install/ublox_gps/bin'
[563.511s] Level 1:colcon.colcon_core.environment:checking '/home/ej/Silverfish/ublox_ws/install/ublox_gps/lib/pkgconfig/ublox_gps.pc'
[563.512s] Level 1:colcon.colcon_core.environment:checking '/home/ej/Silverfish/ublox_ws/install/ublox_gps/lib/python3.10/site-packages'
[563.513s] Level 1:colcon.colcon_core.environment:checking '/home/ej/Silverfish/ublox_ws/install/ublox_gps/bin'
[563.519s] INFO:colcon.colcon_core.shell:Creating package script '/home/ej/Silverfish/ublox_ws/install/ublox_gps/share/ublox_gps/package.ps1'
[563.522s] INFO:colcon.colcon_core.shell:Creating package descriptor '/home/ej/Silverfish/ublox_ws/install/ublox_gps/share/ublox_gps/package.dsv'
[563.525s] INFO:colcon.colcon_core.shell:Creating package script '/home/ej/Silverfish/ublox_ws/install/ublox_gps/share/ublox_gps/package.sh'
[563.527s] INFO:colcon.colcon_core.shell:Creating package script '/home/ej/Silverfish/ublox_ws/install/ublox_gps/share/ublox_gps/package.bash'
[563.529s] INFO:colcon.colcon_core.shell:Creating package script '/home/ej/Silverfish/ublox_ws/install/ublox_gps/share/ublox_gps/package.zsh'
[563.532s] Level 1:colcon.colcon_core.environment:create_file_with_runtime_dependencies(/home/ej/Silverfish/ublox_ws/install/ublox_gps/share/colcon-core/packages/ublox_gps)
[563.534s] INFO:colcon.colcon_ros.task.ament_cmake.build:Building ROS package in '/home/ej/Silverfish/ublox_ws/src/ublox/ublox' with build type 'ament_cmake'
[563.534s] INFO:colcon.colcon_cmake.task.cmake.build:Building CMake package in '/home/ej/Silverfish/ublox_ws/src/ublox/ublox'
[563.540s] INFO:colcon.colcon_core.shell:Skip shell extension 'powershell' for command environment: Not usable outside of PowerShell
[563.540s] DEBUG:colcon.colcon_core.shell:Skip shell extension 'dsv' for command environment
[563.625s] DEBUG:colcon.colcon_core.event_handler.log_command:Invoking command in '/home/ej/Silverfish/ublox_ws/build/ublox': AMENT_PREFIX_PATH=/home/ej/Silverfish/ublox_ws/install/ublox_gps:/home/ej/Silverfish/ublox_ws/install/ublox_msgs:/home/ej/Silverfish/ublox_ws/install/ublox_serialization:/home/ej/Silverfish/ublox_ws/install/rtcm_msgs:${AMENT_PREFIX_PATH} CMAKE_PREFIX_PATH=/home/ej/Silverfish/ublox_ws/install/ublox_gps:/home/ej/Silverfish/ublox_ws/install/ublox_msgs:/home/ej/Silverfish/ublox_ws/install/ublox_serialization:/home/ej/Silverfish/ublox_ws/install/rtcm_msgs:/opt/ros/humble LD_LIBRARY_PATH=/home/ej/Silverfish/ublox_ws/install/ublox_gps/lib:/home/ej/Silverfish/ublox_ws/install/ublox_msgs/lib:/home/ej/Silverfish/ublox_ws/install/rtcm_msgs/lib:${LD_LIBRARY_PATH} PYTHONPATH=/home/ej/Silverfish/ublox_ws/install/ublox_msgs/local/lib/python3.10/dist-packages:/home/ej/Silverfish/ublox_ws/install/rtcm_msgs/local/lib/python3.10/dist-packages:${PYTHONPATH} /usr/bin/cmake /home/ej/Silverfish/ublox_ws/src/ublox/ublox -DCMAKE_INSTALL_PREFIX=/home/ej/Silverfish/ublox_ws/install/ublox
[567.547s] DEBUG:colcon.colcon_core.event_handler.log_command:Invoked command in '/home/ej/Silverfish/ublox_ws/build/ublox' returned '0': AMENT_PREFIX_PATH=/home/ej/Silverfish/ublox_ws/install/ublox_gps:/home/ej/Silverfish/ublox_ws/install/ublox_msgs:/home/ej/Silverfish/ublox_ws/install/ublox_serialization:/home/ej/Silverfish/ublox_ws/install/rtcm_msgs:${AMENT_PREFIX_PATH} CMAKE_PREFIX_PATH=/home/ej/Silverfish/ublox_ws/install/ublox_gps:/home/ej/Silverfish/ublox_ws/install/ublox_msgs:/home/ej/Silverfish/ublox_ws/install/ublox_serialization:/home/ej/Silverfish/ublox_ws/install/rtcm_msgs:/opt/ros/humble LD_LIBRARY_PATH=/home/ej/Silverfish/ublox_ws/install/ublox_gps/lib:/home/ej/Silverfish/ublox_ws/install/ublox_msgs/lib:/home/ej/Silverfish/ublox_ws/install/rtcm_msgs/lib:${LD_LIBRARY_PATH} PYTHONPATH=/home/ej/Silverfish/ublox_ws/install/ublox_msgs/local/lib/python3.10/dist-packages:/home/ej/Silverfish/ublox_ws/install/rtcm_msgs/local/lib/python3.10/dist-packages:${PYTHONPATH} /usr/bin/cmake /home/ej/Silverfish/ublox_ws/src/ublox/ublox -DCMAKE_INSTALL_PREFIX=/home/ej/Silverfish/ublox_ws/install/ublox
[567.554s] DEBUG:colcon.colcon_core.event_handler.log_command:Invoking command in '/home/ej/Silverfish/ublox_ws/build/ublox': AMENT_PREFIX_PATH=/home/ej/Silverfish/ublox_ws/install/ublox_gps:/home/ej/Silverfish/ublox_ws/install/ublox_msgs:/home/ej/Silverfish/ublox_ws/install/ublox_serialization:/home/ej/Silverfish/ublox_ws/install/rtcm_msgs:${AMENT_PREFIX_PATH} CMAKE_PREFIX_PATH=/home/ej/Silverfish/ublox_ws/install/ublox_gps:/home/ej/Silverfish/ublox_ws/install/ublox_msgs:/home/ej/Silverfish/ublox_ws/install/ublox_serialization:/home/ej/Silverfish/ublox_ws/install/rtcm_msgs:/opt/ros/humble LD_LIBRARY_PATH=/home/ej/Silverfish/ublox_ws/install/ublox_gps/lib:/home/ej/Silverfish/ublox_ws/install/ublox_msgs/lib:/home/ej/Silverfish/ublox_ws/install/rtcm_msgs/lib:${LD_LIBRARY_PATH} PYTHONPATH=/home/ej/Silverfish/ublox_ws/install/ublox_msgs/local/lib/python3.10/dist-packages:/home/ej/Silverfish/ublox_ws/install/rtcm_msgs/local/lib/python3.10/dist-packages:${PYTHONPATH} /usr/bin/cmake --build /home/ej/Silverfish/ublox_ws/build/ublox -- -j4 -l4
[567.753s] DEBUG:colcon.colcon_core.event_handler.log_command:Invoked command in '/home/ej/Silverfish/ublox_ws/build/ublox' returned '0': AMENT_PREFIX_PATH=/home/ej/Silverfish/ublox_ws/install/ublox_gps:/home/ej/Silverfish/ublox_ws/install/ublox_msgs:/home/ej/Silverfish/ublox_ws/install/ublox_serialization:/home/ej/Silverfish/ublox_ws/install/rtcm_msgs:${AMENT_PREFIX_PATH} CMAKE_PREFIX_PATH=/home/ej/Silverfish/ublox_ws/install/ublox_gps:/home/ej/Silverfish/ublox_ws/install/ublox_msgs:/home/ej/Silverfish/ublox_ws/install/ublox_serialization:/home/ej/Silverfish/ublox_ws/install/rtcm_msgs:/opt/ros/humble LD_LIBRARY_PATH=/home/ej/Silverfish/ublox_ws/install/ublox_gps/lib:/home/ej/Silverfish/ublox_ws/install/ublox_msgs/lib:/home/ej/Silverfish/ublox_ws/install/rtcm_msgs/lib:${LD_LIBRARY_PATH} PYTHONPATH=/home/ej/Silverfish/ublox_ws/install/ublox_msgs/local/lib/python3.10/dist-packages:/home/ej/Silverfish/ublox_ws/install/rtcm_msgs/local/lib/python3.10/dist-packages:${PYTHONPATH} /usr/bin/cmake --build /home/ej/Silverfish/ublox_ws/build/ublox -- -j4 -l4
[567.886s] DEBUG:colcon.colcon_core.event_handler.log_command:Invoking command in '/home/ej/Silverfish/ublox_ws/build/ublox': AMENT_PREFIX_PATH=/home/ej/Silverfish/ublox_ws/install/ublox_gps:/home/ej/Silverfish/ublox_ws/install/ublox_msgs:/home/ej/Silverfish/ublox_ws/install/ublox_serialization:/home/ej/Silverfish/ublox_ws/install/rtcm_msgs:${AMENT_PREFIX_PATH} CMAKE_PREFIX_PATH=/home/ej/Silverfish/ublox_ws/install/ublox_gps:/home/ej/Silverfish/ublox_ws/install/ublox_msgs:/home/ej/Silverfish/ublox_ws/install/ublox_serialization:/home/ej/Silverfish/ublox_ws/install/rtcm_msgs:/opt/ros/humble LD_LIBRARY_PATH=/home/ej/Silverfish/ublox_ws/install/ublox_gps/lib:/home/ej/Silverfish/ublox_ws/install/ublox_msgs/lib:/home/ej/Silverfish/ublox_ws/install/rtcm_msgs/lib:${LD_LIBRARY_PATH} PYTHONPATH=/home/ej/Silverfish/ublox_ws/install/ublox_msgs/local/lib/python3.10/dist-packages:/home/ej/Silverfish/ublox_ws/install/rtcm_msgs/local/lib/python3.10/dist-packages:${PYTHONPATH} /usr/bin/cmake --install /home/ej/Silverfish/ublox_ws/build/ublox
[567.957s] Level 1:colcon.colcon_core.environment:create_environment_scripts_only(ublox)
[567.966s] Level 1:colcon.colcon_core.environment:checking '/home/ej/Silverfish/ublox_ws/install/ublox' for CMake module files
[567.968s] DEBUG:colcon.colcon_core.event_handler.log_command:Invoked command in '/home/ej/Silverfish/ublox_ws/build/ublox' returned '0': AMENT_PREFIX_PATH=/home/ej/Silverfish/ublox_ws/install/ublox_gps:/home/ej/Silverfish/ublox_ws/install/ublox_msgs:/home/ej/Silverfish/ublox_ws/install/ublox_serialization:/home/ej/Silverfish/ublox_ws/install/rtcm_msgs:${AMENT_PREFIX_PATH} CMAKE_PREFIX_PATH=/home/ej/Silverfish/ublox_ws/install/ublox_gps:/home/ej/Silverfish/ublox_ws/install/ublox_msgs:/home/ej/Silverfish/ublox_ws/install/ublox_serialization:/home/ej/Silverfish/ublox_ws/install/rtcm_msgs:/opt/ros/humble LD_LIBRARY_PATH=/home/ej/Silverfish/ublox_ws/install/ublox_gps/lib:/home/ej/Silverfish/ublox_ws/install/ublox_msgs/lib:/home/ej/Silverfish/ublox_ws/install/rtcm_msgs/lib:${LD_LIBRARY_PATH} PYTHONPATH=/home/ej/Silverfish/ublox_ws/install/ublox_msgs/local/lib/python3.10/dist-packages:/home/ej/Silverfish/ublox_ws/install/rtcm_msgs/local/lib/python3.10/dist-packages:${PYTHONPATH} /usr/bin/cmake --install /home/ej/Silverfish/ublox_ws/build/ublox
[567.973s] Level 1:colcon.colcon_core.environment:checking '/home/ej/Silverfish/ublox_ws/install/ublox' for CMake config files
[567.974s] Level 1:colcon.colcon_core.shell:create_environment_hook('ublox', 'cmake_prefix_path')
[567.982s] INFO:colcon.colcon_core.shell:Creating environment hook '/home/ej/Silverfish/ublox_ws/install/ublox/share/ublox/hook/cmake_prefix_path.ps1'
[567.985s] INFO:colcon.colcon_core.shell:Creating environment descriptor '/home/ej/Silverfish/ublox_ws/install/ublox/share/ublox/hook/cmake_prefix_path.dsv'
[567.987s] INFO:colcon.colcon_core.shell:Creating environment hook '/home/ej/Silverfish/ublox_ws/install/ublox/share/ublox/hook/cmake_prefix_path.sh'
[567.989s] Level 1:colcon.colcon_core.environment:checking '/home/ej/Silverfish/ublox_ws/install/ublox/bin'
[567.989s] Level 1:colcon.colcon_core.environment:checking '/home/ej/Silverfish/ublox_ws/install/ublox/lib/pkgconfig/ublox.pc'
[567.990s] Level 1:colcon.colcon_core.environment:checking '/home/ej/Silverfish/ublox_ws/install/ublox/lib/python3.10/site-packages'
[567.991s] Level 1:colcon.colcon_core.environment:checking '/home/ej/Silverfish/ublox_ws/install/ublox/bin'
[567.996s] INFO:colcon.colcon_core.shell:Creating package script '/home/ej/Silverfish/ublox_ws/install/ublox/share/ublox/package.ps1'
[567.998s] INFO:colcon.colcon_core.shell:Creating package descriptor '/home/ej/Silverfish/ublox_ws/install/ublox/share/ublox/package.dsv'
[568.001s] INFO:colcon.colcon_core.shell:Creating package script '/home/ej/Silverfish/ublox_ws/install/ublox/share/ublox/package.sh'
[568.003s] INFO:colcon.colcon_core.shell:Creating package script '/home/ej/Silverfish/ublox_ws/install/ublox/share/ublox/package.bash'
[568.005s] INFO:colcon.colcon_core.shell:Creating package script '/home/ej/Silverfish/ublox_ws/install/ublox/share/ublox/package.zsh'
[568.007s] Level 1:colcon.colcon_core.environment:create_file_with_runtime_dependencies(/home/ej/Silverfish/ublox_ws/install/ublox/share/colcon-core/packages/ublox)
[568.135s] Level 1:colcon.colcon_core.environment:create_environment_scripts_only(ublox)
[568.151s] Level 1:colcon.colcon_core.environment:checking '/home/ej/Silverfish/ublox_ws/install/ublox' for CMake module files
[568.154s] Level 1:colcon.colcon_core.environment:checking '/home/ej/Silverfish/ublox_ws/install/ublox' for CMake config files
[568.155s] Level 1:colcon.colcon_core.shell:create_environment_hook('ublox', 'cmake_prefix_path')
[568.160s] INFO:colcon.colcon_core.shell:Creating environment hook '/home/ej/Silverfish/ublox_ws/install/ublox/share/ublox/hook/cmake_prefix_path.ps1'
[568.162s] INFO:colcon.colcon_core.shell:Creating environment descriptor '/home/ej/Silverfish/ublox_ws/install/ublox/share/ublox/hook/cmake_prefix_path.dsv'
[568.164s] INFO:colcon.colcon_core.shell:Creating environment hook '/home/ej/Silverfish/ublox_ws/install/ublox/share/ublox/hook/cmake_prefix_path.sh'
[568.168s] Level 1:colcon.colcon_core.environment:checking '/home/ej/Silverfish/ublox_ws/install/ublox/bin'
[568.169s] Level 1:colcon.colcon_core.environment:checking '/home/ej/Silverfish/ublox_ws/install/ublox/lib/pkgconfig/ublox.pc'
[568.170s] Level 1:colcon.colcon_core.environment:checking '/home/ej/Silverfish/ublox_ws/install/ublox/lib/python3.10/site-packages'
[568.172s] Level 1:colcon.colcon_core.environment:checking '/home/ej/Silverfish/ublox_ws/install/ublox/bin'
[568.179s] INFO:colcon.colcon_core.shell:Creating package script '/home/ej/Silverfish/ublox_ws/install/ublox/share/ublox/package.ps1'
[568.182s] INFO:colcon.colcon_core.shell:Creating package descriptor '/home/ej/Silverfish/ublox_ws/install/ublox/share/ublox/package.dsv'
[568.185s] INFO:colcon.colcon_core.shell:Creating package script '/home/ej/Silverfish/ublox_ws/install/ublox/share/ublox/package.sh'
[568.187s] INFO:colcon.colcon_core.shell:Creating package script '/home/ej/Silverfish/ublox_ws/install/ublox/share/ublox/package.bash'
[568.189s] INFO:colcon.colcon_core.shell:Creating package script '/home/ej/Silverfish/ublox_ws/install/ublox/share/ublox/package.zsh'
[568.192s] Level 1:colcon.colcon_core.environment:create_file_with_runtime_dependencies(/home/ej/Silverfish/ublox_ws/install/ublox/share/colcon-core/packages/ublox)
[568.194s] DEBUG:colcon.colcon_parallel_executor.executor.parallel:closing loop
[568.195s] DEBUG:colcon.colcon_parallel_executor.executor.parallel:loop closed
[568.195s] DEBUG:colcon.colcon_parallel_executor.executor.parallel:run_until_complete finished with '0'
[568.196s] DEBUG:colcon.colcon_core.event_reactor:joining thread
[568.232s] INFO:colcon.colcon_core.plugin_system:Skipping extension 'colcon_notification.desktop_notification.terminal_notifier': Not used on non-Darwin systems
[568.233s] INFO:colcon.colcon_core.plugin_system:Skipping extension 'colcon_notification.desktop_notification.win32': Not used on non-Windows systems
[568.233s] INFO:colcon.colcon_notification.desktop_notification:Sending desktop notification using 'notify2'
[568.303s] DEBUG:colcon.colcon_core.event_reactor:joined thread
[568.309s] INFO:colcon.colcon_core.shell:Creating prefix script '/home/ej/Silverfish/ublox_ws/install/local_setup.ps1'
[568.314s] INFO:colcon.colcon_core.shell:Creating prefix util module '/home/ej/Silverfish/ublox_ws/install/_local_setup_util_ps1.py'
[568.323s] INFO:colcon.colcon_core.shell:Creating prefix chain script '/home/ej/Silverfish/ublox_ws/install/setup.ps1'
[568.336s] INFO:colcon.colcon_core.shell:Creating prefix script '/home/ej/Silverfish/ublox_ws/install/local_setup.sh'
[568.340s] INFO:colcon.colcon_core.shell:Creating prefix util module '/home/ej/Silverfish/ublox_ws/install/_local_setup_util_sh.py'
[568.345s] INFO:colcon.colcon_core.shell:Creating prefix chain script '/home/ej/Silverfish/ublox_ws/install/setup.sh'
[568.355s] INFO:colcon.colcon_core.shell:Creating prefix script '/home/ej/Silverfish/ublox_ws/install/local_setup.bash'
[568.358s] INFO:colcon.colcon_core.shell:Creating prefix chain script '/home/ej/Silverfish/ublox_ws/install/setup.bash'
[568.366s] INFO:colcon.colcon_core.shell:Creating prefix script '/home/ej/Silverfish/ublox_ws/install/local_setup.zsh'
[568.371s] INFO:colcon.colcon_core.shell:Creating prefix chain script '/home/ej/Silverfish/ublox_ws/install/setup.zsh'
