[0.103s] Invoking command in '/home/ej/Silverfish/ublox_ws/build/ublox_serialization': CMAKE_PREFIX_PATH=/opt/ros/humble /usr/bin/cmake --build /home/ej/Silverfish/ublox_ws/build/ublox_serialization -- -j4 -l4
[0.332s] Invoked command in '/home/ej/Silverfish/ublox_ws/build/ublox_serialization' returned '0': CMAKE_PREFIX_PATH=/opt/ros/humble /usr/bin/cmake --build /home/ej/Silverfish/ublox_ws/build/ublox_serialization -- -j4 -l4
[0.727s] Invoking command in '/home/ej/Silverfish/ublox_ws/build/ublox_serialization': CMAKE_PREFIX_PATH=/opt/ros/humble /usr/bin/cmake --install /home/ej/Silverfish/ublox_ws/build/ublox_serialization
[0.780s] -- Install configuration: ""
[0.796s] -- Up-to-date: /home/ej/Silverfish/ublox_ws/install/ublox_serialization/include/ublox_serialization
[0.798s] -- Up-to-date: /home/ej/Silverfish/ublox_ws/install/ublox_serialization/include/ublox_serialization/ublox_serialization
[0.801s] -- Up-to-date: /home/ej/Silverfish/ublox_ws/install/ublox_serialization/include/ublox_serialization/ublox_serialization/checksum.hpp
[0.803s] -- Up-to-date: /home/ej/Silverfish/ublox_ws/install/ublox_serialization/include/ublox_serialization/ublox_serialization/serialization.hpp
[0.805s] -- Up-to-date: /home/ej/Silverfish/ublox_ws/install/ublox_serialization/share/ament_index/resource_index/package_run_dependencies/ublox_serialization
[0.808s] -- Up-to-date: /home/ej/Silverfish/ublox_ws/install/ublox_serialization/share/ament_index/resource_index/parent_prefix_path/ublox_serialization
[0.810s] -- Up-to-date: /home/ej/Silverfish/ublox_ws/install/ublox_serialization/share/ublox_serialization/environment/ament_prefix_path.sh
[0.812s] -- Up-to-date: /home/ej/Silverfish/ublox_ws/install/ublox_serialization/share/ublox_serialization/environment/ament_prefix_path.dsv
[0.815s] -- Up-to-date: /home/ej/Silverfish/ublox_ws/install/ublox_serialization/share/ublox_serialization/environment/path.sh
[0.817s] -- Up-to-date: /home/ej/Silverfish/ublox_ws/install/ublox_serialization/share/ublox_serialization/environment/path.dsv
[0.824s] -- Up-to-date: /home/ej/Silverfish/ublox_ws/install/ublox_serialization/share/ublox_serialization/local_setup.bash
[0.833s] -- Up-to-date: /home/ej/Silverfish/ublox_ws/install/ublox_serialization/share/ublox_serialization/local_setup.sh
[0.836s] -- Up-to-date: /home/ej/Silverfish/ublox_ws/install/ublox_serialization/share/ublox_serialization/local_setup.zsh
[0.838s] -- Up-to-date: /home/ej/Silverfish/ublox_ws/install/ublox_serialization/share/ublox_serialization/local_setup.dsv
[0.841s] -- Installing: /home/ej/Silverfish/ublox_ws/install/ublox_serialization/share/ublox_serialization/package.dsv
[0.847s] -- Up-to-date: /home/ej/Silverfish/ublox_ws/install/ublox_serialization/share/ament_index/resource_index/packages/ublox_serialization
[0.850s] -- Up-to-date: /home/ej/Silverfish/ublox_ws/install/ublox_serialization/share/ublox_serialization/cmake/export_ublox_serializationExport.cmake
[0.855s] -- Up-to-date: /home/ej/Silverfish/ublox_ws/install/ublox_serialization/share/ublox_serialization/cmake/ament_cmake_export_include_directories-extras.cmake
[0.856s] -- Up-to-date: /home/ej/Silverfish/ublox_ws/install/ublox_serialization/share/ublox_serialization/cmake/ament_cmake_export_targets-extras.cmake
[0.862s] -- Up-to-date: /home/ej/Silverfish/ublox_ws/install/ublox_serialization/share/ublox_serialization/cmake/ublox_serializationConfig.cmake
[0.863s] -- Up-to-date: /home/ej/Silverfish/ublox_ws/install/ublox_serialization/share/ublox_serialization/cmake/ublox_serializationConfig-version.cmake
[0.864s] -- Up-to-date: /home/ej/Silverfish/ublox_ws/install/ublox_serialization/share/ublox_serialization/package.xml
[0.889s] Invoked command in '/home/ej/Silverfish/ublox_ws/build/ublox_serialization' returned '0': CMAKE_PREFIX_PATH=/opt/ros/humble /usr/bin/cmake --install /home/ej/Silverfish/ublox_ws/build/ublox_serialization
