[0.077s] Invoking command in '/home/ej/Silverfish/ublox_ws/build/ublox': AMENT_PREFIX_PATH=/home/ej/Silverfish/ublox_ws/install/ublox_gps:/home/ej/Silverfish/ublox_ws/install/ublox_msgs:/home/ej/Silverfish/ublox_ws/install/ublox_serialization:/home/ej/Silverfish/ublox_ws/install/rtcm_msgs:${AMENT_PREFIX_PATH} CMAKE_PREFIX_PATH=/home/ej/Silverfish/ublox_ws/install/ublox_gps:/home/ej/Silverfish/ublox_ws/install/ublox_msgs:/home/ej/Silverfish/ublox_ws/install/ublox_serialization:/home/ej/Silverfish/ublox_ws/install/rtcm_msgs:/opt/ros/humble LD_LIBRARY_PATH=/home/ej/Silverfish/ublox_ws/install/ublox_gps/lib:/home/ej/Silverfish/ublox_ws/install/ublox_msgs/lib:/home/ej/Silverfish/ublox_ws/install/rtcm_msgs/lib:${LD_LIBRARY_PATH} PYTHONPATH=/home/ej/Silverfish/ublox_ws/install/ublox_msgs/local/lib/python3.10/dist-packages:/home/ej/Silverfish/ublox_ws/install/rtcm_msgs/local/lib/python3.10/dist-packages:${PYTHONPATH} /usr/bin/cmake /home/ej/Silverfish/ublox_ws/src/ublox/ublox -DCMAKE_INSTALL_PREFIX=/home/ej/Silverfish/ublox_ws/install/ublox
[0.456s] -- The C compiler identification is GNU 11.3.0
[0.794s] -- The CXX compiler identification is GNU 11.3.0
[0.844s] -- Detecting C compiler ABI info
[1.253s] -- Detecting C compiler ABI info - done
[1.281s] -- Check for working C compiler: /usr/bin/cc - skipped
[1.283s] -- Detecting C compile features
[1.287s] -- Detecting C compile features - done
[1.306s] -- Detecting CXX compiler ABI info
[1.755s] -- Detecting CXX compiler ABI info - done
[1.785s] -- Check for working CXX compiler: /usr/bin/c++ - skipped
[1.786s] -- Detecting CXX compile features
[1.788s] -- Detecting CXX compile features - done
[1.816s] -- Found ament_cmake: 1.3.3 (/opt/ros/humble/share/ament_cmake/cmake)
[2.811s] -- Found Python3: /usr/bin/python3.10 (found version "3.10.6") found components: Interpreter 
[3.949s] -- Configuring done
[3.970s] -- Generating done
[3.975s] -- Build files have been written to: /home/ej/Silverfish/ublox_ws/build/ublox
[4.000s] Invoked command in '/home/ej/Silverfish/ublox_ws/build/ublox' returned '0': AMENT_PREFIX_PATH=/home/ej/Silverfish/ublox_ws/install/ublox_gps:/home/ej/Silverfish/ublox_ws/install/ublox_msgs:/home/ej/Silverfish/ublox_ws/install/ublox_serialization:/home/ej/Silverfish/ublox_ws/install/rtcm_msgs:${AMENT_PREFIX_PATH} CMAKE_PREFIX_PATH=/home/ej/Silverfish/ublox_ws/install/ublox_gps:/home/ej/Silverfish/ublox_ws/install/ublox_msgs:/home/ej/Silverfish/ublox_ws/install/ublox_serialization:/home/ej/Silverfish/ublox_ws/install/rtcm_msgs:/opt/ros/humble LD_LIBRARY_PATH=/home/ej/Silverfish/ublox_ws/install/ublox_gps/lib:/home/ej/Silverfish/ublox_ws/install/ublox_msgs/lib:/home/ej/Silverfish/ublox_ws/install/rtcm_msgs/lib:${LD_LIBRARY_PATH} PYTHONPATH=/home/ej/Silverfish/ublox_ws/install/ublox_msgs/local/lib/python3.10/dist-packages:/home/ej/Silverfish/ublox_ws/install/rtcm_msgs/local/lib/python3.10/dist-packages:${PYTHONPATH} /usr/bin/cmake /home/ej/Silverfish/ublox_ws/src/ublox/ublox -DCMAKE_INSTALL_PREFIX=/home/ej/Silverfish/ublox_ws/install/ublox
[4.007s] Invoking command in '/home/ej/Silverfish/ublox_ws/build/ublox': AMENT_PREFIX_PATH=/home/ej/Silverfish/ublox_ws/install/ublox_gps:/home/ej/Silverfish/ublox_ws/install/ublox_msgs:/home/ej/Silverfish/ublox_ws/install/ublox_serialization:/home/ej/Silverfish/ublox_ws/install/rtcm_msgs:${AMENT_PREFIX_PATH} CMAKE_PREFIX_PATH=/home/ej/Silverfish/ublox_ws/install/ublox_gps:/home/ej/Silverfish/ublox_ws/install/ublox_msgs:/home/ej/Silverfish/ublox_ws/install/ublox_serialization:/home/ej/Silverfish/ublox_ws/install/rtcm_msgs:/opt/ros/humble LD_LIBRARY_PATH=/home/ej/Silverfish/ublox_ws/install/ublox_gps/lib:/home/ej/Silverfish/ublox_ws/install/ublox_msgs/lib:/home/ej/Silverfish/ublox_ws/install/rtcm_msgs/lib:${LD_LIBRARY_PATH} PYTHONPATH=/home/ej/Silverfish/ublox_ws/install/ublox_msgs/local/lib/python3.10/dist-packages:/home/ej/Silverfish/ublox_ws/install/rtcm_msgs/local/lib/python3.10/dist-packages:${PYTHONPATH} /usr/bin/cmake --build /home/ej/Silverfish/ublox_ws/build/ublox -- -j4 -l4
[4.205s] Invoked command in '/home/ej/Silverfish/ublox_ws/build/ublox' returned '0': AMENT_PREFIX_PATH=/home/ej/Silverfish/ublox_ws/install/ublox_gps:/home/ej/Silverfish/ublox_ws/install/ublox_msgs:/home/ej/Silverfish/ublox_ws/install/ublox_serialization:/home/ej/Silverfish/ublox_ws/install/rtcm_msgs:${AMENT_PREFIX_PATH} CMAKE_PREFIX_PATH=/home/ej/Silverfish/ublox_ws/install/ublox_gps:/home/ej/Silverfish/ublox_ws/install/ublox_msgs:/home/ej/Silverfish/ublox_ws/install/ublox_serialization:/home/ej/Silverfish/ublox_ws/install/rtcm_msgs:/opt/ros/humble LD_LIBRARY_PATH=/home/ej/Silverfish/ublox_ws/install/ublox_gps/lib:/home/ej/Silverfish/ublox_ws/install/ublox_msgs/lib:/home/ej/Silverfish/ublox_ws/install/rtcm_msgs/lib:${LD_LIBRARY_PATH} PYTHONPATH=/home/ej/Silverfish/ublox_ws/install/ublox_msgs/local/lib/python3.10/dist-packages:/home/ej/Silverfish/ublox_ws/install/rtcm_msgs/local/lib/python3.10/dist-packages:${PYTHONPATH} /usr/bin/cmake --build /home/ej/Silverfish/ublox_ws/build/ublox -- -j4 -l4
[4.338s] Invoking command in '/home/ej/Silverfish/ublox_ws/build/ublox': AMENT_PREFIX_PATH=/home/ej/Silverfish/ublox_ws/install/ublox_gps:/home/ej/Silverfish/ublox_ws/install/ublox_msgs:/home/ej/Silverfish/ublox_ws/install/ublox_serialization:/home/ej/Silverfish/ublox_ws/install/rtcm_msgs:${AMENT_PREFIX_PATH} CMAKE_PREFIX_PATH=/home/ej/Silverfish/ublox_ws/install/ublox_gps:/home/ej/Silverfish/ublox_ws/install/ublox_msgs:/home/ej/Silverfish/ublox_ws/install/ublox_serialization:/home/ej/Silverfish/ublox_ws/install/rtcm_msgs:/opt/ros/humble LD_LIBRARY_PATH=/home/ej/Silverfish/ublox_ws/install/ublox_gps/lib:/home/ej/Silverfish/ublox_ws/install/ublox_msgs/lib:/home/ej/Silverfish/ublox_ws/install/rtcm_msgs/lib:${LD_LIBRARY_PATH} PYTHONPATH=/home/ej/Silverfish/ublox_ws/install/ublox_msgs/local/lib/python3.10/dist-packages:/home/ej/Silverfish/ublox_ws/install/rtcm_msgs/local/lib/python3.10/dist-packages:${PYTHONPATH} /usr/bin/cmake --install /home/ej/Silverfish/ublox_ws/build/ublox
[4.374s] -- Install configuration: ""
[4.375s] -- Installing: /home/ej/Silverfish/ublox_ws/install/ublox/share/ament_index/resource_index/package_run_dependencies/ublox
[4.377s] -- Installing: /home/ej/Silverfish/ublox_ws/install/ublox/share/ament_index/resource_index/parent_prefix_path/ublox
[4.380s] -- Installing: /home/ej/Silverfish/ublox_ws/install/ublox/share/ublox/environment/ament_prefix_path.sh
[4.381s] -- Installing: /home/ej/Silverfish/ublox_ws/install/ublox/share/ublox/environment/ament_prefix_path.dsv
[4.383s] -- Installing: /home/ej/Silverfish/ublox_ws/install/ublox/share/ublox/environment/path.sh
[4.384s] -- Installing: /home/ej/Silverfish/ublox_ws/install/ublox/share/ublox/environment/path.dsv
[4.385s] -- Installing: /home/ej/Silverfish/ublox_ws/install/ublox/share/ublox/local_setup.bash
[4.387s] -- Installing: /home/ej/Silverfish/ublox_ws/install/ublox/share/ublox/local_setup.sh
[4.388s] -- Installing: /home/ej/Silverfish/ublox_ws/install/ublox/share/ublox/local_setup.zsh
[4.392s] -- Installing: /home/ej/Silverfish/ublox_ws/install/ublox/share/ublox/local_setup.dsv
[4.396s] -- Installing: /home/ej/Silverfish/ublox_ws/install/ublox/share/ublox/package.dsv
[4.401s] -- Installing: /home/ej/Silverfish/ublox_ws/install/ublox/share/ament_index/resource_index/packages/ublox
[4.403s] -- Installing: /home/ej/Silverfish/ublox_ws/install/ublox/share/ublox/cmake/ubloxConfig.cmake
[4.404s] -- Installing: /home/ej/Silverfish/ublox_ws/install/ublox/share/ublox/cmake/ubloxConfig-version.cmake
[4.405s] -- Installing: /home/ej/Silverfish/ublox_ws/install/ublox/share/ublox/package.xml
[4.419s] Invoked command in '/home/ej/Silverfish/ublox_ws/build/ublox' returned '0': AMENT_PREFIX_PATH=/home/ej/Silverfish/ublox_ws/install/ublox_gps:/home/ej/Silverfish/ublox_ws/install/ublox_msgs:/home/ej/Silverfish/ublox_ws/install/ublox_serialization:/home/ej/Silverfish/ublox_ws/install/rtcm_msgs:${AMENT_PREFIX_PATH} CMAKE_PREFIX_PATH=/home/ej/Silverfish/ublox_ws/install/ublox_gps:/home/ej/Silverfish/ublox_ws/install/ublox_msgs:/home/ej/Silverfish/ublox_ws/install/ublox_serialization:/home/ej/Silverfish/ublox_ws/install/rtcm_msgs:/opt/ros/humble LD_LIBRARY_PATH=/home/ej/Silverfish/ublox_ws/install/ublox_gps/lib:/home/ej/Silverfish/ublox_ws/install/ublox_msgs/lib:/home/ej/Silverfish/ublox_ws/install/rtcm_msgs/lib:${LD_LIBRARY_PATH} PYTHONPATH=/home/ej/Silverfish/ublox_ws/install/ublox_msgs/local/lib/python3.10/dist-packages:/home/ej/Silverfish/ublox_ws/install/rtcm_msgs/local/lib/python3.10/dist-packages:${PYTHONPATH} /usr/bin/cmake --install /home/ej/Silverfish/ublox_ws/build/ublox
