[1.239s] DEBUG:colcon:Command line arguments: ['/usr/bin/colcon', 'build']
[1.239s] DEBUG:colcon:Parsed command line arguments: Namespace(log_base=None, log_level=None, verb_name='build', build_base='build', install_base='install', merge_install=False, symlink_install=False, test_result_base=None, continue_on_error=False, executor='parallel', parallel_workers=4, event_handlers=None, ignore_user_meta=False, metas=['./colcon.meta'], base_paths=['.'], packages_ignore=None, packages_ignore_regex=None, paths=None, packages_up_to=None, packages_up_to_regex=None, packages_above=None, packages_above_and_dependencies=None, packages_above_depth=None, packages_select_by_dep=None, packages_skip_by_dep=None, packages_skip_up_to=None, packages_select_build_failed=False, packages_skip_build_finished=False, packages_select_test_failures=False, packages_skip_test_passed=False, packages_select=None, packages_skip=None, packages_select_regex=None, packages_skip_regex=None, packages_start=None, packages_end=None, allow_overriding=[], cmake_args=None, cmake_target=None, cmake_target_skip_unavailable=False, cmake_clean_cache=False, cmake_clean_first=False, cmake_force_configure=False, ament_cmake_args=None, catkin_cmake_args=None, catkin_skip_building_tests=False, verb_parser=<colcon_defaults.argument_parser.defaults.DefaultArgumentsDecorator object at 0xffff7ff3ee00>, verb_extension=<colcon_core.verb.build.BuildVerb object at 0xffff80990bb0>, main=<bound method BuildVerb.main of <colcon_core.verb.build.BuildVerb object at 0xffff80990bb0>>)
[1.338s] Level 1:colcon.colcon_core.package_discovery:discover_packages(colcon_meta) check parameters
[1.338s] Level 1:colcon.colcon_core.package_discovery:discover_packages(recursive) check parameters
[1.339s] Level 1:colcon.colcon_core.package_discovery:discover_packages(ignore) check parameters
[1.339s] Level 1:colcon.colcon_core.package_discovery:discover_packages(path) check parameters
[1.339s] Level 1:colcon.colcon_core.package_discovery:discover_packages(colcon_meta) discover
[1.339s] Level 1:colcon.colcon_core.package_discovery:discover_packages(recursive) discover
[1.339s] INFO:colcon.colcon_core.package_discovery:Crawling recursively for packages in '/home/ej/Silverfish/ublox_ws'
[1.340s] Level 1:colcon.colcon_core.package_identification:_identify(.) by extensions ['ignore', 'ignore_ament_install']
[1.340s] Level 1:colcon.colcon_core.package_identification:_identify(.) by extension 'ignore'
[1.340s] Level 1:colcon.colcon_core.package_identification:_identify(.) by extension 'ignore_ament_install'
[1.340s] Level 1:colcon.colcon_core.package_identification:_identify(.) by extensions ['colcon_pkg']
[1.341s] Level 1:colcon.colcon_core.package_identification:_identify(.) by extension 'colcon_pkg'
[1.341s] Level 1:colcon.colcon_core.package_identification:_identify(.) by extensions ['colcon_meta']
[1.341s] Level 1:colcon.colcon_core.package_identification:_identify(.) by extension 'colcon_meta'
[1.341s] Level 1:colcon.colcon_core.package_identification:_identify(.) by extensions ['ros']
[1.341s] Level 1:colcon.colcon_core.package_identification:_identify(.) by extension 'ros'
[1.426s] Level 1:colcon.colcon_core.package_identification:_identify(.) by extensions ['cmake', 'python']
[1.426s] Level 1:colcon.colcon_core.package_identification:_identify(.) by extension 'cmake'
[1.427s] Level 1:colcon.colcon_core.package_identification:_identify(.) by extension 'python'
[1.427s] Level 1:colcon.colcon_core.package_identification:_identify(.) by extensions ['python_setup_py']
[1.427s] Level 1:colcon.colcon_core.package_identification:_identify(.) by extension 'python_setup_py'
[1.428s] Level 1:colcon.colcon_core.package_identification:_identify(build) by extensions ['ignore', 'ignore_ament_install']
[1.428s] Level 1:colcon.colcon_core.package_identification:_identify(build) by extension 'ignore'
[1.428s] Level 1:colcon.colcon_core.package_identification:_identify(build) ignored
[1.429s] Level 1:colcon.colcon_core.package_identification:_identify(install) by extensions ['ignore', 'ignore_ament_install']
[1.429s] Level 1:colcon.colcon_core.package_identification:_identify(install) by extension 'ignore'
[1.429s] Level 1:colcon.colcon_core.package_identification:_identify(install) ignored
[1.430s] Level 1:colcon.colcon_core.package_identification:_identify(log) by extensions ['ignore', 'ignore_ament_install']
[1.430s] Level 1:colcon.colcon_core.package_identification:_identify(log) by extension 'ignore'
[1.430s] Level 1:colcon.colcon_core.package_identification:_identify(log) ignored
[1.430s] Level 1:colcon.colcon_core.package_identification:_identify(src) by extensions ['ignore', 'ignore_ament_install']
[1.431s] Level 1:colcon.colcon_core.package_identification:_identify(src) by extension 'ignore'
[1.431s] Level 1:colcon.colcon_core.package_identification:_identify(src) by extension 'ignore_ament_install'
[1.431s] Level 1:colcon.colcon_core.package_identification:_identify(src) by extensions ['colcon_pkg']
[1.431s] Level 1:colcon.colcon_core.package_identification:_identify(src) by extension 'colcon_pkg'
[1.431s] Level 1:colcon.colcon_core.package_identification:_identify(src) by extensions ['colcon_meta']
[1.432s] Level 1:colcon.colcon_core.package_identification:_identify(src) by extension 'colcon_meta'
[1.432s] Level 1:colcon.colcon_core.package_identification:_identify(src) by extensions ['ros']
[1.432s] Level 1:colcon.colcon_core.package_identification:_identify(src) by extension 'ros'
[1.432s] Level 1:colcon.colcon_core.package_identification:_identify(src) by extensions ['cmake', 'python']
[1.432s] Level 1:colcon.colcon_core.package_identification:_identify(src) by extension 'cmake'
[1.433s] Level 1:colcon.colcon_core.package_identification:_identify(src) by extension 'python'
[1.433s] Level 1:colcon.colcon_core.package_identification:_identify(src) by extensions ['python_setup_py']
[1.433s] Level 1:colcon.colcon_core.package_identification:_identify(src) by extension 'python_setup_py'
[1.433s] Level 1:colcon.colcon_core.package_identification:_identify(src/ublox) by extensions ['ignore', 'ignore_ament_install']
[1.434s] Level 1:colcon.colcon_core.package_identification:_identify(src/ublox) by extension 'ignore'
[1.434s] Level 1:colcon.colcon_core.package_identification:_identify(src/ublox) by extension 'ignore_ament_install'
[1.434s] Level 1:colcon.colcon_core.package_identification:_identify(src/ublox) by extensions ['colcon_pkg']
[1.434s] Level 1:colcon.colcon_core.package_identification:_identify(src/ublox) by extension 'colcon_pkg'
[1.434s] Level 1:colcon.colcon_core.package_identification:_identify(src/ublox) by extensions ['colcon_meta']
[1.435s] Level 1:colcon.colcon_core.package_identification:_identify(src/ublox) by extension 'colcon_meta'
[1.435s] Level 1:colcon.colcon_core.package_identification:_identify(src/ublox) by extensions ['ros']
[1.435s] Level 1:colcon.colcon_core.package_identification:_identify(src/ublox) by extension 'ros'
[1.435s] Level 1:colcon.colcon_core.package_identification:_identify(src/ublox) by extensions ['cmake', 'python']
[1.435s] Level 1:colcon.colcon_core.package_identification:_identify(src/ublox) by extension 'cmake'
[1.436s] Level 1:colcon.colcon_core.package_identification:_identify(src/ublox) by extension 'python'
[1.436s] Level 1:colcon.colcon_core.package_identification:_identify(src/ublox) by extensions ['python_setup_py']
[1.436s] Level 1:colcon.colcon_core.package_identification:_identify(src/ublox) by extension 'python_setup_py'
[1.436s] Level 1:colcon.colcon_core.package_identification:_identify(src/ublox/ublox) by extensions ['ignore', 'ignore_ament_install']
[1.437s] Level 1:colcon.colcon_core.package_identification:_identify(src/ublox/ublox) by extension 'ignore'
[1.437s] Level 1:colcon.colcon_core.package_identification:_identify(src/ublox/ublox) by extension 'ignore_ament_install'
[1.437s] Level 1:colcon.colcon_core.package_identification:_identify(src/ublox/ublox) by extensions ['colcon_pkg']
[1.437s] Level 1:colcon.colcon_core.package_identification:_identify(src/ublox/ublox) by extension 'colcon_pkg'
[1.437s] Level 1:colcon.colcon_core.package_identification:_identify(src/ublox/ublox) by extensions ['colcon_meta']
[1.437s] Level 1:colcon.colcon_core.package_identification:_identify(src/ublox/ublox) by extension 'colcon_meta'
[1.438s] Level 1:colcon.colcon_core.package_identification:_identify(src/ublox/ublox) by extensions ['ros']
[1.438s] Level 1:colcon.colcon_core.package_identification:_identify(src/ublox/ublox) by extension 'ros'
[1.447s] DEBUG:colcon.colcon_core.package_identification:Package 'src/ublox/ublox' with type 'ros.ament_cmake' and name 'ublox'
[1.448s] Level 1:colcon.colcon_core.package_identification:_identify(src/ublox/ublox_gps) by extensions ['ignore', 'ignore_ament_install']
[1.448s] Level 1:colcon.colcon_core.package_identification:_identify(src/ublox/ublox_gps) by extension 'ignore'
[1.449s] Level 1:colcon.colcon_core.package_identification:_identify(src/ublox/ublox_gps) by extension 'ignore_ament_install'
[1.449s] Level 1:colcon.colcon_core.package_identification:_identify(src/ublox/ublox_gps) by extensions ['colcon_pkg']
[1.449s] Level 1:colcon.colcon_core.package_identification:_identify(src/ublox/ublox_gps) by extension 'colcon_pkg'
[1.449s] Level 1:colcon.colcon_core.package_identification:_identify(src/ublox/ublox_gps) by extensions ['colcon_meta']
[1.449s] Level 1:colcon.colcon_core.package_identification:_identify(src/ublox/ublox_gps) by extension 'colcon_meta'
[1.449s] Level 1:colcon.colcon_core.package_identification:_identify(src/ublox/ublox_gps) by extensions ['ros']
[1.450s] Level 1:colcon.colcon_core.package_identification:_identify(src/ublox/ublox_gps) by extension 'ros'
[1.456s] DEBUG:colcon.colcon_core.package_identification:Package 'src/ublox/ublox_gps' with type 'ros.ament_cmake' and name 'ublox_gps'
[1.457s] Level 1:colcon.colcon_core.package_identification:_identify(src/ublox/ublox_msgs) by extensions ['ignore', 'ignore_ament_install']
[1.457s] Level 1:colcon.colcon_core.package_identification:_identify(src/ublox/ublox_msgs) by extension 'ignore'
[1.457s] Level 1:colcon.colcon_core.package_identification:_identify(src/ublox/ublox_msgs) by extension 'ignore_ament_install'
[1.457s] Level 1:colcon.colcon_core.package_identification:_identify(src/ublox/ublox_msgs) by extensions ['colcon_pkg']
[1.458s] Level 1:colcon.colcon_core.package_identification:_identify(src/ublox/ublox_msgs) by extension 'colcon_pkg'
[1.458s] Level 1:colcon.colcon_core.package_identification:_identify(src/ublox/ublox_msgs) by extensions ['colcon_meta']
[1.458s] Level 1:colcon.colcon_core.package_identification:_identify(src/ublox/ublox_msgs) by extension 'colcon_meta'
[1.458s] Level 1:colcon.colcon_core.package_identification:_identify(src/ublox/ublox_msgs) by extensions ['ros']
[1.458s] Level 1:colcon.colcon_core.package_identification:_identify(src/ublox/ublox_msgs) by extension 'ros'
[1.461s] DEBUG:colcon.colcon_core.package_identification:Package 'src/ublox/ublox_msgs' with type 'ros.ament_cmake' and name 'ublox_msgs'
[1.462s] Level 1:colcon.colcon_core.package_identification:_identify(src/ublox/ublox_serialization) by extensions ['ignore', 'ignore_ament_install']
[1.462s] Level 1:colcon.colcon_core.package_identification:_identify(src/ublox/ublox_serialization) by extension 'ignore'
[1.463s] Level 1:colcon.colcon_core.package_identification:_identify(src/ublox/ublox_serialization) by extension 'ignore_ament_install'
[1.463s] Level 1:colcon.colcon_core.package_identification:_identify(src/ublox/ublox_serialization) by extensions ['colcon_pkg']
[1.463s] Level 1:colcon.colcon_core.package_identification:_identify(src/ublox/ublox_serialization) by extension 'colcon_pkg'
[1.463s] Level 1:colcon.colcon_core.package_identification:_identify(src/ublox/ublox_serialization) by extensions ['colcon_meta']
[1.463s] Level 1:colcon.colcon_core.package_identification:_identify(src/ublox/ublox_serialization) by extension 'colcon_meta'
[1.463s] Level 1:colcon.colcon_core.package_identification:_identify(src/ublox/ublox_serialization) by extensions ['ros']
[1.464s] Level 1:colcon.colcon_core.package_identification:_identify(src/ublox/ublox_serialization) by extension 'ros'
[1.465s] DEBUG:colcon.colcon_core.package_identification:Package 'src/ublox/ublox_serialization' with type 'ros.ament_cmake' and name 'ublox_serialization'
[1.466s] Level 1:colcon.colcon_core.package_discovery:discover_packages(recursive) using defaults
[1.466s] Level 1:colcon.colcon_core.package_discovery:discover_packages(ignore) discover
[1.466s] Level 1:colcon.colcon_core.package_discovery:discover_packages(ignore) using defaults
[1.466s] Level 1:colcon.colcon_core.package_discovery:discover_packages(path) discover
[1.466s] Level 1:colcon.colcon_core.package_discovery:discover_packages(path) using defaults
[1.572s] Level 1:colcon.colcon_core.package_discovery:discover_packages(prefix_path) check parameters
[1.572s] Level 1:colcon.colcon_core.package_discovery:discover_packages(prefix_path) discover
[1.588s] DEBUG:colcon.colcon_installed_package_information.package_discovery:Found 180 installed packages in /opt/ros/humble
[1.592s] Level 1:colcon.colcon_core.package_discovery:discover_packages(prefix_path) using defaults
[1.759s] Level 5:colcon.colcon_core.verb:set package 'ublox_serialization' build argument 'cmake_args' from command line to 'None'
[1.759s] Level 5:colcon.colcon_core.verb:set package 'ublox_serialization' build argument 'cmake_target' from command line to 'None'
[1.759s] Level 5:colcon.colcon_core.verb:set package 'ublox_serialization' build argument 'cmake_target_skip_unavailable' from command line to 'False'
[1.760s] Level 5:colcon.colcon_core.verb:set package 'ublox_serialization' build argument 'cmake_clean_cache' from command line to 'False'
[1.760s] Level 5:colcon.colcon_core.verb:set package 'ublox_serialization' build argument 'cmake_clean_first' from command line to 'False'
[1.760s] Level 5:colcon.colcon_core.verb:set package 'ublox_serialization' build argument 'cmake_force_configure' from command line to 'False'
[1.760s] Level 5:colcon.colcon_core.verb:set package 'ublox_serialization' build argument 'ament_cmake_args' from command line to 'None'
[1.760s] Level 5:colcon.colcon_core.verb:set package 'ublox_serialization' build argument 'catkin_cmake_args' from command line to 'None'
[1.760s] Level 5:colcon.colcon_core.verb:set package 'ublox_serialization' build argument 'catkin_skip_building_tests' from command line to 'False'
[1.760s] DEBUG:colcon.colcon_core.verb:Building package 'ublox_serialization' with the following arguments: {'ament_cmake_args': None, 'build_base': '/home/ej/Silverfish/ublox_ws/build/ublox_serialization', 'catkin_cmake_args': None, 'catkin_skip_building_tests': False, 'cmake_args': None, 'cmake_clean_cache': False, 'cmake_clean_first': False, 'cmake_force_configure': False, 'cmake_target': None, 'cmake_target_skip_unavailable': False, 'install_base': '/home/ej/Silverfish/ublox_ws/install/ublox_serialization', 'merge_install': False, 'path': '/home/ej/Silverfish/ublox_ws/src/ublox/ublox_serialization', 'symlink_install': False, 'test_result_base': None}
[1.764s] Level 5:colcon.colcon_core.verb:set package 'ublox_msgs' build argument 'cmake_args' from command line to 'None'
[1.764s] Level 5:colcon.colcon_core.verb:set package 'ublox_msgs' build argument 'cmake_target' from command line to 'None'
[1.764s] Level 5:colcon.colcon_core.verb:set package 'ublox_msgs' build argument 'cmake_target_skip_unavailable' from command line to 'False'
[1.765s] Level 5:colcon.colcon_core.verb:set package 'ublox_msgs' build argument 'cmake_clean_cache' from command line to 'False'
[1.765s] Level 5:colcon.colcon_core.verb:set package 'ublox_msgs' build argument 'cmake_clean_first' from command line to 'False'
[1.765s] Level 5:colcon.colcon_core.verb:set package 'ublox_msgs' build argument 'cmake_force_configure' from command line to 'False'
[1.765s] Level 5:colcon.colcon_core.verb:set package 'ublox_msgs' build argument 'ament_cmake_args' from command line to 'None'
[1.765s] Level 5:colcon.colcon_core.verb:set package 'ublox_msgs' build argument 'catkin_cmake_args' from command line to 'None'
[1.765s] Level 5:colcon.colcon_core.verb:set package 'ublox_msgs' build argument 'catkin_skip_building_tests' from command line to 'False'
[1.765s] DEBUG:colcon.colcon_core.verb:Building package 'ublox_msgs' with the following arguments: {'ament_cmake_args': None, 'build_base': '/home/ej/Silverfish/ublox_ws/build/ublox_msgs', 'catkin_cmake_args': None, 'catkin_skip_building_tests': False, 'cmake_args': None, 'cmake_clean_cache': False, 'cmake_clean_first': False, 'cmake_force_configure': False, 'cmake_target': None, 'cmake_target_skip_unavailable': False, 'install_base': '/home/ej/Silverfish/ublox_ws/install/ublox_msgs', 'merge_install': False, 'path': '/home/ej/Silverfish/ublox_ws/src/ublox/ublox_msgs', 'symlink_install': False, 'test_result_base': None}
[1.769s] Level 5:colcon.colcon_core.verb:set package 'ublox_gps' build argument 'cmake_args' from command line to 'None'
[1.769s] Level 5:colcon.colcon_core.verb:set package 'ublox_gps' build argument 'cmake_target' from command line to 'None'
[1.769s] Level 5:colcon.colcon_core.verb:set package 'ublox_gps' build argument 'cmake_target_skip_unavailable' from command line to 'False'
[1.770s] Level 5:colcon.colcon_core.verb:set package 'ublox_gps' build argument 'cmake_clean_cache' from command line to 'False'
[1.770s] Level 5:colcon.colcon_core.verb:set package 'ublox_gps' build argument 'cmake_clean_first' from command line to 'False'
[1.770s] Level 5:colcon.colcon_core.verb:set package 'ublox_gps' build argument 'cmake_force_configure' from command line to 'False'
[1.770s] Level 5:colcon.colcon_core.verb:set package 'ublox_gps' build argument 'ament_cmake_args' from command line to 'None'
[1.770s] Level 5:colcon.colcon_core.verb:set package 'ublox_gps' build argument 'catkin_cmake_args' from command line to 'None'
[1.770s] Level 5:colcon.colcon_core.verb:set package 'ublox_gps' build argument 'catkin_skip_building_tests' from command line to 'False'
[1.770s] DEBUG:colcon.colcon_core.verb:Building package 'ublox_gps' with the following arguments: {'ament_cmake_args': None, 'build_base': '/home/ej/Silverfish/ublox_ws/build/ublox_gps', 'catkin_cmake_args': None, 'catkin_skip_building_tests': False, 'cmake_args': None, 'cmake_clean_cache': False, 'cmake_clean_first': False, 'cmake_force_configure': False, 'cmake_target': None, 'cmake_target_skip_unavailable': False, 'install_base': '/home/ej/Silverfish/ublox_ws/install/ublox_gps', 'merge_install': False, 'path': '/home/ej/Silverfish/ublox_ws/src/ublox/ublox_gps', 'symlink_install': False, 'test_result_base': None}
[1.774s] Level 5:colcon.colcon_core.verb:set package 'ublox' build argument 'cmake_args' from command line to 'None'
[1.774s] Level 5:colcon.colcon_core.verb:set package 'ublox' build argument 'cmake_target' from command line to 'None'
[1.775s] Level 5:colcon.colcon_core.verb:set package 'ublox' build argument 'cmake_target_skip_unavailable' from command line to 'False'
[1.775s] Level 5:colcon.colcon_core.verb:set package 'ublox' build argument 'cmake_clean_cache' from command line to 'False'
[1.775s] Level 5:colcon.colcon_core.verb:set package 'ublox' build argument 'cmake_clean_first' from command line to 'False'
[1.775s] Level 5:colcon.colcon_core.verb:set package 'ublox' build argument 'cmake_force_configure' from command line to 'False'
[1.775s] Level 5:colcon.colcon_core.verb:set package 'ublox' build argument 'ament_cmake_args' from command line to 'None'
[1.775s] Level 5:colcon.colcon_core.verb:set package 'ublox' build argument 'catkin_cmake_args' from command line to 'None'
[1.775s] Level 5:colcon.colcon_core.verb:set package 'ublox' build argument 'catkin_skip_building_tests' from command line to 'False'
[1.775s] DEBUG:colcon.colcon_core.verb:Building package 'ublox' with the following arguments: {'ament_cmake_args': None, 'build_base': '/home/ej/Silverfish/ublox_ws/build/ublox', 'catkin_cmake_args': None, 'catkin_skip_building_tests': False, 'cmake_args': None, 'cmake_clean_cache': False, 'cmake_clean_first': False, 'cmake_force_configure': False, 'cmake_target': None, 'cmake_target_skip_unavailable': False, 'install_base': '/home/ej/Silverfish/ublox_ws/install/ublox', 'merge_install': False, 'path': '/home/ej/Silverfish/ublox_ws/src/ublox/ublox', 'symlink_install': False, 'test_result_base': None}
[1.778s] INFO:colcon.colcon_core.executor:Executing jobs using 'parallel' executor
[1.792s] DEBUG:colcon.colcon_parallel_executor.executor.parallel:run_until_complete
[1.794s] INFO:colcon.colcon_ros.task.ament_cmake.build:Building ROS package in '/home/ej/Silverfish/ublox_ws/src/ublox/ublox_serialization' with build type 'ament_cmake'
[1.795s] INFO:colcon.colcon_cmake.task.cmake.build:Building CMake package in '/home/ej/Silverfish/ublox_ws/src/ublox/ublox_serialization'
[1.817s] INFO:colcon.colcon_core.plugin_system:Skipping extension 'colcon_core.shell.bat': Not used on non-Windows systems
[1.818s] INFO:colcon.colcon_core.shell:Skip shell extension 'powershell' for command environment: Not usable outside of PowerShell
[1.818s] DEBUG:colcon.colcon_core.shell:Skip shell extension 'dsv' for command environment
[1.861s] DEBUG:colcon.colcon_core.event_handler.log_command:Invoking command in '/home/ej/Silverfish/ublox_ws/build/ublox_serialization': CMAKE_PREFIX_PATH=/opt/ros/humble /usr/bin/cmake /home/ej/Silverfish/ublox_ws/src/ublox/ublox_serialization -DCMAKE_INSTALL_PREFIX=/home/ej/Silverfish/ublox_ws/install/ublox_serialization
[5.587s] DEBUG:colcon.colcon_core.event_handler.log_command:Invoked command in '/home/ej/Silverfish/ublox_ws/build/ublox_serialization' returned '0': CMAKE_PREFIX_PATH=/opt/ros/humble /usr/bin/cmake /home/ej/Silverfish/ublox_ws/src/ublox/ublox_serialization -DCMAKE_INSTALL_PREFIX=/home/ej/Silverfish/ublox_ws/install/ublox_serialization
[5.606s] DEBUG:colcon.colcon_core.event_handler.log_command:Invoking command in '/home/ej/Silverfish/ublox_ws/build/ublox_serialization': CMAKE_PREFIX_PATH=/opt/ros/humble /usr/bin/cmake --build /home/ej/Silverfish/ublox_ws/build/ublox_serialization -- -j4 -l4
[5.789s] DEBUG:colcon.colcon_core.event_handler.log_command:Invoked command in '/home/ej/Silverfish/ublox_ws/build/ublox_serialization' returned '0': CMAKE_PREFIX_PATH=/opt/ros/humble /usr/bin/cmake --build /home/ej/Silverfish/ublox_ws/build/ublox_serialization -- -j4 -l4
[5.957s] DEBUG:colcon.colcon_core.event_handler.log_command:Invoking command in '/home/ej/Silverfish/ublox_ws/build/ublox_serialization': CMAKE_PREFIX_PATH=/opt/ros/humble /usr/bin/cmake --install /home/ej/Silverfish/ublox_ws/build/ublox_serialization
[6.075s] Level 1:colcon.colcon_core.environment:create_environment_scripts_only(ublox_serialization)
[6.079s] DEBUG:colcon.colcon_core.event_handler.log_command:Invoked command in '/home/ej/Silverfish/ublox_ws/build/ublox_serialization' returned '0': CMAKE_PREFIX_PATH=/opt/ros/humble /usr/bin/cmake --install /home/ej/Silverfish/ublox_ws/build/ublox_serialization
[6.115s] Level 1:colcon.colcon_core.environment:checking '/home/ej/Silverfish/ublox_ws/install/ublox_serialization' for CMake module files
[6.118s] Level 1:colcon.colcon_core.environment:checking '/home/ej/Silverfish/ublox_ws/install/ublox_serialization' for CMake config files
[6.120s] Level 1:colcon.colcon_core.shell:create_environment_hook('ublox_serialization', 'cmake_prefix_path')
[6.126s] INFO:colcon.colcon_core.shell:Creating environment hook '/home/ej/Silverfish/ublox_ws/install/ublox_serialization/share/ublox_serialization/hook/cmake_prefix_path.ps1'
[6.129s] INFO:colcon.colcon_core.shell:Creating environment descriptor '/home/ej/Silverfish/ublox_ws/install/ublox_serialization/share/ublox_serialization/hook/cmake_prefix_path.dsv'
[6.132s] INFO:colcon.colcon_core.shell:Creating environment hook '/home/ej/Silverfish/ublox_ws/install/ublox_serialization/share/ublox_serialization/hook/cmake_prefix_path.sh'
[6.136s] Level 1:colcon.colcon_core.environment:checking '/home/ej/Silverfish/ublox_ws/install/ublox_serialization/bin'
[6.137s] Level 1:colcon.colcon_core.environment:checking '/home/ej/Silverfish/ublox_ws/install/ublox_serialization/lib/pkgconfig/ublox_serialization.pc'
[6.138s] Level 1:colcon.colcon_core.environment:checking '/home/ej/Silverfish/ublox_ws/install/ublox_serialization/lib/python3.10/site-packages'
[6.139s] Level 1:colcon.colcon_core.environment:checking '/home/ej/Silverfish/ublox_ws/install/ublox_serialization/bin'
[6.144s] INFO:colcon.colcon_core.shell:Creating package script '/home/ej/Silverfish/ublox_ws/install/ublox_serialization/share/ublox_serialization/package.ps1'
[6.148s] INFO:colcon.colcon_core.shell:Creating package descriptor '/home/ej/Silverfish/ublox_ws/install/ublox_serialization/share/ublox_serialization/package.dsv'
[6.164s] INFO:colcon.colcon_core.shell:Creating package script '/home/ej/Silverfish/ublox_ws/install/ublox_serialization/share/ublox_serialization/package.sh'
[6.171s] INFO:colcon.colcon_core.shell:Creating package script '/home/ej/Silverfish/ublox_ws/install/ublox_serialization/share/ublox_serialization/package.bash'
[6.176s] INFO:colcon.colcon_core.shell:Creating package script '/home/ej/Silverfish/ublox_ws/install/ublox_serialization/share/ublox_serialization/package.zsh'
[6.179s] Level 1:colcon.colcon_core.environment:create_file_with_runtime_dependencies(/home/ej/Silverfish/ublox_ws/install/ublox_serialization/share/colcon-core/packages/ublox_serialization)
[6.314s] Level 1:colcon.colcon_core.environment:create_environment_scripts_only(ublox_serialization)
[6.323s] Level 1:colcon.colcon_core.environment:checking '/home/ej/Silverfish/ublox_ws/install/ublox_serialization' for CMake module files
[6.326s] Level 1:colcon.colcon_core.environment:checking '/home/ej/Silverfish/ublox_ws/install/ublox_serialization' for CMake config files
[6.328s] Level 1:colcon.colcon_core.shell:create_environment_hook('ublox_serialization', 'cmake_prefix_path')
[6.333s] INFO:colcon.colcon_core.shell:Creating environment hook '/home/ej/Silverfish/ublox_ws/install/ublox_serialization/share/ublox_serialization/hook/cmake_prefix_path.ps1'
[6.336s] INFO:colcon.colcon_core.shell:Creating environment descriptor '/home/ej/Silverfish/ublox_ws/install/ublox_serialization/share/ublox_serialization/hook/cmake_prefix_path.dsv'
[6.338s] INFO:colcon.colcon_core.shell:Creating environment hook '/home/ej/Silverfish/ublox_ws/install/ublox_serialization/share/ublox_serialization/hook/cmake_prefix_path.sh'
[6.341s] Level 1:colcon.colcon_core.environment:checking '/home/ej/Silverfish/ublox_ws/install/ublox_serialization/bin'
[6.341s] Level 1:colcon.colcon_core.environment:checking '/home/ej/Silverfish/ublox_ws/install/ublox_serialization/lib/pkgconfig/ublox_serialization.pc'
[6.342s] Level 1:colcon.colcon_core.environment:checking '/home/ej/Silverfish/ublox_ws/install/ublox_serialization/lib/python3.10/site-packages'
[6.343s] Level 1:colcon.colcon_core.environment:checking '/home/ej/Silverfish/ublox_ws/install/ublox_serialization/bin'
[6.349s] INFO:colcon.colcon_core.shell:Creating package script '/home/ej/Silverfish/ublox_ws/install/ublox_serialization/share/ublox_serialization/package.ps1'
[6.352s] INFO:colcon.colcon_core.shell:Creating package descriptor '/home/ej/Silverfish/ublox_ws/install/ublox_serialization/share/ublox_serialization/package.dsv'
[6.356s] INFO:colcon.colcon_core.shell:Creating package script '/home/ej/Silverfish/ublox_ws/install/ublox_serialization/share/ublox_serialization/package.sh'
[6.359s] INFO:colcon.colcon_core.shell:Creating package script '/home/ej/Silverfish/ublox_ws/install/ublox_serialization/share/ublox_serialization/package.bash'
[6.361s] INFO:colcon.colcon_core.shell:Creating package script '/home/ej/Silverfish/ublox_ws/install/ublox_serialization/share/ublox_serialization/package.zsh'
[6.365s] Level 1:colcon.colcon_core.environment:create_file_with_runtime_dependencies(/home/ej/Silverfish/ublox_ws/install/ublox_serialization/share/colcon-core/packages/ublox_serialization)
[6.367s] INFO:colcon.colcon_ros.task.ament_cmake.build:Building ROS package in '/home/ej/Silverfish/ublox_ws/src/ublox/ublox_msgs' with build type 'ament_cmake'
[6.368s] INFO:colcon.colcon_cmake.task.cmake.build:Building CMake package in '/home/ej/Silverfish/ublox_ws/src/ublox/ublox_msgs'
[6.374s] INFO:colcon.colcon_core.shell:Skip shell extension 'powershell' for command environment: Not usable outside of PowerShell
[6.374s] DEBUG:colcon.colcon_core.shell:Skip shell extension 'dsv' for command environment
[6.427s] DEBUG:colcon.colcon_core.event_handler.log_command:Invoking command in '/home/ej/Silverfish/ublox_ws/build/ublox_msgs': AMENT_PREFIX_PATH=/home/ej/Silverfish/ublox_ws/install/ublox_serialization:${AMENT_PREFIX_PATH} CMAKE_PREFIX_PATH=/home/ej/Silverfish/ublox_ws/install/ublox_serialization:/opt/ros/humble /usr/bin/cmake /home/ej/Silverfish/ublox_ws/src/ublox/ublox_msgs -DCMAKE_INSTALL_PREFIX=/home/ej/Silverfish/ublox_ws/install/ublox_msgs
[20.710s] DEBUG:colcon.colcon_core.event_handler.log_command:Invoked command in '/home/ej/Silverfish/ublox_ws/build/ublox_msgs' returned '0': AMENT_PREFIX_PATH=/home/ej/Silverfish/ublox_ws/install/ublox_serialization:${AMENT_PREFIX_PATH} CMAKE_PREFIX_PATH=/home/ej/Silverfish/ublox_ws/install/ublox_serialization:/opt/ros/humble /usr/bin/cmake /home/ej/Silverfish/ublox_ws/src/ublox/ublox_msgs -DCMAKE_INSTALL_PREFIX=/home/ej/Silverfish/ublox_ws/install/ublox_msgs
[20.719s] DEBUG:colcon.colcon_core.event_handler.log_command:Invoking command in '/home/ej/Silverfish/ublox_ws/build/ublox_msgs': AMENT_PREFIX_PATH=/home/ej/Silverfish/ublox_ws/install/ublox_serialization:${AMENT_PREFIX_PATH} CMAKE_PREFIX_PATH=/home/ej/Silverfish/ublox_ws/install/ublox_serialization:/opt/ros/humble /usr/bin/cmake --build /home/ej/Silverfish/ublox_ws/build/ublox_msgs -- -j4 -l4
[1006.946s] DEBUG:colcon.colcon_core.event_handler.log_command:Invoked command in '/home/ej/Silverfish/ublox_ws/build/ublox_msgs' returned '0': AMENT_PREFIX_PATH=/home/ej/Silverfish/ublox_ws/install/ublox_serialization:${AMENT_PREFIX_PATH} CMAKE_PREFIX_PATH=/home/ej/Silverfish/ublox_ws/install/ublox_serialization:/opt/ros/humble /usr/bin/cmake --build /home/ej/Silverfish/ublox_ws/build/ublox_msgs -- -j4 -l4
[1017.866s] DEBUG:colcon.colcon_core.event_handler.log_command:Invoking command in '/home/ej/Silverfish/ublox_ws/build/ublox_msgs': AMENT_PREFIX_PATH=/home/ej/Silverfish/ublox_ws/install/ublox_serialization:${AMENT_PREFIX_PATH} CMAKE_PREFIX_PATH=/home/ej/Silverfish/ublox_ws/install/ublox_serialization:/opt/ros/humble /usr/bin/cmake --install /home/ej/Silverfish/ublox_ws/build/ublox_msgs
[1021.957s] Level 1:colcon.colcon_core.environment:create_environment_scripts_only(ublox_msgs)
[1021.968s] Level 1:colcon.colcon_core.environment:checking '/home/ej/Silverfish/ublox_ws/install/ublox_msgs' for CMake module files
[1021.969s] DEBUG:colcon.colcon_core.event_handler.log_command:Invoked command in '/home/ej/Silverfish/ublox_ws/build/ublox_msgs' returned '0': AMENT_PREFIX_PATH=/home/ej/Silverfish/ublox_ws/install/ublox_serialization:${AMENT_PREFIX_PATH} CMAKE_PREFIX_PATH=/home/ej/Silverfish/ublox_ws/install/ublox_serialization:/opt/ros/humble /usr/bin/cmake --install /home/ej/Silverfish/ublox_ws/build/ublox_msgs
[1021.973s] Level 1:colcon.colcon_core.environment:checking '/home/ej/Silverfish/ublox_ws/install/ublox_msgs' for CMake config files
[1021.975s] Level 1:colcon.colcon_core.shell:create_environment_hook('ublox_msgs', 'cmake_prefix_path')
[1021.981s] INFO:colcon.colcon_core.shell:Creating environment hook '/home/ej/Silverfish/ublox_ws/install/ublox_msgs/share/ublox_msgs/hook/cmake_prefix_path.ps1'
[1021.983s] INFO:colcon.colcon_core.shell:Creating environment descriptor '/home/ej/Silverfish/ublox_ws/install/ublox_msgs/share/ublox_msgs/hook/cmake_prefix_path.dsv'
[1021.985s] INFO:colcon.colcon_core.shell:Creating environment hook '/home/ej/Silverfish/ublox_ws/install/ublox_msgs/share/ublox_msgs/hook/cmake_prefix_path.sh'
[1021.994s] Level 1:colcon.colcon_core.environment:checking '/home/ej/Silverfish/ublox_ws/install/ublox_msgs/lib'
[1021.998s] Level 1:colcon.colcon_core.shell:create_environment_hook('ublox_msgs', 'ld_library_path_lib')
[1022.003s] INFO:colcon.colcon_core.shell:Creating environment hook '/home/ej/Silverfish/ublox_ws/install/ublox_msgs/share/ublox_msgs/hook/ld_library_path_lib.ps1'
[1022.005s] INFO:colcon.colcon_core.shell:Creating environment descriptor '/home/ej/Silverfish/ublox_ws/install/ublox_msgs/share/ublox_msgs/hook/ld_library_path_lib.dsv'
[1022.006s] INFO:colcon.colcon_core.shell:Creating environment hook '/home/ej/Silverfish/ublox_ws/install/ublox_msgs/share/ublox_msgs/hook/ld_library_path_lib.sh'
[1022.008s] Level 1:colcon.colcon_core.environment:checking '/home/ej/Silverfish/ublox_ws/install/ublox_msgs/bin'
[1022.008s] Level 1:colcon.colcon_core.environment:checking '/home/ej/Silverfish/ublox_ws/install/ublox_msgs/lib/pkgconfig/ublox_msgs.pc'
[1022.009s] Level 1:colcon.colcon_core.environment:checking '/home/ej/Silverfish/ublox_ws/install/ublox_msgs/lib/python3.10/site-packages'
[1022.010s] Level 1:colcon.colcon_core.environment:checking '/home/ej/Silverfish/ublox_ws/install/ublox_msgs/bin'
[1022.017s] INFO:colcon.colcon_core.shell:Creating package script '/home/ej/Silverfish/ublox_ws/install/ublox_msgs/share/ublox_msgs/package.ps1'
[1022.020s] INFO:colcon.colcon_core.shell:Creating package descriptor '/home/ej/Silverfish/ublox_ws/install/ublox_msgs/share/ublox_msgs/package.dsv'
[1022.023s] INFO:colcon.colcon_core.shell:Creating package script '/home/ej/Silverfish/ublox_ws/install/ublox_msgs/share/ublox_msgs/package.sh'
[1022.026s] INFO:colcon.colcon_core.shell:Creating package script '/home/ej/Silverfish/ublox_ws/install/ublox_msgs/share/ublox_msgs/package.bash'
[1022.028s] INFO:colcon.colcon_core.shell:Creating package script '/home/ej/Silverfish/ublox_ws/install/ublox_msgs/share/ublox_msgs/package.zsh'
[1022.030s] Level 1:colcon.colcon_core.environment:create_file_with_runtime_dependencies(/home/ej/Silverfish/ublox_ws/install/ublox_msgs/share/colcon-core/packages/ublox_msgs)
[1032.916s] Level 1:colcon.colcon_core.environment:create_environment_scripts_only(ublox_msgs)
[1032.933s] Level 1:colcon.colcon_core.environment:checking '/home/ej/Silverfish/ublox_ws/install/ublox_msgs' for CMake module files
[1032.937s] Level 1:colcon.colcon_core.environment:checking '/home/ej/Silverfish/ublox_ws/install/ublox_msgs' for CMake config files
[1032.940s] Level 1:colcon.colcon_core.shell:create_environment_hook('ublox_msgs', 'cmake_prefix_path')
[1032.944s] INFO:colcon.colcon_core.shell:Creating environment hook '/home/ej/Silverfish/ublox_ws/install/ublox_msgs/share/ublox_msgs/hook/cmake_prefix_path.ps1'
[1032.947s] INFO:colcon.colcon_core.shell:Creating environment descriptor '/home/ej/Silverfish/ublox_ws/install/ublox_msgs/share/ublox_msgs/hook/cmake_prefix_path.dsv'
[1032.950s] INFO:colcon.colcon_core.shell:Creating environment hook '/home/ej/Silverfish/ublox_ws/install/ublox_msgs/share/ublox_msgs/hook/cmake_prefix_path.sh'
[1032.954s] Level 1:colcon.colcon_core.environment:checking '/home/ej/Silverfish/ublox_ws/install/ublox_msgs/lib'
[1032.955s] Level 1:colcon.colcon_core.shell:create_environment_hook('ublox_msgs', 'ld_library_path_lib')
[1032.961s] INFO:colcon.colcon_core.shell:Creating environment hook '/home/ej/Silverfish/ublox_ws/install/ublox_msgs/share/ublox_msgs/hook/ld_library_path_lib.ps1'
[1032.963s] INFO:colcon.colcon_core.shell:Creating environment descriptor '/home/ej/Silverfish/ublox_ws/install/ublox_msgs/share/ublox_msgs/hook/ld_library_path_lib.dsv'
[1032.965s] INFO:colcon.colcon_core.shell:Creating environment hook '/home/ej/Silverfish/ublox_ws/install/ublox_msgs/share/ublox_msgs/hook/ld_library_path_lib.sh'
[1032.967s] Level 1:colcon.colcon_core.environment:checking '/home/ej/Silverfish/ublox_ws/install/ublox_msgs/bin'
[1032.967s] Level 1:colcon.colcon_core.environment:checking '/home/ej/Silverfish/ublox_ws/install/ublox_msgs/lib/pkgconfig/ublox_msgs.pc'
[1032.968s] Level 1:colcon.colcon_core.environment:checking '/home/ej/Silverfish/ublox_ws/install/ublox_msgs/lib/python3.10/site-packages'
[1032.969s] Level 1:colcon.colcon_core.environment:checking '/home/ej/Silverfish/ublox_ws/install/ublox_msgs/bin'
[1032.975s] INFO:colcon.colcon_core.shell:Creating package script '/home/ej/Silverfish/ublox_ws/install/ublox_msgs/share/ublox_msgs/package.ps1'
[1032.978s] INFO:colcon.colcon_core.shell:Creating package descriptor '/home/ej/Silverfish/ublox_ws/install/ublox_msgs/share/ublox_msgs/package.dsv'
[1032.981s] INFO:colcon.colcon_core.shell:Creating package script '/home/ej/Silverfish/ublox_ws/install/ublox_msgs/share/ublox_msgs/package.sh'
[1032.984s] INFO:colcon.colcon_core.shell:Creating package script '/home/ej/Silverfish/ublox_ws/install/ublox_msgs/share/ublox_msgs/package.bash'
[1032.987s] INFO:colcon.colcon_core.shell:Creating package script '/home/ej/Silverfish/ublox_ws/install/ublox_msgs/share/ublox_msgs/package.zsh'
[1032.989s] Level 1:colcon.colcon_core.environment:create_file_with_runtime_dependencies(/home/ej/Silverfish/ublox_ws/install/ublox_msgs/share/colcon-core/packages/ublox_msgs)
[1032.991s] INFO:colcon.colcon_ros.task.ament_cmake.build:Building ROS package in '/home/ej/Silverfish/ublox_ws/src/ublox/ublox_gps' with build type 'ament_cmake'
[1032.992s] INFO:colcon.colcon_cmake.task.cmake.build:Building CMake package in '/home/ej/Silverfish/ublox_ws/src/ublox/ublox_gps'
[1032.998s] INFO:colcon.colcon_core.shell:Skip shell extension 'powershell' for command environment: Not usable outside of PowerShell
[1032.998s] DEBUG:colcon.colcon_core.shell:Skip shell extension 'dsv' for command environment
[1033.065s] DEBUG:colcon.colcon_core.event_handler.log_command:Invoking command in '/home/ej/Silverfish/ublox_ws/build/ublox_gps': AMENT_PREFIX_PATH=/home/ej/Silverfish/ublox_ws/install/ublox_msgs:/home/ej/Silverfish/ublox_ws/install/ublox_serialization:${AMENT_PREFIX_PATH} CMAKE_PREFIX_PATH=/home/ej/Silverfish/ublox_ws/install/ublox_msgs:/home/ej/Silverfish/ublox_ws/install/ublox_serialization:/opt/ros/humble LD_LIBRARY_PATH=/home/ej/Silverfish/ublox_ws/install/ublox_msgs/lib:${LD_LIBRARY_PATH} PYTHONPATH=/home/ej/Silverfish/ublox_ws/install/ublox_msgs/local/lib/python3.10/dist-packages:${PYTHONPATH} /usr/bin/cmake /home/ej/Silverfish/ublox_ws/src/ublox/ublox_gps -DCMAKE_INSTALL_PREFIX=/home/ej/Silverfish/ublox_ws/install/ublox_gps
[1036.586s] DEBUG:colcon.colcon_core.event_handler.log_command:Invoked command in '/home/ej/Silverfish/ublox_ws/build/ublox_gps' returned '1': AMENT_PREFIX_PATH=/home/ej/Silverfish/ublox_ws/install/ublox_msgs:/home/ej/Silverfish/ublox_ws/install/ublox_serialization:${AMENT_PREFIX_PATH} CMAKE_PREFIX_PATH=/home/ej/Silverfish/ublox_ws/install/ublox_msgs:/home/ej/Silverfish/ublox_ws/install/ublox_serialization:/opt/ros/humble LD_LIBRARY_PATH=/home/ej/Silverfish/ublox_ws/install/ublox_msgs/lib:${LD_LIBRARY_PATH} PYTHONPATH=/home/ej/Silverfish/ublox_ws/install/ublox_msgs/local/lib/python3.10/dist-packages:${PYTHONPATH} /usr/bin/cmake /home/ej/Silverfish/ublox_ws/src/ublox/ublox_gps -DCMAKE_INSTALL_PREFIX=/home/ej/Silverfish/ublox_ws/install/ublox_gps
[1036.650s] Level 1:colcon.colcon_core.environment:create_environment_scripts_only(ublox_gps)
[1036.663s] Level 1:colcon.colcon_core.environment:checking '/home/ej/Silverfish/ublox_ws/install/ublox_gps' for CMake module files
[1036.666s] Level 1:colcon.colcon_core.environment:checking '/home/ej/Silverfish/ublox_ws/install/ublox_gps' for CMake config files
[1036.669s] Level 1:colcon.colcon_core.environment:checking '/home/ej/Silverfish/ublox_ws/install/ublox_gps/bin'
[1036.670s] Level 1:colcon.colcon_core.environment:checking '/home/ej/Silverfish/ublox_ws/install/ublox_gps/lib/pkgconfig/ublox_gps.pc'
[1036.671s] Level 1:colcon.colcon_core.environment:checking '/home/ej/Silverfish/ublox_ws/install/ublox_gps/lib/python3.10/site-packages'
[1036.672s] Level 1:colcon.colcon_core.environment:checking '/home/ej/Silverfish/ublox_ws/install/ublox_gps/bin'
[1036.677s] INFO:colcon.colcon_core.shell:Creating package script '/home/ej/Silverfish/ublox_ws/install/ublox_gps/share/ublox_gps/package.ps1'
[1036.679s] INFO:colcon.colcon_core.shell:Creating package descriptor '/home/ej/Silverfish/ublox_ws/install/ublox_gps/share/ublox_gps/package.dsv'
[1036.683s] INFO:colcon.colcon_core.shell:Creating package script '/home/ej/Silverfish/ublox_ws/install/ublox_gps/share/ublox_gps/package.sh'
[1036.685s] INFO:colcon.colcon_core.shell:Creating package script '/home/ej/Silverfish/ublox_ws/install/ublox_gps/share/ublox_gps/package.bash'
[1036.687s] INFO:colcon.colcon_core.shell:Creating package script '/home/ej/Silverfish/ublox_ws/install/ublox_gps/share/ublox_gps/package.zsh'
[1036.689s] Level 1:colcon.colcon_core.environment:create_file_with_runtime_dependencies(/home/ej/Silverfish/ublox_ws/install/ublox_gps/share/colcon-core/packages/ublox_gps)
[1036.702s] DEBUG:colcon.colcon_parallel_executor.executor.parallel:closing loop
[1036.703s] DEBUG:colcon.colcon_parallel_executor.executor.parallel:loop closed
[1036.703s] DEBUG:colcon.colcon_parallel_executor.executor.parallel:run_until_complete finished with '1'
[1036.703s] DEBUG:colcon.colcon_core.event_reactor:joining thread
[1036.739s] INFO:colcon.colcon_core.plugin_system:Skipping extension 'colcon_notification.desktop_notification.terminal_notifier': Not used on non-Darwin systems
[1036.740s] INFO:colcon.colcon_core.plugin_system:Skipping extension 'colcon_notification.desktop_notification.win32': Not used on non-Windows systems
[1036.740s] INFO:colcon.colcon_notification.desktop_notification:Sending desktop notification using 'notify2'
[1036.862s] DEBUG:colcon.colcon_core.event_reactor:joined thread
[1036.870s] INFO:colcon.colcon_core.shell:Creating prefix script '/home/ej/Silverfish/ublox_ws/install/local_setup.ps1'
[1036.875s] INFO:colcon.colcon_core.shell:Creating prefix util module '/home/ej/Silverfish/ublox_ws/install/_local_setup_util_ps1.py'
[1036.881s] INFO:colcon.colcon_core.shell:Creating prefix chain script '/home/ej/Silverfish/ublox_ws/install/setup.ps1'
[1036.888s] INFO:colcon.colcon_core.shell:Creating prefix script '/home/ej/Silverfish/ublox_ws/install/local_setup.sh'
[1036.893s] INFO:colcon.colcon_core.shell:Creating prefix util module '/home/ej/Silverfish/ublox_ws/install/_local_setup_util_sh.py'
[1036.898s] INFO:colcon.colcon_core.shell:Creating prefix chain script '/home/ej/Silverfish/ublox_ws/install/setup.sh'
[1036.908s] INFO:colcon.colcon_core.shell:Creating prefix script '/home/ej/Silverfish/ublox_ws/install/local_setup.bash'
[1036.912s] INFO:colcon.colcon_core.shell:Creating prefix chain script '/home/ej/Silverfish/ublox_ws/install/setup.bash'
[1036.923s] INFO:colcon.colcon_core.shell:Creating prefix script '/home/ej/Silverfish/ublox_ws/install/local_setup.zsh'
[1036.926s] INFO:colcon.colcon_core.shell:Creating prefix chain script '/home/ej/Silverfish/ublox_ws/install/setup.zsh'
