[1.276s] DEBUG:colcon:Command line arguments: ['/usr/bin/colcon', 'build']
[1.276s] DEBUG:colcon:Parsed command line arguments: Namespace(log_base=None, log_level=None, verb_name='build', build_base='build', install_base='install', merge_install=False, symlink_install=False, test_result_base=None, continue_on_error=False, executor='parallel', parallel_workers=4, event_handlers=None, ignore_user_meta=False, metas=['./colcon.meta'], base_paths=['.'], packages_ignore=None, packages_ignore_regex=None, paths=None, packages_up_to=None, packages_up_to_regex=None, packages_above=None, packages_above_and_dependencies=None, packages_above_depth=None, packages_select_by_dep=None, packages_skip_by_dep=None, packages_skip_up_to=None, packages_select_build_failed=False, packages_skip_build_finished=False, packages_select_test_failures=False, packages_skip_test_passed=False, packages_select=None, packages_skip=None, packages_select_regex=None, packages_skip_regex=None, packages_start=None, packages_end=None, allow_overriding=[], cmake_args=None, cmake_target=None, cmake_target_skip_unavailable=False, cmake_clean_cache=False, cmake_clean_first=False, cmake_force_configure=False, ament_cmake_args=None, catkin_cmake_args=None, catkin_skip_building_tests=False, verb_parser=<colcon_defaults.argument_parser.defaults.DefaultArgumentsDecorator object at 0xffffb34cb130>, verb_extension=<colcon_core.verb.build.BuildVerb object at 0xffffb3f23f70>, main=<bound method BuildVerb.main of <colcon_core.verb.build.BuildVerb object at 0xffffb3f23f70>>)
[1.373s] Level 1:colcon.colcon_core.package_discovery:discover_packages(colcon_meta) check parameters
[1.373s] Level 1:colcon.colcon_core.package_discovery:discover_packages(recursive) check parameters
[1.374s] Level 1:colcon.colcon_core.package_discovery:discover_packages(ignore) check parameters
[1.374s] Level 1:colcon.colcon_core.package_discovery:discover_packages(path) check parameters
[1.374s] Level 1:colcon.colcon_core.package_discovery:discover_packages(colcon_meta) discover
[1.374s] Level 1:colcon.colcon_core.package_discovery:discover_packages(recursive) discover
[1.374s] INFO:colcon.colcon_core.package_discovery:Crawling recursively for packages in '/home/ej/Silverfish/ublox_ws'
[1.375s] Level 1:colcon.colcon_core.package_identification:_identify(.) by extensions ['ignore', 'ignore_ament_install']
[1.375s] Level 1:colcon.colcon_core.package_identification:_identify(.) by extension 'ignore'
[1.376s] Level 1:colcon.colcon_core.package_identification:_identify(.) by extension 'ignore_ament_install'
[1.376s] Level 1:colcon.colcon_core.package_identification:_identify(.) by extensions ['colcon_pkg']
[1.376s] Level 1:colcon.colcon_core.package_identification:_identify(.) by extension 'colcon_pkg'
[1.376s] Level 1:colcon.colcon_core.package_identification:_identify(.) by extensions ['colcon_meta']
[1.376s] Level 1:colcon.colcon_core.package_identification:_identify(.) by extension 'colcon_meta'
[1.376s] Level 1:colcon.colcon_core.package_identification:_identify(.) by extensions ['ros']
[1.376s] Level 1:colcon.colcon_core.package_identification:_identify(.) by extension 'ros'
[1.463s] Level 1:colcon.colcon_core.package_identification:_identify(.) by extensions ['cmake', 'python']
[1.463s] Level 1:colcon.colcon_core.package_identification:_identify(.) by extension 'cmake'
[1.463s] Level 1:colcon.colcon_core.package_identification:_identify(.) by extension 'python'
[1.463s] Level 1:colcon.colcon_core.package_identification:_identify(.) by extensions ['python_setup_py']
[1.463s] Level 1:colcon.colcon_core.package_identification:_identify(.) by extension 'python_setup_py'
[1.464s] Level 1:colcon.colcon_core.package_identification:_identify(build) by extensions ['ignore', 'ignore_ament_install']
[1.464s] Level 1:colcon.colcon_core.package_identification:_identify(build) by extension 'ignore'
[1.464s] Level 1:colcon.colcon_core.package_identification:_identify(build) ignored
[1.465s] Level 1:colcon.colcon_core.package_identification:_identify(install) by extensions ['ignore', 'ignore_ament_install']
[1.465s] Level 1:colcon.colcon_core.package_identification:_identify(install) by extension 'ignore'
[1.466s] Level 1:colcon.colcon_core.package_identification:_identify(install) ignored
[1.466s] Level 1:colcon.colcon_core.package_identification:_identify(log) by extensions ['ignore', 'ignore_ament_install']
[1.467s] Level 1:colcon.colcon_core.package_identification:_identify(log) by extension 'ignore'
[1.467s] Level 1:colcon.colcon_core.package_identification:_identify(log) ignored
[1.467s] Level 1:colcon.colcon_core.package_identification:_identify(src) by extensions ['ignore', 'ignore_ament_install']
[1.467s] Level 1:colcon.colcon_core.package_identification:_identify(src) by extension 'ignore'
[1.468s] Level 1:colcon.colcon_core.package_identification:_identify(src) by extension 'ignore_ament_install'
[1.468s] Level 1:colcon.colcon_core.package_identification:_identify(src) by extensions ['colcon_pkg']
[1.468s] Level 1:colcon.colcon_core.package_identification:_identify(src) by extension 'colcon_pkg'
[1.468s] Level 1:colcon.colcon_core.package_identification:_identify(src) by extensions ['colcon_meta']
[1.468s] Level 1:colcon.colcon_core.package_identification:_identify(src) by extension 'colcon_meta'
[1.468s] Level 1:colcon.colcon_core.package_identification:_identify(src) by extensions ['ros']
[1.469s] Level 1:colcon.colcon_core.package_identification:_identify(src) by extension 'ros'
[1.469s] Level 1:colcon.colcon_core.package_identification:_identify(src) by extensions ['cmake', 'python']
[1.469s] Level 1:colcon.colcon_core.package_identification:_identify(src) by extension 'cmake'
[1.469s] Level 1:colcon.colcon_core.package_identification:_identify(src) by extension 'python'
[1.469s] Level 1:colcon.colcon_core.package_identification:_identify(src) by extensions ['python_setup_py']
[1.469s] Level 1:colcon.colcon_core.package_identification:_identify(src) by extension 'python_setup_py'
[1.470s] Level 1:colcon.colcon_core.package_identification:_identify(src/build) by extensions ['ignore', 'ignore_ament_install']
[1.470s] Level 1:colcon.colcon_core.package_identification:_identify(src/build) by extension 'ignore'
[1.470s] Level 1:colcon.colcon_core.package_identification:_identify(src/build) ignored
[1.471s] Level 1:colcon.colcon_core.package_identification:_identify(src/install) by extensions ['ignore', 'ignore_ament_install']
[1.471s] Level 1:colcon.colcon_core.package_identification:_identify(src/install) by extension 'ignore'
[1.472s] Level 1:colcon.colcon_core.package_identification:_identify(src/install) ignored
[1.472s] Level 1:colcon.colcon_core.package_identification:_identify(src/log) by extensions ['ignore', 'ignore_ament_install']
[1.472s] Level 1:colcon.colcon_core.package_identification:_identify(src/log) by extension 'ignore'
[1.473s] Level 1:colcon.colcon_core.package_identification:_identify(src/log) ignored
[1.473s] Level 1:colcon.colcon_core.package_identification:_identify(src/ublox) by extensions ['ignore', 'ignore_ament_install']
[1.473s] Level 1:colcon.colcon_core.package_identification:_identify(src/ublox) by extension 'ignore'
[1.473s] Level 1:colcon.colcon_core.package_identification:_identify(src/ublox) by extension 'ignore_ament_install'
[1.474s] Level 1:colcon.colcon_core.package_identification:_identify(src/ublox) by extensions ['colcon_pkg']
[1.474s] Level 1:colcon.colcon_core.package_identification:_identify(src/ublox) by extension 'colcon_pkg'
[1.474s] Level 1:colcon.colcon_core.package_identification:_identify(src/ublox) by extensions ['colcon_meta']
[1.474s] Level 1:colcon.colcon_core.package_identification:_identify(src/ublox) by extension 'colcon_meta'
[1.474s] Level 1:colcon.colcon_core.package_identification:_identify(src/ublox) by extensions ['ros']
[1.474s] Level 1:colcon.colcon_core.package_identification:_identify(src/ublox) by extension 'ros'
[1.475s] Level 1:colcon.colcon_core.package_identification:_identify(src/ublox) by extensions ['cmake', 'python']
[1.475s] Level 1:colcon.colcon_core.package_identification:_identify(src/ublox) by extension 'cmake'
[1.475s] Level 1:colcon.colcon_core.package_identification:_identify(src/ublox) by extension 'python'
[1.475s] Level 1:colcon.colcon_core.package_identification:_identify(src/ublox) by extensions ['python_setup_py']
[1.475s] Level 1:colcon.colcon_core.package_identification:_identify(src/ublox) by extension 'python_setup_py'
[1.476s] Level 1:colcon.colcon_core.package_identification:_identify(src/ublox/rtcm_msgs) by extensions ['ignore', 'ignore_ament_install']
[1.476s] Level 1:colcon.colcon_core.package_identification:_identify(src/ublox/rtcm_msgs) by extension 'ignore'
[1.476s] Level 1:colcon.colcon_core.package_identification:_identify(src/ublox/rtcm_msgs) by extension 'ignore_ament_install'
[1.477s] Level 1:colcon.colcon_core.package_identification:_identify(src/ublox/rtcm_msgs) by extensions ['colcon_pkg']
[1.477s] Level 1:colcon.colcon_core.package_identification:_identify(src/ublox/rtcm_msgs) by extension 'colcon_pkg'
[1.477s] Level 1:colcon.colcon_core.package_identification:_identify(src/ublox/rtcm_msgs) by extensions ['colcon_meta']
[1.477s] Level 1:colcon.colcon_core.package_identification:_identify(src/ublox/rtcm_msgs) by extension 'colcon_meta'
[1.477s] Level 1:colcon.colcon_core.package_identification:_identify(src/ublox/rtcm_msgs) by extensions ['ros']
[1.477s] Level 1:colcon.colcon_core.package_identification:_identify(src/ublox/rtcm_msgs) by extension 'ros'
[1.502s] DEBUG:colcon.colcon_core.package_identification:Package 'src/ublox/rtcm_msgs' with type 'ros.ament_cmake' and name 'rtcm_msgs'
[1.503s] Level 1:colcon.colcon_core.package_identification:_identify(src/ublox/ublox) by extensions ['ignore', 'ignore_ament_install']
[1.503s] Level 1:colcon.colcon_core.package_identification:_identify(src/ublox/ublox) by extension 'ignore'
[1.503s] Level 1:colcon.colcon_core.package_identification:_identify(src/ublox/ublox) by extension 'ignore_ament_install'
[1.504s] Level 1:colcon.colcon_core.package_identification:_identify(src/ublox/ublox) by extensions ['colcon_pkg']
[1.504s] Level 1:colcon.colcon_core.package_identification:_identify(src/ublox/ublox) by extension 'colcon_pkg'
[1.504s] Level 1:colcon.colcon_core.package_identification:_identify(src/ublox/ublox) by extensions ['colcon_meta']
[1.504s] Level 1:colcon.colcon_core.package_identification:_identify(src/ublox/ublox) by extension 'colcon_meta'
[1.505s] Level 1:colcon.colcon_core.package_identification:_identify(src/ublox/ublox) by extensions ['ros']
[1.505s] Level 1:colcon.colcon_core.package_identification:_identify(src/ublox/ublox) by extension 'ros'
[1.508s] DEBUG:colcon.colcon_core.package_identification:Package 'src/ublox/ublox' with type 'ros.ament_cmake' and name 'ublox'
[1.508s] Level 1:colcon.colcon_core.package_identification:_identify(src/ublox/ublox_gps) by extensions ['ignore', 'ignore_ament_install']
[1.509s] Level 1:colcon.colcon_core.package_identification:_identify(src/ublox/ublox_gps) by extension 'ignore'
[1.510s] Level 1:colcon.colcon_core.package_identification:_identify(src/ublox/ublox_gps) by extension 'ignore_ament_install'
[1.510s] Level 1:colcon.colcon_core.package_identification:_identify(src/ublox/ublox_gps) by extensions ['colcon_pkg']
[1.510s] Level 1:colcon.colcon_core.package_identification:_identify(src/ublox/ublox_gps) by extension 'colcon_pkg'
[1.511s] Level 1:colcon.colcon_core.package_identification:_identify(src/ublox/ublox_gps) by extensions ['colcon_meta']
[1.511s] Level 1:colcon.colcon_core.package_identification:_identify(src/ublox/ublox_gps) by extension 'colcon_meta'
[1.511s] Level 1:colcon.colcon_core.package_identification:_identify(src/ublox/ublox_gps) by extensions ['ros']
[1.511s] Level 1:colcon.colcon_core.package_identification:_identify(src/ublox/ublox_gps) by extension 'ros'
[1.518s] DEBUG:colcon.colcon_core.package_identification:Package 'src/ublox/ublox_gps' with type 'ros.ament_cmake' and name 'ublox_gps'
[1.519s] Level 1:colcon.colcon_core.package_identification:_identify(src/ublox/ublox_msgs) by extensions ['ignore', 'ignore_ament_install']
[1.520s] Level 1:colcon.colcon_core.package_identification:_identify(src/ublox/ublox_msgs) by extension 'ignore'
[1.520s] Level 1:colcon.colcon_core.package_identification:_identify(src/ublox/ublox_msgs) by extension 'ignore_ament_install'
[1.521s] Level 1:colcon.colcon_core.package_identification:_identify(src/ublox/ublox_msgs) by extensions ['colcon_pkg']
[1.521s] Level 1:colcon.colcon_core.package_identification:_identify(src/ublox/ublox_msgs) by extension 'colcon_pkg'
[1.521s] Level 1:colcon.colcon_core.package_identification:_identify(src/ublox/ublox_msgs) by extensions ['colcon_meta']
[1.521s] Level 1:colcon.colcon_core.package_identification:_identify(src/ublox/ublox_msgs) by extension 'colcon_meta'
[1.521s] Level 1:colcon.colcon_core.package_identification:_identify(src/ublox/ublox_msgs) by extensions ['ros']
[1.521s] Level 1:colcon.colcon_core.package_identification:_identify(src/ublox/ublox_msgs) by extension 'ros'
[1.525s] DEBUG:colcon.colcon_core.package_identification:Package 'src/ublox/ublox_msgs' with type 'ros.ament_cmake' and name 'ublox_msgs'
[1.526s] Level 1:colcon.colcon_core.package_identification:_identify(src/ublox/ublox_serialization) by extensions ['ignore', 'ignore_ament_install']
[1.526s] Level 1:colcon.colcon_core.package_identification:_identify(src/ublox/ublox_serialization) by extension 'ignore'
[1.526s] Level 1:colcon.colcon_core.package_identification:_identify(src/ublox/ublox_serialization) by extension 'ignore_ament_install'
[1.527s] Level 1:colcon.colcon_core.package_identification:_identify(src/ublox/ublox_serialization) by extensions ['colcon_pkg']
[1.527s] Level 1:colcon.colcon_core.package_identification:_identify(src/ublox/ublox_serialization) by extension 'colcon_pkg'
[1.527s] Level 1:colcon.colcon_core.package_identification:_identify(src/ublox/ublox_serialization) by extensions ['colcon_meta']
[1.527s] Level 1:colcon.colcon_core.package_identification:_identify(src/ublox/ublox_serialization) by extension 'colcon_meta'
[1.527s] Level 1:colcon.colcon_core.package_identification:_identify(src/ublox/ublox_serialization) by extensions ['ros']
[1.527s] Level 1:colcon.colcon_core.package_identification:_identify(src/ublox/ublox_serialization) by extension 'ros'
[1.529s] DEBUG:colcon.colcon_core.package_identification:Package 'src/ublox/ublox_serialization' with type 'ros.ament_cmake' and name 'ublox_serialization'
[1.530s] Level 1:colcon.colcon_core.package_discovery:discover_packages(recursive) using defaults
[1.530s] Level 1:colcon.colcon_core.package_discovery:discover_packages(ignore) discover
[1.530s] Level 1:colcon.colcon_core.package_discovery:discover_packages(ignore) using defaults
[1.530s] Level 1:colcon.colcon_core.package_discovery:discover_packages(path) discover
[1.530s] Level 1:colcon.colcon_core.package_discovery:discover_packages(path) using defaults
[1.630s] Level 1:colcon.colcon_core.package_discovery:discover_packages(prefix_path) check parameters
[1.630s] Level 1:colcon.colcon_core.package_discovery:discover_packages(prefix_path) discover
[1.646s] DEBUG:colcon.colcon_installed_package_information.package_discovery:Found 183 installed packages in /opt/ros/humble
[1.651s] Level 1:colcon.colcon_core.package_discovery:discover_packages(prefix_path) using defaults
[1.821s] Level 5:colcon.colcon_core.verb:set package 'rtcm_msgs' build argument 'cmake_args' from command line to 'None'
[1.822s] Level 5:colcon.colcon_core.verb:set package 'rtcm_msgs' build argument 'cmake_target' from command line to 'None'
[1.822s] Level 5:colcon.colcon_core.verb:set package 'rtcm_msgs' build argument 'cmake_target_skip_unavailable' from command line to 'False'
[1.822s] Level 5:colcon.colcon_core.verb:set package 'rtcm_msgs' build argument 'cmake_clean_cache' from command line to 'False'
[1.822s] Level 5:colcon.colcon_core.verb:set package 'rtcm_msgs' build argument 'cmake_clean_first' from command line to 'False'
[1.822s] Level 5:colcon.colcon_core.verb:set package 'rtcm_msgs' build argument 'cmake_force_configure' from command line to 'False'
[1.822s] Level 5:colcon.colcon_core.verb:set package 'rtcm_msgs' build argument 'ament_cmake_args' from command line to 'None'
[1.822s] Level 5:colcon.colcon_core.verb:set package 'rtcm_msgs' build argument 'catkin_cmake_args' from command line to 'None'
[1.823s] Level 5:colcon.colcon_core.verb:set package 'rtcm_msgs' build argument 'catkin_skip_building_tests' from command line to 'False'
[1.823s] DEBUG:colcon.colcon_core.verb:Building package 'rtcm_msgs' with the following arguments: {'ament_cmake_args': None, 'build_base': '/home/ej/Silverfish/ublox_ws/build/rtcm_msgs', 'catkin_cmake_args': None, 'catkin_skip_building_tests': False, 'cmake_args': None, 'cmake_clean_cache': False, 'cmake_clean_first': False, 'cmake_force_configure': False, 'cmake_target': None, 'cmake_target_skip_unavailable': False, 'install_base': '/home/ej/Silverfish/ublox_ws/install/rtcm_msgs', 'merge_install': False, 'path': '/home/ej/Silverfish/ublox_ws/src/ublox/rtcm_msgs', 'symlink_install': False, 'test_result_base': None}
[1.827s] Level 5:colcon.colcon_core.verb:set package 'ublox_serialization' build argument 'cmake_args' from command line to 'None'
[1.827s] Level 5:colcon.colcon_core.verb:set package 'ublox_serialization' build argument 'cmake_target' from command line to 'None'
[1.827s] Level 5:colcon.colcon_core.verb:set package 'ublox_serialization' build argument 'cmake_target_skip_unavailable' from command line to 'False'
[1.827s] Level 5:colcon.colcon_core.verb:set package 'ublox_serialization' build argument 'cmake_clean_cache' from command line to 'False'
[1.827s] Level 5:colcon.colcon_core.verb:set package 'ublox_serialization' build argument 'cmake_clean_first' from command line to 'False'
[1.827s] Level 5:colcon.colcon_core.verb:set package 'ublox_serialization' build argument 'cmake_force_configure' from command line to 'False'
[1.828s] Level 5:colcon.colcon_core.verb:set package 'ublox_serialization' build argument 'ament_cmake_args' from command line to 'None'
[1.828s] Level 5:colcon.colcon_core.verb:set package 'ublox_serialization' build argument 'catkin_cmake_args' from command line to 'None'
[1.828s] Level 5:colcon.colcon_core.verb:set package 'ublox_serialization' build argument 'catkin_skip_building_tests' from command line to 'False'
[1.828s] DEBUG:colcon.colcon_core.verb:Building package 'ublox_serialization' with the following arguments: {'ament_cmake_args': None, 'build_base': '/home/ej/Silverfish/ublox_ws/build/ublox_serialization', 'catkin_cmake_args': None, 'catkin_skip_building_tests': False, 'cmake_args': None, 'cmake_clean_cache': False, 'cmake_clean_first': False, 'cmake_force_configure': False, 'cmake_target': None, 'cmake_target_skip_unavailable': False, 'install_base': '/home/ej/Silverfish/ublox_ws/install/ublox_serialization', 'merge_install': False, 'path': '/home/ej/Silverfish/ublox_ws/src/ublox/ublox_serialization', 'symlink_install': False, 'test_result_base': None}
[1.832s] Level 5:colcon.colcon_core.verb:set package 'ublox_msgs' build argument 'cmake_args' from command line to 'None'
[1.832s] Level 5:colcon.colcon_core.verb:set package 'ublox_msgs' build argument 'cmake_target' from command line to 'None'
[1.832s] Level 5:colcon.colcon_core.verb:set package 'ublox_msgs' build argument 'cmake_target_skip_unavailable' from command line to 'False'
[1.832s] Level 5:colcon.colcon_core.verb:set package 'ublox_msgs' build argument 'cmake_clean_cache' from command line to 'False'
[1.832s] Level 5:colcon.colcon_core.verb:set package 'ublox_msgs' build argument 'cmake_clean_first' from command line to 'False'
[1.832s] Level 5:colcon.colcon_core.verb:set package 'ublox_msgs' build argument 'cmake_force_configure' from command line to 'False'
[1.833s] Level 5:colcon.colcon_core.verb:set package 'ublox_msgs' build argument 'ament_cmake_args' from command line to 'None'
[1.833s] Level 5:colcon.colcon_core.verb:set package 'ublox_msgs' build argument 'catkin_cmake_args' from command line to 'None'
[1.833s] Level 5:colcon.colcon_core.verb:set package 'ublox_msgs' build argument 'catkin_skip_building_tests' from command line to 'False'
[1.833s] DEBUG:colcon.colcon_core.verb:Building package 'ublox_msgs' with the following arguments: {'ament_cmake_args': None, 'build_base': '/home/ej/Silverfish/ublox_ws/build/ublox_msgs', 'catkin_cmake_args': None, 'catkin_skip_building_tests': False, 'cmake_args': None, 'cmake_clean_cache': False, 'cmake_clean_first': False, 'cmake_force_configure': False, 'cmake_target': None, 'cmake_target_skip_unavailable': False, 'install_base': '/home/ej/Silverfish/ublox_ws/install/ublox_msgs', 'merge_install': False, 'path': '/home/ej/Silverfish/ublox_ws/src/ublox/ublox_msgs', 'symlink_install': False, 'test_result_base': None}
[1.837s] Level 5:colcon.colcon_core.verb:set package 'ublox_gps' build argument 'cmake_args' from command line to 'None'
[1.837s] Level 5:colcon.colcon_core.verb:set package 'ublox_gps' build argument 'cmake_target' from command line to 'None'
[1.837s] Level 5:colcon.colcon_core.verb:set package 'ublox_gps' build argument 'cmake_target_skip_unavailable' from command line to 'False'
[1.837s] Level 5:colcon.colcon_core.verb:set package 'ublox_gps' build argument 'cmake_clean_cache' from command line to 'False'
[1.837s] Level 5:colcon.colcon_core.verb:set package 'ublox_gps' build argument 'cmake_clean_first' from command line to 'False'
[1.837s] Level 5:colcon.colcon_core.verb:set package 'ublox_gps' build argument 'cmake_force_configure' from command line to 'False'
[1.838s] Level 5:colcon.colcon_core.verb:set package 'ublox_gps' build argument 'ament_cmake_args' from command line to 'None'
[1.838s] Level 5:colcon.colcon_core.verb:set package 'ublox_gps' build argument 'catkin_cmake_args' from command line to 'None'
[1.838s] Level 5:colcon.colcon_core.verb:set package 'ublox_gps' build argument 'catkin_skip_building_tests' from command line to 'False'
[1.838s] DEBUG:colcon.colcon_core.verb:Building package 'ublox_gps' with the following arguments: {'ament_cmake_args': None, 'build_base': '/home/ej/Silverfish/ublox_ws/build/ublox_gps', 'catkin_cmake_args': None, 'catkin_skip_building_tests': False, 'cmake_args': None, 'cmake_clean_cache': False, 'cmake_clean_first': False, 'cmake_force_configure': False, 'cmake_target': None, 'cmake_target_skip_unavailable': False, 'install_base': '/home/ej/Silverfish/ublox_ws/install/ublox_gps', 'merge_install': False, 'path': '/home/ej/Silverfish/ublox_ws/src/ublox/ublox_gps', 'symlink_install': False, 'test_result_base': None}
[1.842s] Level 5:colcon.colcon_core.verb:set package 'ublox' build argument 'cmake_args' from command line to 'None'
[1.842s] Level 5:colcon.colcon_core.verb:set package 'ublox' build argument 'cmake_target' from command line to 'None'
[1.842s] Level 5:colcon.colcon_core.verb:set package 'ublox' build argument 'cmake_target_skip_unavailable' from command line to 'False'
[1.842s] Level 5:colcon.colcon_core.verb:set package 'ublox' build argument 'cmake_clean_cache' from command line to 'False'
[1.842s] Level 5:colcon.colcon_core.verb:set package 'ublox' build argument 'cmake_clean_first' from command line to 'False'
[1.842s] Level 5:colcon.colcon_core.verb:set package 'ublox' build argument 'cmake_force_configure' from command line to 'False'
[1.843s] Level 5:colcon.colcon_core.verb:set package 'ublox' build argument 'ament_cmake_args' from command line to 'None'
[1.843s] Level 5:colcon.colcon_core.verb:set package 'ublox' build argument 'catkin_cmake_args' from command line to 'None'
[1.843s] Level 5:colcon.colcon_core.verb:set package 'ublox' build argument 'catkin_skip_building_tests' from command line to 'False'
[1.843s] DEBUG:colcon.colcon_core.verb:Building package 'ublox' with the following arguments: {'ament_cmake_args': None, 'build_base': '/home/ej/Silverfish/ublox_ws/build/ublox', 'catkin_cmake_args': None, 'catkin_skip_building_tests': False, 'cmake_args': None, 'cmake_clean_cache': False, 'cmake_clean_first': False, 'cmake_force_configure': False, 'cmake_target': None, 'cmake_target_skip_unavailable': False, 'install_base': '/home/ej/Silverfish/ublox_ws/install/ublox', 'merge_install': False, 'path': '/home/ej/Silverfish/ublox_ws/src/ublox/ublox', 'symlink_install': False, 'test_result_base': None}
[1.846s] INFO:colcon.colcon_core.executor:Executing jobs using 'parallel' executor
[1.861s] DEBUG:colcon.colcon_parallel_executor.executor.parallel:run_until_complete
[1.862s] INFO:colcon.colcon_ros.task.ament_cmake.build:Building ROS package in '/home/ej/Silverfish/ublox_ws/src/ublox/ublox_serialization' with build type 'ament_cmake'
[1.863s] INFO:colcon.colcon_cmake.task.cmake.build:Building CMake package in '/home/ej/Silverfish/ublox_ws/src/ublox/ublox_serialization'
[1.884s] INFO:colcon.colcon_core.plugin_system:Skipping extension 'colcon_core.shell.bat': Not used on non-Windows systems
[1.885s] INFO:colcon.colcon_core.shell:Skip shell extension 'powershell' for command environment: Not usable outside of PowerShell
[1.885s] DEBUG:colcon.colcon_core.shell:Skip shell extension 'dsv' for command environment
[1.907s] INFO:colcon.colcon_ros.task.ament_cmake.build:Building ROS package in '/home/ej/Silverfish/ublox_ws/src/ublox/rtcm_msgs' with build type 'ament_cmake'
[1.910s] INFO:colcon.colcon_cmake.task.cmake.build:Building CMake package in '/home/ej/Silverfish/ublox_ws/src/ublox/rtcm_msgs'
[1.920s] INFO:colcon.colcon_core.shell:Skip shell extension 'powershell' for command environment: Not usable outside of PowerShell
[1.921s] DEBUG:colcon.colcon_core.shell:Skip shell extension 'dsv' for command environment
[1.966s] DEBUG:colcon.colcon_core.event_handler.log_command:Invoking command in '/home/ej/Silverfish/ublox_ws/build/ublox_serialization': CMAKE_PREFIX_PATH=/opt/ros/humble /usr/bin/cmake --build /home/ej/Silverfish/ublox_ws/build/ublox_serialization -- -j4 -l4
[2.012s] DEBUG:colcon.colcon_core.event_handler.log_command:Invoking command in '/home/ej/Silverfish/ublox_ws/build/rtcm_msgs': CMAKE_PREFIX_PATH=/opt/ros/humble /usr/bin/cmake --build /home/ej/Silverfish/ublox_ws/build/rtcm_msgs -- -j4 -l4
[2.204s] DEBUG:colcon.colcon_core.event_handler.log_command:Invoked command in '/home/ej/Silverfish/ublox_ws/build/ublox_serialization' returned '0': CMAKE_PREFIX_PATH=/opt/ros/humble /usr/bin/cmake --build /home/ej/Silverfish/ublox_ws/build/ublox_serialization -- -j4 -l4
[2.547s] DEBUG:colcon.colcon_core.event_handler.log_command:Invoking command in '/home/ej/Silverfish/ublox_ws/build/ublox_serialization': CMAKE_PREFIX_PATH=/opt/ros/humble /usr/bin/cmake --install /home/ej/Silverfish/ublox_ws/build/ublox_serialization
[2.751s] Level 1:colcon.colcon_core.environment:create_environment_scripts_only(ublox_serialization)
[2.762s] DEBUG:colcon.colcon_core.event_handler.log_command:Invoked command in '/home/ej/Silverfish/ublox_ws/build/ublox_serialization' returned '0': CMAKE_PREFIX_PATH=/opt/ros/humble /usr/bin/cmake --install /home/ej/Silverfish/ublox_ws/build/ublox_serialization
[2.882s] Level 1:colcon.colcon_core.environment:checking '/home/ej/Silverfish/ublox_ws/install/ublox_serialization' for CMake module files
[2.893s] Level 1:colcon.colcon_core.environment:checking '/home/ej/Silverfish/ublox_ws/install/ublox_serialization' for CMake config files
[2.899s] Level 1:colcon.colcon_core.shell:create_environment_hook('ublox_serialization', 'cmake_prefix_path')
[2.918s] INFO:colcon.colcon_core.shell:Creating environment hook '/home/ej/Silverfish/ublox_ws/install/ublox_serialization/share/ublox_serialization/hook/cmake_prefix_path.ps1'
[2.922s] INFO:colcon.colcon_core.shell:Creating environment descriptor '/home/ej/Silverfish/ublox_ws/install/ublox_serialization/share/ublox_serialization/hook/cmake_prefix_path.dsv'
[2.925s] INFO:colcon.colcon_core.shell:Creating environment hook '/home/ej/Silverfish/ublox_ws/install/ublox_serialization/share/ublox_serialization/hook/cmake_prefix_path.sh'
[2.930s] Level 1:colcon.colcon_core.environment:checking '/home/ej/Silverfish/ublox_ws/install/ublox_serialization/bin'
[2.931s] Level 1:colcon.colcon_core.environment:checking '/home/ej/Silverfish/ublox_ws/install/ublox_serialization/lib/pkgconfig/ublox_serialization.pc'
[2.936s] Level 1:colcon.colcon_core.environment:checking '/home/ej/Silverfish/ublox_ws/install/ublox_serialization/lib/python3.10/site-packages'
[2.940s] Level 1:colcon.colcon_core.environment:checking '/home/ej/Silverfish/ublox_ws/install/ublox_serialization/bin'
[2.953s] INFO:colcon.colcon_core.shell:Creating package script '/home/ej/Silverfish/ublox_ws/install/ublox_serialization/share/ublox_serialization/package.ps1'
[2.961s] INFO:colcon.colcon_core.shell:Creating package descriptor '/home/ej/Silverfish/ublox_ws/install/ublox_serialization/share/ublox_serialization/package.dsv'
[2.968s] INFO:colcon.colcon_core.shell:Creating package script '/home/ej/Silverfish/ublox_ws/install/ublox_serialization/share/ublox_serialization/package.sh'
[2.976s] INFO:colcon.colcon_core.shell:Creating package script '/home/ej/Silverfish/ublox_ws/install/ublox_serialization/share/ublox_serialization/package.bash'
[2.984s] INFO:colcon.colcon_core.shell:Creating package script '/home/ej/Silverfish/ublox_ws/install/ublox_serialization/share/ublox_serialization/package.zsh'
[2.996s] Level 1:colcon.colcon_core.environment:create_file_with_runtime_dependencies(/home/ej/Silverfish/ublox_ws/install/ublox_serialization/share/colcon-core/packages/ublox_serialization)
[3.270s] Level 1:colcon.colcon_core.environment:create_environment_scripts_only(ublox_serialization)
[3.281s] Level 1:colcon.colcon_core.environment:checking '/home/ej/Silverfish/ublox_ws/install/ublox_serialization' for CMake module files
[3.286s] Level 1:colcon.colcon_core.environment:checking '/home/ej/Silverfish/ublox_ws/install/ublox_serialization' for CMake config files
[3.288s] Level 1:colcon.colcon_core.shell:create_environment_hook('ublox_serialization', 'cmake_prefix_path')
[3.297s] INFO:colcon.colcon_core.shell:Creating environment hook '/home/ej/Silverfish/ublox_ws/install/ublox_serialization/share/ublox_serialization/hook/cmake_prefix_path.ps1'
[3.320s] INFO:colcon.colcon_core.shell:Creating environment descriptor '/home/ej/Silverfish/ublox_ws/install/ublox_serialization/share/ublox_serialization/hook/cmake_prefix_path.dsv'
[3.323s] INFO:colcon.colcon_core.shell:Creating environment hook '/home/ej/Silverfish/ublox_ws/install/ublox_serialization/share/ublox_serialization/hook/cmake_prefix_path.sh'
[3.326s] Level 1:colcon.colcon_core.environment:checking '/home/ej/Silverfish/ublox_ws/install/ublox_serialization/bin'
[3.327s] Level 1:colcon.colcon_core.environment:checking '/home/ej/Silverfish/ublox_ws/install/ublox_serialization/lib/pkgconfig/ublox_serialization.pc'
[3.328s] Level 1:colcon.colcon_core.environment:checking '/home/ej/Silverfish/ublox_ws/install/ublox_serialization/lib/python3.10/site-packages'
[3.334s] Level 1:colcon.colcon_core.environment:checking '/home/ej/Silverfish/ublox_ws/install/ublox_serialization/bin'
[3.346s] INFO:colcon.colcon_core.shell:Creating package script '/home/ej/Silverfish/ublox_ws/install/ublox_serialization/share/ublox_serialization/package.ps1'
[3.355s] INFO:colcon.colcon_core.shell:Creating package descriptor '/home/ej/Silverfish/ublox_ws/install/ublox_serialization/share/ublox_serialization/package.dsv'
[3.360s] INFO:colcon.colcon_core.shell:Creating package script '/home/ej/Silverfish/ublox_ws/install/ublox_serialization/share/ublox_serialization/package.sh'
[3.363s] INFO:colcon.colcon_core.shell:Creating package script '/home/ej/Silverfish/ublox_ws/install/ublox_serialization/share/ublox_serialization/package.bash'
[3.367s] INFO:colcon.colcon_core.shell:Creating package script '/home/ej/Silverfish/ublox_ws/install/ublox_serialization/share/ublox_serialization/package.zsh'
[3.371s] Level 1:colcon.colcon_core.environment:create_file_with_runtime_dependencies(/home/ej/Silverfish/ublox_ws/install/ublox_serialization/share/colcon-core/packages/ublox_serialization)
[3.376s] INFO:colcon.colcon_ros.task.ament_cmake.build:Building ROS package in '/home/ej/Silverfish/ublox_ws/src/ublox/ublox_msgs' with build type 'ament_cmake'
[3.378s] INFO:colcon.colcon_cmake.task.cmake.build:Building CMake package in '/home/ej/Silverfish/ublox_ws/src/ublox/ublox_msgs'
[3.386s] INFO:colcon.colcon_core.shell:Skip shell extension 'powershell' for command environment: Not usable outside of PowerShell
[3.387s] DEBUG:colcon.colcon_core.shell:Skip shell extension 'dsv' for command environment
[3.477s] DEBUG:colcon.colcon_core.event_handler.log_command:Invoking command in '/home/ej/Silverfish/ublox_ws/build/ublox_msgs': AMENT_PREFIX_PATH=/home/ej/Silverfish/ublox_ws/install/ublox_serialization:${AMENT_PREFIX_PATH} CMAKE_PREFIX_PATH=/home/ej/Silverfish/ublox_ws/install/ublox_serialization:/opt/ros/humble /usr/bin/cmake --build /home/ej/Silverfish/ublox_ws/build/ublox_msgs -- -j4 -l4
[5.549s] DEBUG:colcon.colcon_core.event_handler.log_command:Invoked command in '/home/ej/Silverfish/ublox_ws/build/rtcm_msgs' returned '0': CMAKE_PREFIX_PATH=/opt/ros/humble /usr/bin/cmake --build /home/ej/Silverfish/ublox_ws/build/rtcm_msgs -- -j4 -l4
[6.137s] DEBUG:colcon.colcon_core.event_handler.log_command:Invoking command in '/home/ej/Silverfish/ublox_ws/build/rtcm_msgs': CMAKE_PREFIX_PATH=/opt/ros/humble /usr/bin/cmake --install /home/ej/Silverfish/ublox_ws/build/rtcm_msgs
[6.620s] Level 1:colcon.colcon_core.environment:create_environment_scripts_only(rtcm_msgs)
[6.630s] Level 1:colcon.colcon_core.environment:checking '/home/ej/Silverfish/ublox_ws/install/rtcm_msgs' for CMake module files
[6.634s] DEBUG:colcon.colcon_core.event_handler.log_command:Invoked command in '/home/ej/Silverfish/ublox_ws/build/rtcm_msgs' returned '0': CMAKE_PREFIX_PATH=/opt/ros/humble /usr/bin/cmake --install /home/ej/Silverfish/ublox_ws/build/rtcm_msgs
[6.637s] Level 1:colcon.colcon_core.environment:checking '/home/ej/Silverfish/ublox_ws/install/rtcm_msgs' for CMake config files
[6.640s] Level 1:colcon.colcon_core.shell:create_environment_hook('rtcm_msgs', 'cmake_prefix_path')
[6.646s] INFO:colcon.colcon_core.shell:Creating environment hook '/home/ej/Silverfish/ublox_ws/install/rtcm_msgs/share/rtcm_msgs/hook/cmake_prefix_path.ps1'
[6.649s] INFO:colcon.colcon_core.shell:Creating environment descriptor '/home/ej/Silverfish/ublox_ws/install/rtcm_msgs/share/rtcm_msgs/hook/cmake_prefix_path.dsv'
[6.651s] INFO:colcon.colcon_core.shell:Creating environment hook '/home/ej/Silverfish/ublox_ws/install/rtcm_msgs/share/rtcm_msgs/hook/cmake_prefix_path.sh'
[6.663s] Level 1:colcon.colcon_core.environment:checking '/home/ej/Silverfish/ublox_ws/install/rtcm_msgs/lib'
[6.669s] Level 1:colcon.colcon_core.shell:create_environment_hook('rtcm_msgs', 'ld_library_path_lib')
[6.676s] INFO:colcon.colcon_core.shell:Creating environment hook '/home/ej/Silverfish/ublox_ws/install/rtcm_msgs/share/rtcm_msgs/hook/ld_library_path_lib.ps1'
[6.680s] INFO:colcon.colcon_core.shell:Creating environment descriptor '/home/ej/Silverfish/ublox_ws/install/rtcm_msgs/share/rtcm_msgs/hook/ld_library_path_lib.dsv'
[6.682s] INFO:colcon.colcon_core.shell:Creating environment hook '/home/ej/Silverfish/ublox_ws/install/rtcm_msgs/share/rtcm_msgs/hook/ld_library_path_lib.sh'
[6.686s] Level 1:colcon.colcon_core.environment:checking '/home/ej/Silverfish/ublox_ws/install/rtcm_msgs/bin'
[6.686s] Level 1:colcon.colcon_core.environment:checking '/home/ej/Silverfish/ublox_ws/install/rtcm_msgs/lib/pkgconfig/rtcm_msgs.pc'
[6.687s] Level 1:colcon.colcon_core.environment:checking '/home/ej/Silverfish/ublox_ws/install/rtcm_msgs/lib/python3.10/site-packages'
[6.688s] Level 1:colcon.colcon_core.environment:checking '/home/ej/Silverfish/ublox_ws/install/rtcm_msgs/bin'
[6.694s] INFO:colcon.colcon_core.shell:Creating package script '/home/ej/Silverfish/ublox_ws/install/rtcm_msgs/share/rtcm_msgs/package.ps1'
[6.698s] INFO:colcon.colcon_core.shell:Creating package descriptor '/home/ej/Silverfish/ublox_ws/install/rtcm_msgs/share/rtcm_msgs/package.dsv'
[6.701s] INFO:colcon.colcon_core.shell:Creating package script '/home/ej/Silverfish/ublox_ws/install/rtcm_msgs/share/rtcm_msgs/package.sh'
[6.704s] INFO:colcon.colcon_core.shell:Creating package script '/home/ej/Silverfish/ublox_ws/install/rtcm_msgs/share/rtcm_msgs/package.bash'
[6.707s] INFO:colcon.colcon_core.shell:Creating package script '/home/ej/Silverfish/ublox_ws/install/rtcm_msgs/share/rtcm_msgs/package.zsh'
[6.710s] Level 1:colcon.colcon_core.environment:create_file_with_runtime_dependencies(/home/ej/Silverfish/ublox_ws/install/rtcm_msgs/share/colcon-core/packages/rtcm_msgs)
[7.173s] Level 1:colcon.colcon_core.environment:create_environment_scripts_only(rtcm_msgs)
[7.183s] Level 1:colcon.colcon_core.environment:checking '/home/ej/Silverfish/ublox_ws/install/rtcm_msgs' for CMake module files
[7.188s] Level 1:colcon.colcon_core.environment:checking '/home/ej/Silverfish/ublox_ws/install/rtcm_msgs' for CMake config files
[7.191s] Level 1:colcon.colcon_core.shell:create_environment_hook('rtcm_msgs', 'cmake_prefix_path')
[7.196s] INFO:colcon.colcon_core.shell:Creating environment hook '/home/ej/Silverfish/ublox_ws/install/rtcm_msgs/share/rtcm_msgs/hook/cmake_prefix_path.ps1'
[7.199s] INFO:colcon.colcon_core.shell:Creating environment descriptor '/home/ej/Silverfish/ublox_ws/install/rtcm_msgs/share/rtcm_msgs/hook/cmake_prefix_path.dsv'
[7.202s] INFO:colcon.colcon_core.shell:Creating environment hook '/home/ej/Silverfish/ublox_ws/install/rtcm_msgs/share/rtcm_msgs/hook/cmake_prefix_path.sh'
[7.206s] Level 1:colcon.colcon_core.environment:checking '/home/ej/Silverfish/ublox_ws/install/rtcm_msgs/lib'
[7.206s] Level 1:colcon.colcon_core.shell:create_environment_hook('rtcm_msgs', 'ld_library_path_lib')
[7.212s] INFO:colcon.colcon_core.shell:Creating environment hook '/home/ej/Silverfish/ublox_ws/install/rtcm_msgs/share/rtcm_msgs/hook/ld_library_path_lib.ps1'
[7.218s] INFO:colcon.colcon_core.shell:Creating environment descriptor '/home/ej/Silverfish/ublox_ws/install/rtcm_msgs/share/rtcm_msgs/hook/ld_library_path_lib.dsv'
[7.222s] INFO:colcon.colcon_core.shell:Creating environment hook '/home/ej/Silverfish/ublox_ws/install/rtcm_msgs/share/rtcm_msgs/hook/ld_library_path_lib.sh'
[7.225s] Level 1:colcon.colcon_core.environment:checking '/home/ej/Silverfish/ublox_ws/install/rtcm_msgs/bin'
[7.226s] Level 1:colcon.colcon_core.environment:checking '/home/ej/Silverfish/ublox_ws/install/rtcm_msgs/lib/pkgconfig/rtcm_msgs.pc'
[7.227s] Level 1:colcon.colcon_core.environment:checking '/home/ej/Silverfish/ublox_ws/install/rtcm_msgs/lib/python3.10/site-packages'
[7.229s] Level 1:colcon.colcon_core.environment:checking '/home/ej/Silverfish/ublox_ws/install/rtcm_msgs/bin'
[7.235s] INFO:colcon.colcon_core.shell:Creating package script '/home/ej/Silverfish/ublox_ws/install/rtcm_msgs/share/rtcm_msgs/package.ps1'
[7.238s] INFO:colcon.colcon_core.shell:Creating package descriptor '/home/ej/Silverfish/ublox_ws/install/rtcm_msgs/share/rtcm_msgs/package.dsv'
[7.243s] INFO:colcon.colcon_core.shell:Creating package script '/home/ej/Silverfish/ublox_ws/install/rtcm_msgs/share/rtcm_msgs/package.sh'
[7.246s] INFO:colcon.colcon_core.shell:Creating package script '/home/ej/Silverfish/ublox_ws/install/rtcm_msgs/share/rtcm_msgs/package.bash'
[7.251s] INFO:colcon.colcon_core.shell:Creating package script '/home/ej/Silverfish/ublox_ws/install/rtcm_msgs/share/rtcm_msgs/package.zsh'
[7.258s] Level 1:colcon.colcon_core.environment:create_file_with_runtime_dependencies(/home/ej/Silverfish/ublox_ws/install/rtcm_msgs/share/colcon-core/packages/rtcm_msgs)
[7.506s] DEBUG:colcon.colcon_core.event_handler.log_command:Invoked command in '/home/ej/Silverfish/ublox_ws/build/ublox_msgs' returned '0': AMENT_PREFIX_PATH=/home/ej/Silverfish/ublox_ws/install/ublox_serialization:${AMENT_PREFIX_PATH} CMAKE_PREFIX_PATH=/home/ej/Silverfish/ublox_ws/install/ublox_serialization:/opt/ros/humble /usr/bin/cmake --build /home/ej/Silverfish/ublox_ws/build/ublox_msgs -- -j4 -l4
[18.112s] DEBUG:colcon.colcon_core.event_handler.log_command:Invoking command in '/home/ej/Silverfish/ublox_ws/build/ublox_msgs': AMENT_PREFIX_PATH=/home/ej/Silverfish/ublox_ws/install/ublox_serialization:${AMENT_PREFIX_PATH} CMAKE_PREFIX_PATH=/home/ej/Silverfish/ublox_ws/install/ublox_serialization:/opt/ros/humble /usr/bin/cmake --install /home/ej/Silverfish/ublox_ws/build/ublox_msgs
[19.298s] Level 1:colcon.colcon_core.environment:create_environment_scripts_only(ublox_msgs)
[19.307s] Level 1:colcon.colcon_core.environment:checking '/home/ej/Silverfish/ublox_ws/install/ublox_msgs' for CMake module files
[19.309s] DEBUG:colcon.colcon_core.event_handler.log_command:Invoked command in '/home/ej/Silverfish/ublox_ws/build/ublox_msgs' returned '0': AMENT_PREFIX_PATH=/home/ej/Silverfish/ublox_ws/install/ublox_serialization:${AMENT_PREFIX_PATH} CMAKE_PREFIX_PATH=/home/ej/Silverfish/ublox_ws/install/ublox_serialization:/opt/ros/humble /usr/bin/cmake --install /home/ej/Silverfish/ublox_ws/build/ublox_msgs
[19.313s] Level 1:colcon.colcon_core.environment:checking '/home/ej/Silverfish/ublox_ws/install/ublox_msgs' for CMake config files
[19.316s] Level 1:colcon.colcon_core.shell:create_environment_hook('ublox_msgs', 'cmake_prefix_path')
[19.331s] INFO:colcon.colcon_core.shell:Creating environment hook '/home/ej/Silverfish/ublox_ws/install/ublox_msgs/share/ublox_msgs/hook/cmake_prefix_path.ps1'
[19.334s] INFO:colcon.colcon_core.shell:Creating environment descriptor '/home/ej/Silverfish/ublox_ws/install/ublox_msgs/share/ublox_msgs/hook/cmake_prefix_path.dsv'
[19.338s] INFO:colcon.colcon_core.shell:Creating environment hook '/home/ej/Silverfish/ublox_ws/install/ublox_msgs/share/ublox_msgs/hook/cmake_prefix_path.sh'
[19.343s] Level 1:colcon.colcon_core.environment:checking '/home/ej/Silverfish/ublox_ws/install/ublox_msgs/lib'
[19.344s] Level 1:colcon.colcon_core.shell:create_environment_hook('ublox_msgs', 'ld_library_path_lib')
[19.350s] INFO:colcon.colcon_core.shell:Creating environment hook '/home/ej/Silverfish/ublox_ws/install/ublox_msgs/share/ublox_msgs/hook/ld_library_path_lib.ps1'
[19.353s] INFO:colcon.colcon_core.shell:Creating environment descriptor '/home/ej/Silverfish/ublox_ws/install/ublox_msgs/share/ublox_msgs/hook/ld_library_path_lib.dsv'
[19.356s] INFO:colcon.colcon_core.shell:Creating environment hook '/home/ej/Silverfish/ublox_ws/install/ublox_msgs/share/ublox_msgs/hook/ld_library_path_lib.sh'
[19.358s] Level 1:colcon.colcon_core.environment:checking '/home/ej/Silverfish/ublox_ws/install/ublox_msgs/bin'
[19.359s] Level 1:colcon.colcon_core.environment:checking '/home/ej/Silverfish/ublox_ws/install/ublox_msgs/lib/pkgconfig/ublox_msgs.pc'
[19.360s] Level 1:colcon.colcon_core.environment:checking '/home/ej/Silverfish/ublox_ws/install/ublox_msgs/lib/python3.10/site-packages'
[19.361s] Level 1:colcon.colcon_core.environment:checking '/home/ej/Silverfish/ublox_ws/install/ublox_msgs/bin'
[19.367s] INFO:colcon.colcon_core.shell:Creating package script '/home/ej/Silverfish/ublox_ws/install/ublox_msgs/share/ublox_msgs/package.ps1'
[19.370s] INFO:colcon.colcon_core.shell:Creating package descriptor '/home/ej/Silverfish/ublox_ws/install/ublox_msgs/share/ublox_msgs/package.dsv'
[19.373s] INFO:colcon.colcon_core.shell:Creating package script '/home/ej/Silverfish/ublox_ws/install/ublox_msgs/share/ublox_msgs/package.sh'
[19.376s] INFO:colcon.colcon_core.shell:Creating package script '/home/ej/Silverfish/ublox_ws/install/ublox_msgs/share/ublox_msgs/package.bash'
[19.378s] INFO:colcon.colcon_core.shell:Creating package script '/home/ej/Silverfish/ublox_ws/install/ublox_msgs/share/ublox_msgs/package.zsh'
[19.380s] Level 1:colcon.colcon_core.environment:create_file_with_runtime_dependencies(/home/ej/Silverfish/ublox_ws/install/ublox_msgs/share/colcon-core/packages/ublox_msgs)
[29.888s] Level 1:colcon.colcon_core.environment:create_environment_scripts_only(ublox_msgs)
[29.896s] Level 1:colcon.colcon_core.environment:checking '/home/ej/Silverfish/ublox_ws/install/ublox_msgs' for CMake module files
[29.901s] Level 1:colcon.colcon_core.environment:checking '/home/ej/Silverfish/ublox_ws/install/ublox_msgs' for CMake config files
[29.904s] Level 1:colcon.colcon_core.shell:create_environment_hook('ublox_msgs', 'cmake_prefix_path')
[29.909s] INFO:colcon.colcon_core.shell:Creating environment hook '/home/ej/Silverfish/ublox_ws/install/ublox_msgs/share/ublox_msgs/hook/cmake_prefix_path.ps1'
[29.912s] INFO:colcon.colcon_core.shell:Creating environment descriptor '/home/ej/Silverfish/ublox_ws/install/ublox_msgs/share/ublox_msgs/hook/cmake_prefix_path.dsv'
[29.914s] INFO:colcon.colcon_core.shell:Creating environment hook '/home/ej/Silverfish/ublox_ws/install/ublox_msgs/share/ublox_msgs/hook/cmake_prefix_path.sh'
[29.918s] Level 1:colcon.colcon_core.environment:checking '/home/ej/Silverfish/ublox_ws/install/ublox_msgs/lib'
[29.918s] Level 1:colcon.colcon_core.shell:create_environment_hook('ublox_msgs', 'ld_library_path_lib')
[29.930s] INFO:colcon.colcon_core.shell:Creating environment hook '/home/ej/Silverfish/ublox_ws/install/ublox_msgs/share/ublox_msgs/hook/ld_library_path_lib.ps1'
[29.935s] INFO:colcon.colcon_core.shell:Creating environment descriptor '/home/ej/Silverfish/ublox_ws/install/ublox_msgs/share/ublox_msgs/hook/ld_library_path_lib.dsv'
[29.938s] INFO:colcon.colcon_core.shell:Creating environment hook '/home/ej/Silverfish/ublox_ws/install/ublox_msgs/share/ublox_msgs/hook/ld_library_path_lib.sh'
[29.941s] Level 1:colcon.colcon_core.environment:checking '/home/ej/Silverfish/ublox_ws/install/ublox_msgs/bin'
[29.942s] Level 1:colcon.colcon_core.environment:checking '/home/ej/Silverfish/ublox_ws/install/ublox_msgs/lib/pkgconfig/ublox_msgs.pc'
[29.943s] Level 1:colcon.colcon_core.environment:checking '/home/ej/Silverfish/ublox_ws/install/ublox_msgs/lib/python3.10/site-packages'
[29.944s] Level 1:colcon.colcon_core.environment:checking '/home/ej/Silverfish/ublox_ws/install/ublox_msgs/bin'
[29.950s] INFO:colcon.colcon_core.shell:Creating package script '/home/ej/Silverfish/ublox_ws/install/ublox_msgs/share/ublox_msgs/package.ps1'
[29.953s] INFO:colcon.colcon_core.shell:Creating package descriptor '/home/ej/Silverfish/ublox_ws/install/ublox_msgs/share/ublox_msgs/package.dsv'
[29.956s] INFO:colcon.colcon_core.shell:Creating package script '/home/ej/Silverfish/ublox_ws/install/ublox_msgs/share/ublox_msgs/package.sh'
[29.958s] INFO:colcon.colcon_core.shell:Creating package script '/home/ej/Silverfish/ublox_ws/install/ublox_msgs/share/ublox_msgs/package.bash'
[29.960s] INFO:colcon.colcon_core.shell:Creating package script '/home/ej/Silverfish/ublox_ws/install/ublox_msgs/share/ublox_msgs/package.zsh'
[29.962s] Level 1:colcon.colcon_core.environment:create_file_with_runtime_dependencies(/home/ej/Silverfish/ublox_ws/install/ublox_msgs/share/colcon-core/packages/ublox_msgs)
[29.964s] INFO:colcon.colcon_ros.task.ament_cmake.build:Building ROS package in '/home/ej/Silverfish/ublox_ws/src/ublox/ublox_gps' with build type 'ament_cmake'
[29.965s] INFO:colcon.colcon_cmake.task.cmake.build:Building CMake package in '/home/ej/Silverfish/ublox_ws/src/ublox/ublox_gps'
[29.970s] INFO:colcon.colcon_core.shell:Skip shell extension 'powershell' for command environment: Not usable outside of PowerShell
[29.971s] DEBUG:colcon.colcon_core.shell:Skip shell extension 'dsv' for command environment
[30.051s] DEBUG:colcon.colcon_core.event_handler.log_command:Invoking command in '/home/ej/Silverfish/ublox_ws/build/ublox_gps': AMENT_PREFIX_PATH=/home/ej/Silverfish/ublox_ws/install/ublox_msgs:/home/ej/Silverfish/ublox_ws/install/ublox_serialization:/home/ej/Silverfish/ublox_ws/install/rtcm_msgs:${AMENT_PREFIX_PATH} CMAKE_PREFIX_PATH=/home/ej/Silverfish/ublox_ws/install/ublox_msgs:/home/ej/Silverfish/ublox_ws/install/ublox_serialization:/home/ej/Silverfish/ublox_ws/install/rtcm_msgs:/opt/ros/humble LD_LIBRARY_PATH=/home/ej/Silverfish/ublox_ws/install/ublox_msgs/lib:/home/ej/Silverfish/ublox_ws/install/rtcm_msgs/lib:${LD_LIBRARY_PATH} PYTHONPATH=/home/ej/Silverfish/ublox_ws/install/ublox_msgs/local/lib/python3.10/dist-packages:/home/ej/Silverfish/ublox_ws/install/rtcm_msgs/local/lib/python3.10/dist-packages:${PYTHONPATH} /usr/bin/cmake --build /home/ej/Silverfish/ublox_ws/build/ublox_gps -- -j4 -l4
[31.852s] DEBUG:colcon.colcon_core.event_handler.log_command:Invoked command in '/home/ej/Silverfish/ublox_ws/build/ublox_gps' returned '2': AMENT_PREFIX_PATH=/home/ej/Silverfish/ublox_ws/install/ublox_msgs:/home/ej/Silverfish/ublox_ws/install/ublox_serialization:/home/ej/Silverfish/ublox_ws/install/rtcm_msgs:${AMENT_PREFIX_PATH} CMAKE_PREFIX_PATH=/home/ej/Silverfish/ublox_ws/install/ublox_msgs:/home/ej/Silverfish/ublox_ws/install/ublox_serialization:/home/ej/Silverfish/ublox_ws/install/rtcm_msgs:/opt/ros/humble LD_LIBRARY_PATH=/home/ej/Silverfish/ublox_ws/install/ublox_msgs/lib:/home/ej/Silverfish/ublox_ws/install/rtcm_msgs/lib:${LD_LIBRARY_PATH} PYTHONPATH=/home/ej/Silverfish/ublox_ws/install/ublox_msgs/local/lib/python3.10/dist-packages:/home/ej/Silverfish/ublox_ws/install/rtcm_msgs/local/lib/python3.10/dist-packages:${PYTHONPATH} /usr/bin/cmake --build /home/ej/Silverfish/ublox_ws/build/ublox_gps -- -j4 -l4
[32.313s] Level 1:colcon.colcon_core.environment:create_environment_scripts_only(ublox_gps)
[32.321s] Level 1:colcon.colcon_core.environment:checking '/home/ej/Silverfish/ublox_ws/install/ublox_gps' for CMake module files
[32.324s] Level 1:colcon.colcon_core.environment:checking '/home/ej/Silverfish/ublox_ws/install/ublox_gps' for CMake config files
[32.326s] Level 1:colcon.colcon_core.environment:checking '/home/ej/Silverfish/ublox_ws/install/ublox_gps/bin'
[32.327s] Level 1:colcon.colcon_core.environment:checking '/home/ej/Silverfish/ublox_ws/install/ublox_gps/lib/pkgconfig/ublox_gps.pc'
[32.328s] Level 1:colcon.colcon_core.environment:checking '/home/ej/Silverfish/ublox_ws/install/ublox_gps/lib/python3.10/site-packages'
[32.329s] Level 1:colcon.colcon_core.environment:checking '/home/ej/Silverfish/ublox_ws/install/ublox_gps/bin'
[32.335s] INFO:colcon.colcon_core.shell:Creating package script '/home/ej/Silverfish/ublox_ws/install/ublox_gps/share/ublox_gps/package.ps1'
[32.338s] INFO:colcon.colcon_core.shell:Creating package descriptor '/home/ej/Silverfish/ublox_ws/install/ublox_gps/share/ublox_gps/package.dsv'
[32.341s] INFO:colcon.colcon_core.shell:Creating package script '/home/ej/Silverfish/ublox_ws/install/ublox_gps/share/ublox_gps/package.sh'
[32.343s] INFO:colcon.colcon_core.shell:Creating package script '/home/ej/Silverfish/ublox_ws/install/ublox_gps/share/ublox_gps/package.bash'
[32.346s] INFO:colcon.colcon_core.shell:Creating package script '/home/ej/Silverfish/ublox_ws/install/ublox_gps/share/ublox_gps/package.zsh'
[32.348s] Level 1:colcon.colcon_core.environment:create_file_with_runtime_dependencies(/home/ej/Silverfish/ublox_ws/install/ublox_gps/share/colcon-core/packages/ublox_gps)
[32.361s] DEBUG:colcon.colcon_parallel_executor.executor.parallel:closing loop
[32.365s] DEBUG:colcon.colcon_parallel_executor.executor.parallel:loop closed
[32.368s] DEBUG:colcon.colcon_parallel_executor.executor.parallel:run_until_complete finished with '2'
[32.370s] DEBUG:colcon.colcon_core.event_reactor:joining thread
[32.404s] INFO:colcon.colcon_core.plugin_system:Skipping extension 'colcon_notification.desktop_notification.terminal_notifier': Not used on non-Darwin systems
[32.405s] INFO:colcon.colcon_core.plugin_system:Skipping extension 'colcon_notification.desktop_notification.win32': Not used on non-Windows systems
[32.405s] INFO:colcon.colcon_notification.desktop_notification:Sending desktop notification using 'notify2'
[32.511s] DEBUG:colcon.colcon_core.event_reactor:joined thread
[32.524s] INFO:colcon.colcon_core.shell:Creating prefix script '/home/ej/Silverfish/ublox_ws/install/local_setup.ps1'
[32.528s] INFO:colcon.colcon_core.shell:Creating prefix util module '/home/ej/Silverfish/ublox_ws/install/_local_setup_util_ps1.py'
[32.535s] INFO:colcon.colcon_core.shell:Creating prefix chain script '/home/ej/Silverfish/ublox_ws/install/setup.ps1'
[32.544s] INFO:colcon.colcon_core.shell:Creating prefix script '/home/ej/Silverfish/ublox_ws/install/local_setup.sh'
[32.548s] INFO:colcon.colcon_core.shell:Creating prefix util module '/home/ej/Silverfish/ublox_ws/install/_local_setup_util_sh.py'
[32.553s] INFO:colcon.colcon_core.shell:Creating prefix chain script '/home/ej/Silverfish/ublox_ws/install/setup.sh'
[32.564s] INFO:colcon.colcon_core.shell:Creating prefix script '/home/ej/Silverfish/ublox_ws/install/local_setup.bash'
[32.568s] INFO:colcon.colcon_core.shell:Creating prefix chain script '/home/ej/Silverfish/ublox_ws/install/setup.bash'
[32.577s] INFO:colcon.colcon_core.shell:Creating prefix script '/home/ej/Silverfish/ublox_ws/install/local_setup.zsh'
[32.583s] INFO:colcon.colcon_core.shell:Creating prefix chain script '/home/ej/Silverfish/ublox_ws/install/setup.zsh'
