[0.080s] Invoking command in '/home/ej/Silverfish/ublox_ws/build/ublox_gps': AMENT_PREFIX_PATH=/home/ej/Silverfish/ublox_ws/install/ublox_msgs:/home/ej/Silverfish/ublox_ws/install/ublox_serialization:${AMENT_PREFIX_PATH} CMAKE_PREFIX_PATH=/home/ej/Silverfish/ublox_ws/install/ublox_msgs:/home/ej/Silverfish/ublox_ws/install/ublox_serialization:/opt/ros/humble LD_LIBRARY_PATH=/home/ej/Silverfish/ublox_ws/install/ublox_msgs/lib:${LD_LIBRARY_PATH} PYTHONPATH=/home/ej/Silverfish/ublox_ws/install/ublox_msgs/local/lib/python3.10/dist-packages:${PYTHONPATH} /usr/bin/cmake /home/ej/Silverfish/ublox_ws/src/ublox/ublox_gps -DCMAKE_INSTALL_PREFIX=/home/ej/Silverfish/ublox_ws/install/ublox_gps
[0.154s] -- Found ament_cmake_ros: 0.10.0 (/opt/ros/humble/share/ament_cmake_ros/cmake)
[1.007s] -- Found diagnostic_msgs: 4.2.2 (/opt/ros/humble/share/diagnostic_msgs/cmake)
[1.161s] -- Found rosidl_generator_c: 3.1.4 (/opt/ros/humble/share/rosidl_generator_c/cmake)
[1.173s] -- Found rosidl_adapter: 3.1.4 (/opt/ros/humble/share/rosidl_adapter/cmake)
[1.206s] -- Found rosidl_generator_cpp: 3.1.4 (/opt/ros/humble/share/rosidl_generator_cpp/cmake)
[1.258s] -- Using all available rosidl_typesupport_c: rosidl_typesupport_fastrtps_c;rosidl_typesupport_introspection_c
[1.341s] -- Using all available rosidl_typesupport_cpp: rosidl_typesupport_fastrtps_cpp;rosidl_typesupport_introspection_cpp
[3.244s] -- Found rosgraph_msgs: 1.2.1 (/opt/ros/humble/share/rosgraph_msgs/cmake)
[9.454s] -- Found geometry_msgs: 4.2.2 (/opt/ros/humble/share/geometry_msgs/cmake)
[9.640s] -- Found rcl_interfaces: 1.2.1 (/opt/ros/humble/share/rcl_interfaces/cmake)
[9.768s] -- Found rclcpp: 16.0.2 (/opt/ros/humble/share/rclcpp/cmake)
[9.850s] -- Found rmw_implementation_cmake: 6.1.1 (/opt/ros/humble/share/rmw_implementation_cmake/cmake)
[9.857s] -- Found rmw_fastrtps_cpp: 6.2.2 (/opt/ros/humble/share/rmw_fastrtps_cpp/cmake)
[10.657s] -- Using RMW implementation 'rmw_fastrtps_cpp' as default
[11.144s] -- Found rclcpp_components: 16.0.2 (/opt/ros/humble/share/rclcpp_components/cmake)
[11.391s] -- Found sensor_msgs: 4.2.2 (/opt/ros/humble/share/sensor_msgs/cmake)
[11.732s] -- Found tf2: 0.25.1 (/opt/ros/humble/share/tf2/cmake)
[11.761s] -- Found ublox_msgs: 2.3.0 (/home/ej/Silverfish/ublox_ws/install/ublox_msgs/share/ublox_msgs/cmake)
[12.269s] [31mCMake Error at CMakeLists.txt:28 (find_package):
[12.269s]   By not providing "Findrtcm_msgs.cmake" in CMAKE_MODULE_PATH this project
[12.270s]   has asked CMake to find a package configuration file provided by
[12.270s]   "rtcm_msgs", but CMake did not find one.
[12.270s] 
[12.271s]   Could not find a package configuration file provided by "rtcm_msgs" with
[12.271s]   any of the following names:
[12.272s] 
[12.274s]     rtcm_msgsConfig.cmake
[12.274s]     rtcm_msgs-config.cmake
[12.275s] 
[12.276s]   Add the installation prefix of "rtcm_msgs" to CMAKE_PREFIX_PATH or set
[12.277s]   "rtcm_msgs_DIR" to a directory containing one of the above files.  If
[12.279s]   "rtcm_msgs" provides a separate development package or SDK, be sure it has
[12.280s]   been installed.
[12.281s] 
[12.282s] [0m
[12.283s] -- Configuring incomplete, errors occurred!
[12.284s] See also "/home/ej/Silverfish/ublox_ws/build/ublox_gps/CMakeFiles/CMakeOutput.log".
[12.316s] Invoked command in '/home/ej/Silverfish/ublox_ws/build/ublox_gps' returned '1': AMENT_PREFIX_PATH=/home/ej/Silverfish/ublox_ws/install/ublox_msgs:/home/ej/Silverfish/ublox_ws/install/ublox_serialization:${AMENT_PREFIX_PATH} CMAKE_PREFIX_PATH=/home/ej/Silverfish/ublox_ws/install/ublox_msgs:/home/ej/Silverfish/ublox_ws/install/ublox_serialization:/opt/ros/humble LD_LIBRARY_PATH=/home/ej/Silverfish/ublox_ws/install/ublox_msgs/lib:${LD_LIBRARY_PATH} PYTHONPATH=/home/ej/Silverfish/ublox_ws/install/ublox_msgs/local/lib/python3.10/dist-packages:${PYTHONPATH} /usr/bin/cmake /home/ej/Silverfish/ublox_ws/src/ublox/ublox_gps -DCMAKE_INSTALL_PREFIX=/home/ej/Silverfish/ublox_ws/install/ublox_gps
