-- Found ament_cmake_ros: 0.10.0 (/opt/ros/humble/share/ament_cmake_ros/cmake)
-- Found diagnostic_msgs: 4.2.2 (/opt/ros/humble/share/diagnostic_msgs/cmake)
-- Found rosidl_generator_c: 3.1.4 (/opt/ros/humble/share/rosidl_generator_c/cmake)
-- Found rosidl_adapter: 3.1.4 (/opt/ros/humble/share/rosidl_adapter/cmake)
-- Found rosidl_generator_cpp: 3.1.4 (/opt/ros/humble/share/rosidl_generator_cpp/cmake)
-- Using all available rosidl_typesupport_c: rosidl_typesupport_fastrtps_c;rosidl_typesupport_introspection_c
-- Using all available rosidl_typesupport_cpp: rosidl_typesupport_fastrtps_cpp;rosidl_typesupport_introspection_cpp
-- Found diagnostic_updater: 3.0.0 (/opt/ros/humble/share/diagnostic_updater/cmake)
-- Found rmw_implementation_cmake: 6.1.1 (/opt/ros/humble/share/rmw_implementation_cmake/cmake)
-- Found rmw_fastrtps_cpp: 6.2.2 (/opt/ros/humble/share/rmw_fastrtps_cpp/cmake)
-- Using RMW implementation 'rmw_fastrtps_cpp' as default
-- Found geometry_msgs: 4.2.2 (/opt/ros/humble/share/geometry_msgs/cmake)
-- Found rclcpp_components: 16.0.2 (/opt/ros/humble/share/rclcpp_components/cmake)
-- Found sensor_msgs: 4.2.2 (/opt/ros/humble/share/sensor_msgs/cmake)
-- Found tf2: 0.25.1 (/opt/ros/humble/share/tf2/cmake)
-- Found ublox_msgs: 2.3.0 (/home/ej/Silverfish/ublox_ws/install/ublox_msgs/share/ublox_msgs/cmake)
-- Found rtcm_msgs: 1.1.0 (/home/ej/Silverfish/ublox_ws/install/rtcm_msgs/share/rtcm_msgs/cmake)
-- Configuring done
-- Generating done
-- Build files have been written to: /home/ej/Silverfish/ublox_ws/build/ublox_gps
[35m[1mConsolidate compiler generated dependencies of target ublox_gps[0m
[  4%] [32mBuilding CXX object CMakeFiles/ublox_gps.dir/src/adr_udr_product.cpp.o[0m
[  9%] [32mBuilding CXX object CMakeFiles/ublox_gps.dir/src/gnss.cpp.o[0m
[ 13%] [32mBuilding CXX object CMakeFiles/ublox_gps.dir/src/hp_pos_rec_product.cpp.o[0m
[ 18%] [32mBuilding CXX object CMakeFiles/ublox_gps.dir/src/hpg_ref_product.cpp.o[0m
[ 22%] [32mBuilding CXX object CMakeFiles/ublox_gps.dir/src/gps.cpp.o[0m
[ 27%] [32mBuilding CXX object CMakeFiles/ublox_gps.dir/src/node.cpp.o[0m
[ 31%] [32mBuilding CXX object CMakeFiles/ublox_gps.dir/src/raw_data_pa.cpp.o[0m
[ 36%] [32mBuilding C object CMakeFiles/ublox_gps.dir/src/mkgmtime.c.o[0m
[ 40%] [32mBuilding CXX object CMakeFiles/ublox_gps.dir/src/hpg_rov_product.cpp.o[0m
[ 45%] [32mBuilding CXX object CMakeFiles/ublox_gps.dir/src/ublox_firmware.cpp.o[0m
[ 50%] [32mBuilding CXX object CMakeFiles/ublox_gps.dir/src/tim_product.cpp.o[0m
[ 54%] [32mBuilding CXX object CMakeFiles/ublox_gps.dir/src/ublox_firmware6.cpp.o[0m
[ 59%] [32mBuilding CXX object CMakeFiles/ublox_gps.dir/src/raw_data_product.cpp.o[0m
[ 63%] [32mBuilding CXX object CMakeFiles/ublox_gps.dir/src/ublox_firmware9.cpp.o[0m
[ 72%] [32mBuilding CXX object CMakeFiles/ublox_gps.dir/src/ublox_firmware7.cpp.o[0m
[ 72%] [32mBuilding CXX object CMakeFiles/ublox_gps.dir/src/ublox_firmware8.cpp.o[0m
[ 77%] [32m[1mLinking CXX shared library libublox_gps.so[0m
[ 77%] Built target ublox_gps
[ 81%] [32mBuilding CXX object CMakeFiles/ublox_gps_node.dir/src/node_main.cpp.o[0m
[ 86%] [32mBuilding CXX object CMakeFiles/ublox_logger.dir/src/logger_node_pa.cpp.o[0m
[ 90%] [32mBuilding CXX object CMakeFiles/ublox_logger.dir/src/raw_data_pa.cpp.o[0m
[ 95%] [32m[1mLinking CXX executable ublox_gps_node[0m
[ 95%] Built target ublox_gps_node
[100%] [32m[1mLinking CXX executable ublox_logger[0m
[100%] Built target ublox_logger
-- Install configuration: ""
-- Installing: /home/ej/Silverfish/ublox_ws/install/ublox_gps/lib/libublox_gps.so
-- Set runtime path of "/home/ej/Silverfish/ublox_ws/install/ublox_gps/lib/libublox_gps.so" to ""
-- Installing: /home/ej/Silverfish/ublox_ws/install/ublox_gps/lib/ublox_gps/ublox_gps_node
-- Set runtime path of "/home/ej/Silverfish/ublox_ws/install/ublox_gps/lib/ublox_gps/ublox_gps_node" to ""
-- Installing: /home/ej/Silverfish/ublox_ws/install/ublox_gps/lib/ublox_gps/ublox_logger
-- Set runtime path of "/home/ej/Silverfish/ublox_ws/install/ublox_gps/lib/ublox_gps/ublox_logger" to ""
-- Installing: /home/ej/Silverfish/ublox_ws/install/ublox_gps/include/ublox_gps
-- Installing: /home/ej/Silverfish/ublox_ws/install/ublox_gps/include/ublox_gps/ublox_gps
-- Installing: /home/ej/Silverfish/ublox_ws/install/ublox_gps/include/ublox_gps/ublox_gps/ublox_firmware.hpp
-- Installing: /home/ej/Silverfish/ublox_ws/install/ublox_gps/include/ublox_gps/ublox_gps/adr_udr_product.hpp
-- Installing: /home/ej/Silverfish/ublox_ws/install/ublox_gps/include/ublox_gps/ublox_gps/hpg_ref_product.hpp
-- Installing: /home/ej/Silverfish/ublox_ws/install/ublox_gps/include/ublox_gps/ublox_gps/raw_data_pa.hpp
-- Installing: /home/ej/Silverfish/ublox_ws/install/ublox_gps/include/ublox_gps/ublox_gps/ublox_firmware7.hpp
-- Installing: /home/ej/Silverfish/ublox_ws/install/ublox_gps/include/ublox_gps/ublox_gps/mkgmtime.h
-- Installing: /home/ej/Silverfish/ublox_ws/install/ublox_gps/include/ublox_gps/ublox_gps/tim_product.hpp
-- Installing: /home/ej/Silverfish/ublox_ws/install/ublox_gps/include/ublox_gps/ublox_gps/node.hpp
-- Installing: /home/ej/Silverfish/ublox_ws/install/ublox_gps/include/ublox_gps/ublox_gps/utils.hpp
-- Installing: /home/ej/Silverfish/ublox_ws/install/ublox_gps/include/ublox_gps/ublox_gps/ublox_firmware8.hpp
-- Installing: /home/ej/Silverfish/ublox_ws/install/ublox_gps/include/ublox_gps/ublox_gps/callback.hpp
-- Installing: /home/ej/Silverfish/ublox_ws/install/ublox_gps/include/ublox_gps/ublox_gps/ublox_firmware7plus.hpp
-- Installing: /home/ej/Silverfish/ublox_ws/install/ublox_gps/include/ublox_gps/ublox_gps/ublox_firmware9.hpp
-- Installing: /home/ej/Silverfish/ublox_ws/install/ublox_gps/include/ublox_gps/ublox_gps/gps.hpp
-- Installing: /home/ej/Silverfish/ublox_ws/install/ublox_gps/include/ublox_gps/ublox_gps/rtcm.hpp
-- Installing: /home/ej/Silverfish/ublox_ws/install/ublox_gps/include/ublox_gps/ublox_gps/async_worker.hpp
-- Installing: /home/ej/Silverfish/ublox_ws/install/ublox_gps/include/ublox_gps/ublox_gps/hp_pos_rec_product.hpp
-- Installing: /home/ej/Silverfish/ublox_ws/install/ublox_gps/include/ublox_gps/ublox_gps/hpg_rov_product.hpp
-- Installing: /home/ej/Silverfish/ublox_ws/install/ublox_gps/include/ublox_gps/ublox_gps/worker.hpp
-- Installing: /home/ej/Silverfish/ublox_ws/install/ublox_gps/include/ublox_gps/ublox_gps/fts_product.hpp
-- Installing: /home/ej/Silverfish/ublox_ws/install/ublox_gps/include/ublox_gps/ublox_gps/ublox_firmware6.hpp
-- Installing: /home/ej/Silverfish/ublox_ws/install/ublox_gps/include/ublox_gps/ublox_gps/ublox_topic_diagnostic.hpp
-- Installing: /home/ej/Silverfish/ublox_ws/install/ublox_gps/include/ublox_gps/ublox_gps/gnss.hpp
-- Installing: /home/ej/Silverfish/ublox_ws/install/ublox_gps/include/ublox_gps/ublox_gps/component_interface.hpp
-- Installing: /home/ej/Silverfish/ublox_ws/install/ublox_gps/include/ublox_gps/ublox_gps/fix_diagnostic.hpp
-- Installing: /home/ej/Silverfish/ublox_ws/install/ublox_gps/include/ublox_gps/ublox_gps/raw_data_product.hpp
-- Installing: /home/ej/Silverfish/ublox_ws/install/ublox_gps/share/ublox_gps/launch
-- Installing: /home/ej/Silverfish/ublox_ws/install/ublox_gps/share/ublox_gps/launch/ublox_gps_node-composed-launch.py
-- Installing: /home/ej/Silverfish/ublox_ws/install/ublox_gps/share/ublox_gps/launch/ublox_gps_node-launch.py
-- Installing: /home/ej/Silverfish/ublox_ws/install/ublox_gps/share/ublox_gps/config
-- Installing: /home/ej/Silverfish/ublox_ws/install/ublox_gps/share/ublox_gps/config/c94_m8p_rover.yaml
-- Installing: /home/ej/Silverfish/ublox_ws/install/ublox_gps/share/ublox_gps/config/c94_m8t_rover.yaml
-- Installing: /home/ej/Silverfish/ublox_ws/install/ublox_gps/share/ublox_gps/config/c94_m8p_base.yaml
-- Installing: /home/ej/Silverfish/ublox_ws/install/ublox_gps/share/ublox_gps/config/nmea.yaml
-- Installing: /home/ej/Silverfish/ublox_ws/install/ublox_gps/share/ublox_gps/config/c94_m8t_base.yaml
-- Installing: /home/ej/Silverfish/ublox_ws/install/ublox_gps/share/ublox_gps/config/zed_f9p.yaml
-- Installing: /home/ej/Silverfish/ublox_ws/install/ublox_gps/share/ublox_gps/config/neo_m8u_rover.yaml
-- Installing: /home/ej/Silverfish/ublox_ws/install/ublox_gps/share/ament_index/resource_index/package_run_dependencies/ublox_gps
-- Installing: /home/ej/Silverfish/ublox_ws/install/ublox_gps/share/ament_index/resource_index/parent_prefix_path/ublox_gps
-- Installing: /home/ej/Silverfish/ublox_ws/install/ublox_gps/share/ublox_gps/environment/ament_prefix_path.sh
-- Installing: /home/ej/Silverfish/ublox_ws/install/ublox_gps/share/ublox_gps/environment/ament_prefix_path.dsv
-- Installing: /home/ej/Silverfish/ublox_ws/install/ublox_gps/share/ublox_gps/environment/path.sh
-- Installing: /home/ej/Silverfish/ublox_ws/install/ublox_gps/share/ublox_gps/environment/path.dsv
-- Installing: /home/ej/Silverfish/ublox_ws/install/ublox_gps/share/ublox_gps/local_setup.bash
-- Installing: /home/ej/Silverfish/ublox_ws/install/ublox_gps/share/ublox_gps/local_setup.sh
-- Installing: /home/ej/Silverfish/ublox_ws/install/ublox_gps/share/ublox_gps/local_setup.zsh
-- Installing: /home/ej/Silverfish/ublox_ws/install/ublox_gps/share/ublox_gps/local_setup.dsv
-- Installing: /home/ej/Silverfish/ublox_ws/install/ublox_gps/share/ublox_gps/package.dsv
-- Installing: /home/ej/Silverfish/ublox_ws/install/ublox_gps/share/ament_index/resource_index/packages/ublox_gps
-- Installing: /home/ej/Silverfish/ublox_ws/install/ublox_gps/share/ament_index/resource_index/rclcpp_components/ublox_gps
-- Installing: /home/ej/Silverfish/ublox_ws/install/ublox_gps/share/ublox_gps/cmake/export_ublox_gpsExport.cmake
-- Installing: /home/ej/Silverfish/ublox_ws/install/ublox_gps/share/ublox_gps/cmake/export_ublox_gpsExport-noconfig.cmake
-- Installing: /home/ej/Silverfish/ublox_ws/install/ublox_gps/share/ublox_gps/cmake/ament_cmake_export_include_directories-extras.cmake
-- Installing: /home/ej/Silverfish/ublox_ws/install/ublox_gps/share/ublox_gps/cmake/ament_cmake_export_targets-extras.cmake
-- Installing: /home/ej/Silverfish/ublox_ws/install/ublox_gps/share/ublox_gps/cmake/ublox_gpsConfig.cmake
-- Installing: /home/ej/Silverfish/ublox_ws/install/ublox_gps/share/ublox_gps/cmake/ublox_gpsConfig-version.cmake
-- Installing: /home/ej/Silverfish/ublox_ws/install/ublox_gps/share/ublox_gps/package.xml
