[1.265s] DEBUG:colcon:Command line arguments: ['/usr/bin/colcon', 'build']
[1.266s] DEBUG:colcon:Parsed command line arguments: Namespace(log_base=None, log_level=None, verb_name='build', build_base='build', install_base='install', merge_install=False, symlink_install=False, test_result_base=None, continue_on_error=False, executor='parallel', parallel_workers=4, event_handlers=None, ignore_user_meta=False, metas=['./colcon.meta'], base_paths=['.'], packages_ignore=None, packages_ignore_regex=None, paths=None, packages_up_to=None, packages_up_to_regex=None, packages_above=None, packages_above_and_dependencies=None, packages_above_depth=None, packages_select_by_dep=None, packages_skip_by_dep=None, packages_skip_up_to=None, packages_select_build_failed=False, packages_skip_build_finished=False, packages_select_test_failures=False, packages_skip_test_passed=False, packages_select=None, packages_skip=None, packages_select_regex=None, packages_skip_regex=None, packages_start=None, packages_end=None, allow_overriding=[], cmake_args=None, cmake_target=None, cmake_target_skip_unavailable=False, cmake_clean_cache=False, cmake_clean_first=False, cmake_force_configure=False, ament_cmake_args=None, catkin_cmake_args=None, catkin_skip_building_tests=False, verb_parser=<colcon_defaults.argument_parser.defaults.DefaultArgumentsDecorator object at 0xffff8bd52b30>, verb_extension=<colcon_core.verb.build.BuildVerb object at 0xffff8c7ae1d0>, main=<bound method BuildVerb.main of <colcon_core.verb.build.BuildVerb object at 0xffff8c7ae1d0>>)
[1.361s] Level 1:colcon.colcon_core.package_discovery:discover_packages(colcon_meta) check parameters
[1.362s] Level 1:colcon.colcon_core.package_discovery:discover_packages(recursive) check parameters
[1.362s] Level 1:colcon.colcon_core.package_discovery:discover_packages(ignore) check parameters
[1.362s] Level 1:colcon.colcon_core.package_discovery:discover_packages(path) check parameters
[1.362s] Level 1:colcon.colcon_core.package_discovery:discover_packages(colcon_meta) discover
[1.363s] Level 1:colcon.colcon_core.package_discovery:discover_packages(recursive) discover
[1.363s] INFO:colcon.colcon_core.package_discovery:Crawling recursively for packages in '/home/ej/Silverfish/ublox_ws'
[1.363s] Level 1:colcon.colcon_core.package_identification:_identify(.) by extensions ['ignore', 'ignore_ament_install']
[1.364s] Level 1:colcon.colcon_core.package_identification:_identify(.) by extension 'ignore'
[1.364s] Level 1:colcon.colcon_core.package_identification:_identify(.) by extension 'ignore_ament_install'
[1.365s] Level 1:colcon.colcon_core.package_identification:_identify(.) by extensions ['colcon_pkg']
[1.365s] Level 1:colcon.colcon_core.package_identification:_identify(.) by extension 'colcon_pkg'
[1.365s] Level 1:colcon.colcon_core.package_identification:_identify(.) by extensions ['colcon_meta']
[1.365s] Level 1:colcon.colcon_core.package_identification:_identify(.) by extension 'colcon_meta'
[1.365s] Level 1:colcon.colcon_core.package_identification:_identify(.) by extensions ['ros']
[1.365s] Level 1:colcon.colcon_core.package_identification:_identify(.) by extension 'ros'
[1.450s] Level 1:colcon.colcon_core.package_identification:_identify(.) by extensions ['cmake', 'python']
[1.450s] Level 1:colcon.colcon_core.package_identification:_identify(.) by extension 'cmake'
[1.450s] Level 1:colcon.colcon_core.package_identification:_identify(.) by extension 'python'
[1.451s] Level 1:colcon.colcon_core.package_identification:_identify(.) by extensions ['python_setup_py']
[1.451s] Level 1:colcon.colcon_core.package_identification:_identify(.) by extension 'python_setup_py'
[1.451s] Level 1:colcon.colcon_core.package_identification:_identify(build) by extensions ['ignore', 'ignore_ament_install']
[1.452s] Level 1:colcon.colcon_core.package_identification:_identify(build) by extension 'ignore'
[1.452s] Level 1:colcon.colcon_core.package_identification:_identify(build) ignored
[1.453s] Level 1:colcon.colcon_core.package_identification:_identify(install) by extensions ['ignore', 'ignore_ament_install']
[1.453s] Level 1:colcon.colcon_core.package_identification:_identify(install) by extension 'ignore'
[1.453s] Level 1:colcon.colcon_core.package_identification:_identify(install) ignored
[1.454s] Level 1:colcon.colcon_core.package_identification:_identify(log) by extensions ['ignore', 'ignore_ament_install']
[1.454s] Level 1:colcon.colcon_core.package_identification:_identify(log) by extension 'ignore'
[1.454s] Level 1:colcon.colcon_core.package_identification:_identify(log) ignored
[1.455s] Level 1:colcon.colcon_core.package_identification:_identify(src) by extensions ['ignore', 'ignore_ament_install']
[1.455s] Level 1:colcon.colcon_core.package_identification:_identify(src) by extension 'ignore'
[1.455s] Level 1:colcon.colcon_core.package_identification:_identify(src) by extension 'ignore_ament_install'
[1.455s] Level 1:colcon.colcon_core.package_identification:_identify(src) by extensions ['colcon_pkg']
[1.455s] Level 1:colcon.colcon_core.package_identification:_identify(src) by extension 'colcon_pkg'
[1.456s] Level 1:colcon.colcon_core.package_identification:_identify(src) by extensions ['colcon_meta']
[1.456s] Level 1:colcon.colcon_core.package_identification:_identify(src) by extension 'colcon_meta'
[1.456s] Level 1:colcon.colcon_core.package_identification:_identify(src) by extensions ['ros']
[1.456s] Level 1:colcon.colcon_core.package_identification:_identify(src) by extension 'ros'
[1.456s] Level 1:colcon.colcon_core.package_identification:_identify(src) by extensions ['cmake', 'python']
[1.456s] Level 1:colcon.colcon_core.package_identification:_identify(src) by extension 'cmake'
[1.457s] Level 1:colcon.colcon_core.package_identification:_identify(src) by extension 'python'
[1.457s] Level 1:colcon.colcon_core.package_identification:_identify(src) by extensions ['python_setup_py']
[1.457s] Level 1:colcon.colcon_core.package_identification:_identify(src) by extension 'python_setup_py'
[1.457s] Level 1:colcon.colcon_core.package_identification:_identify(src/build) by extensions ['ignore', 'ignore_ament_install']
[1.458s] Level 1:colcon.colcon_core.package_identification:_identify(src/build) by extension 'ignore'
[1.458s] Level 1:colcon.colcon_core.package_identification:_identify(src/build) ignored
[1.458s] Level 1:colcon.colcon_core.package_identification:_identify(src/install) by extensions ['ignore', 'ignore_ament_install']
[1.459s] Level 1:colcon.colcon_core.package_identification:_identify(src/install) by extension 'ignore'
[1.459s] Level 1:colcon.colcon_core.package_identification:_identify(src/install) ignored
[1.459s] Level 1:colcon.colcon_core.package_identification:_identify(src/log) by extensions ['ignore', 'ignore_ament_install']
[1.460s] Level 1:colcon.colcon_core.package_identification:_identify(src/log) by extension 'ignore'
[1.460s] Level 1:colcon.colcon_core.package_identification:_identify(src/log) ignored
[1.460s] Level 1:colcon.colcon_core.package_identification:_identify(src/ublox) by extensions ['ignore', 'ignore_ament_install']
[1.461s] Level 1:colcon.colcon_core.package_identification:_identify(src/ublox) by extension 'ignore'
[1.461s] Level 1:colcon.colcon_core.package_identification:_identify(src/ublox) by extension 'ignore_ament_install'
[1.461s] Level 1:colcon.colcon_core.package_identification:_identify(src/ublox) by extensions ['colcon_pkg']
[1.461s] Level 1:colcon.colcon_core.package_identification:_identify(src/ublox) by extension 'colcon_pkg'
[1.461s] Level 1:colcon.colcon_core.package_identification:_identify(src/ublox) by extensions ['colcon_meta']
[1.461s] Level 1:colcon.colcon_core.package_identification:_identify(src/ublox) by extension 'colcon_meta'
[1.462s] Level 1:colcon.colcon_core.package_identification:_identify(src/ublox) by extensions ['ros']
[1.462s] Level 1:colcon.colcon_core.package_identification:_identify(src/ublox) by extension 'ros'
[1.462s] Level 1:colcon.colcon_core.package_identification:_identify(src/ublox) by extensions ['cmake', 'python']
[1.462s] Level 1:colcon.colcon_core.package_identification:_identify(src/ublox) by extension 'cmake'
[1.462s] Level 1:colcon.colcon_core.package_identification:_identify(src/ublox) by extension 'python'
[1.463s] Level 1:colcon.colcon_core.package_identification:_identify(src/ublox) by extensions ['python_setup_py']
[1.463s] Level 1:colcon.colcon_core.package_identification:_identify(src/ublox) by extension 'python_setup_py'
[1.463s] Level 1:colcon.colcon_core.package_identification:_identify(src/ublox/rtcm_msgs) by extensions ['ignore', 'ignore_ament_install']
[1.464s] Level 1:colcon.colcon_core.package_identification:_identify(src/ublox/rtcm_msgs) by extension 'ignore'
[1.464s] Level 1:colcon.colcon_core.package_identification:_identify(src/ublox/rtcm_msgs) by extension 'ignore_ament_install'
[1.464s] Level 1:colcon.colcon_core.package_identification:_identify(src/ublox/rtcm_msgs) by extensions ['colcon_pkg']
[1.464s] Level 1:colcon.colcon_core.package_identification:_identify(src/ublox/rtcm_msgs) by extension 'colcon_pkg'
[1.464s] Level 1:colcon.colcon_core.package_identification:_identify(src/ublox/rtcm_msgs) by extensions ['colcon_meta']
[1.464s] Level 1:colcon.colcon_core.package_identification:_identify(src/ublox/rtcm_msgs) by extension 'colcon_meta'
[1.465s] Level 1:colcon.colcon_core.package_identification:_identify(src/ublox/rtcm_msgs) by extensions ['ros']
[1.465s] Level 1:colcon.colcon_core.package_identification:_identify(src/ublox/rtcm_msgs) by extension 'ros'
[1.489s] DEBUG:colcon.colcon_core.package_identification:Package 'src/ublox/rtcm_msgs' with type 'ros.ament_cmake' and name 'rtcm_msgs'
[1.489s] Level 1:colcon.colcon_core.package_identification:_identify(src/ublox/ublox) by extensions ['ignore', 'ignore_ament_install']
[1.490s] Level 1:colcon.colcon_core.package_identification:_identify(src/ublox/ublox) by extension 'ignore'
[1.490s] Level 1:colcon.colcon_core.package_identification:_identify(src/ublox/ublox) by extension 'ignore_ament_install'
[1.490s] Level 1:colcon.colcon_core.package_identification:_identify(src/ublox/ublox) by extensions ['colcon_pkg']
[1.490s] Level 1:colcon.colcon_core.package_identification:_identify(src/ublox/ublox) by extension 'colcon_pkg'
[1.491s] Level 1:colcon.colcon_core.package_identification:_identify(src/ublox/ublox) by extensions ['colcon_meta']
[1.491s] Level 1:colcon.colcon_core.package_identification:_identify(src/ublox/ublox) by extension 'colcon_meta'
[1.491s] Level 1:colcon.colcon_core.package_identification:_identify(src/ublox/ublox) by extensions ['ros']
[1.491s] Level 1:colcon.colcon_core.package_identification:_identify(src/ublox/ublox) by extension 'ros'
[1.493s] DEBUG:colcon.colcon_core.package_identification:Package 'src/ublox/ublox' with type 'ros.ament_cmake' and name 'ublox'
[1.494s] Level 1:colcon.colcon_core.package_identification:_identify(src/ublox/ublox_gps) by extensions ['ignore', 'ignore_ament_install']
[1.494s] Level 1:colcon.colcon_core.package_identification:_identify(src/ublox/ublox_gps) by extension 'ignore'
[1.495s] Level 1:colcon.colcon_core.package_identification:_identify(src/ublox/ublox_gps) by extension 'ignore_ament_install'
[1.495s] Level 1:colcon.colcon_core.package_identification:_identify(src/ublox/ublox_gps) by extensions ['colcon_pkg']
[1.495s] Level 1:colcon.colcon_core.package_identification:_identify(src/ublox/ublox_gps) by extension 'colcon_pkg'
[1.495s] Level 1:colcon.colcon_core.package_identification:_identify(src/ublox/ublox_gps) by extensions ['colcon_meta']
[1.495s] Level 1:colcon.colcon_core.package_identification:_identify(src/ublox/ublox_gps) by extension 'colcon_meta'
[1.495s] Level 1:colcon.colcon_core.package_identification:_identify(src/ublox/ublox_gps) by extensions ['ros']
[1.496s] Level 1:colcon.colcon_core.package_identification:_identify(src/ublox/ublox_gps) by extension 'ros'
[1.502s] DEBUG:colcon.colcon_core.package_identification:Package 'src/ublox/ublox_gps' with type 'ros.ament_cmake' and name 'ublox_gps'
[1.502s] Level 1:colcon.colcon_core.package_identification:_identify(src/ublox/ublox_msgs) by extensions ['ignore', 'ignore_ament_install']
[1.503s] Level 1:colcon.colcon_core.package_identification:_identify(src/ublox/ublox_msgs) by extension 'ignore'
[1.503s] Level 1:colcon.colcon_core.package_identification:_identify(src/ublox/ublox_msgs) by extension 'ignore_ament_install'
[1.503s] Level 1:colcon.colcon_core.package_identification:_identify(src/ublox/ublox_msgs) by extensions ['colcon_pkg']
[1.503s] Level 1:colcon.colcon_core.package_identification:_identify(src/ublox/ublox_msgs) by extension 'colcon_pkg'
[1.503s] Level 1:colcon.colcon_core.package_identification:_identify(src/ublox/ublox_msgs) by extensions ['colcon_meta']
[1.504s] Level 1:colcon.colcon_core.package_identification:_identify(src/ublox/ublox_msgs) by extension 'colcon_meta'
[1.504s] Level 1:colcon.colcon_core.package_identification:_identify(src/ublox/ublox_msgs) by extensions ['ros']
[1.504s] Level 1:colcon.colcon_core.package_identification:_identify(src/ublox/ublox_msgs) by extension 'ros'
[1.507s] DEBUG:colcon.colcon_core.package_identification:Package 'src/ublox/ublox_msgs' with type 'ros.ament_cmake' and name 'ublox_msgs'
[1.508s] Level 1:colcon.colcon_core.package_identification:_identify(src/ublox/ublox_serialization) by extensions ['ignore', 'ignore_ament_install']
[1.508s] Level 1:colcon.colcon_core.package_identification:_identify(src/ublox/ublox_serialization) by extension 'ignore'
[1.508s] Level 1:colcon.colcon_core.package_identification:_identify(src/ublox/ublox_serialization) by extension 'ignore_ament_install'
[1.509s] Level 1:colcon.colcon_core.package_identification:_identify(src/ublox/ublox_serialization) by extensions ['colcon_pkg']
[1.509s] Level 1:colcon.colcon_core.package_identification:_identify(src/ublox/ublox_serialization) by extension 'colcon_pkg'
[1.509s] Level 1:colcon.colcon_core.package_identification:_identify(src/ublox/ublox_serialization) by extensions ['colcon_meta']
[1.509s] Level 1:colcon.colcon_core.package_identification:_identify(src/ublox/ublox_serialization) by extension 'colcon_meta'
[1.509s] Level 1:colcon.colcon_core.package_identification:_identify(src/ublox/ublox_serialization) by extensions ['ros']
[1.509s] Level 1:colcon.colcon_core.package_identification:_identify(src/ublox/ublox_serialization) by extension 'ros'
[1.512s] DEBUG:colcon.colcon_core.package_identification:Package 'src/ublox/ublox_serialization' with type 'ros.ament_cmake' and name 'ublox_serialization'
[1.512s] Level 1:colcon.colcon_core.package_discovery:discover_packages(recursive) using defaults
[1.513s] Level 1:colcon.colcon_core.package_discovery:discover_packages(ignore) discover
[1.513s] Level 1:colcon.colcon_core.package_discovery:discover_packages(ignore) using defaults
[1.513s] Level 1:colcon.colcon_core.package_discovery:discover_packages(path) discover
[1.513s] Level 1:colcon.colcon_core.package_discovery:discover_packages(path) using defaults
[1.613s] Level 1:colcon.colcon_core.package_discovery:discover_packages(prefix_path) check parameters
[1.614s] Level 1:colcon.colcon_core.package_discovery:discover_packages(prefix_path) discover
[1.630s] DEBUG:colcon.colcon_installed_package_information.package_discovery:Found 184 installed packages in /opt/ros/humble
[1.634s] Level 1:colcon.colcon_core.package_discovery:discover_packages(prefix_path) using defaults
[1.805s] Level 5:colcon.colcon_core.verb:set package 'rtcm_msgs' build argument 'cmake_args' from command line to 'None'
[1.806s] Level 5:colcon.colcon_core.verb:set package 'rtcm_msgs' build argument 'cmake_target' from command line to 'None'
[1.806s] Level 5:colcon.colcon_core.verb:set package 'rtcm_msgs' build argument 'cmake_target_skip_unavailable' from command line to 'False'
[1.806s] Level 5:colcon.colcon_core.verb:set package 'rtcm_msgs' build argument 'cmake_clean_cache' from command line to 'False'
[1.806s] Level 5:colcon.colcon_core.verb:set package 'rtcm_msgs' build argument 'cmake_clean_first' from command line to 'False'
[1.806s] Level 5:colcon.colcon_core.verb:set package 'rtcm_msgs' build argument 'cmake_force_configure' from command line to 'False'
[1.806s] Level 5:colcon.colcon_core.verb:set package 'rtcm_msgs' build argument 'ament_cmake_args' from command line to 'None'
[1.806s] Level 5:colcon.colcon_core.verb:set package 'rtcm_msgs' build argument 'catkin_cmake_args' from command line to 'None'
[1.806s] Level 5:colcon.colcon_core.verb:set package 'rtcm_msgs' build argument 'catkin_skip_building_tests' from command line to 'False'
[1.807s] DEBUG:colcon.colcon_core.verb:Building package 'rtcm_msgs' with the following arguments: {'ament_cmake_args': None, 'build_base': '/home/ej/Silverfish/ublox_ws/build/rtcm_msgs', 'catkin_cmake_args': None, 'catkin_skip_building_tests': False, 'cmake_args': None, 'cmake_clean_cache': False, 'cmake_clean_first': False, 'cmake_force_configure': False, 'cmake_target': None, 'cmake_target_skip_unavailable': False, 'install_base': '/home/ej/Silverfish/ublox_ws/install/rtcm_msgs', 'merge_install': False, 'path': '/home/ej/Silverfish/ublox_ws/src/ublox/rtcm_msgs', 'symlink_install': False, 'test_result_base': None}
[1.811s] Level 5:colcon.colcon_core.verb:set package 'ublox_serialization' build argument 'cmake_args' from command line to 'None'
[1.811s] Level 5:colcon.colcon_core.verb:set package 'ublox_serialization' build argument 'cmake_target' from command line to 'None'
[1.811s] Level 5:colcon.colcon_core.verb:set package 'ublox_serialization' build argument 'cmake_target_skip_unavailable' from command line to 'False'
[1.811s] Level 5:colcon.colcon_core.verb:set package 'ublox_serialization' build argument 'cmake_clean_cache' from command line to 'False'
[1.811s] Level 5:colcon.colcon_core.verb:set package 'ublox_serialization' build argument 'cmake_clean_first' from command line to 'False'
[1.811s] Level 5:colcon.colcon_core.verb:set package 'ublox_serialization' build argument 'cmake_force_configure' from command line to 'False'
[1.811s] Level 5:colcon.colcon_core.verb:set package 'ublox_serialization' build argument 'ament_cmake_args' from command line to 'None'
[1.811s] Level 5:colcon.colcon_core.verb:set package 'ublox_serialization' build argument 'catkin_cmake_args' from command line to 'None'
[1.812s] Level 5:colcon.colcon_core.verb:set package 'ublox_serialization' build argument 'catkin_skip_building_tests' from command line to 'False'
[1.812s] DEBUG:colcon.colcon_core.verb:Building package 'ublox_serialization' with the following arguments: {'ament_cmake_args': None, 'build_base': '/home/ej/Silverfish/ublox_ws/build/ublox_serialization', 'catkin_cmake_args': None, 'catkin_skip_building_tests': False, 'cmake_args': None, 'cmake_clean_cache': False, 'cmake_clean_first': False, 'cmake_force_configure': False, 'cmake_target': None, 'cmake_target_skip_unavailable': False, 'install_base': '/home/ej/Silverfish/ublox_ws/install/ublox_serialization', 'merge_install': False, 'path': '/home/ej/Silverfish/ublox_ws/src/ublox/ublox_serialization', 'symlink_install': False, 'test_result_base': None}
[1.815s] Level 5:colcon.colcon_core.verb:set package 'ublox_msgs' build argument 'cmake_args' from command line to 'None'
[1.816s] Level 5:colcon.colcon_core.verb:set package 'ublox_msgs' build argument 'cmake_target' from command line to 'None'
[1.816s] Level 5:colcon.colcon_core.verb:set package 'ublox_msgs' build argument 'cmake_target_skip_unavailable' from command line to 'False'
[1.816s] Level 5:colcon.colcon_core.verb:set package 'ublox_msgs' build argument 'cmake_clean_cache' from command line to 'False'
[1.816s] Level 5:colcon.colcon_core.verb:set package 'ublox_msgs' build argument 'cmake_clean_first' from command line to 'False'
[1.816s] Level 5:colcon.colcon_core.verb:set package 'ublox_msgs' build argument 'cmake_force_configure' from command line to 'False'
[1.816s] Level 5:colcon.colcon_core.verb:set package 'ublox_msgs' build argument 'ament_cmake_args' from command line to 'None'
[1.816s] Level 5:colcon.colcon_core.verb:set package 'ublox_msgs' build argument 'catkin_cmake_args' from command line to 'None'
[1.816s] Level 5:colcon.colcon_core.verb:set package 'ublox_msgs' build argument 'catkin_skip_building_tests' from command line to 'False'
[1.817s] DEBUG:colcon.colcon_core.verb:Building package 'ublox_msgs' with the following arguments: {'ament_cmake_args': None, 'build_base': '/home/ej/Silverfish/ublox_ws/build/ublox_msgs', 'catkin_cmake_args': None, 'catkin_skip_building_tests': False, 'cmake_args': None, 'cmake_clean_cache': False, 'cmake_clean_first': False, 'cmake_force_configure': False, 'cmake_target': None, 'cmake_target_skip_unavailable': False, 'install_base': '/home/ej/Silverfish/ublox_ws/install/ublox_msgs', 'merge_install': False, 'path': '/home/ej/Silverfish/ublox_ws/src/ublox/ublox_msgs', 'symlink_install': False, 'test_result_base': None}
[1.821s] Level 5:colcon.colcon_core.verb:set package 'ublox_gps' build argument 'cmake_args' from command line to 'None'
[1.821s] Level 5:colcon.colcon_core.verb:set package 'ublox_gps' build argument 'cmake_target' from command line to 'None'
[1.821s] Level 5:colcon.colcon_core.verb:set package 'ublox_gps' build argument 'cmake_target_skip_unavailable' from command line to 'False'
[1.821s] Level 5:colcon.colcon_core.verb:set package 'ublox_gps' build argument 'cmake_clean_cache' from command line to 'False'
[1.821s] Level 5:colcon.colcon_core.verb:set package 'ublox_gps' build argument 'cmake_clean_first' from command line to 'False'
[1.821s] Level 5:colcon.colcon_core.verb:set package 'ublox_gps' build argument 'cmake_force_configure' from command line to 'False'
[1.821s] Level 5:colcon.colcon_core.verb:set package 'ublox_gps' build argument 'ament_cmake_args' from command line to 'None'
[1.821s] Level 5:colcon.colcon_core.verb:set package 'ublox_gps' build argument 'catkin_cmake_args' from command line to 'None'
[1.821s] Level 5:colcon.colcon_core.verb:set package 'ublox_gps' build argument 'catkin_skip_building_tests' from command line to 'False'
[1.822s] DEBUG:colcon.colcon_core.verb:Building package 'ublox_gps' with the following arguments: {'ament_cmake_args': None, 'build_base': '/home/ej/Silverfish/ublox_ws/build/ublox_gps', 'catkin_cmake_args': None, 'catkin_skip_building_tests': False, 'cmake_args': None, 'cmake_clean_cache': False, 'cmake_clean_first': False, 'cmake_force_configure': False, 'cmake_target': None, 'cmake_target_skip_unavailable': False, 'install_base': '/home/ej/Silverfish/ublox_ws/install/ublox_gps', 'merge_install': False, 'path': '/home/ej/Silverfish/ublox_ws/src/ublox/ublox_gps', 'symlink_install': False, 'test_result_base': None}
[1.825s] Level 5:colcon.colcon_core.verb:set package 'ublox' build argument 'cmake_args' from command line to 'None'
[1.826s] Level 5:colcon.colcon_core.verb:set package 'ublox' build argument 'cmake_target' from command line to 'None'
[1.826s] Level 5:colcon.colcon_core.verb:set package 'ublox' build argument 'cmake_target_skip_unavailable' from command line to 'False'
[1.826s] Level 5:colcon.colcon_core.verb:set package 'ublox' build argument 'cmake_clean_cache' from command line to 'False'
[1.826s] Level 5:colcon.colcon_core.verb:set package 'ublox' build argument 'cmake_clean_first' from command line to 'False'
[1.826s] Level 5:colcon.colcon_core.verb:set package 'ublox' build argument 'cmake_force_configure' from command line to 'False'
[1.826s] Level 5:colcon.colcon_core.verb:set package 'ublox' build argument 'ament_cmake_args' from command line to 'None'
[1.826s] Level 5:colcon.colcon_core.verb:set package 'ublox' build argument 'catkin_cmake_args' from command line to 'None'
[1.826s] Level 5:colcon.colcon_core.verb:set package 'ublox' build argument 'catkin_skip_building_tests' from command line to 'False'
[1.827s] DEBUG:colcon.colcon_core.verb:Building package 'ublox' with the following arguments: {'ament_cmake_args': None, 'build_base': '/home/ej/Silverfish/ublox_ws/build/ublox', 'catkin_cmake_args': None, 'catkin_skip_building_tests': False, 'cmake_args': None, 'cmake_clean_cache': False, 'cmake_clean_first': False, 'cmake_force_configure': False, 'cmake_target': None, 'cmake_target_skip_unavailable': False, 'install_base': '/home/ej/Silverfish/ublox_ws/install/ublox', 'merge_install': False, 'path': '/home/ej/Silverfish/ublox_ws/src/ublox/ublox', 'symlink_install': False, 'test_result_base': None}
[1.829s] INFO:colcon.colcon_core.executor:Executing jobs using 'parallel' executor
[1.844s] DEBUG:colcon.colcon_parallel_executor.executor.parallel:run_until_complete
[1.845s] INFO:colcon.colcon_ros.task.ament_cmake.build:Building ROS package in '/home/ej/Silverfish/ublox_ws/src/ublox/ublox_serialization' with build type 'ament_cmake'
[1.846s] INFO:colcon.colcon_cmake.task.cmake.build:Building CMake package in '/home/ej/Silverfish/ublox_ws/src/ublox/ublox_serialization'
[1.868s] INFO:colcon.colcon_core.plugin_system:Skipping extension 'colcon_core.shell.bat': Not used on non-Windows systems
[1.869s] INFO:colcon.colcon_core.shell:Skip shell extension 'powershell' for command environment: Not usable outside of PowerShell
[1.869s] DEBUG:colcon.colcon_core.shell:Skip shell extension 'dsv' for command environment
[1.893s] INFO:colcon.colcon_ros.task.ament_cmake.build:Building ROS package in '/home/ej/Silverfish/ublox_ws/src/ublox/rtcm_msgs' with build type 'ament_cmake'
[1.895s] INFO:colcon.colcon_cmake.task.cmake.build:Building CMake package in '/home/ej/Silverfish/ublox_ws/src/ublox/rtcm_msgs'
[1.905s] INFO:colcon.colcon_core.shell:Skip shell extension 'powershell' for command environment: Not usable outside of PowerShell
[1.906s] DEBUG:colcon.colcon_core.shell:Skip shell extension 'dsv' for command environment
[1.954s] DEBUG:colcon.colcon_core.event_handler.log_command:Invoking command in '/home/ej/Silverfish/ublox_ws/build/ublox_serialization': CMAKE_PREFIX_PATH=/opt/ros/humble /usr/bin/cmake --build /home/ej/Silverfish/ublox_ws/build/ublox_serialization -- -j4 -l4
[1.996s] DEBUG:colcon.colcon_core.event_handler.log_command:Invoking command in '/home/ej/Silverfish/ublox_ws/build/rtcm_msgs': CMAKE_PREFIX_PATH=/opt/ros/humble /usr/bin/cmake --build /home/ej/Silverfish/ublox_ws/build/rtcm_msgs -- -j4 -l4
[2.174s] DEBUG:colcon.colcon_core.event_handler.log_command:Invoked command in '/home/ej/Silverfish/ublox_ws/build/ublox_serialization' returned '0': CMAKE_PREFIX_PATH=/opt/ros/humble /usr/bin/cmake --build /home/ej/Silverfish/ublox_ws/build/ublox_serialization -- -j4 -l4
[2.500s] DEBUG:colcon.colcon_core.event_handler.log_command:Invoking command in '/home/ej/Silverfish/ublox_ws/build/ublox_serialization': CMAKE_PREFIX_PATH=/opt/ros/humble /usr/bin/cmake --install /home/ej/Silverfish/ublox_ws/build/ublox_serialization
[2.627s] Level 1:colcon.colcon_core.environment:create_environment_scripts_only(ublox_serialization)
[2.671s] DEBUG:colcon.colcon_core.event_handler.log_command:Invoked command in '/home/ej/Silverfish/ublox_ws/build/ublox_serialization' returned '0': CMAKE_PREFIX_PATH=/opt/ros/humble /usr/bin/cmake --install /home/ej/Silverfish/ublox_ws/build/ublox_serialization
[2.693s] Level 1:colcon.colcon_core.environment:checking '/home/ej/Silverfish/ublox_ws/install/ublox_serialization' for CMake module files
[2.697s] Level 1:colcon.colcon_core.environment:checking '/home/ej/Silverfish/ublox_ws/install/ublox_serialization' for CMake config files
[2.699s] Level 1:colcon.colcon_core.shell:create_environment_hook('ublox_serialization', 'cmake_prefix_path')
[2.712s] INFO:colcon.colcon_core.shell:Creating environment hook '/home/ej/Silverfish/ublox_ws/install/ublox_serialization/share/ublox_serialization/hook/cmake_prefix_path.ps1'
[2.720s] INFO:colcon.colcon_core.shell:Creating environment descriptor '/home/ej/Silverfish/ublox_ws/install/ublox_serialization/share/ublox_serialization/hook/cmake_prefix_path.dsv'
[2.726s] INFO:colcon.colcon_core.shell:Creating environment hook '/home/ej/Silverfish/ublox_ws/install/ublox_serialization/share/ublox_serialization/hook/cmake_prefix_path.sh'
[2.732s] Level 1:colcon.colcon_core.environment:checking '/home/ej/Silverfish/ublox_ws/install/ublox_serialization/bin'
[2.732s] Level 1:colcon.colcon_core.environment:checking '/home/ej/Silverfish/ublox_ws/install/ublox_serialization/lib/pkgconfig/ublox_serialization.pc'
[2.734s] Level 1:colcon.colcon_core.environment:checking '/home/ej/Silverfish/ublox_ws/install/ublox_serialization/lib/python3.10/site-packages'
[2.735s] Level 1:colcon.colcon_core.environment:checking '/home/ej/Silverfish/ublox_ws/install/ublox_serialization/bin'
[2.744s] INFO:colcon.colcon_core.shell:Creating package script '/home/ej/Silverfish/ublox_ws/install/ublox_serialization/share/ublox_serialization/package.ps1'
[2.753s] INFO:colcon.colcon_core.shell:Creating package descriptor '/home/ej/Silverfish/ublox_ws/install/ublox_serialization/share/ublox_serialization/package.dsv'
[2.760s] INFO:colcon.colcon_core.shell:Creating package script '/home/ej/Silverfish/ublox_ws/install/ublox_serialization/share/ublox_serialization/package.sh'
[2.770s] INFO:colcon.colcon_core.shell:Creating package script '/home/ej/Silverfish/ublox_ws/install/ublox_serialization/share/ublox_serialization/package.bash'
[2.776s] INFO:colcon.colcon_core.shell:Creating package script '/home/ej/Silverfish/ublox_ws/install/ublox_serialization/share/ublox_serialization/package.zsh'
[2.781s] Level 1:colcon.colcon_core.environment:create_file_with_runtime_dependencies(/home/ej/Silverfish/ublox_ws/install/ublox_serialization/share/colcon-core/packages/ublox_serialization)
[2.982s] Level 1:colcon.colcon_core.environment:create_environment_scripts_only(ublox_serialization)
[2.998s] Level 1:colcon.colcon_core.environment:checking '/home/ej/Silverfish/ublox_ws/install/ublox_serialization' for CMake module files
[3.002s] Level 1:colcon.colcon_core.environment:checking '/home/ej/Silverfish/ublox_ws/install/ublox_serialization' for CMake config files
[3.004s] Level 1:colcon.colcon_core.shell:create_environment_hook('ublox_serialization', 'cmake_prefix_path')
[3.012s] INFO:colcon.colcon_core.shell:Creating environment hook '/home/ej/Silverfish/ublox_ws/install/ublox_serialization/share/ublox_serialization/hook/cmake_prefix_path.ps1'
[3.019s] INFO:colcon.colcon_core.shell:Creating environment descriptor '/home/ej/Silverfish/ublox_ws/install/ublox_serialization/share/ublox_serialization/hook/cmake_prefix_path.dsv'
[3.025s] INFO:colcon.colcon_core.shell:Creating environment hook '/home/ej/Silverfish/ublox_ws/install/ublox_serialization/share/ublox_serialization/hook/cmake_prefix_path.sh'
[3.032s] Level 1:colcon.colcon_core.environment:checking '/home/ej/Silverfish/ublox_ws/install/ublox_serialization/bin'
[3.032s] Level 1:colcon.colcon_core.environment:checking '/home/ej/Silverfish/ublox_ws/install/ublox_serialization/lib/pkgconfig/ublox_serialization.pc'
[3.034s] Level 1:colcon.colcon_core.environment:checking '/home/ej/Silverfish/ublox_ws/install/ublox_serialization/lib/python3.10/site-packages'
[3.036s] Level 1:colcon.colcon_core.environment:checking '/home/ej/Silverfish/ublox_ws/install/ublox_serialization/bin'
[3.044s] INFO:colcon.colcon_core.shell:Creating package script '/home/ej/Silverfish/ublox_ws/install/ublox_serialization/share/ublox_serialization/package.ps1'
[3.048s] INFO:colcon.colcon_core.shell:Creating package descriptor '/home/ej/Silverfish/ublox_ws/install/ublox_serialization/share/ublox_serialization/package.dsv'
[3.052s] INFO:colcon.colcon_core.shell:Creating package script '/home/ej/Silverfish/ublox_ws/install/ublox_serialization/share/ublox_serialization/package.sh'
[3.055s] INFO:colcon.colcon_core.shell:Creating package script '/home/ej/Silverfish/ublox_ws/install/ublox_serialization/share/ublox_serialization/package.bash'
[3.060s] INFO:colcon.colcon_core.shell:Creating package script '/home/ej/Silverfish/ublox_ws/install/ublox_serialization/share/ublox_serialization/package.zsh'
[3.063s] Level 1:colcon.colcon_core.environment:create_file_with_runtime_dependencies(/home/ej/Silverfish/ublox_ws/install/ublox_serialization/share/colcon-core/packages/ublox_serialization)
[3.069s] INFO:colcon.colcon_ros.task.ament_cmake.build:Building ROS package in '/home/ej/Silverfish/ublox_ws/src/ublox/ublox_msgs' with build type 'ament_cmake'
[3.076s] INFO:colcon.colcon_cmake.task.cmake.build:Building CMake package in '/home/ej/Silverfish/ublox_ws/src/ublox/ublox_msgs'
[3.094s] INFO:colcon.colcon_core.shell:Skip shell extension 'powershell' for command environment: Not usable outside of PowerShell
[3.095s] DEBUG:colcon.colcon_core.shell:Skip shell extension 'dsv' for command environment
[3.151s] DEBUG:colcon.colcon_core.event_handler.log_command:Invoking command in '/home/ej/Silverfish/ublox_ws/build/ublox_msgs': AMENT_PREFIX_PATH=/home/ej/Silverfish/ublox_ws/install/ublox_serialization:${AMENT_PREFIX_PATH} CMAKE_PREFIX_PATH=/home/ej/Silverfish/ublox_ws/install/ublox_serialization:/opt/ros/humble /usr/bin/cmake --build /home/ej/Silverfish/ublox_ws/build/ublox_msgs -- -j4 -l4
[5.453s] DEBUG:colcon.colcon_core.event_handler.log_command:Invoked command in '/home/ej/Silverfish/ublox_ws/build/rtcm_msgs' returned '0': CMAKE_PREFIX_PATH=/opt/ros/humble /usr/bin/cmake --build /home/ej/Silverfish/ublox_ws/build/rtcm_msgs -- -j4 -l4
[6.051s] DEBUG:colcon.colcon_core.event_handler.log_command:Invoking command in '/home/ej/Silverfish/ublox_ws/build/rtcm_msgs': CMAKE_PREFIX_PATH=/opt/ros/humble /usr/bin/cmake --install /home/ej/Silverfish/ublox_ws/build/rtcm_msgs
[6.442s] Level 1:colcon.colcon_core.environment:create_environment_scripts_only(rtcm_msgs)
[6.454s] Level 1:colcon.colcon_core.environment:checking '/home/ej/Silverfish/ublox_ws/install/rtcm_msgs' for CMake module files
[6.462s] DEBUG:colcon.colcon_core.event_handler.log_command:Invoked command in '/home/ej/Silverfish/ublox_ws/build/rtcm_msgs' returned '0': CMAKE_PREFIX_PATH=/opt/ros/humble /usr/bin/cmake --install /home/ej/Silverfish/ublox_ws/build/rtcm_msgs
[6.467s] Level 1:colcon.colcon_core.environment:checking '/home/ej/Silverfish/ublox_ws/install/rtcm_msgs' for CMake config files
[6.469s] Level 1:colcon.colcon_core.shell:create_environment_hook('rtcm_msgs', 'cmake_prefix_path')
[6.476s] INFO:colcon.colcon_core.shell:Creating environment hook '/home/ej/Silverfish/ublox_ws/install/rtcm_msgs/share/rtcm_msgs/hook/cmake_prefix_path.ps1'
[6.478s] INFO:colcon.colcon_core.shell:Creating environment descriptor '/home/ej/Silverfish/ublox_ws/install/rtcm_msgs/share/rtcm_msgs/hook/cmake_prefix_path.dsv'
[6.481s] INFO:colcon.colcon_core.shell:Creating environment hook '/home/ej/Silverfish/ublox_ws/install/rtcm_msgs/share/rtcm_msgs/hook/cmake_prefix_path.sh'
[6.484s] Level 1:colcon.colcon_core.environment:checking '/home/ej/Silverfish/ublox_ws/install/rtcm_msgs/lib'
[6.488s] Level 1:colcon.colcon_core.shell:create_environment_hook('rtcm_msgs', 'ld_library_path_lib')
[6.502s] INFO:colcon.colcon_core.shell:Creating environment hook '/home/ej/Silverfish/ublox_ws/install/rtcm_msgs/share/rtcm_msgs/hook/ld_library_path_lib.ps1'
[6.505s] INFO:colcon.colcon_core.shell:Creating environment descriptor '/home/ej/Silverfish/ublox_ws/install/rtcm_msgs/share/rtcm_msgs/hook/ld_library_path_lib.dsv'
[6.507s] INFO:colcon.colcon_core.shell:Creating environment hook '/home/ej/Silverfish/ublox_ws/install/rtcm_msgs/share/rtcm_msgs/hook/ld_library_path_lib.sh'
[6.509s] Level 1:colcon.colcon_core.environment:checking '/home/ej/Silverfish/ublox_ws/install/rtcm_msgs/bin'
[6.510s] Level 1:colcon.colcon_core.environment:checking '/home/ej/Silverfish/ublox_ws/install/rtcm_msgs/lib/pkgconfig/rtcm_msgs.pc'
[6.512s] Level 1:colcon.colcon_core.environment:checking '/home/ej/Silverfish/ublox_ws/install/rtcm_msgs/lib/python3.10/site-packages'
[6.514s] Level 1:colcon.colcon_core.environment:checking '/home/ej/Silverfish/ublox_ws/install/rtcm_msgs/bin'
[6.521s] INFO:colcon.colcon_core.shell:Creating package script '/home/ej/Silverfish/ublox_ws/install/rtcm_msgs/share/rtcm_msgs/package.ps1'
[6.526s] INFO:colcon.colcon_core.shell:Creating package descriptor '/home/ej/Silverfish/ublox_ws/install/rtcm_msgs/share/rtcm_msgs/package.dsv'
[6.529s] INFO:colcon.colcon_core.shell:Creating package script '/home/ej/Silverfish/ublox_ws/install/rtcm_msgs/share/rtcm_msgs/package.sh'
[6.531s] INFO:colcon.colcon_core.shell:Creating package script '/home/ej/Silverfish/ublox_ws/install/rtcm_msgs/share/rtcm_msgs/package.bash'
[6.533s] INFO:colcon.colcon_core.shell:Creating package script '/home/ej/Silverfish/ublox_ws/install/rtcm_msgs/share/rtcm_msgs/package.zsh'
[6.536s] Level 1:colcon.colcon_core.environment:create_file_with_runtime_dependencies(/home/ej/Silverfish/ublox_ws/install/rtcm_msgs/share/colcon-core/packages/rtcm_msgs)
[7.017s] Level 1:colcon.colcon_core.environment:create_environment_scripts_only(rtcm_msgs)
[7.033s] Level 1:colcon.colcon_core.environment:checking '/home/ej/Silverfish/ublox_ws/install/rtcm_msgs' for CMake module files
[7.038s] Level 1:colcon.colcon_core.environment:checking '/home/ej/Silverfish/ublox_ws/install/rtcm_msgs' for CMake config files
[7.041s] Level 1:colcon.colcon_core.shell:create_environment_hook('rtcm_msgs', 'cmake_prefix_path')
[7.050s] INFO:colcon.colcon_core.shell:Creating environment hook '/home/ej/Silverfish/ublox_ws/install/rtcm_msgs/share/rtcm_msgs/hook/cmake_prefix_path.ps1'
[7.057s] INFO:colcon.colcon_core.shell:Creating environment descriptor '/home/ej/Silverfish/ublox_ws/install/rtcm_msgs/share/rtcm_msgs/hook/cmake_prefix_path.dsv'
[7.060s] INFO:colcon.colcon_core.shell:Creating environment hook '/home/ej/Silverfish/ublox_ws/install/rtcm_msgs/share/rtcm_msgs/hook/cmake_prefix_path.sh'
[7.064s] Level 1:colcon.colcon_core.environment:checking '/home/ej/Silverfish/ublox_ws/install/rtcm_msgs/lib'
[7.064s] Level 1:colcon.colcon_core.shell:create_environment_hook('rtcm_msgs', 'ld_library_path_lib')
[7.071s] INFO:colcon.colcon_core.shell:Creating environment hook '/home/ej/Silverfish/ublox_ws/install/rtcm_msgs/share/rtcm_msgs/hook/ld_library_path_lib.ps1'
[7.073s] INFO:colcon.colcon_core.shell:Creating environment descriptor '/home/ej/Silverfish/ublox_ws/install/rtcm_msgs/share/rtcm_msgs/hook/ld_library_path_lib.dsv'
[7.075s] INFO:colcon.colcon_core.shell:Creating environment hook '/home/ej/Silverfish/ublox_ws/install/rtcm_msgs/share/rtcm_msgs/hook/ld_library_path_lib.sh'
[7.080s] Level 1:colcon.colcon_core.environment:checking '/home/ej/Silverfish/ublox_ws/install/rtcm_msgs/bin'
[7.081s] Level 1:colcon.colcon_core.environment:checking '/home/ej/Silverfish/ublox_ws/install/rtcm_msgs/lib/pkgconfig/rtcm_msgs.pc'
[7.084s] Level 1:colcon.colcon_core.environment:checking '/home/ej/Silverfish/ublox_ws/install/rtcm_msgs/lib/python3.10/site-packages'
[7.086s] Level 1:colcon.colcon_core.environment:checking '/home/ej/Silverfish/ublox_ws/install/rtcm_msgs/bin'
[7.096s] INFO:colcon.colcon_core.shell:Creating package script '/home/ej/Silverfish/ublox_ws/install/rtcm_msgs/share/rtcm_msgs/package.ps1'
[7.099s] INFO:colcon.colcon_core.shell:Creating package descriptor '/home/ej/Silverfish/ublox_ws/install/rtcm_msgs/share/rtcm_msgs/package.dsv'
[7.102s] INFO:colcon.colcon_core.shell:Creating package script '/home/ej/Silverfish/ublox_ws/install/rtcm_msgs/share/rtcm_msgs/package.sh'
[7.105s] INFO:colcon.colcon_core.shell:Creating package script '/home/ej/Silverfish/ublox_ws/install/rtcm_msgs/share/rtcm_msgs/package.bash'
[7.108s] INFO:colcon.colcon_core.shell:Creating package script '/home/ej/Silverfish/ublox_ws/install/rtcm_msgs/share/rtcm_msgs/package.zsh'
[7.112s] Level 1:colcon.colcon_core.environment:create_file_with_runtime_dependencies(/home/ej/Silverfish/ublox_ws/install/rtcm_msgs/share/colcon-core/packages/rtcm_msgs)
[7.121s] DEBUG:colcon.colcon_core.event_handler.log_command:Invoked command in '/home/ej/Silverfish/ublox_ws/build/ublox_msgs' returned '0': AMENT_PREFIX_PATH=/home/ej/Silverfish/ublox_ws/install/ublox_serialization:${AMENT_PREFIX_PATH} CMAKE_PREFIX_PATH=/home/ej/Silverfish/ublox_ws/install/ublox_serialization:/opt/ros/humble /usr/bin/cmake --build /home/ej/Silverfish/ublox_ws/build/ublox_msgs -- -j4 -l4
[17.593s] DEBUG:colcon.colcon_core.event_handler.log_command:Invoking command in '/home/ej/Silverfish/ublox_ws/build/ublox_msgs': AMENT_PREFIX_PATH=/home/ej/Silverfish/ublox_ws/install/ublox_serialization:${AMENT_PREFIX_PATH} CMAKE_PREFIX_PATH=/home/ej/Silverfish/ublox_ws/install/ublox_serialization:/opt/ros/humble /usr/bin/cmake --install /home/ej/Silverfish/ublox_ws/build/ublox_msgs
[18.739s] Level 1:colcon.colcon_core.environment:create_environment_scripts_only(ublox_msgs)
[18.758s] DEBUG:colcon.colcon_core.event_handler.log_command:Invoked command in '/home/ej/Silverfish/ublox_ws/build/ublox_msgs' returned '0': AMENT_PREFIX_PATH=/home/ej/Silverfish/ublox_ws/install/ublox_serialization:${AMENT_PREFIX_PATH} CMAKE_PREFIX_PATH=/home/ej/Silverfish/ublox_ws/install/ublox_serialization:/opt/ros/humble /usr/bin/cmake --install /home/ej/Silverfish/ublox_ws/build/ublox_msgs
[18.758s] Level 1:colcon.colcon_core.environment:checking '/home/ej/Silverfish/ublox_ws/install/ublox_msgs' for CMake module files
[18.763s] Level 1:colcon.colcon_core.environment:checking '/home/ej/Silverfish/ublox_ws/install/ublox_msgs' for CMake config files
[18.765s] Level 1:colcon.colcon_core.shell:create_environment_hook('ublox_msgs', 'cmake_prefix_path')
[18.770s] INFO:colcon.colcon_core.shell:Creating environment hook '/home/ej/Silverfish/ublox_ws/install/ublox_msgs/share/ublox_msgs/hook/cmake_prefix_path.ps1'
[18.772s] INFO:colcon.colcon_core.shell:Creating environment descriptor '/home/ej/Silverfish/ublox_ws/install/ublox_msgs/share/ublox_msgs/hook/cmake_prefix_path.dsv'
[18.774s] INFO:colcon.colcon_core.shell:Creating environment hook '/home/ej/Silverfish/ublox_ws/install/ublox_msgs/share/ublox_msgs/hook/cmake_prefix_path.sh'
[18.781s] Level 1:colcon.colcon_core.environment:checking '/home/ej/Silverfish/ublox_ws/install/ublox_msgs/lib'
[18.782s] Level 1:colcon.colcon_core.shell:create_environment_hook('ublox_msgs', 'ld_library_path_lib')
[18.787s] INFO:colcon.colcon_core.shell:Creating environment hook '/home/ej/Silverfish/ublox_ws/install/ublox_msgs/share/ublox_msgs/hook/ld_library_path_lib.ps1'
[18.790s] INFO:colcon.colcon_core.shell:Creating environment descriptor '/home/ej/Silverfish/ublox_ws/install/ublox_msgs/share/ublox_msgs/hook/ld_library_path_lib.dsv'
[18.792s] INFO:colcon.colcon_core.shell:Creating environment hook '/home/ej/Silverfish/ublox_ws/install/ublox_msgs/share/ublox_msgs/hook/ld_library_path_lib.sh'
[18.795s] Level 1:colcon.colcon_core.environment:checking '/home/ej/Silverfish/ublox_ws/install/ublox_msgs/bin'
[18.795s] Level 1:colcon.colcon_core.environment:checking '/home/ej/Silverfish/ublox_ws/install/ublox_msgs/lib/pkgconfig/ublox_msgs.pc'
[18.796s] Level 1:colcon.colcon_core.environment:checking '/home/ej/Silverfish/ublox_ws/install/ublox_msgs/lib/python3.10/site-packages'
[18.797s] Level 1:colcon.colcon_core.environment:checking '/home/ej/Silverfish/ublox_ws/install/ublox_msgs/bin'
[18.804s] INFO:colcon.colcon_core.shell:Creating package script '/home/ej/Silverfish/ublox_ws/install/ublox_msgs/share/ublox_msgs/package.ps1'
[18.807s] INFO:colcon.colcon_core.shell:Creating package descriptor '/home/ej/Silverfish/ublox_ws/install/ublox_msgs/share/ublox_msgs/package.dsv'
[18.809s] INFO:colcon.colcon_core.shell:Creating package script '/home/ej/Silverfish/ublox_ws/install/ublox_msgs/share/ublox_msgs/package.sh'
[18.812s] INFO:colcon.colcon_core.shell:Creating package script '/home/ej/Silverfish/ublox_ws/install/ublox_msgs/share/ublox_msgs/package.bash'
[18.815s] INFO:colcon.colcon_core.shell:Creating package script '/home/ej/Silverfish/ublox_ws/install/ublox_msgs/share/ublox_msgs/package.zsh'
[18.817s] Level 1:colcon.colcon_core.environment:create_file_with_runtime_dependencies(/home/ej/Silverfish/ublox_ws/install/ublox_msgs/share/colcon-core/packages/ublox_msgs)
[29.266s] Level 1:colcon.colcon_core.environment:create_environment_scripts_only(ublox_msgs)
[29.273s] Level 1:colcon.colcon_core.environment:checking '/home/ej/Silverfish/ublox_ws/install/ublox_msgs' for CMake module files
[29.278s] Level 1:colcon.colcon_core.environment:checking '/home/ej/Silverfish/ublox_ws/install/ublox_msgs' for CMake config files
[29.281s] Level 1:colcon.colcon_core.shell:create_environment_hook('ublox_msgs', 'cmake_prefix_path')
[29.287s] INFO:colcon.colcon_core.shell:Creating environment hook '/home/ej/Silverfish/ublox_ws/install/ublox_msgs/share/ublox_msgs/hook/cmake_prefix_path.ps1'
[29.289s] INFO:colcon.colcon_core.shell:Creating environment descriptor '/home/ej/Silverfish/ublox_ws/install/ublox_msgs/share/ublox_msgs/hook/cmake_prefix_path.dsv'
[29.293s] INFO:colcon.colcon_core.shell:Creating environment hook '/home/ej/Silverfish/ublox_ws/install/ublox_msgs/share/ublox_msgs/hook/cmake_prefix_path.sh'
[29.297s] Level 1:colcon.colcon_core.environment:checking '/home/ej/Silverfish/ublox_ws/install/ublox_msgs/lib'
[29.297s] Level 1:colcon.colcon_core.shell:create_environment_hook('ublox_msgs', 'ld_library_path_lib')
[29.302s] INFO:colcon.colcon_core.shell:Creating environment hook '/home/ej/Silverfish/ublox_ws/install/ublox_msgs/share/ublox_msgs/hook/ld_library_path_lib.ps1'
[29.305s] INFO:colcon.colcon_core.shell:Creating environment descriptor '/home/ej/Silverfish/ublox_ws/install/ublox_msgs/share/ublox_msgs/hook/ld_library_path_lib.dsv'
[29.306s] INFO:colcon.colcon_core.shell:Creating environment hook '/home/ej/Silverfish/ublox_ws/install/ublox_msgs/share/ublox_msgs/hook/ld_library_path_lib.sh'
[29.308s] Level 1:colcon.colcon_core.environment:checking '/home/ej/Silverfish/ublox_ws/install/ublox_msgs/bin'
[29.309s] Level 1:colcon.colcon_core.environment:checking '/home/ej/Silverfish/ublox_ws/install/ublox_msgs/lib/pkgconfig/ublox_msgs.pc'
[29.310s] Level 1:colcon.colcon_core.environment:checking '/home/ej/Silverfish/ublox_ws/install/ublox_msgs/lib/python3.10/site-packages'
[29.311s] Level 1:colcon.colcon_core.environment:checking '/home/ej/Silverfish/ublox_ws/install/ublox_msgs/bin'
[29.317s] INFO:colcon.colcon_core.shell:Creating package script '/home/ej/Silverfish/ublox_ws/install/ublox_msgs/share/ublox_msgs/package.ps1'
[29.320s] INFO:colcon.colcon_core.shell:Creating package descriptor '/home/ej/Silverfish/ublox_ws/install/ublox_msgs/share/ublox_msgs/package.dsv'
[29.323s] INFO:colcon.colcon_core.shell:Creating package script '/home/ej/Silverfish/ublox_ws/install/ublox_msgs/share/ublox_msgs/package.sh'
[29.326s] INFO:colcon.colcon_core.shell:Creating package script '/home/ej/Silverfish/ublox_ws/install/ublox_msgs/share/ublox_msgs/package.bash'
[29.329s] INFO:colcon.colcon_core.shell:Creating package script '/home/ej/Silverfish/ublox_ws/install/ublox_msgs/share/ublox_msgs/package.zsh'
[29.332s] Level 1:colcon.colcon_core.environment:create_file_with_runtime_dependencies(/home/ej/Silverfish/ublox_ws/install/ublox_msgs/share/colcon-core/packages/ublox_msgs)
[29.334s] INFO:colcon.colcon_ros.task.ament_cmake.build:Building ROS package in '/home/ej/Silverfish/ublox_ws/src/ublox/ublox_gps' with build type 'ament_cmake'
[29.335s] INFO:colcon.colcon_cmake.task.cmake.build:Building CMake package in '/home/ej/Silverfish/ublox_ws/src/ublox/ublox_gps'
[29.341s] INFO:colcon.colcon_core.shell:Skip shell extension 'powershell' for command environment: Not usable outside of PowerShell
[29.341s] DEBUG:colcon.colcon_core.shell:Skip shell extension 'dsv' for command environment
[29.426s] DEBUG:colcon.colcon_core.event_handler.log_command:Invoking command in '/home/ej/Silverfish/ublox_ws/build/ublox_gps': AMENT_PREFIX_PATH=/home/ej/Silverfish/ublox_ws/install/ublox_msgs:/home/ej/Silverfish/ublox_ws/install/ublox_serialization:/home/ej/Silverfish/ublox_ws/install/rtcm_msgs:${AMENT_PREFIX_PATH} CMAKE_PREFIX_PATH=/home/ej/Silverfish/ublox_ws/install/ublox_msgs:/home/ej/Silverfish/ublox_ws/install/ublox_serialization:/home/ej/Silverfish/ublox_ws/install/rtcm_msgs:/opt/ros/humble LD_LIBRARY_PATH=/home/ej/Silverfish/ublox_ws/install/ublox_msgs/lib:/home/ej/Silverfish/ublox_ws/install/rtcm_msgs/lib:${LD_LIBRARY_PATH} PYTHONPATH=/home/ej/Silverfish/ublox_ws/install/ublox_msgs/local/lib/python3.10/dist-packages:/home/ej/Silverfish/ublox_ws/install/rtcm_msgs/local/lib/python3.10/dist-packages:${PYTHONPATH} /usr/bin/cmake --build /home/ej/Silverfish/ublox_ws/build/ublox_gps -- -j4 -l4
[31.205s] DEBUG:colcon.colcon_core.event_handler.log_command:Invoked command in '/home/ej/Silverfish/ublox_ws/build/ublox_gps' returned '2': AMENT_PREFIX_PATH=/home/ej/Silverfish/ublox_ws/install/ublox_msgs:/home/ej/Silverfish/ublox_ws/install/ublox_serialization:/home/ej/Silverfish/ublox_ws/install/rtcm_msgs:${AMENT_PREFIX_PATH} CMAKE_PREFIX_PATH=/home/ej/Silverfish/ublox_ws/install/ublox_msgs:/home/ej/Silverfish/ublox_ws/install/ublox_serialization:/home/ej/Silverfish/ublox_ws/install/rtcm_msgs:/opt/ros/humble LD_LIBRARY_PATH=/home/ej/Silverfish/ublox_ws/install/ublox_msgs/lib:/home/ej/Silverfish/ublox_ws/install/rtcm_msgs/lib:${LD_LIBRARY_PATH} PYTHONPATH=/home/ej/Silverfish/ublox_ws/install/ublox_msgs/local/lib/python3.10/dist-packages:/home/ej/Silverfish/ublox_ws/install/rtcm_msgs/local/lib/python3.10/dist-packages:${PYTHONPATH} /usr/bin/cmake --build /home/ej/Silverfish/ublox_ws/build/ublox_gps -- -j4 -l4
[31.653s] Level 1:colcon.colcon_core.environment:create_environment_scripts_only(ublox_gps)
[31.661s] Level 1:colcon.colcon_core.environment:checking '/home/ej/Silverfish/ublox_ws/install/ublox_gps' for CMake module files
[31.663s] Level 1:colcon.colcon_core.environment:checking '/home/ej/Silverfish/ublox_ws/install/ublox_gps' for CMake config files
[31.665s] Level 1:colcon.colcon_core.environment:checking '/home/ej/Silverfish/ublox_ws/install/ublox_gps/bin'
[31.666s] Level 1:colcon.colcon_core.environment:checking '/home/ej/Silverfish/ublox_ws/install/ublox_gps/lib/pkgconfig/ublox_gps.pc'
[31.667s] Level 1:colcon.colcon_core.environment:checking '/home/ej/Silverfish/ublox_ws/install/ublox_gps/lib/python3.10/site-packages'
[31.668s] Level 1:colcon.colcon_core.environment:checking '/home/ej/Silverfish/ublox_ws/install/ublox_gps/bin'
[31.674s] INFO:colcon.colcon_core.shell:Creating package script '/home/ej/Silverfish/ublox_ws/install/ublox_gps/share/ublox_gps/package.ps1'
[31.676s] INFO:colcon.colcon_core.shell:Creating package descriptor '/home/ej/Silverfish/ublox_ws/install/ublox_gps/share/ublox_gps/package.dsv'
[31.682s] INFO:colcon.colcon_core.shell:Creating package script '/home/ej/Silverfish/ublox_ws/install/ublox_gps/share/ublox_gps/package.sh'
[31.691s] INFO:colcon.colcon_core.shell:Creating package script '/home/ej/Silverfish/ublox_ws/install/ublox_gps/share/ublox_gps/package.bash'
[31.693s] INFO:colcon.colcon_core.shell:Creating package script '/home/ej/Silverfish/ublox_ws/install/ublox_gps/share/ublox_gps/package.zsh'
[31.696s] Level 1:colcon.colcon_core.environment:create_file_with_runtime_dependencies(/home/ej/Silverfish/ublox_ws/install/ublox_gps/share/colcon-core/packages/ublox_gps)
[31.707s] DEBUG:colcon.colcon_parallel_executor.executor.parallel:closing loop
[31.708s] DEBUG:colcon.colcon_parallel_executor.executor.parallel:loop closed
[31.708s] DEBUG:colcon.colcon_parallel_executor.executor.parallel:run_until_complete finished with '2'
[31.709s] DEBUG:colcon.colcon_core.event_reactor:joining thread
[31.753s] INFO:colcon.colcon_core.plugin_system:Skipping extension 'colcon_notification.desktop_notification.terminal_notifier': Not used on non-Darwin systems
[31.754s] INFO:colcon.colcon_core.plugin_system:Skipping extension 'colcon_notification.desktop_notification.win32': Not used on non-Windows systems
[31.754s] INFO:colcon.colcon_notification.desktop_notification:Sending desktop notification using 'notify2'
[31.814s] DEBUG:colcon.colcon_core.event_reactor:joined thread
[31.828s] INFO:colcon.colcon_core.shell:Creating prefix script '/home/ej/Silverfish/ublox_ws/install/local_setup.ps1'
[31.832s] INFO:colcon.colcon_core.shell:Creating prefix util module '/home/ej/Silverfish/ublox_ws/install/_local_setup_util_ps1.py'
[31.839s] INFO:colcon.colcon_core.shell:Creating prefix chain script '/home/ej/Silverfish/ublox_ws/install/setup.ps1'
[31.847s] INFO:colcon.colcon_core.shell:Creating prefix script '/home/ej/Silverfish/ublox_ws/install/local_setup.sh'
[31.851s] INFO:colcon.colcon_core.shell:Creating prefix util module '/home/ej/Silverfish/ublox_ws/install/_local_setup_util_sh.py'
[31.856s] INFO:colcon.colcon_core.shell:Creating prefix chain script '/home/ej/Silverfish/ublox_ws/install/setup.sh'
[31.864s] INFO:colcon.colcon_core.shell:Creating prefix script '/home/ej/Silverfish/ublox_ws/install/local_setup.bash'
[31.868s] INFO:colcon.colcon_core.shell:Creating prefix chain script '/home/ej/Silverfish/ublox_ws/install/setup.bash'
[31.875s] INFO:colcon.colcon_core.shell:Creating prefix script '/home/ej/Silverfish/ublox_ws/install/local_setup.zsh'
[31.880s] INFO:colcon.colcon_core.shell:Creating prefix chain script '/home/ej/Silverfish/ublox_ws/install/setup.zsh'
