[0.087s] Invoking command in '/home/ej/Silverfish/ublox_ws/build/ublox_gps': AMENT_PREFIX_PATH=/home/ej/Silverfish/ublox_ws/install/ublox_msgs:/home/ej/Silverfish/ublox_ws/install/ublox_serialization:${AMENT_PREFIX_PATH} CMAKE_PREFIX_PATH=/home/ej/Silverfish/ublox_ws/install/ublox_msgs:/home/ej/Silverfish/ublox_ws/install/ublox_serialization:/opt/ros/humble LD_LIBRARY_PATH=/home/ej/Silverfish/ublox_ws/install/ublox_msgs/lib:${LD_LIBRARY_PATH} PYTHONPATH=/home/ej/Silverfish/ublox_ws/install/ublox_msgs/local/lib/python3.10/dist-packages:${PYTHONPATH} /usr/bin/cmake /home/ej/Silverfish/ublox_ws/src/ublox/ublox_gps -DCMAKE_INSTALL_PREFIX=/home/ej/Silverfish/ublox_ws/install/ublox_gps
[0.154s] -- Found ament_cmake_ros: 0.10.0 (/opt/ros/humble/share/ament_cmake_ros/cmake)
[0.960s] -- Found asio: /usr/include  
[0.979s] -- Found diagnostic_msgs: 4.2.2 (/opt/ros/humble/share/diagnostic_msgs/cmake)
[1.284s] -- Found rosidl_generator_c: 3.1.4 (/opt/ros/humble/share/rosidl_generator_c/cmake)
[1.324s] -- Found rosidl_adapter: 3.1.4 (/opt/ros/humble/share/rosidl_adapter/cmake)
[1.383s] -- Found rosidl_generator_cpp: 3.1.4 (/opt/ros/humble/share/rosidl_generator_cpp/cmake)
[1.460s] -- Using all available rosidl_typesupport_c: rosidl_typesupport_fastrtps_c;rosidl_typesupport_introspection_c
[1.586s] -- Using all available rosidl_typesupport_cpp: rosidl_typesupport_fastrtps_cpp;rosidl_typesupport_introspection_cpp
[2.214s] [31mCMake Error at CMakeLists.txt:18 (find_package):
[2.216s]   By not providing "Finddiagnostic_updater.cmake" in CMAKE_MODULE_PATH this
[2.217s]   project has asked CMake to find a package configuration file provided by
[2.217s]   "diagnostic_updater", but CMake did not find one.
[2.218s] 
[2.219s]   Could not find a package configuration file provided by
[2.220s]   "diagnostic_updater" with any of the following names:
[2.221s] 
[2.222s]     diagnostic_updaterConfig.cmake
[2.222s]     diagnostic_updater-config.cmake
[2.223s] 
[2.223s]   Add the installation prefix of "diagnostic_updater" to CMAKE_PREFIX_PATH or
[2.224s]   set "diagnostic_updater_DIR" to a directory containing one of the above
[2.225s]   files.  If "diagnostic_updater" provides a separate development package or
[2.225s]   SDK, be sure it has been installed.
[2.226s] 
[2.226s] [0m
[2.227s] -- Configuring incomplete, errors occurred!
[2.229s] See also "/home/ej/Silverfish/ublox_ws/build/ublox_gps/CMakeFiles/CMakeOutput.log".
[2.233s] Invoked command in '/home/ej/Silverfish/ublox_ws/build/ublox_gps' returned '1': AMENT_PREFIX_PATH=/home/ej/Silverfish/ublox_ws/install/ublox_msgs:/home/ej/Silverfish/ublox_ws/install/ublox_serialization:${AMENT_PREFIX_PATH} CMAKE_PREFIX_PATH=/home/ej/Silverfish/ublox_ws/install/ublox_msgs:/home/ej/Silverfish/ublox_ws/install/ublox_serialization:/opt/ros/humble LD_LIBRARY_PATH=/home/ej/Silverfish/ublox_ws/install/ublox_msgs/lib:${LD_LIBRARY_PATH} PYTHONPATH=/home/ej/Silverfish/ublox_ws/install/ublox_msgs/local/lib/python3.10/dist-packages:${PYTHONPATH} /usr/bin/cmake /home/ej/Silverfish/ublox_ws/src/ublox/ublox_gps -DCMAKE_INSTALL_PREFIX=/home/ej/Silverfish/ublox_ws/install/ublox_gps
