[0.104s] Invoking command in '/home/ej/Silverfish/ublox_ws/build/ublox_serialization': CMAKE_PREFIX_PATH=/opt/ros/humble /usr/bin/cmake --build /home/ej/Silverfish/ublox_ws/build/ublox_serialization -- -j4 -l4
[0.324s] Invoked command in '/home/ej/Silverfish/ublox_ws/build/ublox_serialization' returned '0': CMAKE_PREFIX_PATH=/opt/ros/humble /usr/bin/cmake --build /home/ej/Silverfish/ublox_ws/build/ublox_serialization -- -j4 -l4
[0.651s] Invoking command in '/home/ej/Silverfish/ublox_ws/build/ublox_serialization': CMAKE_PREFIX_PATH=/opt/ros/humble /usr/bin/cmake --install /home/ej/Silverfish/ublox_ws/build/ublox_serialization
[0.737s] -- Install configuration: ""
[0.738s] -- Up-to-date: /home/ej/Silverfish/ublox_ws/install/ublox_serialization/include/ublox_serialization
[0.739s] -- Up-to-date: /home/ej/Silverfish/ublox_ws/install/ublox_serialization/include/ublox_serialization/ublox_serialization
[0.740s] -- Up-to-date: /home/ej/Silverfish/ublox_ws/install/ublox_serialization/include/ublox_serialization/ublox_serialization/checksum.hpp
[0.740s] -- Up-to-date: /home/ej/Silverfish/ublox_ws/install/ublox_serialization/include/ublox_serialization/ublox_serialization/serialization.hpp
[0.741s] -- Up-to-date: /home/ej/Silverfish/ublox_ws/install/ublox_serialization/share/ament_index/resource_index/package_run_dependencies/ublox_serialization
[0.743s] -- Up-to-date: /home/ej/Silverfish/ublox_ws/install/ublox_serialization/share/ament_index/resource_index/parent_prefix_path/ublox_serialization
[0.744s] -- Up-to-date: /home/ej/Silverfish/ublox_ws/install/ublox_serialization/share/ublox_serialization/environment/ament_prefix_path.sh
[0.745s] -- Up-to-date: /home/ej/Silverfish/ublox_ws/install/ublox_serialization/share/ublox_serialization/environment/ament_prefix_path.dsv
[0.746s] -- Up-to-date: /home/ej/Silverfish/ublox_ws/install/ublox_serialization/share/ublox_serialization/environment/path.sh
[0.746s] -- Up-to-date: /home/ej/Silverfish/ublox_ws/install/ublox_serialization/share/ublox_serialization/environment/path.dsv
[0.747s] -- Up-to-date: /home/ej/Silverfish/ublox_ws/install/ublox_serialization/share/ublox_serialization/local_setup.bash
[0.748s] -- Up-to-date: /home/ej/Silverfish/ublox_ws/install/ublox_serialization/share/ublox_serialization/local_setup.sh
[0.754s] -- Up-to-date: /home/ej/Silverfish/ublox_ws/install/ublox_serialization/share/ublox_serialization/local_setup.zsh
[0.755s] -- Up-to-date: /home/ej/Silverfish/ublox_ws/install/ublox_serialization/share/ublox_serialization/local_setup.dsv
[0.756s] -- Installing: /home/ej/Silverfish/ublox_ws/install/ublox_serialization/share/ublox_serialization/package.dsv
[0.759s] -- Up-to-date: /home/ej/Silverfish/ublox_ws/install/ublox_serialization/share/ament_index/resource_index/packages/ublox_serialization
[0.815s] -- Up-to-date: /home/ej/Silverfish/ublox_ws/install/ublox_serialization/share/ublox_serialization/cmake/export_ublox_serializationExport.cmake
[0.817s] -- Up-to-date: /home/ej/Silverfish/ublox_ws/install/ublox_serialization/share/ublox_serialization/cmake/ament_cmake_export_include_directories-extras.cmake
[0.818s] -- Up-to-date: /home/ej/Silverfish/ublox_ws/install/ublox_serialization/share/ublox_serialization/cmake/ament_cmake_export_targets-extras.cmake
[0.818s] -- Up-to-date: /home/ej/Silverfish/ublox_ws/install/ublox_serialization/share/ublox_serialization/cmake/ublox_serializationConfig.cmake
[0.819s] -- Up-to-date: /home/ej/Silverfish/ublox_ws/install/ublox_serialization/share/ublox_serialization/cmake/ublox_serializationConfig-version.cmake
[0.819s] -- Up-to-date: /home/ej/Silverfish/ublox_ws/install/ublox_serialization/share/ublox_serialization/package.xml
[0.821s] Invoked command in '/home/ej/Silverfish/ublox_ws/build/ublox_serialization' returned '0': CMAKE_PREFIX_PATH=/opt/ros/humble /usr/bin/cmake --install /home/ej/Silverfish/ublox_ws/build/ublox_serialization
