[1.246s] DEBUG:colcon:Command line arguments: ['/usr/bin/colcon', 'build', '--packages-select', 'ublox_gps']
[1.246s] DEBUG:colcon:Parsed command line arguments: Namespace(log_base=None, log_level=None, verb_name='build', build_base='build', install_base='install', merge_install=False, symlink_install=False, test_result_base=None, continue_on_error=False, executor='parallel', parallel_workers=4, event_handlers=None, ignore_user_meta=False, metas=['./colcon.meta'], base_paths=['.'], packages_ignore=None, packages_ignore_regex=None, paths=None, packages_up_to=None, packages_up_to_regex=None, packages_above=None, packages_above_and_dependencies=None, packages_above_depth=None, packages_select_by_dep=None, packages_skip_by_dep=None, packages_skip_up_to=None, packages_select_build_failed=False, packages_skip_build_finished=False, packages_select_test_failures=False, packages_skip_test_passed=False, packages_select=['ublox_gps'], packages_skip=None, packages_select_regex=None, packages_skip_regex=None, packages_start=None, packages_end=None, allow_overriding=[], cmake_args=None, cmake_target=None, cmake_target_skip_unavailable=False, cmake_clean_cache=False, cmake_clean_first=False, cmake_force_configure=False, ament_cmake_args=None, catkin_cmake_args=None, catkin_skip_building_tests=False, verb_parser=<colcon_defaults.argument_parser.defaults.DefaultArgumentsDecorator object at 0xffffbba8b0a0>, verb_extension=<colcon_core.verb.build.BuildVerb object at 0xffffbc4e0df0>, main=<bound method BuildVerb.main of <colcon_core.verb.build.BuildVerb object at 0xffffbc4e0df0>>)
[1.344s] Level 1:colcon.colcon_core.package_discovery:discover_packages(colcon_meta) check parameters
[1.345s] Level 1:colcon.colcon_core.package_discovery:discover_packages(recursive) check parameters
[1.345s] Level 1:colcon.colcon_core.package_discovery:discover_packages(ignore) check parameters
[1.345s] Level 1:colcon.colcon_core.package_discovery:discover_packages(path) check parameters
[1.345s] Level 1:colcon.colcon_core.package_discovery:discover_packages(colcon_meta) discover
[1.345s] Level 1:colcon.colcon_core.package_discovery:discover_packages(recursive) discover
[1.346s] INFO:colcon.colcon_core.package_discovery:Crawling recursively for packages in '/home/ej/Silverfish/ublox_ws/src'
[1.346s] Level 1:colcon.colcon_core.package_identification:_identify(.) by extensions ['ignore', 'ignore_ament_install']
[1.346s] Level 1:colcon.colcon_core.package_identification:_identify(.) by extension 'ignore'
[1.347s] Level 1:colcon.colcon_core.package_identification:_identify(.) by extension 'ignore_ament_install'
[1.347s] Level 1:colcon.colcon_core.package_identification:_identify(.) by extensions ['colcon_pkg']
[1.347s] Level 1:colcon.colcon_core.package_identification:_identify(.) by extension 'colcon_pkg'
[1.347s] Level 1:colcon.colcon_core.package_identification:_identify(.) by extensions ['colcon_meta']
[1.347s] Level 1:colcon.colcon_core.package_identification:_identify(.) by extension 'colcon_meta'
[1.348s] Level 1:colcon.colcon_core.package_identification:_identify(.) by extensions ['ros']
[1.348s] Level 1:colcon.colcon_core.package_identification:_identify(.) by extension 'ros'
[1.433s] Level 1:colcon.colcon_core.package_identification:_identify(.) by extensions ['cmake', 'python']
[1.433s] Level 1:colcon.colcon_core.package_identification:_identify(.) by extension 'cmake'
[1.433s] Level 1:colcon.colcon_core.package_identification:_identify(.) by extension 'python'
[1.434s] Level 1:colcon.colcon_core.package_identification:_identify(.) by extensions ['python_setup_py']
[1.434s] Level 1:colcon.colcon_core.package_identification:_identify(.) by extension 'python_setup_py'
[1.434s] Level 1:colcon.colcon_core.package_identification:_identify(build) by extensions ['ignore', 'ignore_ament_install']
[1.435s] Level 1:colcon.colcon_core.package_identification:_identify(build) by extension 'ignore'
[1.435s] Level 1:colcon.colcon_core.package_identification:_identify(build) ignored
[1.435s] Level 1:colcon.colcon_core.package_identification:_identify(install) by extensions ['ignore', 'ignore_ament_install']
[1.436s] Level 1:colcon.colcon_core.package_identification:_identify(install) by extension 'ignore'
[1.436s] Level 1:colcon.colcon_core.package_identification:_identify(install) ignored
[1.436s] Level 1:colcon.colcon_core.package_identification:_identify(log) by extensions ['ignore', 'ignore_ament_install']
[1.437s] Level 1:colcon.colcon_core.package_identification:_identify(log) by extension 'ignore'
[1.437s] Level 1:colcon.colcon_core.package_identification:_identify(log) ignored
[1.437s] Level 1:colcon.colcon_core.package_identification:_identify(ublox) by extensions ['ignore', 'ignore_ament_install']
[1.438s] Level 1:colcon.colcon_core.package_identification:_identify(ublox) by extension 'ignore'
[1.438s] Level 1:colcon.colcon_core.package_identification:_identify(ublox) by extension 'ignore_ament_install'
[1.438s] Level 1:colcon.colcon_core.package_identification:_identify(ublox) by extensions ['colcon_pkg']
[1.438s] Level 1:colcon.colcon_core.package_identification:_identify(ublox) by extension 'colcon_pkg'
[1.438s] Level 1:colcon.colcon_core.package_identification:_identify(ublox) by extensions ['colcon_meta']
[1.438s] Level 1:colcon.colcon_core.package_identification:_identify(ublox) by extension 'colcon_meta'
[1.439s] Level 1:colcon.colcon_core.package_identification:_identify(ublox) by extensions ['ros']
[1.439s] Level 1:colcon.colcon_core.package_identification:_identify(ublox) by extension 'ros'
[1.439s] Level 1:colcon.colcon_core.package_identification:_identify(ublox) by extensions ['cmake', 'python']
[1.439s] Level 1:colcon.colcon_core.package_identification:_identify(ublox) by extension 'cmake'
[1.439s] Level 1:colcon.colcon_core.package_identification:_identify(ublox) by extension 'python'
[1.440s] Level 1:colcon.colcon_core.package_identification:_identify(ublox) by extensions ['python_setup_py']
[1.440s] Level 1:colcon.colcon_core.package_identification:_identify(ublox) by extension 'python_setup_py'
[1.440s] Level 1:colcon.colcon_core.package_identification:_identify(ublox/rtcm_msgs) by extensions ['ignore', 'ignore_ament_install']
[1.441s] Level 1:colcon.colcon_core.package_identification:_identify(ublox/rtcm_msgs) by extension 'ignore'
[1.441s] Level 1:colcon.colcon_core.package_identification:_identify(ublox/rtcm_msgs) by extension 'ignore_ament_install'
[1.441s] Level 1:colcon.colcon_core.package_identification:_identify(ublox/rtcm_msgs) by extensions ['colcon_pkg']
[1.441s] Level 1:colcon.colcon_core.package_identification:_identify(ublox/rtcm_msgs) by extension 'colcon_pkg'
[1.441s] Level 1:colcon.colcon_core.package_identification:_identify(ublox/rtcm_msgs) by extensions ['colcon_meta']
[1.441s] Level 1:colcon.colcon_core.package_identification:_identify(ublox/rtcm_msgs) by extension 'colcon_meta'
[1.442s] Level 1:colcon.colcon_core.package_identification:_identify(ublox/rtcm_msgs) by extensions ['ros']
[1.442s] Level 1:colcon.colcon_core.package_identification:_identify(ublox/rtcm_msgs) by extension 'ros'
[1.465s] DEBUG:colcon.colcon_core.package_identification:Package 'ublox/rtcm_msgs' with type 'ros.ament_cmake' and name 'rtcm_msgs'
[1.466s] Level 1:colcon.colcon_core.package_identification:_identify(ublox/ublox) by extensions ['ignore', 'ignore_ament_install']
[1.467s] Level 1:colcon.colcon_core.package_identification:_identify(ublox/ublox) by extension 'ignore'
[1.467s] Level 1:colcon.colcon_core.package_identification:_identify(ublox/ublox) by extension 'ignore_ament_install'
[1.467s] Level 1:colcon.colcon_core.package_identification:_identify(ublox/ublox) by extensions ['colcon_pkg']
[1.467s] Level 1:colcon.colcon_core.package_identification:_identify(ublox/ublox) by extension 'colcon_pkg'
[1.468s] Level 1:colcon.colcon_core.package_identification:_identify(ublox/ublox) by extensions ['colcon_meta']
[1.468s] Level 1:colcon.colcon_core.package_identification:_identify(ublox/ublox) by extension 'colcon_meta'
[1.468s] Level 1:colcon.colcon_core.package_identification:_identify(ublox/ublox) by extensions ['ros']
[1.468s] Level 1:colcon.colcon_core.package_identification:_identify(ublox/ublox) by extension 'ros'
[1.470s] DEBUG:colcon.colcon_core.package_identification:Package 'ublox/ublox' with type 'ros.ament_cmake' and name 'ublox'
[1.471s] Level 1:colcon.colcon_core.package_identification:_identify(ublox/ublox_gps) by extensions ['ignore', 'ignore_ament_install']
[1.472s] Level 1:colcon.colcon_core.package_identification:_identify(ublox/ublox_gps) by extension 'ignore'
[1.472s] Level 1:colcon.colcon_core.package_identification:_identify(ublox/ublox_gps) by extension 'ignore_ament_install'
[1.473s] Level 1:colcon.colcon_core.package_identification:_identify(ublox/ublox_gps) by extensions ['colcon_pkg']
[1.473s] Level 1:colcon.colcon_core.package_identification:_identify(ublox/ublox_gps) by extension 'colcon_pkg'
[1.473s] Level 1:colcon.colcon_core.package_identification:_identify(ublox/ublox_gps) by extensions ['colcon_meta']
[1.473s] Level 1:colcon.colcon_core.package_identification:_identify(ublox/ublox_gps) by extension 'colcon_meta'
[1.473s] Level 1:colcon.colcon_core.package_identification:_identify(ublox/ublox_gps) by extensions ['ros']
[1.473s] Level 1:colcon.colcon_core.package_identification:_identify(ublox/ublox_gps) by extension 'ros'
[1.479s] DEBUG:colcon.colcon_core.package_identification:Package 'ublox/ublox_gps' with type 'ros.ament_cmake' and name 'ublox_gps'
[1.480s] Level 1:colcon.colcon_core.package_identification:_identify(ublox/ublox_msgs) by extensions ['ignore', 'ignore_ament_install']
[1.480s] Level 1:colcon.colcon_core.package_identification:_identify(ublox/ublox_msgs) by extension 'ignore'
[1.481s] Level 1:colcon.colcon_core.package_identification:_identify(ublox/ublox_msgs) by extension 'ignore_ament_install'
[1.481s] Level 1:colcon.colcon_core.package_identification:_identify(ublox/ublox_msgs) by extensions ['colcon_pkg']
[1.481s] Level 1:colcon.colcon_core.package_identification:_identify(ublox/ublox_msgs) by extension 'colcon_pkg'
[1.481s] Level 1:colcon.colcon_core.package_identification:_identify(ublox/ublox_msgs) by extensions ['colcon_meta']
[1.481s] Level 1:colcon.colcon_core.package_identification:_identify(ublox/ublox_msgs) by extension 'colcon_meta'
[1.481s] Level 1:colcon.colcon_core.package_identification:_identify(ublox/ublox_msgs) by extensions ['ros']
[1.482s] Level 1:colcon.colcon_core.package_identification:_identify(ublox/ublox_msgs) by extension 'ros'
[1.484s] DEBUG:colcon.colcon_core.package_identification:Package 'ublox/ublox_msgs' with type 'ros.ament_cmake' and name 'ublox_msgs'
[1.485s] Level 1:colcon.colcon_core.package_identification:_identify(ublox/ublox_serialization) by extensions ['ignore', 'ignore_ament_install']
[1.485s] Level 1:colcon.colcon_core.package_identification:_identify(ublox/ublox_serialization) by extension 'ignore'
[1.485s] Level 1:colcon.colcon_core.package_identification:_identify(ublox/ublox_serialization) by extension 'ignore_ament_install'
[1.486s] Level 1:colcon.colcon_core.package_identification:_identify(ublox/ublox_serialization) by extensions ['colcon_pkg']
[1.486s] Level 1:colcon.colcon_core.package_identification:_identify(ublox/ublox_serialization) by extension 'colcon_pkg'
[1.486s] Level 1:colcon.colcon_core.package_identification:_identify(ublox/ublox_serialization) by extensions ['colcon_meta']
[1.486s] Level 1:colcon.colcon_core.package_identification:_identify(ublox/ublox_serialization) by extension 'colcon_meta'
[1.486s] Level 1:colcon.colcon_core.package_identification:_identify(ublox/ublox_serialization) by extensions ['ros']
[1.486s] Level 1:colcon.colcon_core.package_identification:_identify(ublox/ublox_serialization) by extension 'ros'
[1.488s] DEBUG:colcon.colcon_core.package_identification:Package 'ublox/ublox_serialization' with type 'ros.ament_cmake' and name 'ublox_serialization'
[1.489s] Level 1:colcon.colcon_core.package_discovery:discover_packages(recursive) using defaults
[1.489s] Level 1:colcon.colcon_core.package_discovery:discover_packages(ignore) discover
[1.489s] Level 1:colcon.colcon_core.package_discovery:discover_packages(ignore) using defaults
[1.489s] Level 1:colcon.colcon_core.package_discovery:discover_packages(path) discover
[1.489s] Level 1:colcon.colcon_core.package_discovery:discover_packages(path) using defaults
[1.592s] INFO:colcon.colcon_core.package_selection:Skipping not selected package 'rtcm_msgs' in 'ublox/rtcm_msgs'
[1.592s] INFO:colcon.colcon_core.package_selection:Skipping not selected package 'ublox_serialization' in 'ublox/ublox_serialization'
[1.592s] INFO:colcon.colcon_core.package_selection:Skipping not selected package 'ublox_msgs' in 'ublox/ublox_msgs'
[1.592s] INFO:colcon.colcon_core.package_selection:Skipping not selected package 'ublox' in 'ublox/ublox'
[1.595s] Level 1:colcon.colcon_core.package_discovery:discover_packages(prefix_path) check parameters
[1.595s] Level 1:colcon.colcon_core.package_discovery:discover_packages(prefix_path) discover
[1.611s] DEBUG:colcon.colcon_installed_package_information.package_discovery:Found 183 installed packages in /opt/ros/humble
[1.616s] Level 1:colcon.colcon_core.package_discovery:discover_packages(prefix_path) using defaults
[1.789s] Level 5:colcon.colcon_core.verb:set package 'ublox_gps' build argument 'cmake_args' from command line to 'None'
[1.790s] Level 5:colcon.colcon_core.verb:set package 'ublox_gps' build argument 'cmake_target' from command line to 'None'
[1.790s] Level 5:colcon.colcon_core.verb:set package 'ublox_gps' build argument 'cmake_target_skip_unavailable' from command line to 'False'
[1.790s] Level 5:colcon.colcon_core.verb:set package 'ublox_gps' build argument 'cmake_clean_cache' from command line to 'False'
[1.790s] Level 5:colcon.colcon_core.verb:set package 'ublox_gps' build argument 'cmake_clean_first' from command line to 'False'
[1.790s] Level 5:colcon.colcon_core.verb:set package 'ublox_gps' build argument 'cmake_force_configure' from command line to 'False'
[1.790s] Level 5:colcon.colcon_core.verb:set package 'ublox_gps' build argument 'ament_cmake_args' from command line to 'None'
[1.790s] Level 5:colcon.colcon_core.verb:set package 'ublox_gps' build argument 'catkin_cmake_args' from command line to 'None'
[1.790s] Level 5:colcon.colcon_core.verb:set package 'ublox_gps' build argument 'catkin_skip_building_tests' from command line to 'False'
[1.791s] DEBUG:colcon.colcon_core.verb:Building package 'ublox_gps' with the following arguments: {'ament_cmake_args': None, 'build_base': '/home/ej/Silverfish/ublox_ws/src/build/ublox_gps', 'catkin_cmake_args': None, 'catkin_skip_building_tests': False, 'cmake_args': None, 'cmake_clean_cache': False, 'cmake_clean_first': False, 'cmake_force_configure': False, 'cmake_target': None, 'cmake_target_skip_unavailable': False, 'install_base': '/home/ej/Silverfish/ublox_ws/src/install/ublox_gps', 'merge_install': False, 'path': '/home/ej/Silverfish/ublox_ws/src/ublox/ublox_gps', 'symlink_install': False, 'test_result_base': None}
[1.793s] INFO:colcon.colcon_core.executor:Executing jobs using 'parallel' executor
[1.808s] DEBUG:colcon.colcon_parallel_executor.executor.parallel:run_until_complete
[1.809s] INFO:colcon.colcon_ros.task.ament_cmake.build:Building ROS package in '/home/ej/Silverfish/ublox_ws/src/ublox/ublox_gps' with build type 'ament_cmake'
[1.810s] INFO:colcon.colcon_cmake.task.cmake.build:Building CMake package in '/home/ej/Silverfish/ublox_ws/src/ublox/ublox_gps'
[1.831s] INFO:colcon.colcon_core.plugin_system:Skipping extension 'colcon_core.shell.bat': Not used on non-Windows systems
[1.832s] INFO:colcon.colcon_core.shell:Skip shell extension 'powershell' for command environment: Not usable outside of PowerShell
[1.833s] DEBUG:colcon.colcon_core.shell:Skip shell extension 'dsv' for command environment
[1.847s] ERROR:colcon.colcon_cmake.task.cmake.build:Failed to find the following files:
- /home/ej/Silverfish/ublox_ws/src/install/rtcm_msgs/share/rtcm_msgs/package.sh
- /home/ej/Silverfish/ublox_ws/src/install/ublox_serialization/share/ublox_serialization/package.sh
- /home/ej/Silverfish/ublox_ws/src/install/ublox_msgs/share/ublox_msgs/package.sh
Check that the following packages have been built:
- rtcm_msgs
- ublox_serialization
- ublox_msgs
[1.849s] Level 1:colcon.colcon_core.environment:create_environment_scripts_only(ublox_gps)
[1.887s] Level 1:colcon.colcon_core.environment:checking '/home/ej/Silverfish/ublox_ws/src/install/ublox_gps' for CMake module files
[1.889s] Level 1:colcon.colcon_core.environment:checking '/home/ej/Silverfish/ublox_ws/src/install/ublox_gps' for CMake config files
[1.891s] Level 1:colcon.colcon_core.environment:checking '/home/ej/Silverfish/ublox_ws/src/install/ublox_gps/bin'
[1.892s] Level 1:colcon.colcon_core.environment:checking '/home/ej/Silverfish/ublox_ws/src/install/ublox_gps/lib/pkgconfig/ublox_gps.pc'
[1.893s] Level 1:colcon.colcon_core.environment:checking '/home/ej/Silverfish/ublox_ws/src/install/ublox_gps/lib/python3.10/site-packages'
[1.895s] Level 1:colcon.colcon_core.environment:checking '/home/ej/Silverfish/ublox_ws/src/install/ublox_gps/bin'
[1.905s] INFO:colcon.colcon_core.shell:Creating package script '/home/ej/Silverfish/ublox_ws/src/install/ublox_gps/share/ublox_gps/package.ps1'
[1.916s] INFO:colcon.colcon_core.shell:Creating package descriptor '/home/ej/Silverfish/ublox_ws/src/install/ublox_gps/share/ublox_gps/package.dsv'
[1.918s] INFO:colcon.colcon_core.shell:Creating package script '/home/ej/Silverfish/ublox_ws/src/install/ublox_gps/share/ublox_gps/package.sh'
[1.921s] INFO:colcon.colcon_core.shell:Creating package script '/home/ej/Silverfish/ublox_ws/src/install/ublox_gps/share/ublox_gps/package.bash'
[1.924s] INFO:colcon.colcon_core.shell:Creating package script '/home/ej/Silverfish/ublox_ws/src/install/ublox_gps/share/ublox_gps/package.zsh'
[1.927s] Level 1:colcon.colcon_core.environment:create_file_with_runtime_dependencies(/home/ej/Silverfish/ublox_ws/src/install/ublox_gps/share/colcon-core/packages/ublox_gps)
[1.939s] DEBUG:colcon.colcon_parallel_executor.executor.parallel:closing loop
[1.940s] DEBUG:colcon.colcon_parallel_executor.executor.parallel:loop closed
[1.941s] DEBUG:colcon.colcon_parallel_executor.executor.parallel:run_until_complete finished with '1'
[1.942s] DEBUG:colcon.colcon_core.event_reactor:joining thread
[1.988s] INFO:colcon.colcon_core.plugin_system:Skipping extension 'colcon_notification.desktop_notification.terminal_notifier': Not used on non-Darwin systems
[1.989s] INFO:colcon.colcon_core.plugin_system:Skipping extension 'colcon_notification.desktop_notification.win32': Not used on non-Windows systems
[1.989s] INFO:colcon.colcon_notification.desktop_notification:Sending desktop notification using 'notify2'
[2.058s] DEBUG:colcon.colcon_core.event_reactor:joined thread
[2.064s] INFO:colcon.colcon_core.shell:Creating prefix script '/home/ej/Silverfish/ublox_ws/src/install/local_setup.ps1'
[2.068s] INFO:colcon.colcon_core.shell:Creating prefix util module '/home/ej/Silverfish/ublox_ws/src/install/_local_setup_util_ps1.py'
[2.076s] INFO:colcon.colcon_core.shell:Creating prefix chain script '/home/ej/Silverfish/ublox_ws/src/install/setup.ps1'
[2.085s] INFO:colcon.colcon_core.shell:Creating prefix script '/home/ej/Silverfish/ublox_ws/src/install/local_setup.sh'
[2.088s] INFO:colcon.colcon_core.shell:Creating prefix util module '/home/ej/Silverfish/ublox_ws/src/install/_local_setup_util_sh.py'
[2.091s] INFO:colcon.colcon_core.shell:Creating prefix chain script '/home/ej/Silverfish/ublox_ws/src/install/setup.sh'
[2.099s] INFO:colcon.colcon_core.shell:Creating prefix script '/home/ej/Silverfish/ublox_ws/src/install/local_setup.bash'
[2.103s] INFO:colcon.colcon_core.shell:Creating prefix chain script '/home/ej/Silverfish/ublox_ws/src/install/setup.bash'
[2.114s] INFO:colcon.colcon_core.shell:Creating prefix script '/home/ej/Silverfish/ublox_ws/src/install/local_setup.zsh'
[2.119s] INFO:colcon.colcon_core.shell:Creating prefix chain script '/home/ej/Silverfish/ublox_ws/src/install/setup.zsh'
