[0.100s] Invoking command in '/home/ej/Silverfish/ublox_ws/build/rtcm_msgs': CMAKE_PREFIX_PATH=/opt/ros/humble /usr/bin/cmake --build /home/ej/Silverfish/ublox_ws/build/rtcm_msgs -- -j4 -l4
[0.440s] [  3%] Built target rtcm_msgs__cpp
[0.449s] [ 12%] Built target rtcm_msgs__rosidl_generator_c
[0.541s] [ 12%] Built target ament_cmake_python_copy_rtcm_msgs
[0.660s] [ 22%] Built target rtcm_msgs__rosidl_typesupport_cpp
[0.678s] [ 32%] Built target rtcm_msgs__rosidl_typesupport_fastrtps_cpp
[0.777s] [ 41%] Built target rtcm_msgs__rosidl_typesupport_introspection_cpp
[0.778s] [ 51%] Built target rtcm_msgs__rosidl_typesupport_fastrtps_c
[0.872s] [ 61%] Built target rtcm_msgs__rosidl_typesupport_introspection_c
[0.906s] [ 70%] Built target rtcm_msgs__rosidl_typesupport_c
[1.051s] [ 70%] Built target rtcm_msgs
[1.197s] [ 74%] Built target rtcm_msgs__py
[1.355s] [ 80%] Built target rtcm_msgs__rosidl_generator_py
[1.674s] [ 87%] Built target rtcm_msgs__rosidl_typesupport_c__pyext
[1.678s] [ 93%] Built target rtcm_msgs__rosidl_typesupport_fastrtps_c__pyext
[1.704s] [100%] Built target rtcm_msgs__rosidl_typesupport_introspection_c__pyext
[3.182s] running egg_info
[3.197s] writing rtcm_msgs.egg-info/PKG-INFO
[3.201s] writing dependency_links to rtcm_msgs.egg-info/dependency_links.txt
[3.203s] writing top-level names to rtcm_msgs.egg-info/top_level.txt
[3.227s] reading manifest file 'rtcm_msgs.egg-info/SOURCES.txt'
[3.230s] writing manifest file 'rtcm_msgs.egg-info/SOURCES.txt'
[3.475s] [100%] Built target ament_cmake_python_build_rtcm_msgs_egg
[3.557s] Invoked command in '/home/ej/Silverfish/ublox_ws/build/rtcm_msgs' returned '0': CMAKE_PREFIX_PATH=/opt/ros/humble /usr/bin/cmake --build /home/ej/Silverfish/ublox_ws/build/rtcm_msgs -- -j4 -l4
[4.155s] Invoking command in '/home/ej/Silverfish/ublox_ws/build/rtcm_msgs': CMAKE_PREFIX_PATH=/opt/ros/humble /usr/bin/cmake --install /home/ej/Silverfish/ublox_ws/build/rtcm_msgs
[4.193s] -- Install configuration: ""
[4.194s] -- Up-to-date: /home/ej/Silverfish/ublox_ws/install/rtcm_msgs/share/ament_index/resource_index/rosidl_interfaces/rtcm_msgs
[4.195s] -- Up-to-date: /home/ej/Silverfish/ublox_ws/install/rtcm_msgs/include/rtcm_msgs/rtcm_msgs
[4.196s] -- Up-to-date: /home/ej/Silverfish/ublox_ws/install/rtcm_msgs/include/rtcm_msgs/rtcm_msgs/msg
[4.197s] -- Up-to-date: /home/ej/Silverfish/ublox_ws/install/rtcm_msgs/include/rtcm_msgs/rtcm_msgs/msg/message.h
[4.198s] -- Up-to-date: /home/ej/Silverfish/ublox_ws/install/rtcm_msgs/include/rtcm_msgs/rtcm_msgs/msg/rosidl_generator_c__visibility_control.h
[4.199s] -- Up-to-date: /home/ej/Silverfish/ublox_ws/install/rtcm_msgs/include/rtcm_msgs/rtcm_msgs/msg/detail
[4.200s] -- Up-to-date: /home/ej/Silverfish/ublox_ws/install/rtcm_msgs/include/rtcm_msgs/rtcm_msgs/msg/detail/message__struct.h
[4.201s] -- Up-to-date: /home/ej/Silverfish/ublox_ws/install/rtcm_msgs/include/rtcm_msgs/rtcm_msgs/msg/detail/message__functions.h
[4.202s] -- Up-to-date: /home/ej/Silverfish/ublox_ws/install/rtcm_msgs/include/rtcm_msgs/rtcm_msgs/msg/detail/message__functions.c
[4.203s] -- Up-to-date: /home/ej/Silverfish/ublox_ws/install/rtcm_msgs/include/rtcm_msgs/rtcm_msgs/msg/detail/message__type_support.h
[4.204s] -- Up-to-date: /home/ej/Silverfish/ublox_ws/install/rtcm_msgs/share/rtcm_msgs/environment/library_path.sh
[4.205s] -- Up-to-date: /home/ej/Silverfish/ublox_ws/install/rtcm_msgs/share/rtcm_msgs/environment/library_path.dsv
[4.206s] -- Up-to-date: /home/ej/Silverfish/ublox_ws/install/rtcm_msgs/lib/librtcm_msgs__rosidl_generator_c.so
[4.208s] -- Up-to-date: /home/ej/Silverfish/ublox_ws/install/rtcm_msgs/include/rtcm_msgs/rtcm_msgs
[4.209s] -- Up-to-date: /home/ej/Silverfish/ublox_ws/install/rtcm_msgs/include/rtcm_msgs/rtcm_msgs/msg
[4.211s] -- Up-to-date: /home/ej/Silverfish/ublox_ws/install/rtcm_msgs/include/rtcm_msgs/rtcm_msgs/msg/rosidl_typesupport_fastrtps_c__visibility_control.h
[4.211s] -- Up-to-date: /home/ej/Silverfish/ublox_ws/install/rtcm_msgs/include/rtcm_msgs/rtcm_msgs/msg/detail
[4.212s] -- Up-to-date: /home/ej/Silverfish/ublox_ws/install/rtcm_msgs/include/rtcm_msgs/rtcm_msgs/msg/detail/message__rosidl_typesupport_fastrtps_c.h
[4.224s] -- Up-to-date: /home/ej/Silverfish/ublox_ws/install/rtcm_msgs/lib/librtcm_msgs__rosidl_typesupport_fastrtps_c.so
[4.227s] -- Up-to-date: /home/ej/Silverfish/ublox_ws/install/rtcm_msgs/include/rtcm_msgs/rtcm_msgs
[4.228s] -- Up-to-date: /home/ej/Silverfish/ublox_ws/install/rtcm_msgs/include/rtcm_msgs/rtcm_msgs/msg
[4.228s] -- Up-to-date: /home/ej/Silverfish/ublox_ws/install/rtcm_msgs/include/rtcm_msgs/rtcm_msgs/msg/detail
[4.229s] -- Up-to-date: /home/ej/Silverfish/ublox_ws/install/rtcm_msgs/include/rtcm_msgs/rtcm_msgs/msg/detail/message__struct.hpp
[4.230s] -- Up-to-date: /home/ej/Silverfish/ublox_ws/install/rtcm_msgs/include/rtcm_msgs/rtcm_msgs/msg/detail/message__traits.hpp
[4.231s] -- Up-to-date: /home/ej/Silverfish/ublox_ws/install/rtcm_msgs/include/rtcm_msgs/rtcm_msgs/msg/detail/message__builder.hpp
[4.231s] -- Up-to-date: /home/ej/Silverfish/ublox_ws/install/rtcm_msgs/include/rtcm_msgs/rtcm_msgs/msg/message.hpp
[4.232s] -- Up-to-date: /home/ej/Silverfish/ublox_ws/install/rtcm_msgs/include/rtcm_msgs/rtcm_msgs
[4.232s] -- Up-to-date: /home/ej/Silverfish/ublox_ws/install/rtcm_msgs/include/rtcm_msgs/rtcm_msgs/msg
[4.233s] -- Up-to-date: /home/ej/Silverfish/ublox_ws/install/rtcm_msgs/include/rtcm_msgs/rtcm_msgs/msg/rosidl_typesupport_fastrtps_cpp__visibility_control.h
[4.233s] -- Up-to-date: /home/ej/Silverfish/ublox_ws/install/rtcm_msgs/include/rtcm_msgs/rtcm_msgs/msg/detail
[4.234s] -- Up-to-date: /home/ej/Silverfish/ublox_ws/install/rtcm_msgs/include/rtcm_msgs/rtcm_msgs/msg/detail/message__rosidl_typesupport_fastrtps_cpp.hpp
[4.234s] -- Up-to-date: /home/ej/Silverfish/ublox_ws/install/rtcm_msgs/include/rtcm_msgs/rtcm_msgs/msg/detail/dds_fastrtps
[4.236s] -- Up-to-date: /home/ej/Silverfish/ublox_ws/install/rtcm_msgs/lib/librtcm_msgs__rosidl_typesupport_fastrtps_cpp.so
[4.236s] -- Up-to-date: /home/ej/Silverfish/ublox_ws/install/rtcm_msgs/include/rtcm_msgs/rtcm_msgs
[4.237s] -- Up-to-date: /home/ej/Silverfish/ublox_ws/install/rtcm_msgs/include/rtcm_msgs/rtcm_msgs/msg
[4.237s] -- Up-to-date: /home/ej/Silverfish/ublox_ws/install/rtcm_msgs/include/rtcm_msgs/rtcm_msgs/msg/rosidl_typesupport_introspection_c__visibility_control.h
[4.238s] -- Up-to-date: /home/ej/Silverfish/ublox_ws/install/rtcm_msgs/include/rtcm_msgs/rtcm_msgs/msg/detail
[4.238s] -- Up-to-date: /home/ej/Silverfish/ublox_ws/install/rtcm_msgs/include/rtcm_msgs/rtcm_msgs/msg/detail/message__type_support.c
[4.239s] -- Up-to-date: /home/ej/Silverfish/ublox_ws/install/rtcm_msgs/include/rtcm_msgs/rtcm_msgs/msg/detail/message__rosidl_typesupport_introspection_c.h
[4.240s] -- Up-to-date: /home/ej/Silverfish/ublox_ws/install/rtcm_msgs/lib/librtcm_msgs__rosidl_typesupport_introspection_c.so
[4.241s] -- Up-to-date: /home/ej/Silverfish/ublox_ws/install/rtcm_msgs/lib/librtcm_msgs__rosidl_typesupport_c.so
[4.241s] -- Up-to-date: /home/ej/Silverfish/ublox_ws/install/rtcm_msgs/include/rtcm_msgs/rtcm_msgs
[4.241s] -- Up-to-date: /home/ej/Silverfish/ublox_ws/install/rtcm_msgs/include/rtcm_msgs/rtcm_msgs/msg
[4.242s] -- Up-to-date: /home/ej/Silverfish/ublox_ws/install/rtcm_msgs/include/rtcm_msgs/rtcm_msgs/msg/detail
[4.242s] -- Up-to-date: /home/ej/Silverfish/ublox_ws/install/rtcm_msgs/include/rtcm_msgs/rtcm_msgs/msg/detail/message__rosidl_typesupport_introspection_cpp.hpp
[4.243s] -- Up-to-date: /home/ej/Silverfish/ublox_ws/install/rtcm_msgs/include/rtcm_msgs/rtcm_msgs/msg/detail/message__type_support.cpp
[4.243s] -- Up-to-date: /home/ej/Silverfish/ublox_ws/install/rtcm_msgs/lib/librtcm_msgs__rosidl_typesupport_introspection_cpp.so
[4.244s] -- Up-to-date: /home/ej/Silverfish/ublox_ws/install/rtcm_msgs/lib/librtcm_msgs__rosidl_typesupport_cpp.so
[4.244s] -- Up-to-date: /home/ej/Silverfish/ublox_ws/install/rtcm_msgs/share/rtcm_msgs/environment/pythonpath.sh
[4.245s] -- Up-to-date: /home/ej/Silverfish/ublox_ws/install/rtcm_msgs/share/rtcm_msgs/environment/pythonpath.dsv
[4.246s] -- Up-to-date: /home/ej/Silverfish/ublox_ws/install/rtcm_msgs/local/lib/python3.10/dist-packages/rtcm_msgs-1.1.0-py3.10.egg-info
[4.246s] -- Installing: /home/ej/Silverfish/ublox_ws/install/rtcm_msgs/local/lib/python3.10/dist-packages/rtcm_msgs-1.1.0-py3.10.egg-info/PKG-INFO
[4.247s] -- Installing: /home/ej/Silverfish/ublox_ws/install/rtcm_msgs/local/lib/python3.10/dist-packages/rtcm_msgs-1.1.0-py3.10.egg-info/top_level.txt
[4.248s] -- Installing: /home/ej/Silverfish/ublox_ws/install/rtcm_msgs/local/lib/python3.10/dist-packages/rtcm_msgs-1.1.0-py3.10.egg-info/SOURCES.txt
[4.249s] -- Installing: /home/ej/Silverfish/ublox_ws/install/rtcm_msgs/local/lib/python3.10/dist-packages/rtcm_msgs-1.1.0-py3.10.egg-info/dependency_links.txt
[4.251s] -- Up-to-date: /home/ej/Silverfish/ublox_ws/install/rtcm_msgs/local/lib/python3.10/dist-packages/rtcm_msgs
[4.252s] -- Up-to-date: /home/ej/Silverfish/ublox_ws/install/rtcm_msgs/local/lib/python3.10/dist-packages/rtcm_msgs/librtcm_msgs__rosidl_generator_py.so
[4.253s] -- Up-to-date: /home/ej/Silverfish/ublox_ws/install/rtcm_msgs/local/lib/python3.10/dist-packages/rtcm_msgs/_rtcm_msgs_s.ep.rosidl_typesupport_c.c
[4.254s] -- Up-to-date: /home/ej/Silverfish/ublox_ws/install/rtcm_msgs/local/lib/python3.10/dist-packages/rtcm_msgs/msg
[4.255s] -- Up-to-date: /home/ej/Silverfish/ublox_ws/install/rtcm_msgs/local/lib/python3.10/dist-packages/rtcm_msgs/msg/_message.py
[4.255s] -- Up-to-date: /home/ej/Silverfish/ublox_ws/install/rtcm_msgs/local/lib/python3.10/dist-packages/rtcm_msgs/msg/_message_s.c
[4.256s] -- Up-to-date: /home/ej/Silverfish/ublox_ws/install/rtcm_msgs/local/lib/python3.10/dist-packages/rtcm_msgs/msg/__init__.py
[4.257s] -- Up-to-date: /home/ej/Silverfish/ublox_ws/install/rtcm_msgs/local/lib/python3.10/dist-packages/rtcm_msgs/_rtcm_msgs_s.ep.rosidl_typesupport_fastrtps_c.c
[4.258s] -- Up-to-date: /home/ej/Silverfish/ublox_ws/install/rtcm_msgs/local/lib/python3.10/dist-packages/rtcm_msgs/__init__.py
[4.259s] -- Up-to-date: /home/ej/Silverfish/ublox_ws/install/rtcm_msgs/local/lib/python3.10/dist-packages/rtcm_msgs/rtcm_msgs_s__rosidl_typesupport_c.cpython-310-aarch64-linux-gnu.so
[4.260s] -- Up-to-date: /home/ej/Silverfish/ublox_ws/install/rtcm_msgs/local/lib/python3.10/dist-packages/rtcm_msgs/rtcm_msgs_s__rosidl_typesupport_fastrtps_c.cpython-310-aarch64-linux-gnu.so
[4.261s] -- Up-to-date: /home/ej/Silverfish/ublox_ws/install/rtcm_msgs/local/lib/python3.10/dist-packages/rtcm_msgs/rtcm_msgs_s__rosidl_typesupport_introspection_c.cpython-310-aarch64-linux-gnu.so
[4.263s] -- Up-to-date: /home/ej/Silverfish/ublox_ws/install/rtcm_msgs/local/lib/python3.10/dist-packages/rtcm_msgs/_rtcm_msgs_s.ep.rosidl_typesupport_introspection_c.c
[4.452s] Listing '/home/ej/Silverfish/ublox_ws/install/rtcm_msgs/local/lib/python3.10/dist-packages/rtcm_msgs'...
[4.453s] Listing '/home/ej/Silverfish/ublox_ws/install/rtcm_msgs/local/lib/python3.10/dist-packages/rtcm_msgs/msg'...
[4.485s] -- Up-to-date: /home/ej/Silverfish/ublox_ws/install/rtcm_msgs/local/lib/python3.10/dist-packages/rtcm_msgs/rtcm_msgs_s__rosidl_typesupport_fastrtps_c.cpython-310-aarch64-linux-gnu.so
[4.488s] -- Up-to-date: /home/ej/Silverfish/ublox_ws/install/rtcm_msgs/local/lib/python3.10/dist-packages/rtcm_msgs/rtcm_msgs_s__rosidl_typesupport_introspection_c.cpython-310-aarch64-linux-gnu.so
[4.491s] -- Up-to-date: /home/ej/Silverfish/ublox_ws/install/rtcm_msgs/local/lib/python3.10/dist-packages/rtcm_msgs/rtcm_msgs_s__rosidl_typesupport_c.cpython-310-aarch64-linux-gnu.so
[4.493s] -- Up-to-date: /home/ej/Silverfish/ublox_ws/install/rtcm_msgs/lib/librtcm_msgs__rosidl_generator_py.so
[4.495s] -- Up-to-date: /home/ej/Silverfish/ublox_ws/install/rtcm_msgs/share/rtcm_msgs/msg/Message.idl
[4.497s] -- Up-to-date: /home/ej/Silverfish/ublox_ws/install/rtcm_msgs/share/rtcm_msgs/msg/Message.msg
[4.499s] -- Up-to-date: /home/ej/Silverfish/ublox_ws/install/rtcm_msgs/share/ament_index/resource_index/package_run_dependencies/rtcm_msgs
[4.500s] -- Up-to-date: /home/ej/Silverfish/ublox_ws/install/rtcm_msgs/share/ament_index/resource_index/parent_prefix_path/rtcm_msgs
[4.505s] -- Up-to-date: /home/ej/Silverfish/ublox_ws/install/rtcm_msgs/share/rtcm_msgs/environment/ament_prefix_path.sh
[4.510s] -- Up-to-date: /home/ej/Silverfish/ublox_ws/install/rtcm_msgs/share/rtcm_msgs/environment/ament_prefix_path.dsv
[4.515s] -- Up-to-date: /home/ej/Silverfish/ublox_ws/install/rtcm_msgs/share/rtcm_msgs/environment/path.sh
[4.516s] -- Up-to-date: /home/ej/Silverfish/ublox_ws/install/rtcm_msgs/share/rtcm_msgs/environment/path.dsv
[4.518s] -- Up-to-date: /home/ej/Silverfish/ublox_ws/install/rtcm_msgs/share/rtcm_msgs/local_setup.bash
[4.519s] -- Up-to-date: /home/ej/Silverfish/ublox_ws/install/rtcm_msgs/share/rtcm_msgs/local_setup.sh
[4.521s] -- Up-to-date: /home/ej/Silverfish/ublox_ws/install/rtcm_msgs/share/rtcm_msgs/local_setup.zsh
[4.524s] -- Up-to-date: /home/ej/Silverfish/ublox_ws/install/rtcm_msgs/share/rtcm_msgs/local_setup.dsv
[4.525s] -- Installing: /home/ej/Silverfish/ublox_ws/install/rtcm_msgs/share/rtcm_msgs/package.dsv
[4.526s] -- Up-to-date: /home/ej/Silverfish/ublox_ws/install/rtcm_msgs/share/ament_index/resource_index/packages/rtcm_msgs
[4.527s] -- Up-to-date: /home/ej/Silverfish/ublox_ws/install/rtcm_msgs/share/rtcm_msgs/cmake/export_rtcm_msgs__rosidl_generator_cExport.cmake
[4.528s] -- Up-to-date: /home/ej/Silverfish/ublox_ws/install/rtcm_msgs/share/rtcm_msgs/cmake/export_rtcm_msgs__rosidl_generator_cExport-noconfig.cmake
[4.529s] -- Up-to-date: /home/ej/Silverfish/ublox_ws/install/rtcm_msgs/share/rtcm_msgs/cmake/export_rtcm_msgs__rosidl_typesupport_fastrtps_cExport.cmake
[4.531s] -- Up-to-date: /home/ej/Silverfish/ublox_ws/install/rtcm_msgs/share/rtcm_msgs/cmake/export_rtcm_msgs__rosidl_typesupport_fastrtps_cExport-noconfig.cmake
[4.532s] -- Up-to-date: /home/ej/Silverfish/ublox_ws/install/rtcm_msgs/share/rtcm_msgs/cmake/export_rtcm_msgs__rosidl_generator_cppExport.cmake
[4.533s] -- Up-to-date: /home/ej/Silverfish/ublox_ws/install/rtcm_msgs/share/rtcm_msgs/cmake/export_rtcm_msgs__rosidl_typesupport_fastrtps_cppExport.cmake
[4.534s] -- Up-to-date: /home/ej/Silverfish/ublox_ws/install/rtcm_msgs/share/rtcm_msgs/cmake/export_rtcm_msgs__rosidl_typesupport_fastrtps_cppExport-noconfig.cmake
[4.535s] -- Up-to-date: /home/ej/Silverfish/ublox_ws/install/rtcm_msgs/share/rtcm_msgs/cmake/rtcm_msgs__rosidl_typesupport_introspection_cExport.cmake
[4.536s] -- Up-to-date: /home/ej/Silverfish/ublox_ws/install/rtcm_msgs/share/rtcm_msgs/cmake/rtcm_msgs__rosidl_typesupport_introspection_cExport-noconfig.cmake
[4.537s] -- Up-to-date: /home/ej/Silverfish/ublox_ws/install/rtcm_msgs/share/rtcm_msgs/cmake/rtcm_msgs__rosidl_typesupport_cExport.cmake
[4.537s] -- Up-to-date: /home/ej/Silverfish/ublox_ws/install/rtcm_msgs/share/rtcm_msgs/cmake/rtcm_msgs__rosidl_typesupport_cExport-noconfig.cmake
[4.538s] -- Up-to-date: /home/ej/Silverfish/ublox_ws/install/rtcm_msgs/share/rtcm_msgs/cmake/rtcm_msgs__rosidl_typesupport_introspection_cppExport.cmake
[4.539s] -- Up-to-date: /home/ej/Silverfish/ublox_ws/install/rtcm_msgs/share/rtcm_msgs/cmake/rtcm_msgs__rosidl_typesupport_introspection_cppExport-noconfig.cmake
[4.539s] -- Up-to-date: /home/ej/Silverfish/ublox_ws/install/rtcm_msgs/share/rtcm_msgs/cmake/rtcm_msgs__rosidl_typesupport_cppExport.cmake
[4.540s] -- Up-to-date: /home/ej/Silverfish/ublox_ws/install/rtcm_msgs/share/rtcm_msgs/cmake/rtcm_msgs__rosidl_typesupport_cppExport-noconfig.cmake
[4.541s] -- Up-to-date: /home/ej/Silverfish/ublox_ws/install/rtcm_msgs/share/rtcm_msgs/cmake/export_rtcm_msgs__rosidl_generator_pyExport.cmake
[4.542s] -- Up-to-date: /home/ej/Silverfish/ublox_ws/install/rtcm_msgs/share/rtcm_msgs/cmake/export_rtcm_msgs__rosidl_generator_pyExport-noconfig.cmake
[4.543s] -- Up-to-date: /home/ej/Silverfish/ublox_ws/install/rtcm_msgs/share/rtcm_msgs/cmake/rosidl_cmake-extras.cmake
[4.545s] -- Up-to-date: /home/ej/Silverfish/ublox_ws/install/rtcm_msgs/share/rtcm_msgs/cmake/ament_cmake_export_dependencies-extras.cmake
[4.547s] -- Up-to-date: /home/ej/Silverfish/ublox_ws/install/rtcm_msgs/share/rtcm_msgs/cmake/ament_cmake_export_include_directories-extras.cmake
[4.560s] -- Up-to-date: /home/ej/Silverfish/ublox_ws/install/rtcm_msgs/share/rtcm_msgs/cmake/ament_cmake_export_libraries-extras.cmake
[4.561s] -- Up-to-date: /home/ej/Silverfish/ublox_ws/install/rtcm_msgs/share/rtcm_msgs/cmake/ament_cmake_export_targets-extras.cmake
[4.562s] -- Up-to-date: /home/ej/Silverfish/ublox_ws/install/rtcm_msgs/share/rtcm_msgs/cmake/rosidl_cmake_export_typesupport_targets-extras.cmake
[4.563s] -- Up-to-date: /home/ej/Silverfish/ublox_ws/install/rtcm_msgs/share/rtcm_msgs/cmake/rosidl_cmake_export_typesupport_libraries-extras.cmake
[4.564s] -- Up-to-date: /home/ej/Silverfish/ublox_ws/install/rtcm_msgs/share/rtcm_msgs/cmake/rtcm_msgsConfig.cmake
[4.564s] -- Up-to-date: /home/ej/Silverfish/ublox_ws/install/rtcm_msgs/share/rtcm_msgs/cmake/rtcm_msgsConfig-version.cmake
[4.565s] -- Up-to-date: /home/ej/Silverfish/ublox_ws/install/rtcm_msgs/share/rtcm_msgs/package.xml
[4.566s] Invoked command in '/home/ej/Silverfish/ublox_ws/build/rtcm_msgs' returned '0': CMAKE_PREFIX_PATH=/opt/ros/humble /usr/bin/cmake --install /home/ej/Silverfish/ublox_ws/build/rtcm_msgs
