[0.095s] Invoking command in '/home/ej/Silverfish/ublox_ws/build/rtcm_msgs': CMAKE_PREFIX_PATH=/opt/ros/humble /usr/bin/cmake --build /home/ej/Silverfish/ublox_ws/build/rtcm_msgs -- -j4 -l4
[0.414s] [  3%] Built target rtcm_msgs__cpp
[0.444s] [ 12%] Built target rtcm_msgs__rosidl_generator_c
[0.518s] [ 12%] Built target ament_cmake_python_copy_rtcm_msgs
[0.631s] [ 22%] Built target rtcm_msgs__rosidl_typesupport_cpp
[0.657s] [ 32%] Built target rtcm_msgs__rosidl_typesupport_fastrtps_cpp
[0.693s] [ 41%] Built target rtcm_msgs__rosidl_typesupport_introspection_cpp
[0.722s] [ 51%] Built target rtcm_msgs__rosidl_typesupport_fastrtps_c
[0.844s] [ 61%] Built target rtcm_msgs__rosidl_typesupport_introspection_c
[0.878s] [ 70%] Built target rtcm_msgs__rosidl_typesupport_c
[1.017s] [ 70%] Built target rtcm_msgs
[1.154s] [ 74%] Built target rtcm_msgs__py
[1.311s] [ 80%] Built target rtcm_msgs__rosidl_generator_py
[1.541s] [ 87%] Built target rtcm_msgs__rosidl_typesupport_fastrtps_c__pyext
[1.566s] [ 93%] Built target rtcm_msgs__rosidl_typesupport_c__pyext
[1.586s] [100%] Built target rtcm_msgs__rosidl_typesupport_introspection_c__pyext
[3.149s] running egg_info
[3.156s] writing rtcm_msgs.egg-info/PKG-INFO
[3.158s] writing dependency_links to rtcm_msgs.egg-info/dependency_links.txt
[3.159s] writing top-level names to rtcm_msgs.egg-info/top_level.txt
[3.176s] reading manifest file 'rtcm_msgs.egg-info/SOURCES.txt'
[3.181s] writing manifest file 'rtcm_msgs.egg-info/SOURCES.txt'
[3.460s] [100%] Built target ament_cmake_python_build_rtcm_msgs_egg
[3.531s] Invoked command in '/home/ej/Silverfish/ublox_ws/build/rtcm_msgs' returned '0': CMAKE_PREFIX_PATH=/opt/ros/humble /usr/bin/cmake --build /home/ej/Silverfish/ublox_ws/build/rtcm_msgs -- -j4 -l4
[4.233s] Invoking command in '/home/ej/Silverfish/ublox_ws/build/rtcm_msgs': CMAKE_PREFIX_PATH=/opt/ros/humble /usr/bin/cmake --install /home/ej/Silverfish/ublox_ws/build/rtcm_msgs
[4.280s] -- Install configuration: ""
[4.281s] -- Up-to-date: /home/ej/Silverfish/ublox_ws/install/rtcm_msgs/share/ament_index/resource_index/rosidl_interfaces/rtcm_msgs
[4.283s] -- Up-to-date: /home/ej/Silverfish/ublox_ws/install/rtcm_msgs/include/rtcm_msgs/rtcm_msgs
[4.284s] -- Up-to-date: /home/ej/Silverfish/ublox_ws/install/rtcm_msgs/include/rtcm_msgs/rtcm_msgs/msg
[4.285s] -- Up-to-date: /home/ej/Silverfish/ublox_ws/install/rtcm_msgs/include/rtcm_msgs/rtcm_msgs/msg/message.h
[4.287s] -- Up-to-date: /home/ej/Silverfish/ublox_ws/install/rtcm_msgs/include/rtcm_msgs/rtcm_msgs/msg/rosidl_generator_c__visibility_control.h
[4.288s] -- Up-to-date: /home/ej/Silverfish/ublox_ws/install/rtcm_msgs/include/rtcm_msgs/rtcm_msgs/msg/detail
[4.289s] -- Up-to-date: /home/ej/Silverfish/ublox_ws/install/rtcm_msgs/include/rtcm_msgs/rtcm_msgs/msg/detail/message__struct.h
[4.290s] -- Up-to-date: /home/ej/Silverfish/ublox_ws/install/rtcm_msgs/include/rtcm_msgs/rtcm_msgs/msg/detail/message__functions.h
[4.290s] -- Up-to-date: /home/ej/Silverfish/ublox_ws/install/rtcm_msgs/include/rtcm_msgs/rtcm_msgs/msg/detail/message__functions.c
[4.291s] -- Up-to-date: /home/ej/Silverfish/ublox_ws/install/rtcm_msgs/include/rtcm_msgs/rtcm_msgs/msg/detail/message__type_support.h
[4.292s] -- Up-to-date: /home/ej/Silverfish/ublox_ws/install/rtcm_msgs/share/rtcm_msgs/environment/library_path.sh
[4.293s] -- Up-to-date: /home/ej/Silverfish/ublox_ws/install/rtcm_msgs/share/rtcm_msgs/environment/library_path.dsv
[4.294s] -- Up-to-date: /home/ej/Silverfish/ublox_ws/install/rtcm_msgs/lib/librtcm_msgs__rosidl_generator_c.so
[4.295s] -- Up-to-date: /home/ej/Silverfish/ublox_ws/install/rtcm_msgs/include/rtcm_msgs/rtcm_msgs
[4.297s] -- Up-to-date: /home/ej/Silverfish/ublox_ws/install/rtcm_msgs/include/rtcm_msgs/rtcm_msgs/msg
[4.297s] -- Up-to-date: /home/ej/Silverfish/ublox_ws/install/rtcm_msgs/include/rtcm_msgs/rtcm_msgs/msg/rosidl_typesupport_fastrtps_c__visibility_control.h
[4.299s] -- Up-to-date: /home/ej/Silverfish/ublox_ws/install/rtcm_msgs/include/rtcm_msgs/rtcm_msgs/msg/detail
[4.300s] -- Up-to-date: /home/ej/Silverfish/ublox_ws/install/rtcm_msgs/include/rtcm_msgs/rtcm_msgs/msg/detail/message__rosidl_typesupport_fastrtps_c.h
[4.302s] -- Up-to-date: /home/ej/Silverfish/ublox_ws/install/rtcm_msgs/lib/librtcm_msgs__rosidl_typesupport_fastrtps_c.so
[4.303s] -- Up-to-date: /home/ej/Silverfish/ublox_ws/install/rtcm_msgs/include/rtcm_msgs/rtcm_msgs
[4.304s] -- Up-to-date: /home/ej/Silverfish/ublox_ws/install/rtcm_msgs/include/rtcm_msgs/rtcm_msgs/msg
[4.305s] -- Up-to-date: /home/ej/Silverfish/ublox_ws/install/rtcm_msgs/include/rtcm_msgs/rtcm_msgs/msg/detail
[4.306s] -- Up-to-date: /home/ej/Silverfish/ublox_ws/install/rtcm_msgs/include/rtcm_msgs/rtcm_msgs/msg/detail/message__struct.hpp
[4.306s] -- Up-to-date: /home/ej/Silverfish/ublox_ws/install/rtcm_msgs/include/rtcm_msgs/rtcm_msgs/msg/detail/message__traits.hpp
[4.308s] -- Up-to-date: /home/ej/Silverfish/ublox_ws/install/rtcm_msgs/include/rtcm_msgs/rtcm_msgs/msg/detail/message__builder.hpp
[4.309s] -- Up-to-date: /home/ej/Silverfish/ublox_ws/install/rtcm_msgs/include/rtcm_msgs/rtcm_msgs/msg/message.hpp
[4.310s] -- Up-to-date: /home/ej/Silverfish/ublox_ws/install/rtcm_msgs/include/rtcm_msgs/rtcm_msgs
[4.311s] -- Up-to-date: /home/ej/Silverfish/ublox_ws/install/rtcm_msgs/include/rtcm_msgs/rtcm_msgs/msg
[4.312s] -- Up-to-date: /home/ej/Silverfish/ublox_ws/install/rtcm_msgs/include/rtcm_msgs/rtcm_msgs/msg/rosidl_typesupport_fastrtps_cpp__visibility_control.h
[4.312s] -- Up-to-date: /home/ej/Silverfish/ublox_ws/install/rtcm_msgs/include/rtcm_msgs/rtcm_msgs/msg/detail
[4.313s] -- Up-to-date: /home/ej/Silverfish/ublox_ws/install/rtcm_msgs/include/rtcm_msgs/rtcm_msgs/msg/detail/message__rosidl_typesupport_fastrtps_cpp.hpp
[4.314s] -- Up-to-date: /home/ej/Silverfish/ublox_ws/install/rtcm_msgs/include/rtcm_msgs/rtcm_msgs/msg/detail/dds_fastrtps
[4.315s] -- Up-to-date: /home/ej/Silverfish/ublox_ws/install/rtcm_msgs/lib/librtcm_msgs__rosidl_typesupport_fastrtps_cpp.so
[4.317s] -- Up-to-date: /home/ej/Silverfish/ublox_ws/install/rtcm_msgs/include/rtcm_msgs/rtcm_msgs
[4.317s] -- Up-to-date: /home/ej/Silverfish/ublox_ws/install/rtcm_msgs/include/rtcm_msgs/rtcm_msgs/msg
[4.318s] -- Up-to-date: /home/ej/Silverfish/ublox_ws/install/rtcm_msgs/include/rtcm_msgs/rtcm_msgs/msg/rosidl_typesupport_introspection_c__visibility_control.h
[4.319s] -- Up-to-date: /home/ej/Silverfish/ublox_ws/install/rtcm_msgs/include/rtcm_msgs/rtcm_msgs/msg/detail
[4.320s] -- Up-to-date: /home/ej/Silverfish/ublox_ws/install/rtcm_msgs/include/rtcm_msgs/rtcm_msgs/msg/detail/message__type_support.c
[4.320s] -- Up-to-date: /home/ej/Silverfish/ublox_ws/install/rtcm_msgs/include/rtcm_msgs/rtcm_msgs/msg/detail/message__rosidl_typesupport_introspection_c.h
[4.321s] -- Up-to-date: /home/ej/Silverfish/ublox_ws/install/rtcm_msgs/lib/librtcm_msgs__rosidl_typesupport_introspection_c.so
[4.323s] -- Up-to-date: /home/ej/Silverfish/ublox_ws/install/rtcm_msgs/lib/librtcm_msgs__rosidl_typesupport_c.so
[4.324s] -- Up-to-date: /home/ej/Silverfish/ublox_ws/install/rtcm_msgs/include/rtcm_msgs/rtcm_msgs
[4.325s] -- Up-to-date: /home/ej/Silverfish/ublox_ws/install/rtcm_msgs/include/rtcm_msgs/rtcm_msgs/msg
[4.326s] -- Up-to-date: /home/ej/Silverfish/ublox_ws/install/rtcm_msgs/include/rtcm_msgs/rtcm_msgs/msg/detail
[4.326s] -- Up-to-date: /home/ej/Silverfish/ublox_ws/install/rtcm_msgs/include/rtcm_msgs/rtcm_msgs/msg/detail/message__rosidl_typesupport_introspection_cpp.hpp
[4.327s] -- Up-to-date: /home/ej/Silverfish/ublox_ws/install/rtcm_msgs/include/rtcm_msgs/rtcm_msgs/msg/detail/message__type_support.cpp
[4.328s] -- Up-to-date: /home/ej/Silverfish/ublox_ws/install/rtcm_msgs/lib/librtcm_msgs__rosidl_typesupport_introspection_cpp.so
[4.330s] -- Up-to-date: /home/ej/Silverfish/ublox_ws/install/rtcm_msgs/lib/librtcm_msgs__rosidl_typesupport_cpp.so
[4.331s] -- Up-to-date: /home/ej/Silverfish/ublox_ws/install/rtcm_msgs/share/rtcm_msgs/environment/pythonpath.sh
[4.340s] -- Up-to-date: /home/ej/Silverfish/ublox_ws/install/rtcm_msgs/share/rtcm_msgs/environment/pythonpath.dsv
[4.345s] -- Up-to-date: /home/ej/Silverfish/ublox_ws/install/rtcm_msgs/local/lib/python3.10/dist-packages/rtcm_msgs-1.1.0-py3.10.egg-info
[4.345s] -- Installing: /home/ej/Silverfish/ublox_ws/install/rtcm_msgs/local/lib/python3.10/dist-packages/rtcm_msgs-1.1.0-py3.10.egg-info/PKG-INFO
[4.346s] -- Installing: /home/ej/Silverfish/ublox_ws/install/rtcm_msgs/local/lib/python3.10/dist-packages/rtcm_msgs-1.1.0-py3.10.egg-info/top_level.txt
[4.346s] -- Installing: /home/ej/Silverfish/ublox_ws/install/rtcm_msgs/local/lib/python3.10/dist-packages/rtcm_msgs-1.1.0-py3.10.egg-info/SOURCES.txt
[4.347s] -- Installing: /home/ej/Silverfish/ublox_ws/install/rtcm_msgs/local/lib/python3.10/dist-packages/rtcm_msgs-1.1.0-py3.10.egg-info/dependency_links.txt
[4.348s] -- Up-to-date: /home/ej/Silverfish/ublox_ws/install/rtcm_msgs/local/lib/python3.10/dist-packages/rtcm_msgs
[4.348s] -- Up-to-date: /home/ej/Silverfish/ublox_ws/install/rtcm_msgs/local/lib/python3.10/dist-packages/rtcm_msgs/librtcm_msgs__rosidl_generator_py.so
[4.348s] -- Up-to-date: /home/ej/Silverfish/ublox_ws/install/rtcm_msgs/local/lib/python3.10/dist-packages/rtcm_msgs/_rtcm_msgs_s.ep.rosidl_typesupport_c.c
[4.349s] -- Up-to-date: /home/ej/Silverfish/ublox_ws/install/rtcm_msgs/local/lib/python3.10/dist-packages/rtcm_msgs/msg
[4.349s] -- Up-to-date: /home/ej/Silverfish/ublox_ws/install/rtcm_msgs/local/lib/python3.10/dist-packages/rtcm_msgs/msg/_message.py
[4.350s] -- Up-to-date: /home/ej/Silverfish/ublox_ws/install/rtcm_msgs/local/lib/python3.10/dist-packages/rtcm_msgs/msg/_message_s.c
[4.350s] -- Up-to-date: /home/ej/Silverfish/ublox_ws/install/rtcm_msgs/local/lib/python3.10/dist-packages/rtcm_msgs/msg/__init__.py
[4.351s] -- Up-to-date: /home/ej/Silverfish/ublox_ws/install/rtcm_msgs/local/lib/python3.10/dist-packages/rtcm_msgs/_rtcm_msgs_s.ep.rosidl_typesupport_fastrtps_c.c
[4.352s] -- Up-to-date: /home/ej/Silverfish/ublox_ws/install/rtcm_msgs/local/lib/python3.10/dist-packages/rtcm_msgs/__init__.py
[4.353s] -- Up-to-date: /home/ej/Silverfish/ublox_ws/install/rtcm_msgs/local/lib/python3.10/dist-packages/rtcm_msgs/rtcm_msgs_s__rosidl_typesupport_c.cpython-310-aarch64-linux-gnu.so
[4.353s] -- Up-to-date: /home/ej/Silverfish/ublox_ws/install/rtcm_msgs/local/lib/python3.10/dist-packages/rtcm_msgs/rtcm_msgs_s__rosidl_typesupport_fastrtps_c.cpython-310-aarch64-linux-gnu.so
[4.354s] -- Up-to-date: /home/ej/Silverfish/ublox_ws/install/rtcm_msgs/local/lib/python3.10/dist-packages/rtcm_msgs/rtcm_msgs_s__rosidl_typesupport_introspection_c.cpython-310-aarch64-linux-gnu.so
[4.354s] -- Up-to-date: /home/ej/Silverfish/ublox_ws/install/rtcm_msgs/local/lib/python3.10/dist-packages/rtcm_msgs/_rtcm_msgs_s.ep.rosidl_typesupport_introspection_c.c
[4.541s] Listing '/home/ej/Silverfish/ublox_ws/install/rtcm_msgs/local/lib/python3.10/dist-packages/rtcm_msgs'...
[4.544s] Listing '/home/ej/Silverfish/ublox_ws/install/rtcm_msgs/local/lib/python3.10/dist-packages/rtcm_msgs/msg'...
[4.587s] -- Up-to-date: /home/ej/Silverfish/ublox_ws/install/rtcm_msgs/local/lib/python3.10/dist-packages/rtcm_msgs/rtcm_msgs_s__rosidl_typesupport_fastrtps_c.cpython-310-aarch64-linux-gnu.so
[4.590s] -- Up-to-date: /home/ej/Silverfish/ublox_ws/install/rtcm_msgs/local/lib/python3.10/dist-packages/rtcm_msgs/rtcm_msgs_s__rosidl_typesupport_introspection_c.cpython-310-aarch64-linux-gnu.so
[4.593s] -- Up-to-date: /home/ej/Silverfish/ublox_ws/install/rtcm_msgs/local/lib/python3.10/dist-packages/rtcm_msgs/rtcm_msgs_s__rosidl_typesupport_c.cpython-310-aarch64-linux-gnu.so
[4.598s] -- Up-to-date: /home/ej/Silverfish/ublox_ws/install/rtcm_msgs/lib/librtcm_msgs__rosidl_generator_py.so
[4.600s] -- Up-to-date: /home/ej/Silverfish/ublox_ws/install/rtcm_msgs/share/rtcm_msgs/msg/Message.idl
[4.601s] -- Up-to-date: /home/ej/Silverfish/ublox_ws/install/rtcm_msgs/share/rtcm_msgs/msg/Message.msg
[4.602s] -- Up-to-date: /home/ej/Silverfish/ublox_ws/install/rtcm_msgs/share/ament_index/resource_index/package_run_dependencies/rtcm_msgs
[4.604s] -- Up-to-date: /home/ej/Silverfish/ublox_ws/install/rtcm_msgs/share/ament_index/resource_index/parent_prefix_path/rtcm_msgs
[4.605s] -- Up-to-date: /home/ej/Silverfish/ublox_ws/install/rtcm_msgs/share/rtcm_msgs/environment/ament_prefix_path.sh
[4.605s] -- Up-to-date: /home/ej/Silverfish/ublox_ws/install/rtcm_msgs/share/rtcm_msgs/environment/ament_prefix_path.dsv
[4.606s] -- Up-to-date: /home/ej/Silverfish/ublox_ws/install/rtcm_msgs/share/rtcm_msgs/environment/path.sh
[4.607s] -- Up-to-date: /home/ej/Silverfish/ublox_ws/install/rtcm_msgs/share/rtcm_msgs/environment/path.dsv
[4.608s] -- Up-to-date: /home/ej/Silverfish/ublox_ws/install/rtcm_msgs/share/rtcm_msgs/local_setup.bash
[4.610s] -- Up-to-date: /home/ej/Silverfish/ublox_ws/install/rtcm_msgs/share/rtcm_msgs/local_setup.sh
[4.611s] -- Up-to-date: /home/ej/Silverfish/ublox_ws/install/rtcm_msgs/share/rtcm_msgs/local_setup.zsh
[4.611s] -- Up-to-date: /home/ej/Silverfish/ublox_ws/install/rtcm_msgs/share/rtcm_msgs/local_setup.dsv
[4.612s] -- Installing: /home/ej/Silverfish/ublox_ws/install/rtcm_msgs/share/rtcm_msgs/package.dsv
[4.614s] -- Up-to-date: /home/ej/Silverfish/ublox_ws/install/rtcm_msgs/share/ament_index/resource_index/packages/rtcm_msgs
[4.616s] -- Up-to-date: /home/ej/Silverfish/ublox_ws/install/rtcm_msgs/share/rtcm_msgs/cmake/export_rtcm_msgs__rosidl_generator_cExport.cmake
[4.617s] -- Up-to-date: /home/ej/Silverfish/ublox_ws/install/rtcm_msgs/share/rtcm_msgs/cmake/export_rtcm_msgs__rosidl_generator_cExport-noconfig.cmake
[4.618s] -- Up-to-date: /home/ej/Silverfish/ublox_ws/install/rtcm_msgs/share/rtcm_msgs/cmake/export_rtcm_msgs__rosidl_typesupport_fastrtps_cExport.cmake
[4.620s] -- Up-to-date: /home/ej/Silverfish/ublox_ws/install/rtcm_msgs/share/rtcm_msgs/cmake/export_rtcm_msgs__rosidl_typesupport_fastrtps_cExport-noconfig.cmake
[4.621s] -- Up-to-date: /home/ej/Silverfish/ublox_ws/install/rtcm_msgs/share/rtcm_msgs/cmake/export_rtcm_msgs__rosidl_generator_cppExport.cmake
[4.622s] -- Up-to-date: /home/ej/Silverfish/ublox_ws/install/rtcm_msgs/share/rtcm_msgs/cmake/export_rtcm_msgs__rosidl_typesupport_fastrtps_cppExport.cmake
[4.624s] -- Up-to-date: /home/ej/Silverfish/ublox_ws/install/rtcm_msgs/share/rtcm_msgs/cmake/export_rtcm_msgs__rosidl_typesupport_fastrtps_cppExport-noconfig.cmake
[4.625s] -- Up-to-date: /home/ej/Silverfish/ublox_ws/install/rtcm_msgs/share/rtcm_msgs/cmake/rtcm_msgs__rosidl_typesupport_introspection_cExport.cmake
[4.626s] -- Up-to-date: /home/ej/Silverfish/ublox_ws/install/rtcm_msgs/share/rtcm_msgs/cmake/rtcm_msgs__rosidl_typesupport_introspection_cExport-noconfig.cmake
[4.629s] -- Up-to-date: /home/ej/Silverfish/ublox_ws/install/rtcm_msgs/share/rtcm_msgs/cmake/rtcm_msgs__rosidl_typesupport_cExport.cmake
[4.633s] -- Up-to-date: /home/ej/Silverfish/ublox_ws/install/rtcm_msgs/share/rtcm_msgs/cmake/rtcm_msgs__rosidl_typesupport_cExport-noconfig.cmake
[4.637s] -- Up-to-date: /home/ej/Silverfish/ublox_ws/install/rtcm_msgs/share/rtcm_msgs/cmake/rtcm_msgs__rosidl_typesupport_introspection_cppExport.cmake
[4.643s] -- Up-to-date: /home/ej/Silverfish/ublox_ws/install/rtcm_msgs/share/rtcm_msgs/cmake/rtcm_msgs__rosidl_typesupport_introspection_cppExport-noconfig.cmake
[4.645s] -- Up-to-date: /home/ej/Silverfish/ublox_ws/install/rtcm_msgs/share/rtcm_msgs/cmake/rtcm_msgs__rosidl_typesupport_cppExport.cmake
[4.646s] -- Up-to-date: /home/ej/Silverfish/ublox_ws/install/rtcm_msgs/share/rtcm_msgs/cmake/rtcm_msgs__rosidl_typesupport_cppExport-noconfig.cmake
[4.647s] -- Up-to-date: /home/ej/Silverfish/ublox_ws/install/rtcm_msgs/share/rtcm_msgs/cmake/export_rtcm_msgs__rosidl_generator_pyExport.cmake
[4.647s] -- Up-to-date: /home/ej/Silverfish/ublox_ws/install/rtcm_msgs/share/rtcm_msgs/cmake/export_rtcm_msgs__rosidl_generator_pyExport-noconfig.cmake
[4.649s] -- Up-to-date: /home/ej/Silverfish/ublox_ws/install/rtcm_msgs/share/rtcm_msgs/cmake/rosidl_cmake-extras.cmake
[4.649s] -- Up-to-date: /home/ej/Silverfish/ublox_ws/install/rtcm_msgs/share/rtcm_msgs/cmake/ament_cmake_export_dependencies-extras.cmake
[4.650s] -- Up-to-date: /home/ej/Silverfish/ublox_ws/install/rtcm_msgs/share/rtcm_msgs/cmake/ament_cmake_export_include_directories-extras.cmake
[4.651s] -- Up-to-date: /home/ej/Silverfish/ublox_ws/install/rtcm_msgs/share/rtcm_msgs/cmake/ament_cmake_export_libraries-extras.cmake
[4.652s] -- Up-to-date: /home/ej/Silverfish/ublox_ws/install/rtcm_msgs/share/rtcm_msgs/cmake/ament_cmake_export_targets-extras.cmake
[4.652s] -- Up-to-date: /home/ej/Silverfish/ublox_ws/install/rtcm_msgs/share/rtcm_msgs/cmake/rosidl_cmake_export_typesupport_targets-extras.cmake
[4.653s] -- Up-to-date: /home/ej/Silverfish/ublox_ws/install/rtcm_msgs/share/rtcm_msgs/cmake/rosidl_cmake_export_typesupport_libraries-extras.cmake
[4.654s] -- Up-to-date: /home/ej/Silverfish/ublox_ws/install/rtcm_msgs/share/rtcm_msgs/cmake/rtcm_msgsConfig.cmake
[4.655s] -- Up-to-date: /home/ej/Silverfish/ublox_ws/install/rtcm_msgs/share/rtcm_msgs/cmake/rtcm_msgsConfig-version.cmake
[4.656s] -- Up-to-date: /home/ej/Silverfish/ublox_ws/install/rtcm_msgs/share/rtcm_msgs/package.xml
[4.669s] Invoked command in '/home/ej/Silverfish/ublox_ws/build/rtcm_msgs' returned '0': CMAKE_PREFIX_PATH=/opt/ros/humble /usr/bin/cmake --install /home/ej/Silverfish/ublox_ws/build/rtcm_msgs
