[0.192s] Invoking command in '/home/ej/Silverfish/moveit_ws/build/moveit_core': AMENT_PREFIX_PATH=/home/ej/Silverfish/moveit_ws/install/moveit_common:${AMENT_PREFIX_PATH} CMAKE_PREFIX_PATH=/home/ej/Silverfish/moveit_ws/install/moveit_common:/home/ej/Silverfish/ublox_ws/install/ublox:/home/ej/Silverfish/ublox_ws/install/ublox_gps:/home/ej/Silverfish/ublox_ws/install/ublox_msgs:/home/ej/Silverfish/ublox_ws/install/ublox_serialization:/home/ej/Silverfish/ublox_ws/install/rtcm_msgs:/home/ej/Silverfish/ntrip_ws/install/ntrip_client:/opt/ros/humble /usr/bin/cmake /home/ej/Silverfish/moveit_ws/src/moveit2/moveit_core -DCMAKE_INSTALL_PREFIX=/home/ej/Silverfish/moveit_ws/install/moveit_core
[0.893s] -- The CXX compiler identification is GNU 11.3.0
[0.966s] -- Detecting CXX compiler ABI info
[1.803s] -- Detecting CXX compiler ABI info - done
[1.850s] -- Check for working CXX compiler: /usr/bin/c++ - skipped
[1.855s] -- Detecting CXX compile features
[1.863s] -- Detecting CXX compile features - done
[1.878s] -- Found moveit_common: 2.5.4 (/home/ej/Silverfish/moveit_ws/install/moveit_common/share/moveit_common/cmake)
[1.919s] -- Found ament_cmake: 1.3.3 (/opt/ros/humble/share/ament_cmake/cmake)
[3.771s] -- Found Python3: /usr/bin/python3.10 (found version "3.10.6") found components: Interpreter 
[5.466s] [0mmoveit_core: You did not request a specific build type: Choosing 'Release' for maximum performance[0m
[5.494s] -- Found rclcpp: 16.0.2 (/opt/ros/humble/share/rclcpp/cmake)
[6.054s] -- Found rosidl_generator_c: 3.1.4 (/opt/ros/humble/share/rosidl_generator_c/cmake)
[6.125s] -- Found rosidl_adapter: 3.1.4 (/opt/ros/humble/share/rosidl_adapter/cmake)
[6.215s] -- Found rosidl_generator_cpp: 3.1.4 (/opt/ros/humble/share/rosidl_generator_cpp/cmake)
[6.345s] -- Using all available rosidl_typesupport_c: rosidl_typesupport_fastrtps_c;rosidl_typesupport_introspection_c
[6.524s] -- Using all available rosidl_typesupport_cpp: rosidl_typesupport_fastrtps_cpp;rosidl_typesupport_introspection_cpp
[7.008s] -- Found rmw_implementation_cmake: 6.1.1 (/opt/ros/humble/share/rmw_implementation_cmake/cmake)
[7.044s] -- Found rmw_fastrtps_cpp: 6.2.2 (/opt/ros/humble/share/rmw_fastrtps_cpp/cmake)
[7.812s] -- Found OpenSSL: /usr/lib/aarch64-linux-gnu/libcrypto.so (found version "3.0.2")  
[8.028s] -- Found FastRTPS: /opt/ros/humble/include  
[8.413s] -- Using RMW implementation 'rmw_fastrtps_cpp' as default
[8.536s] -- Looking for C++ include pthread.h
[9.118s] -- Looking for C++ include pthread.h - found
[9.120s] -- Performing Test CMAKE_HAVE_LIBC_PTHREAD
[9.711s] -- Performing Test CMAKE_HAVE_LIBC_PTHREAD - Success
[9.719s] -- Found Threads: TRUE  
[10.707s] -- Found eigen3_cmake_module: 0.1.1 (/opt/ros/humble/share/eigen3_cmake_module/cmake)
[10.804s] -- Found Eigen3: TRUE (found version "3.4.0") 
[10.818s] -- Found PkgConfig: /usr/bin/pkg-config (found version "0.29.2") 
[10.821s] -- Checking for module 'fcl>=0.5.0'
[10.841s] --   No package 'fcl' found
[10.843s] [31mCMake Error at /usr/share/cmake-3.22/Modules/FindPkgConfig.cmake:603 (message):
[10.845s]   A required package was not found
[10.846s] Call Stack (most recent call first):
[10.847s]   /usr/share/cmake-3.22/Modules/FindPkgConfig.cmake:825 (_pkg_check_modules_internal)
[10.848s]   CMakeLists.txt:14 (pkg_check_modules)
[10.849s] 
[10.849s] [0m
[10.851s] -- Configuring incomplete, errors occurred!
[10.851s] See also "/home/ej/Silverfish/moveit_ws/build/moveit_core/CMakeFiles/CMakeOutput.log".
[10.931s] Invoked command in '/home/ej/Silverfish/moveit_ws/build/moveit_core' returned '1': AMENT_PREFIX_PATH=/home/ej/Silverfish/moveit_ws/install/moveit_common:${AMENT_PREFIX_PATH} CMAKE_PREFIX_PATH=/home/ej/Silverfish/moveit_ws/install/moveit_common:/home/ej/Silverfish/ublox_ws/install/ublox:/home/ej/Silverfish/ublox_ws/install/ublox_gps:/home/ej/Silverfish/ublox_ws/install/ublox_msgs:/home/ej/Silverfish/ublox_ws/install/ublox_serialization:/home/ej/Silverfish/ublox_ws/install/rtcm_msgs:/home/ej/Silverfish/ntrip_ws/install/ntrip_client:/opt/ros/humble /usr/bin/cmake /home/ej/Silverfish/moveit_ws/src/moveit2/moveit_core -DCMAKE_INSTALL_PREFIX=/home/ej/Silverfish/moveit_ws/install/moveit_core
