[2.619s] Invoking command in '/home/ej/Silverfish/moveit_ws/build/moveit_resources_prbt_support': CMAKE_PREFIX_PATH=${CMAKE_PREFIX_PATH}:/home/ej/Silverfish/ntrip_ws/install/ntrip_client:/opt/ros/humble /usr/bin/cmake /home/ej/Silverfish/moveit_ws/src/moveit2/moveit_planners/test_configs/prbt_support -DCMAKE_INSTALL_PREFIX=/home/ej/Silverfish/moveit_ws/install/moveit_resources_prbt_support
[3.123s] -- The C compiler identification is GNU 11.3.0
[3.861s] -- The CXX compiler identification is GNU 11.3.0
[3.908s] -- Detecting C compiler ABI info
[4.593s] -- Detecting C compiler ABI info - done
[4.665s] -- Check for working C compiler: /usr/bin/cc - skipped
[4.672s] -- Detecting C compile features
[4.684s] -- Detecting C compile features - done
[4.719s] -- Detecting CXX compiler ABI info
[5.464s] -- Detecting CXX compiler ABI info - done
[5.501s] -- Check for working CXX compiler: /usr/bin/c++ - skipped
[5.504s] -- Detecting CXX compile features
[5.508s] -- Detecting CXX compile features - done
[5.550s] -- Found ament_cmake: 1.3.3 (/opt/ros/humble/share/ament_cmake/cmake)
[7.379s] -- Found Python3: /usr/bin/python3.10 (found version "3.10.6") found components: Interpreter 
[9.184s] -- Configuring done
[9.241s] -- Generating done
[9.258s] -- Build files have been written to: /home/ej/Silverfish/moveit_ws/build/moveit_resources_prbt_support
[9.300s] Invoked command in '/home/ej/Silverfish/moveit_ws/build/moveit_resources_prbt_support' returned '0': CMAKE_PREFIX_PATH=${CMAKE_PREFIX_PATH}:/home/ej/Silverfish/ntrip_ws/install/ntrip_client:/opt/ros/humble /usr/bin/cmake /home/ej/Silverfish/moveit_ws/src/moveit2/moveit_planners/test_configs/prbt_support -DCMAKE_INSTALL_PREFIX=/home/ej/Silverfish/moveit_ws/install/moveit_resources_prbt_support
[9.316s] Invoking command in '/home/ej/Silverfish/moveit_ws/build/moveit_resources_prbt_support': CMAKE_PREFIX_PATH=${CMAKE_PREFIX_PATH}:/home/ej/Silverfish/ntrip_ws/install/ntrip_client:/opt/ros/humble /usr/bin/cmake --build /home/ej/Silverfish/moveit_ws/build/moveit_resources_prbt_support -- -j4 -l4
[9.802s] Invoked command in '/home/ej/Silverfish/moveit_ws/build/moveit_resources_prbt_support' returned '0': CMAKE_PREFIX_PATH=${CMAKE_PREFIX_PATH}:/home/ej/Silverfish/ntrip_ws/install/ntrip_client:/opt/ros/humble /usr/bin/cmake --build /home/ej/Silverfish/moveit_ws/build/moveit_resources_prbt_support -- -j4 -l4
[10.011s] Invoking command in '/home/ej/Silverfish/moveit_ws/build/moveit_resources_prbt_support': CMAKE_PREFIX_PATH=${CMAKE_PREFIX_PATH}:/home/ej/Silverfish/ntrip_ws/install/ntrip_client:/opt/ros/humble /usr/bin/cmake --install /home/ej/Silverfish/moveit_ws/build/moveit_resources_prbt_support
[10.070s] -- Install configuration: ""
[10.071s] -- Installing: /home/ej/Silverfish/moveit_ws/install/moveit_resources_prbt_support/share/ament_index/resource_index/package_run_dependencies/moveit_resources_prbt_support
[10.072s] -- Installing: /home/ej/Silverfish/moveit_ws/install/moveit_resources_prbt_support/share/ament_index/resource_index/parent_prefix_path/moveit_resources_prbt_support
[10.074s] -- Installing: /home/ej/Silverfish/moveit_ws/install/moveit_resources_prbt_support/share/moveit_resources_prbt_support/environment/ament_prefix_path.sh
[10.075s] -- Installing: /home/ej/Silverfish/moveit_ws/install/moveit_resources_prbt_support/share/moveit_resources_prbt_support/environment/ament_prefix_path.dsv
[10.078s] -- Installing: /home/ej/Silverfish/moveit_ws/install/moveit_resources_prbt_support/share/moveit_resources_prbt_support/environment/path.sh
[10.080s] -- Installing: /home/ej/Silverfish/moveit_ws/install/moveit_resources_prbt_support/share/moveit_resources_prbt_support/environment/path.dsv
[10.081s] -- Installing: /home/ej/Silverfish/moveit_ws/install/moveit_resources_prbt_support/share/moveit_resources_prbt_support/local_setup.bash
[10.096s] -- Installing: /home/ej/Silverfish/moveit_ws/install/moveit_resources_prbt_support/share/moveit_resources_prbt_support/local_setup.sh
[10.097s] -- Installing: /home/ej/Silverfish/moveit_ws/install/moveit_resources_prbt_support/share/moveit_resources_prbt_support/local_setup.zsh
[10.104s] -- Installing: /home/ej/Silverfish/moveit_ws/install/moveit_resources_prbt_support/share/moveit_resources_prbt_support/local_setup.dsv
[10.106s] -- Installing: /home/ej/Silverfish/moveit_ws/install/moveit_resources_prbt_support/share/moveit_resources_prbt_support/package.dsv
[10.107s] -- Installing: /home/ej/Silverfish/moveit_ws/install/moveit_resources_prbt_support/share/ament_index/resource_index/packages/moveit_resources_prbt_support
[10.109s] -- Installing: /home/ej/Silverfish/moveit_ws/install/moveit_resources_prbt_support/share/moveit_resources_prbt_support/cmake/moveit_resources_prbt_supportConfig.cmake
[10.111s] -- Installing: /home/ej/Silverfish/moveit_ws/install/moveit_resources_prbt_support/share/moveit_resources_prbt_support/cmake/moveit_resources_prbt_supportConfig-version.cmake
[10.115s] -- Installing: /home/ej/Silverfish/moveit_ws/install/moveit_resources_prbt_support/share/moveit_resources_prbt_support/package.xml
[10.116s] -- Installing: /home/ej/Silverfish/moveit_ws/install/moveit_resources_prbt_support/share/moveit_resources_prbt_support/urdf
[10.119s] -- Installing: /home/ej/Silverfish/moveit_ws/install/moveit_resources_prbt_support/share/moveit_resources_prbt_support/urdf/simple_gripper_brackets.urdf.xacro
[10.122s] -- Installing: /home/ej/Silverfish/moveit_ws/install/moveit_resources_prbt_support/share/moveit_resources_prbt_support/urdf/prbt.ros2_control.xacro
[10.124s] -- Installing: /home/ej/Silverfish/moveit_ws/install/moveit_resources_prbt_support/share/moveit_resources_prbt_support/urdf/prbt_macro.xacro
[10.125s] -- Installing: /home/ej/Silverfish/moveit_ws/install/moveit_resources_prbt_support/share/moveit_resources_prbt_support/urdf/prbt.xacro
[10.127s] -- Installing: /home/ej/Silverfish/moveit_ws/install/moveit_resources_prbt_support/share/moveit_resources_prbt_support/meshes
[10.128s] -- Installing: /home/ej/Silverfish/moveit_ws/install/moveit_resources_prbt_support/share/moveit_resources_prbt_support/meshes/link_4.dae
[10.137s] -- Installing: /home/ej/Silverfish/moveit_ws/install/moveit_resources_prbt_support/share/moveit_resources_prbt_support/meshes/flange.stl
[10.139s] -- Installing: /home/ej/Silverfish/moveit_ws/install/moveit_resources_prbt_support/share/moveit_resources_prbt_support/meshes/flange.dae
[10.155s] -- Installing: /home/ej/Silverfish/moveit_ws/install/moveit_resources_prbt_support/share/moveit_resources_prbt_support/meshes/link_2.dae
[10.157s] -- Installing: /home/ej/Silverfish/moveit_ws/install/moveit_resources_prbt_support/share/moveit_resources_prbt_support/meshes/foot.stl
[10.159s] -- Installing: /home/ej/Silverfish/moveit_ws/install/moveit_resources_prbt_support/share/moveit_resources_prbt_support/meshes/link_5.dae
[10.171s] -- Installing: /home/ej/Silverfish/moveit_ws/install/moveit_resources_prbt_support/share/moveit_resources_prbt_support/meshes/link_1.stl
[10.172s] -- Installing: /home/ej/Silverfish/moveit_ws/install/moveit_resources_prbt_support/share/moveit_resources_prbt_support/meshes/link_4.stl
[10.178s] -- Installing: /home/ej/Silverfish/moveit_ws/install/moveit_resources_prbt_support/share/moveit_resources_prbt_support/meshes/link_5.stl
[10.184s] -- Installing: /home/ej/Silverfish/moveit_ws/install/moveit_resources_prbt_support/share/moveit_resources_prbt_support/meshes/link_2.stl
[10.185s] -- Installing: /home/ej/Silverfish/moveit_ws/install/moveit_resources_prbt_support/share/moveit_resources_prbt_support/meshes/link_3.dae
[10.186s] -- Installing: /home/ej/Silverfish/moveit_ws/install/moveit_resources_prbt_support/share/moveit_resources_prbt_support/meshes/link_1.dae
[10.193s] -- Installing: /home/ej/Silverfish/moveit_ws/install/moveit_resources_prbt_support/share/moveit_resources_prbt_support/meshes/foot.dae
[10.200s] -- Installing: /home/ej/Silverfish/moveit_ws/install/moveit_resources_prbt_support/share/moveit_resources_prbt_support/meshes/link_3.stl
[10.202s] -- Installing: /home/ej/Silverfish/moveit_ws/install/moveit_resources_prbt_support/share/moveit_resources_prbt_support/config
[10.203s] -- Installing: /home/ej/Silverfish/moveit_ws/install/moveit_resources_prbt_support/share/moveit_resources_prbt_support/config/prbt_0_1.dcf
[10.206s] -- Installing: /home/ej/Silverfish/moveit_ws/install/moveit_resources_prbt_support/share/moveit_resources_prbt_support/config/manipulator_controller.yaml
[10.207s] -- Installing: /home/ej/Silverfish/moveit_ws/install/moveit_resources_prbt_support/share/moveit_resources_prbt_support/config/manipulator_driver.yaml
[10.231s] Invoked command in '/home/ej/Silverfish/moveit_ws/build/moveit_resources_prbt_support' returned '0': CMAKE_PREFIX_PATH=${CMAKE_PREFIX_PATH}:/home/ej/Silverfish/ntrip_ws/install/ntrip_client:/opt/ros/humble /usr/bin/cmake --install /home/ej/Silverfish/moveit_ws/build/moveit_resources_prbt_support
