[0.155s] Invoking command in '/home/ej/Silverfish/ublox_ws/build/rtcm_msgs': CMAKE_PREFIX_PATH=/opt/ros/humble /usr/bin/cmake --build /home/ej/Silverfish/ublox_ws/build/rtcm_msgs -- -j4 -l4
[0.475s] [35m[1mConsolidate compiler generated dependencies of target rtcm_msgs__rosidl_generator_c[0m
[0.604s] [  3%] Built target rtcm_msgs__cpp
[0.611s] [ 12%] Built target rtcm_msgs__rosidl_generator_c
[0.702s] [35m[1mConsolidate compiler generated dependencies of target rtcm_msgs__rosidl_typesupport_fastrtps_cpp[0m
[0.733s] [35m[1mConsolidate compiler generated dependencies of target rtcm_msgs__rosidl_typesupport_cpp[0m
[0.745s] [35m[1mConsolidate compiler generated dependencies of target rtcm_msgs__rosidl_typesupport_introspection_cpp[0m
[0.753s] [ 12%] Built target ament_cmake_python_copy_rtcm_msgs
[0.853s] [ 22%] Built target rtcm_msgs__rosidl_typesupport_fastrtps_cpp
[0.982s] [ 32%] Built target rtcm_msgs__rosidl_typesupport_cpp
[1.022s] [ 41%] Built target rtcm_msgs__rosidl_typesupport_introspection_cpp
[1.023s] [35m[1mConsolidate compiler generated dependencies of target rtcm_msgs__rosidl_typesupport_fastrtps_c[0m
[1.023s] [35m[1mConsolidate compiler generated dependencies of target rtcm_msgs__rosidl_typesupport_introspection_c[0m
[1.024s] [35m[1mConsolidate compiler generated dependencies of target rtcm_msgs__rosidl_typesupport_c[0m
[1.245s] [ 51%] Built target rtcm_msgs__rosidl_typesupport_c
[1.269s] [ 61%] Built target rtcm_msgs__rosidl_typesupport_fastrtps_c
[1.308s] [ 70%] Built target rtcm_msgs__rosidl_typesupport_introspection_c
[1.750s] [ 70%] Built target rtcm_msgs
[2.113s] [ 74%] Built target rtcm_msgs__py
[2.229s] [35m[1mConsolidate compiler generated dependencies of target rtcm_msgs__rosidl_generator_py[0m
[2.492s] [ 80%] Built target rtcm_msgs__rosidl_generator_py
[2.602s] [35m[1mConsolidate compiler generated dependencies of target rtcm_msgs__rosidl_typesupport_fastrtps_c__pyext[0m
[2.621s] [35m[1mConsolidate compiler generated dependencies of target rtcm_msgs__rosidl_typesupport_c__pyext[0m
[2.721s] [35m[1mConsolidate compiler generated dependencies of target rtcm_msgs__rosidl_typesupport_introspection_c__pyext[0m
[2.884s] [ 87%] Built target rtcm_msgs__rosidl_typesupport_fastrtps_c__pyext
[2.917s] [100%] Built target rtcm_msgs__rosidl_typesupport_c__pyext
[2.918s] [100%] Built target rtcm_msgs__rosidl_typesupport_introspection_c__pyext
[5.955s] running egg_info
[5.968s] writing rtcm_msgs.egg-info/PKG-INFO
[5.973s] writing dependency_links to rtcm_msgs.egg-info/dependency_links.txt
[5.976s] writing top-level names to rtcm_msgs.egg-info/top_level.txt
[6.007s] reading manifest file 'rtcm_msgs.egg-info/SOURCES.txt'
[6.012s] writing manifest file 'rtcm_msgs.egg-info/SOURCES.txt'
[6.331s] [100%] Built target ament_cmake_python_build_rtcm_msgs_egg
[6.445s] Invoked command in '/home/ej/Silverfish/ublox_ws/build/rtcm_msgs' returned '0': CMAKE_PREFIX_PATH=/opt/ros/humble /usr/bin/cmake --build /home/ej/Silverfish/ublox_ws/build/rtcm_msgs -- -j4 -l4
[7.172s] Invoking command in '/home/ej/Silverfish/ublox_ws/build/rtcm_msgs': CMAKE_PREFIX_PATH=/opt/ros/humble /usr/bin/cmake --install /home/ej/Silverfish/ublox_ws/build/rtcm_msgs
[7.220s] -- Install configuration: ""
[7.221s] -- Up-to-date: /home/ej/Silverfish/ublox_ws/install/rtcm_msgs/share/ament_index/resource_index/rosidl_interfaces/rtcm_msgs
[7.222s] -- Up-to-date: /home/ej/Silverfish/ublox_ws/install/rtcm_msgs/include/rtcm_msgs/rtcm_msgs
[7.222s] -- Up-to-date: /home/ej/Silverfish/ublox_ws/install/rtcm_msgs/include/rtcm_msgs/rtcm_msgs/msg
[7.223s] -- Up-to-date: /home/ej/Silverfish/ublox_ws/install/rtcm_msgs/include/rtcm_msgs/rtcm_msgs/msg/message.h
[7.224s] -- Up-to-date: /home/ej/Silverfish/ublox_ws/install/rtcm_msgs/include/rtcm_msgs/rtcm_msgs/msg/rosidl_generator_c__visibility_control.h
[7.225s] -- Up-to-date: /home/ej/Silverfish/ublox_ws/install/rtcm_msgs/include/rtcm_msgs/rtcm_msgs/msg/detail
[7.225s] -- Up-to-date: /home/ej/Silverfish/ublox_ws/install/rtcm_msgs/include/rtcm_msgs/rtcm_msgs/msg/detail/message__struct.h
[7.226s] -- Up-to-date: /home/ej/Silverfish/ublox_ws/install/rtcm_msgs/include/rtcm_msgs/rtcm_msgs/msg/detail/message__functions.h
[7.227s] -- Up-to-date: /home/ej/Silverfish/ublox_ws/install/rtcm_msgs/include/rtcm_msgs/rtcm_msgs/msg/detail/message__functions.c
[7.227s] -- Up-to-date: /home/ej/Silverfish/ublox_ws/install/rtcm_msgs/include/rtcm_msgs/rtcm_msgs/msg/detail/message__type_support.h
[7.228s] -- Up-to-date: /home/ej/Silverfish/ublox_ws/install/rtcm_msgs/share/rtcm_msgs/environment/library_path.sh
[7.228s] -- Up-to-date: /home/ej/Silverfish/ublox_ws/install/rtcm_msgs/share/rtcm_msgs/environment/library_path.dsv
[7.229s] -- Up-to-date: /home/ej/Silverfish/ublox_ws/install/rtcm_msgs/lib/librtcm_msgs__rosidl_generator_c.so
[7.230s] -- Up-to-date: /home/ej/Silverfish/ublox_ws/install/rtcm_msgs/include/rtcm_msgs/rtcm_msgs
[7.230s] -- Up-to-date: /home/ej/Silverfish/ublox_ws/install/rtcm_msgs/include/rtcm_msgs/rtcm_msgs/msg
[7.231s] -- Up-to-date: /home/ej/Silverfish/ublox_ws/install/rtcm_msgs/include/rtcm_msgs/rtcm_msgs/msg/rosidl_typesupport_fastrtps_c__visibility_control.h
[7.231s] -- Up-to-date: /home/ej/Silverfish/ublox_ws/install/rtcm_msgs/include/rtcm_msgs/rtcm_msgs/msg/detail
[7.231s] -- Up-to-date: /home/ej/Silverfish/ublox_ws/install/rtcm_msgs/include/rtcm_msgs/rtcm_msgs/msg/detail/message__rosidl_typesupport_fastrtps_c.h
[7.234s] -- Up-to-date: /home/ej/Silverfish/ublox_ws/install/rtcm_msgs/lib/librtcm_msgs__rosidl_typesupport_fastrtps_c.so
[7.235s] -- Up-to-date: /home/ej/Silverfish/ublox_ws/install/rtcm_msgs/include/rtcm_msgs/rtcm_msgs
[7.235s] -- Up-to-date: /home/ej/Silverfish/ublox_ws/install/rtcm_msgs/include/rtcm_msgs/rtcm_msgs/msg
[7.236s] -- Up-to-date: /home/ej/Silverfish/ublox_ws/install/rtcm_msgs/include/rtcm_msgs/rtcm_msgs/msg/detail
[7.236s] -- Up-to-date: /home/ej/Silverfish/ublox_ws/install/rtcm_msgs/include/rtcm_msgs/rtcm_msgs/msg/detail/message__struct.hpp
[7.239s] -- Up-to-date: /home/ej/Silverfish/ublox_ws/install/rtcm_msgs/include/rtcm_msgs/rtcm_msgs/msg/detail/message__traits.hpp
[7.240s] -- Up-to-date: /home/ej/Silverfish/ublox_ws/install/rtcm_msgs/include/rtcm_msgs/rtcm_msgs/msg/detail/message__builder.hpp
[7.242s] -- Up-to-date: /home/ej/Silverfish/ublox_ws/install/rtcm_msgs/include/rtcm_msgs/rtcm_msgs/msg/message.hpp
[7.243s] -- Up-to-date: /home/ej/Silverfish/ublox_ws/install/rtcm_msgs/include/rtcm_msgs/rtcm_msgs
[7.243s] -- Up-to-date: /home/ej/Silverfish/ublox_ws/install/rtcm_msgs/include/rtcm_msgs/rtcm_msgs/msg
[7.244s] -- Up-to-date: /home/ej/Silverfish/ublox_ws/install/rtcm_msgs/include/rtcm_msgs/rtcm_msgs/msg/rosidl_typesupport_fastrtps_cpp__visibility_control.h
[7.245s] -- Up-to-date: /home/ej/Silverfish/ublox_ws/install/rtcm_msgs/include/rtcm_msgs/rtcm_msgs/msg/detail
[7.245s] -- Up-to-date: /home/ej/Silverfish/ublox_ws/install/rtcm_msgs/include/rtcm_msgs/rtcm_msgs/msg/detail/message__rosidl_typesupport_fastrtps_cpp.hpp
[7.246s] -- Up-to-date: /home/ej/Silverfish/ublox_ws/install/rtcm_msgs/include/rtcm_msgs/rtcm_msgs/msg/detail/dds_fastrtps
[7.247s] -- Up-to-date: /home/ej/Silverfish/ublox_ws/install/rtcm_msgs/lib/librtcm_msgs__rosidl_typesupport_fastrtps_cpp.so
[7.250s] -- Up-to-date: /home/ej/Silverfish/ublox_ws/install/rtcm_msgs/include/rtcm_msgs/rtcm_msgs
[7.251s] -- Up-to-date: /home/ej/Silverfish/ublox_ws/install/rtcm_msgs/include/rtcm_msgs/rtcm_msgs/msg
[7.252s] -- Up-to-date: /home/ej/Silverfish/ublox_ws/install/rtcm_msgs/include/rtcm_msgs/rtcm_msgs/msg/rosidl_typesupport_introspection_c__visibility_control.h
[7.253s] -- Up-to-date: /home/ej/Silverfish/ublox_ws/install/rtcm_msgs/include/rtcm_msgs/rtcm_msgs/msg/detail
[7.253s] -- Up-to-date: /home/ej/Silverfish/ublox_ws/install/rtcm_msgs/include/rtcm_msgs/rtcm_msgs/msg/detail/message__type_support.c
[7.254s] -- Up-to-date: /home/ej/Silverfish/ublox_ws/install/rtcm_msgs/include/rtcm_msgs/rtcm_msgs/msg/detail/message__rosidl_typesupport_introspection_c.h
[7.255s] -- Up-to-date: /home/ej/Silverfish/ublox_ws/install/rtcm_msgs/lib/librtcm_msgs__rosidl_typesupport_introspection_c.so
[7.255s] -- Up-to-date: /home/ej/Silverfish/ublox_ws/install/rtcm_msgs/lib/librtcm_msgs__rosidl_typesupport_c.so
[7.256s] -- Up-to-date: /home/ej/Silverfish/ublox_ws/install/rtcm_msgs/include/rtcm_msgs/rtcm_msgs
[7.258s] -- Up-to-date: /home/ej/Silverfish/ublox_ws/install/rtcm_msgs/include/rtcm_msgs/rtcm_msgs/msg
[7.259s] -- Up-to-date: /home/ej/Silverfish/ublox_ws/install/rtcm_msgs/include/rtcm_msgs/rtcm_msgs/msg/detail
[7.259s] -- Up-to-date: /home/ej/Silverfish/ublox_ws/install/rtcm_msgs/include/rtcm_msgs/rtcm_msgs/msg/detail/message__rosidl_typesupport_introspection_cpp.hpp
[7.260s] -- Up-to-date: /home/ej/Silverfish/ublox_ws/install/rtcm_msgs/include/rtcm_msgs/rtcm_msgs/msg/detail/message__type_support.cpp
[7.261s] -- Up-to-date: /home/ej/Silverfish/ublox_ws/install/rtcm_msgs/lib/librtcm_msgs__rosidl_typesupport_introspection_cpp.so
[7.261s] -- Up-to-date: /home/ej/Silverfish/ublox_ws/install/rtcm_msgs/lib/librtcm_msgs__rosidl_typesupport_cpp.so
[7.262s] -- Up-to-date: /home/ej/Silverfish/ublox_ws/install/rtcm_msgs/share/rtcm_msgs/environment/pythonpath.sh
[7.263s] -- Up-to-date: /home/ej/Silverfish/ublox_ws/install/rtcm_msgs/share/rtcm_msgs/environment/pythonpath.dsv
[7.263s] -- Up-to-date: /home/ej/Silverfish/ublox_ws/install/rtcm_msgs/local/lib/python3.10/dist-packages/rtcm_msgs-1.1.0-py3.10.egg-info
[7.264s] -- Installing: /home/ej/Silverfish/ublox_ws/install/rtcm_msgs/local/lib/python3.10/dist-packages/rtcm_msgs-1.1.0-py3.10.egg-info/PKG-INFO
[7.265s] -- Installing: /home/ej/Silverfish/ublox_ws/install/rtcm_msgs/local/lib/python3.10/dist-packages/rtcm_msgs-1.1.0-py3.10.egg-info/top_level.txt
[7.269s] -- Installing: /home/ej/Silverfish/ublox_ws/install/rtcm_msgs/local/lib/python3.10/dist-packages/rtcm_msgs-1.1.0-py3.10.egg-info/SOURCES.txt
[7.270s] -- Installing: /home/ej/Silverfish/ublox_ws/install/rtcm_msgs/local/lib/python3.10/dist-packages/rtcm_msgs-1.1.0-py3.10.egg-info/dependency_links.txt
[7.271s] -- Up-to-date: /home/ej/Silverfish/ublox_ws/install/rtcm_msgs/local/lib/python3.10/dist-packages/rtcm_msgs
[7.272s] -- Up-to-date: /home/ej/Silverfish/ublox_ws/install/rtcm_msgs/local/lib/python3.10/dist-packages/rtcm_msgs/librtcm_msgs__rosidl_generator_py.so
[7.276s] -- Up-to-date: /home/ej/Silverfish/ublox_ws/install/rtcm_msgs/local/lib/python3.10/dist-packages/rtcm_msgs/_rtcm_msgs_s.ep.rosidl_typesupport_c.c
[7.277s] -- Up-to-date: /home/ej/Silverfish/ublox_ws/install/rtcm_msgs/local/lib/python3.10/dist-packages/rtcm_msgs/msg
[7.283s] -- Up-to-date: /home/ej/Silverfish/ublox_ws/install/rtcm_msgs/local/lib/python3.10/dist-packages/rtcm_msgs/msg/_message.py
[7.287s] -- Up-to-date: /home/ej/Silverfish/ublox_ws/install/rtcm_msgs/local/lib/python3.10/dist-packages/rtcm_msgs/msg/_message_s.c
[7.290s] -- Up-to-date: /home/ej/Silverfish/ublox_ws/install/rtcm_msgs/local/lib/python3.10/dist-packages/rtcm_msgs/msg/__init__.py
[7.292s] -- Up-to-date: /home/ej/Silverfish/ublox_ws/install/rtcm_msgs/local/lib/python3.10/dist-packages/rtcm_msgs/_rtcm_msgs_s.ep.rosidl_typesupport_fastrtps_c.c
[7.292s] -- Up-to-date: /home/ej/Silverfish/ublox_ws/install/rtcm_msgs/local/lib/python3.10/dist-packages/rtcm_msgs/__init__.py
[7.293s] -- Up-to-date: /home/ej/Silverfish/ublox_ws/install/rtcm_msgs/local/lib/python3.10/dist-packages/rtcm_msgs/rtcm_msgs_s__rosidl_typesupport_c.cpython-310-aarch64-linux-gnu.so
[7.294s] -- Up-to-date: /home/ej/Silverfish/ublox_ws/install/rtcm_msgs/local/lib/python3.10/dist-packages/rtcm_msgs/rtcm_msgs_s__rosidl_typesupport_fastrtps_c.cpython-310-aarch64-linux-gnu.so
[7.294s] -- Up-to-date: /home/ej/Silverfish/ublox_ws/install/rtcm_msgs/local/lib/python3.10/dist-packages/rtcm_msgs/rtcm_msgs_s__rosidl_typesupport_introspection_c.cpython-310-aarch64-linux-gnu.so
[7.295s] -- Up-to-date: /home/ej/Silverfish/ublox_ws/install/rtcm_msgs/local/lib/python3.10/dist-packages/rtcm_msgs/_rtcm_msgs_s.ep.rosidl_typesupport_introspection_c.c
[7.504s] Listing '/home/ej/Silverfish/ublox_ws/install/rtcm_msgs/local/lib/python3.10/dist-packages/rtcm_msgs'...
[7.506s] Listing '/home/ej/Silverfish/ublox_ws/install/rtcm_msgs/local/lib/python3.10/dist-packages/rtcm_msgs/msg'...
[7.547s] -- Up-to-date: /home/ej/Silverfish/ublox_ws/install/rtcm_msgs/local/lib/python3.10/dist-packages/rtcm_msgs/rtcm_msgs_s__rosidl_typesupport_fastrtps_c.cpython-310-aarch64-linux-gnu.so
[7.548s] -- Up-to-date: /home/ej/Silverfish/ublox_ws/install/rtcm_msgs/local/lib/python3.10/dist-packages/rtcm_msgs/rtcm_msgs_s__rosidl_typesupport_introspection_c.cpython-310-aarch64-linux-gnu.so
[7.555s] -- Up-to-date: /home/ej/Silverfish/ublox_ws/install/rtcm_msgs/local/lib/python3.10/dist-packages/rtcm_msgs/rtcm_msgs_s__rosidl_typesupport_c.cpython-310-aarch64-linux-gnu.so
[7.556s] -- Up-to-date: /home/ej/Silverfish/ublox_ws/install/rtcm_msgs/lib/librtcm_msgs__rosidl_generator_py.so
[7.558s] -- Up-to-date: /home/ej/Silverfish/ublox_ws/install/rtcm_msgs/share/rtcm_msgs/msg/Message.idl
[7.560s] -- Up-to-date: /home/ej/Silverfish/ublox_ws/install/rtcm_msgs/share/rtcm_msgs/msg/Message.msg
[7.563s] -- Up-to-date: /home/ej/Silverfish/ublox_ws/install/rtcm_msgs/share/ament_index/resource_index/package_run_dependencies/rtcm_msgs
[7.567s] -- Up-to-date: /home/ej/Silverfish/ublox_ws/install/rtcm_msgs/share/ament_index/resource_index/parent_prefix_path/rtcm_msgs
[7.568s] -- Up-to-date: /home/ej/Silverfish/ublox_ws/install/rtcm_msgs/share/rtcm_msgs/environment/ament_prefix_path.sh
[7.569s] -- Up-to-date: /home/ej/Silverfish/ublox_ws/install/rtcm_msgs/share/rtcm_msgs/environment/ament_prefix_path.dsv
[7.571s] -- Up-to-date: /home/ej/Silverfish/ublox_ws/install/rtcm_msgs/share/rtcm_msgs/environment/path.sh
[7.573s] -- Up-to-date: /home/ej/Silverfish/ublox_ws/install/rtcm_msgs/share/rtcm_msgs/environment/path.dsv
[7.575s] -- Up-to-date: /home/ej/Silverfish/ublox_ws/install/rtcm_msgs/share/rtcm_msgs/local_setup.bash
[7.577s] -- Up-to-date: /home/ej/Silverfish/ublox_ws/install/rtcm_msgs/share/rtcm_msgs/local_setup.sh
[7.578s] -- Up-to-date: /home/ej/Silverfish/ublox_ws/install/rtcm_msgs/share/rtcm_msgs/local_setup.zsh
[7.583s] -- Up-to-date: /home/ej/Silverfish/ublox_ws/install/rtcm_msgs/share/rtcm_msgs/local_setup.dsv
[7.587s] -- Installing: /home/ej/Silverfish/ublox_ws/install/rtcm_msgs/share/rtcm_msgs/package.dsv
[7.590s] -- Up-to-date: /home/ej/Silverfish/ublox_ws/install/rtcm_msgs/share/ament_index/resource_index/packages/rtcm_msgs
[7.592s] -- Up-to-date: /home/ej/Silverfish/ublox_ws/install/rtcm_msgs/share/rtcm_msgs/cmake/export_rtcm_msgs__rosidl_generator_cExport.cmake
[7.595s] -- Up-to-date: /home/ej/Silverfish/ublox_ws/install/rtcm_msgs/share/rtcm_msgs/cmake/export_rtcm_msgs__rosidl_generator_cExport-noconfig.cmake
[7.598s] -- Up-to-date: /home/ej/Silverfish/ublox_ws/install/rtcm_msgs/share/rtcm_msgs/cmake/export_rtcm_msgs__rosidl_typesupport_fastrtps_cExport.cmake
[7.600s] -- Up-to-date: /home/ej/Silverfish/ublox_ws/install/rtcm_msgs/share/rtcm_msgs/cmake/export_rtcm_msgs__rosidl_typesupport_fastrtps_cExport-noconfig.cmake
[7.601s] -- Up-to-date: /home/ej/Silverfish/ublox_ws/install/rtcm_msgs/share/rtcm_msgs/cmake/export_rtcm_msgs__rosidl_generator_cppExport.cmake
[7.602s] -- Up-to-date: /home/ej/Silverfish/ublox_ws/install/rtcm_msgs/share/rtcm_msgs/cmake/export_rtcm_msgs__rosidl_typesupport_fastrtps_cppExport.cmake
[7.603s] -- Up-to-date: /home/ej/Silverfish/ublox_ws/install/rtcm_msgs/share/rtcm_msgs/cmake/export_rtcm_msgs__rosidl_typesupport_fastrtps_cppExport-noconfig.cmake
[7.605s] -- Up-to-date: /home/ej/Silverfish/ublox_ws/install/rtcm_msgs/share/rtcm_msgs/cmake/rtcm_msgs__rosidl_typesupport_introspection_cExport.cmake
[7.606s] -- Up-to-date: /home/ej/Silverfish/ublox_ws/install/rtcm_msgs/share/rtcm_msgs/cmake/rtcm_msgs__rosidl_typesupport_introspection_cExport-noconfig.cmake
[7.615s] -- Up-to-date: /home/ej/Silverfish/ublox_ws/install/rtcm_msgs/share/rtcm_msgs/cmake/rtcm_msgs__rosidl_typesupport_cExport.cmake
[7.619s] -- Up-to-date: /home/ej/Silverfish/ublox_ws/install/rtcm_msgs/share/rtcm_msgs/cmake/rtcm_msgs__rosidl_typesupport_cExport-noconfig.cmake
[7.621s] -- Up-to-date: /home/ej/Silverfish/ublox_ws/install/rtcm_msgs/share/rtcm_msgs/cmake/rtcm_msgs__rosidl_typesupport_introspection_cppExport.cmake
[7.622s] -- Up-to-date: /home/ej/Silverfish/ublox_ws/install/rtcm_msgs/share/rtcm_msgs/cmake/rtcm_msgs__rosidl_typesupport_introspection_cppExport-noconfig.cmake
[7.623s] -- Up-to-date: /home/ej/Silverfish/ublox_ws/install/rtcm_msgs/share/rtcm_msgs/cmake/rtcm_msgs__rosidl_typesupport_cppExport.cmake
[7.625s] -- Up-to-date: /home/ej/Silverfish/ublox_ws/install/rtcm_msgs/share/rtcm_msgs/cmake/rtcm_msgs__rosidl_typesupport_cppExport-noconfig.cmake
[7.626s] -- Up-to-date: /home/ej/Silverfish/ublox_ws/install/rtcm_msgs/share/rtcm_msgs/cmake/export_rtcm_msgs__rosidl_generator_pyExport.cmake
[7.627s] -- Up-to-date: /home/ej/Silverfish/ublox_ws/install/rtcm_msgs/share/rtcm_msgs/cmake/export_rtcm_msgs__rosidl_generator_pyExport-noconfig.cmake
[7.633s] -- Up-to-date: /home/ej/Silverfish/ublox_ws/install/rtcm_msgs/share/rtcm_msgs/cmake/rosidl_cmake-extras.cmake
[7.635s] -- Up-to-date: /home/ej/Silverfish/ublox_ws/install/rtcm_msgs/share/rtcm_msgs/cmake/ament_cmake_export_dependencies-extras.cmake
[7.636s] -- Up-to-date: /home/ej/Silverfish/ublox_ws/install/rtcm_msgs/share/rtcm_msgs/cmake/ament_cmake_export_include_directories-extras.cmake
[7.637s] -- Up-to-date: /home/ej/Silverfish/ublox_ws/install/rtcm_msgs/share/rtcm_msgs/cmake/ament_cmake_export_libraries-extras.cmake
[7.637s] -- Up-to-date: /home/ej/Silverfish/ublox_ws/install/rtcm_msgs/share/rtcm_msgs/cmake/ament_cmake_export_targets-extras.cmake
[7.638s] -- Up-to-date: /home/ej/Silverfish/ublox_ws/install/rtcm_msgs/share/rtcm_msgs/cmake/rosidl_cmake_export_typesupport_targets-extras.cmake
[7.639s] -- Up-to-date: /home/ej/Silverfish/ublox_ws/install/rtcm_msgs/share/rtcm_msgs/cmake/rosidl_cmake_export_typesupport_libraries-extras.cmake
[7.641s] -- Up-to-date: /home/ej/Silverfish/ublox_ws/install/rtcm_msgs/share/rtcm_msgs/cmake/rtcm_msgsConfig.cmake
[7.643s] -- Up-to-date: /home/ej/Silverfish/ublox_ws/install/rtcm_msgs/share/rtcm_msgs/cmake/rtcm_msgsConfig-version.cmake
[7.645s] -- Up-to-date: /home/ej/Silverfish/ublox_ws/install/rtcm_msgs/share/rtcm_msgs/package.xml
[7.658s] Invoked command in '/home/ej/Silverfish/ublox_ws/build/rtcm_msgs' returned '0': CMAKE_PREFIX_PATH=/opt/ros/humble /usr/bin/cmake --install /home/ej/Silverfish/ublox_ws/build/rtcm_msgs
