[1.256s] DEBUG:colcon:Command line arguments: ['/usr/bin/colcon', 'build', '--packages-select']
[1.257s] DEBUG:colcon:Parsed command line arguments: Namespace(log_base=None, log_level=None, verb_name='build', build_base='build', install_base='install', merge_install=False, symlink_install=False, test_result_base=None, continue_on_error=False, executor='parallel', parallel_workers=4, event_handlers=None, ignore_user_meta=False, metas=['./colcon.meta'], base_paths=['.'], packages_ignore=None, packages_ignore_regex=None, paths=None, packages_up_to=None, packages_up_to_regex=None, packages_above=None, packages_above_and_dependencies=None, packages_above_depth=None, packages_select_by_dep=None, packages_skip_by_dep=None, packages_skip_up_to=None, packages_select_build_failed=False, packages_skip_build_finished=False, packages_select_test_failures=False, packages_skip_test_passed=False, packages_select=[], packages_skip=None, packages_select_regex=None, packages_skip_regex=None, packages_start=None, packages_end=None, allow_overriding=[], cmake_args=None, cmake_target=None, cmake_target_skip_unavailable=False, cmake_clean_cache=False, cmake_clean_first=False, cmake_force_configure=False, ament_cmake_args=None, catkin_cmake_args=None, catkin_skip_building_tests=False, verb_parser=<colcon_defaults.argument_parser.defaults.DefaultArgumentsDecorator object at 0xffffb956b070>, verb_extension=<colcon_core.verb.build.BuildVerb object at 0xffffb9fc3610>, main=<bound method BuildVerb.main of <colcon_core.verb.build.BuildVerb object at 0xffffb9fc3610>>)
[1.353s] Level 1:colcon.colcon_core.package_discovery:discover_packages(colcon_meta) check parameters
[1.353s] Level 1:colcon.colcon_core.package_discovery:discover_packages(recursive) check parameters
[1.354s] Level 1:colcon.colcon_core.package_discovery:discover_packages(ignore) check parameters
[1.354s] Level 1:colcon.colcon_core.package_discovery:discover_packages(path) check parameters
[1.354s] Level 1:colcon.colcon_core.package_discovery:discover_packages(colcon_meta) discover
[1.354s] Level 1:colcon.colcon_core.package_discovery:discover_packages(recursive) discover
[1.354s] INFO:colcon.colcon_core.package_discovery:Crawling recursively for packages in '/home/ej/Silverfish/ublox_ws'
[1.355s] Level 1:colcon.colcon_core.package_identification:_identify(.) by extensions ['ignore', 'ignore_ament_install']
[1.355s] Level 1:colcon.colcon_core.package_identification:_identify(.) by extension 'ignore'
[1.355s] Level 1:colcon.colcon_core.package_identification:_identify(.) by extension 'ignore_ament_install'
[1.356s] Level 1:colcon.colcon_core.package_identification:_identify(.) by extensions ['colcon_pkg']
[1.356s] Level 1:colcon.colcon_core.package_identification:_identify(.) by extension 'colcon_pkg'
[1.356s] Level 1:colcon.colcon_core.package_identification:_identify(.) by extensions ['colcon_meta']
[1.356s] Level 1:colcon.colcon_core.package_identification:_identify(.) by extension 'colcon_meta'
[1.356s] Level 1:colcon.colcon_core.package_identification:_identify(.) by extensions ['ros']
[1.356s] Level 1:colcon.colcon_core.package_identification:_identify(.) by extension 'ros'
[1.442s] Level 1:colcon.colcon_core.package_identification:_identify(.) by extensions ['cmake', 'python']
[1.442s] Level 1:colcon.colcon_core.package_identification:_identify(.) by extension 'cmake'
[1.442s] Level 1:colcon.colcon_core.package_identification:_identify(.) by extension 'python'
[1.443s] Level 1:colcon.colcon_core.package_identification:_identify(.) by extensions ['python_setup_py']
[1.443s] Level 1:colcon.colcon_core.package_identification:_identify(.) by extension 'python_setup_py'
[1.443s] Level 1:colcon.colcon_core.package_identification:_identify(build) by extensions ['ignore', 'ignore_ament_install']
[1.444s] Level 1:colcon.colcon_core.package_identification:_identify(build) by extension 'ignore'
[1.444s] Level 1:colcon.colcon_core.package_identification:_identify(build) ignored
[1.445s] Level 1:colcon.colcon_core.package_identification:_identify(install) by extensions ['ignore', 'ignore_ament_install']
[1.445s] Level 1:colcon.colcon_core.package_identification:_identify(install) by extension 'ignore'
[1.445s] Level 1:colcon.colcon_core.package_identification:_identify(install) ignored
[1.446s] Level 1:colcon.colcon_core.package_identification:_identify(log) by extensions ['ignore', 'ignore_ament_install']
[1.446s] Level 1:colcon.colcon_core.package_identification:_identify(log) by extension 'ignore'
[1.446s] Level 1:colcon.colcon_core.package_identification:_identify(log) ignored
[1.446s] Level 1:colcon.colcon_core.package_identification:_identify(src) by extensions ['ignore', 'ignore_ament_install']
[1.447s] Level 1:colcon.colcon_core.package_identification:_identify(src) by extension 'ignore'
[1.447s] Level 1:colcon.colcon_core.package_identification:_identify(src) by extension 'ignore_ament_install'
[1.447s] Level 1:colcon.colcon_core.package_identification:_identify(src) by extensions ['colcon_pkg']
[1.447s] Level 1:colcon.colcon_core.package_identification:_identify(src) by extension 'colcon_pkg'
[1.447s] Level 1:colcon.colcon_core.package_identification:_identify(src) by extensions ['colcon_meta']
[1.448s] Level 1:colcon.colcon_core.package_identification:_identify(src) by extension 'colcon_meta'
[1.448s] Level 1:colcon.colcon_core.package_identification:_identify(src) by extensions ['ros']
[1.448s] Level 1:colcon.colcon_core.package_identification:_identify(src) by extension 'ros'
[1.448s] Level 1:colcon.colcon_core.package_identification:_identify(src) by extensions ['cmake', 'python']
[1.448s] Level 1:colcon.colcon_core.package_identification:_identify(src) by extension 'cmake'
[1.448s] Level 1:colcon.colcon_core.package_identification:_identify(src) by extension 'python'
[1.449s] Level 1:colcon.colcon_core.package_identification:_identify(src) by extensions ['python_setup_py']
[1.449s] Level 1:colcon.colcon_core.package_identification:_identify(src) by extension 'python_setup_py'
[1.449s] Level 1:colcon.colcon_core.package_identification:_identify(src/ublox) by extensions ['ignore', 'ignore_ament_install']
[1.450s] Level 1:colcon.colcon_core.package_identification:_identify(src/ublox) by extension 'ignore'
[1.450s] Level 1:colcon.colcon_core.package_identification:_identify(src/ublox) by extension 'ignore_ament_install'
[1.450s] Level 1:colcon.colcon_core.package_identification:_identify(src/ublox) by extensions ['colcon_pkg']
[1.450s] Level 1:colcon.colcon_core.package_identification:_identify(src/ublox) by extension 'colcon_pkg'
[1.450s] Level 1:colcon.colcon_core.package_identification:_identify(src/ublox) by extensions ['colcon_meta']
[1.450s] Level 1:colcon.colcon_core.package_identification:_identify(src/ublox) by extension 'colcon_meta'
[1.450s] Level 1:colcon.colcon_core.package_identification:_identify(src/ublox) by extensions ['ros']
[1.451s] Level 1:colcon.colcon_core.package_identification:_identify(src/ublox) by extension 'ros'
[1.451s] Level 1:colcon.colcon_core.package_identification:_identify(src/ublox) by extensions ['cmake', 'python']
[1.451s] Level 1:colcon.colcon_core.package_identification:_identify(src/ublox) by extension 'cmake'
[1.451s] Level 1:colcon.colcon_core.package_identification:_identify(src/ublox) by extension 'python'
[1.451s] Level 1:colcon.colcon_core.package_identification:_identify(src/ublox) by extensions ['python_setup_py']
[1.451s] Level 1:colcon.colcon_core.package_identification:_identify(src/ublox) by extension 'python_setup_py'
[1.452s] Level 1:colcon.colcon_core.package_identification:_identify(src/ublox/ublox) by extensions ['ignore', 'ignore_ament_install']
[1.452s] Level 1:colcon.colcon_core.package_identification:_identify(src/ublox/ublox) by extension 'ignore'
[1.452s] Level 1:colcon.colcon_core.package_identification:_identify(src/ublox/ublox) by extension 'ignore_ament_install'
[1.453s] Level 1:colcon.colcon_core.package_identification:_identify(src/ublox/ublox) by extensions ['colcon_pkg']
[1.453s] Level 1:colcon.colcon_core.package_identification:_identify(src/ublox/ublox) by extension 'colcon_pkg'
[1.453s] Level 1:colcon.colcon_core.package_identification:_identify(src/ublox/ublox) by extensions ['colcon_meta']
[1.453s] Level 1:colcon.colcon_core.package_identification:_identify(src/ublox/ublox) by extension 'colcon_meta'
[1.453s] Level 1:colcon.colcon_core.package_identification:_identify(src/ublox/ublox) by extensions ['ros']
[1.453s] Level 1:colcon.colcon_core.package_identification:_identify(src/ublox/ublox) by extension 'ros'
[1.463s] DEBUG:colcon.colcon_core.package_identification:Package 'src/ublox/ublox' with type 'ros.ament_cmake' and name 'ublox'
[1.464s] Level 1:colcon.colcon_core.package_identification:_identify(src/ublox/ublox_gps) by extensions ['ignore', 'ignore_ament_install']
[1.464s] Level 1:colcon.colcon_core.package_identification:_identify(src/ublox/ublox_gps) by extension 'ignore'
[1.464s] Level 1:colcon.colcon_core.package_identification:_identify(src/ublox/ublox_gps) by extension 'ignore_ament_install'
[1.464s] Level 1:colcon.colcon_core.package_identification:_identify(src/ublox/ublox_gps) by extensions ['colcon_pkg']
[1.464s] Level 1:colcon.colcon_core.package_identification:_identify(src/ublox/ublox_gps) by extension 'colcon_pkg'
[1.465s] Level 1:colcon.colcon_core.package_identification:_identify(src/ublox/ublox_gps) by extensions ['colcon_meta']
[1.465s] Level 1:colcon.colcon_core.package_identification:_identify(src/ublox/ublox_gps) by extension 'colcon_meta'
[1.465s] Level 1:colcon.colcon_core.package_identification:_identify(src/ublox/ublox_gps) by extensions ['ros']
[1.465s] Level 1:colcon.colcon_core.package_identification:_identify(src/ublox/ublox_gps) by extension 'ros'
[1.471s] DEBUG:colcon.colcon_core.package_identification:Package 'src/ublox/ublox_gps' with type 'ros.ament_cmake' and name 'ublox_gps'
[1.472s] Level 1:colcon.colcon_core.package_identification:_identify(src/ublox/ublox_msgs) by extensions ['ignore', 'ignore_ament_install']
[1.472s] Level 1:colcon.colcon_core.package_identification:_identify(src/ublox/ublox_msgs) by extension 'ignore'
[1.473s] Level 1:colcon.colcon_core.package_identification:_identify(src/ublox/ublox_msgs) by extension 'ignore_ament_install'
[1.473s] Level 1:colcon.colcon_core.package_identification:_identify(src/ublox/ublox_msgs) by extensions ['colcon_pkg']
[1.473s] Level 1:colcon.colcon_core.package_identification:_identify(src/ublox/ublox_msgs) by extension 'colcon_pkg'
[1.473s] Level 1:colcon.colcon_core.package_identification:_identify(src/ublox/ublox_msgs) by extensions ['colcon_meta']
[1.473s] Level 1:colcon.colcon_core.package_identification:_identify(src/ublox/ublox_msgs) by extension 'colcon_meta'
[1.474s] Level 1:colcon.colcon_core.package_identification:_identify(src/ublox/ublox_msgs) by extensions ['ros']
[1.474s] Level 1:colcon.colcon_core.package_identification:_identify(src/ublox/ublox_msgs) by extension 'ros'
[1.477s] DEBUG:colcon.colcon_core.package_identification:Package 'src/ublox/ublox_msgs' with type 'ros.ament_cmake' and name 'ublox_msgs'
[1.477s] Level 1:colcon.colcon_core.package_identification:_identify(src/ublox/ublox_serialization) by extensions ['ignore', 'ignore_ament_install']
[1.478s] Level 1:colcon.colcon_core.package_identification:_identify(src/ublox/ublox_serialization) by extension 'ignore'
[1.478s] Level 1:colcon.colcon_core.package_identification:_identify(src/ublox/ublox_serialization) by extension 'ignore_ament_install'
[1.478s] Level 1:colcon.colcon_core.package_identification:_identify(src/ublox/ublox_serialization) by extensions ['colcon_pkg']
[1.478s] Level 1:colcon.colcon_core.package_identification:_identify(src/ublox/ublox_serialization) by extension 'colcon_pkg'
[1.478s] Level 1:colcon.colcon_core.package_identification:_identify(src/ublox/ublox_serialization) by extensions ['colcon_meta']
[1.478s] Level 1:colcon.colcon_core.package_identification:_identify(src/ublox/ublox_serialization) by extension 'colcon_meta'
[1.479s] Level 1:colcon.colcon_core.package_identification:_identify(src/ublox/ublox_serialization) by extensions ['ros']
[1.479s] Level 1:colcon.colcon_core.package_identification:_identify(src/ublox/ublox_serialization) by extension 'ros'
[1.481s] DEBUG:colcon.colcon_core.package_identification:Package 'src/ublox/ublox_serialization' with type 'ros.ament_cmake' and name 'ublox_serialization'
[1.481s] Level 1:colcon.colcon_core.package_discovery:discover_packages(recursive) using defaults
[1.481s] Level 1:colcon.colcon_core.package_discovery:discover_packages(ignore) discover
[1.481s] Level 1:colcon.colcon_core.package_discovery:discover_packages(ignore) using defaults
[1.481s] Level 1:colcon.colcon_core.package_discovery:discover_packages(path) discover
[1.482s] Level 1:colcon.colcon_core.package_discovery:discover_packages(path) using defaults
[1.581s] INFO:colcon.colcon_core.package_selection:Skipping not selected package 'ublox_serialization' in 'src/ublox/ublox_serialization'
[1.581s] INFO:colcon.colcon_core.package_selection:Skipping not selected package 'ublox_msgs' in 'src/ublox/ublox_msgs'
[1.581s] INFO:colcon.colcon_core.package_selection:Skipping not selected package 'ublox_gps' in 'src/ublox/ublox_gps'
[1.582s] INFO:colcon.colcon_core.package_selection:Skipping not selected package 'ublox' in 'src/ublox/ublox'
[1.584s] Level 1:colcon.colcon_core.package_discovery:discover_packages(prefix_path) check parameters
[1.585s] Level 1:colcon.colcon_core.package_discovery:discover_packages(prefix_path) discover
[1.600s] DEBUG:colcon.colcon_installed_package_information.package_discovery:Found 180 installed packages in /opt/ros/humble
[1.605s] Level 1:colcon.colcon_core.package_discovery:discover_packages(prefix_path) using defaults
[1.769s] INFO:colcon.colcon_core.executor:Executing jobs using 'parallel' executor
[1.783s] DEBUG:colcon.colcon_parallel_executor.executor.parallel:run_until_complete
[1.784s] DEBUG:colcon.colcon_parallel_executor.executor.parallel:closing loop
[1.785s] DEBUG:colcon.colcon_parallel_executor.executor.parallel:loop closed
[1.785s] DEBUG:colcon.colcon_parallel_executor.executor.parallel:run_until_complete finished with '0'
[1.786s] DEBUG:colcon.colcon_core.event_reactor:joining thread
[1.830s] INFO:colcon.colcon_core.plugin_system:Skipping extension 'colcon_notification.desktop_notification.terminal_notifier': Not used on non-Darwin systems
[1.830s] INFO:colcon.colcon_core.plugin_system:Skipping extension 'colcon_notification.desktop_notification.win32': Not used on non-Windows systems
[1.831s] INFO:colcon.colcon_notification.desktop_notification:Sending desktop notification using 'notify2'
[1.913s] DEBUG:colcon.colcon_core.event_reactor:joined thread
[1.943s] INFO:colcon.colcon_core.plugin_system:Skipping extension 'colcon_core.shell.bat': Not used on non-Windows systems
[1.945s] INFO:colcon.colcon_core.shell:Creating prefix script '/home/ej/Silverfish/ublox_ws/install/local_setup.ps1'
[1.950s] INFO:colcon.colcon_core.shell:Creating prefix util module '/home/ej/Silverfish/ublox_ws/install/_local_setup_util_ps1.py'
[1.958s] INFO:colcon.colcon_core.shell:Creating prefix chain script '/home/ej/Silverfish/ublox_ws/install/setup.ps1'
[1.966s] INFO:colcon.colcon_core.shell:Creating prefix script '/home/ej/Silverfish/ublox_ws/install/local_setup.sh'
[1.970s] INFO:colcon.colcon_core.shell:Creating prefix util module '/home/ej/Silverfish/ublox_ws/install/_local_setup_util_sh.py'
[1.974s] INFO:colcon.colcon_core.shell:Creating prefix chain script '/home/ej/Silverfish/ublox_ws/install/setup.sh'
[1.983s] INFO:colcon.colcon_core.shell:Creating prefix script '/home/ej/Silverfish/ublox_ws/install/local_setup.bash'
[1.988s] INFO:colcon.colcon_core.shell:Creating prefix chain script '/home/ej/Silverfish/ublox_ws/install/setup.bash'
[1.999s] INFO:colcon.colcon_core.shell:Creating prefix script '/home/ej/Silverfish/ublox_ws/install/local_setup.zsh'
[2.006s] INFO:colcon.colcon_core.shell:Creating prefix chain script '/home/ej/Silverfish/ublox_ws/install/setup.zsh'
