[0.094s] Invoking command in '/home/ej/Silverfish/ublox_ws/build/ublox_gps': AMENT_PREFIX_PATH=/home/ej/Silverfish/ublox_ws/install/ublox_msgs:/home/ej/Silverfish/ublox_ws/install/ublox_serialization:${AMENT_PREFIX_PATH} CMAKE_PREFIX_PATH=/home/ej/Silverfish/ublox_ws/install/ublox_msgs:/home/ej/Silverfish/ublox_ws/install/ublox_serialization:/opt/ros/humble LD_LIBRARY_PATH=/home/ej/Silverfish/ublox_ws/install/ublox_msgs/lib:${LD_LIBRARY_PATH} PYTHONPATH=/home/ej/Silverfish/ublox_ws/install/ublox_msgs/local/lib/python3.10/dist-packages:${PYTHONPATH} /usr/bin/cmake /home/ej/Silverfish/ublox_ws/src/ublox/ublox_gps -DCMAKE_INSTALL_PREFIX=/home/ej/Silverfish/ublox_ws/install/ublox_gps
[0.150s] -- Found ament_cmake_ros: 0.10.0 (/opt/ros/humble/share/ament_cmake_ros/cmake)
[1.032s] -- Found diagnostic_msgs: 4.2.2 (/opt/ros/humble/share/diagnostic_msgs/cmake)
[1.279s] -- Found rosidl_generator_c: 3.1.4 (/opt/ros/humble/share/rosidl_generator_c/cmake)
[1.295s] -- Found rosidl_adapter: 3.1.4 (/opt/ros/humble/share/rosidl_adapter/cmake)
[1.328s] -- Found rosidl_generator_cpp: 3.1.4 (/opt/ros/humble/share/rosidl_generator_cpp/cmake)
[1.387s] -- Using all available rosidl_typesupport_c: rosidl_typesupport_fastrtps_c;rosidl_typesupport_introspection_c
[1.472s] -- Using all available rosidl_typesupport_cpp: rosidl_typesupport_fastrtps_cpp;rosidl_typesupport_introspection_cpp
[3.668s] -- Found rosgraph_msgs: 1.2.1 (/opt/ros/humble/share/rosgraph_msgs/cmake)
[9.775s] -- Found geometry_msgs: 4.2.2 (/opt/ros/humble/share/geometry_msgs/cmake)
[9.968s] -- Found rcl_interfaces: 1.2.1 (/opt/ros/humble/share/rcl_interfaces/cmake)
[10.120s] -- Found rclcpp: 16.0.2 (/opt/ros/humble/share/rclcpp/cmake)
[10.318s] -- Found rmw_implementation_cmake: 6.1.1 (/opt/ros/humble/share/rmw_implementation_cmake/cmake)
[10.339s] -- Found rmw_fastrtps_cpp: 6.2.2 (/opt/ros/humble/share/rmw_fastrtps_cpp/cmake)
[10.939s] -- Found OpenSSL: /usr/lib/aarch64-linux-gnu/libcrypto.so (found version "3.0.2")  
[11.128s] -- Found FastRTPS: /opt/ros/humble/include  
[11.459s] -- Using RMW implementation 'rmw_fastrtps_cpp' as default
[11.536s] -- Looking for pthread.h
[11.954s] -- Looking for pthread.h - found
[11.956s] -- Performing Test CMAKE_HAVE_LIBC_PTHREAD
[12.362s] -- Performing Test CMAKE_HAVE_LIBC_PTHREAD - Success
[12.368s] -- Found Threads: TRUE  
[12.871s] -- Found rclcpp_components: 16.0.2 (/opt/ros/humble/share/rclcpp_components/cmake)
[13.238s] -- Found sensor_msgs: 4.2.2 (/opt/ros/humble/share/sensor_msgs/cmake)
[13.565s] -- Found tf2: 0.25.1 (/opt/ros/humble/share/tf2/cmake)
[13.600s] -- Found ublox_msgs: 2.3.0 (/home/ej/Silverfish/ublox_ws/install/ublox_msgs/share/ublox_msgs/cmake)
[14.104s] [31mCMake Error at CMakeLists.txt:28 (find_package):
[14.104s]   By not providing "Findrtcm_msgs.cmake" in CMAKE_MODULE_PATH this project
[14.105s]   has asked CMake to find a package configuration file provided by
[14.105s]   "rtcm_msgs", but CMake did not find one.
[14.106s] 
[14.106s]   Could not find a package configuration file provided by "rtcm_msgs" with
[14.109s]   any of the following names:
[14.113s] 
[14.116s]     rtcm_msgsConfig.cmake
[14.119s]     rtcm_msgs-config.cmake
[14.121s] 
[14.122s]   Add the installation prefix of "rtcm_msgs" to CMAKE_PREFIX_PATH or set
[14.123s]   "rtcm_msgs_DIR" to a directory containing one of the above files.  If
[14.124s]   "rtcm_msgs" provides a separate development package or SDK, be sure it has
[14.125s]   been installed.
[14.128s] 
[14.130s] [0m
[14.131s] -- Configuring incomplete, errors occurred!
[14.132s] See also "/home/ej/Silverfish/ublox_ws/build/ublox_gps/CMakeFiles/CMakeOutput.log".
[14.160s] Invoked command in '/home/ej/Silverfish/ublox_ws/build/ublox_gps' returned '1': AMENT_PREFIX_PATH=/home/ej/Silverfish/ublox_ws/install/ublox_msgs:/home/ej/Silverfish/ublox_ws/install/ublox_serialization:${AMENT_PREFIX_PATH} CMAKE_PREFIX_PATH=/home/ej/Silverfish/ublox_ws/install/ublox_msgs:/home/ej/Silverfish/ublox_ws/install/ublox_serialization:/opt/ros/humble LD_LIBRARY_PATH=/home/ej/Silverfish/ublox_ws/install/ublox_msgs/lib:${LD_LIBRARY_PATH} PYTHONPATH=/home/ej/Silverfish/ublox_ws/install/ublox_msgs/local/lib/python3.10/dist-packages:${PYTHONPATH} /usr/bin/cmake /home/ej/Silverfish/ublox_ws/src/ublox/ublox_gps -DCMAKE_INSTALL_PREFIX=/home/ej/Silverfish/ublox_ws/install/ublox_gps
