[1.285s] DEBUG:colcon:Command line arguments: ['/usr/bin/colcon', 'build']
[1.286s] DEBUG:colcon:Parsed command line arguments: Namespace(log_base=None, log_level=None, verb_name='build', build_base='build', install_base='install', merge_install=False, symlink_install=False, test_result_base=None, continue_on_error=False, executor='parallel', parallel_workers=4, event_handlers=None, ignore_user_meta=False, metas=['./colcon.meta'], base_paths=['.'], packages_ignore=None, packages_ignore_regex=None, paths=None, packages_up_to=None, packages_up_to_regex=None, packages_above=None, packages_above_and_dependencies=None, packages_above_depth=None, packages_select_by_dep=None, packages_skip_by_dep=None, packages_skip_up_to=None, packages_select_build_failed=False, packages_skip_build_finished=False, packages_select_test_failures=False, packages_skip_test_passed=False, packages_select=None, packages_skip=None, packages_select_regex=None, packages_skip_regex=None, packages_start=None, packages_end=None, allow_overriding=[], cmake_args=None, cmake_target=None, cmake_target_skip_unavailable=False, cmake_clean_cache=False, cmake_clean_first=False, cmake_force_configure=False, ament_cmake_args=None, catkin_cmake_args=None, catkin_skip_building_tests=False, verb_parser=<colcon_defaults.argument_parser.defaults.DefaultArgumentsDecorator object at 0xffffb4402dd0>, verb_extension=<colcon_core.verb.build.BuildVerb object at 0xffffb4e5d030>, main=<bound method BuildVerb.main of <colcon_core.verb.build.BuildVerb object at 0xffffb4e5d030>>)
[1.388s] Level 1:colcon.colcon_core.package_discovery:discover_packages(colcon_meta) check parameters
[1.388s] Level 1:colcon.colcon_core.package_discovery:discover_packages(recursive) check parameters
[1.388s] Level 1:colcon.colcon_core.package_discovery:discover_packages(ignore) check parameters
[1.389s] Level 1:colcon.colcon_core.package_discovery:discover_packages(path) check parameters
[1.389s] Level 1:colcon.colcon_core.package_discovery:discover_packages(colcon_meta) discover
[1.389s] Level 1:colcon.colcon_core.package_discovery:discover_packages(recursive) discover
[1.389s] INFO:colcon.colcon_core.package_discovery:Crawling recursively for packages in '/home/ej/Silverfish/ublox_ws'
[1.389s] Level 1:colcon.colcon_core.package_identification:_identify(.) by extensions ['ignore', 'ignore_ament_install']
[1.390s] Level 1:colcon.colcon_core.package_identification:_identify(.) by extension 'ignore'
[1.390s] Level 1:colcon.colcon_core.package_identification:_identify(.) by extension 'ignore_ament_install'
[1.390s] Level 1:colcon.colcon_core.package_identification:_identify(.) by extensions ['colcon_pkg']
[1.391s] Level 1:colcon.colcon_core.package_identification:_identify(.) by extension 'colcon_pkg'
[1.391s] Level 1:colcon.colcon_core.package_identification:_identify(.) by extensions ['colcon_meta']
[1.391s] Level 1:colcon.colcon_core.package_identification:_identify(.) by extension 'colcon_meta'
[1.391s] Level 1:colcon.colcon_core.package_identification:_identify(.) by extensions ['ros']
[1.392s] Level 1:colcon.colcon_core.package_identification:_identify(.) by extension 'ros'
[1.480s] Level 1:colcon.colcon_core.package_identification:_identify(.) by extensions ['cmake', 'python']
[1.480s] Level 1:colcon.colcon_core.package_identification:_identify(.) by extension 'cmake'
[1.480s] Level 1:colcon.colcon_core.package_identification:_identify(.) by extension 'python'
[1.480s] Level 1:colcon.colcon_core.package_identification:_identify(.) by extensions ['python_setup_py']
[1.481s] Level 1:colcon.colcon_core.package_identification:_identify(.) by extension 'python_setup_py'
[1.481s] Level 1:colcon.colcon_core.package_identification:_identify(build) by extensions ['ignore', 'ignore_ament_install']
[1.482s] Level 1:colcon.colcon_core.package_identification:_identify(build) by extension 'ignore'
[1.482s] Level 1:colcon.colcon_core.package_identification:_identify(build) ignored
[1.482s] Level 1:colcon.colcon_core.package_identification:_identify(install) by extensions ['ignore', 'ignore_ament_install']
[1.483s] Level 1:colcon.colcon_core.package_identification:_identify(install) by extension 'ignore'
[1.483s] Level 1:colcon.colcon_core.package_identification:_identify(install) ignored
[1.484s] Level 1:colcon.colcon_core.package_identification:_identify(log) by extensions ['ignore', 'ignore_ament_install']
[1.484s] Level 1:colcon.colcon_core.package_identification:_identify(log) by extension 'ignore'
[1.484s] Level 1:colcon.colcon_core.package_identification:_identify(log) ignored
[1.484s] Level 1:colcon.colcon_core.package_identification:_identify(src) by extensions ['ignore', 'ignore_ament_install']
[1.485s] Level 1:colcon.colcon_core.package_identification:_identify(src) by extension 'ignore'
[1.485s] Level 1:colcon.colcon_core.package_identification:_identify(src) by extension 'ignore_ament_install'
[1.485s] Level 1:colcon.colcon_core.package_identification:_identify(src) by extensions ['colcon_pkg']
[1.485s] Level 1:colcon.colcon_core.package_identification:_identify(src) by extension 'colcon_pkg'
[1.486s] Level 1:colcon.colcon_core.package_identification:_identify(src) by extensions ['colcon_meta']
[1.486s] Level 1:colcon.colcon_core.package_identification:_identify(src) by extension 'colcon_meta'
[1.486s] Level 1:colcon.colcon_core.package_identification:_identify(src) by extensions ['ros']
[1.486s] Level 1:colcon.colcon_core.package_identification:_identify(src) by extension 'ros'
[1.486s] Level 1:colcon.colcon_core.package_identification:_identify(src) by extensions ['cmake', 'python']
[1.487s] Level 1:colcon.colcon_core.package_identification:_identify(src) by extension 'cmake'
[1.487s] Level 1:colcon.colcon_core.package_identification:_identify(src) by extension 'python'
[1.487s] Level 1:colcon.colcon_core.package_identification:_identify(src) by extensions ['python_setup_py']
[1.488s] Level 1:colcon.colcon_core.package_identification:_identify(src) by extension 'python_setup_py'
[1.488s] Level 1:colcon.colcon_core.package_identification:_identify(src/build) by extensions ['ignore', 'ignore_ament_install']
[1.489s] Level 1:colcon.colcon_core.package_identification:_identify(src/build) by extension 'ignore'
[1.489s] Level 1:colcon.colcon_core.package_identification:_identify(src/build) ignored
[1.489s] Level 1:colcon.colcon_core.package_identification:_identify(src/install) by extensions ['ignore', 'ignore_ament_install']
[1.490s] Level 1:colcon.colcon_core.package_identification:_identify(src/install) by extension 'ignore'
[1.490s] Level 1:colcon.colcon_core.package_identification:_identify(src/install) ignored
[1.490s] Level 1:colcon.colcon_core.package_identification:_identify(src/log) by extensions ['ignore', 'ignore_ament_install']
[1.491s] Level 1:colcon.colcon_core.package_identification:_identify(src/log) by extension 'ignore'
[1.491s] Level 1:colcon.colcon_core.package_identification:_identify(src/log) ignored
[1.491s] Level 1:colcon.colcon_core.package_identification:_identify(src/ublox) by extensions ['ignore', 'ignore_ament_install']
[1.491s] Level 1:colcon.colcon_core.package_identification:_identify(src/ublox) by extension 'ignore'
[1.492s] Level 1:colcon.colcon_core.package_identification:_identify(src/ublox) by extension 'ignore_ament_install'
[1.492s] Level 1:colcon.colcon_core.package_identification:_identify(src/ublox) by extensions ['colcon_pkg']
[1.492s] Level 1:colcon.colcon_core.package_identification:_identify(src/ublox) by extension 'colcon_pkg'
[1.492s] Level 1:colcon.colcon_core.package_identification:_identify(src/ublox) by extensions ['colcon_meta']
[1.492s] Level 1:colcon.colcon_core.package_identification:_identify(src/ublox) by extension 'colcon_meta'
[1.493s] Level 1:colcon.colcon_core.package_identification:_identify(src/ublox) by extensions ['ros']
[1.493s] Level 1:colcon.colcon_core.package_identification:_identify(src/ublox) by extension 'ros'
[1.493s] Level 1:colcon.colcon_core.package_identification:_identify(src/ublox) by extensions ['cmake', 'python']
[1.493s] Level 1:colcon.colcon_core.package_identification:_identify(src/ublox) by extension 'cmake'
[1.493s] Level 1:colcon.colcon_core.package_identification:_identify(src/ublox) by extension 'python'
[1.494s] Level 1:colcon.colcon_core.package_identification:_identify(src/ublox) by extensions ['python_setup_py']
[1.494s] Level 1:colcon.colcon_core.package_identification:_identify(src/ublox) by extension 'python_setup_py'
[1.494s] Level 1:colcon.colcon_core.package_identification:_identify(src/ublox/rtcm_msgs) by extensions ['ignore', 'ignore_ament_install']
[1.495s] Level 1:colcon.colcon_core.package_identification:_identify(src/ublox/rtcm_msgs) by extension 'ignore'
[1.495s] Level 1:colcon.colcon_core.package_identification:_identify(src/ublox/rtcm_msgs) by extension 'ignore_ament_install'
[1.495s] Level 1:colcon.colcon_core.package_identification:_identify(src/ublox/rtcm_msgs) by extensions ['colcon_pkg']
[1.495s] Level 1:colcon.colcon_core.package_identification:_identify(src/ublox/rtcm_msgs) by extension 'colcon_pkg'
[1.495s] Level 1:colcon.colcon_core.package_identification:_identify(src/ublox/rtcm_msgs) by extensions ['colcon_meta']
[1.495s] Level 1:colcon.colcon_core.package_identification:_identify(src/ublox/rtcm_msgs) by extension 'colcon_meta'
[1.496s] Level 1:colcon.colcon_core.package_identification:_identify(src/ublox/rtcm_msgs) by extensions ['ros']
[1.496s] Level 1:colcon.colcon_core.package_identification:_identify(src/ublox/rtcm_msgs) by extension 'ros'
[1.522s] DEBUG:colcon.colcon_core.package_identification:Package 'src/ublox/rtcm_msgs' with type 'ros.ament_cmake' and name 'rtcm_msgs'
[1.522s] Level 1:colcon.colcon_core.package_identification:_identify(src/ublox/ublox) by extensions ['ignore', 'ignore_ament_install']
[1.523s] Level 1:colcon.colcon_core.package_identification:_identify(src/ublox/ublox) by extension 'ignore'
[1.523s] Level 1:colcon.colcon_core.package_identification:_identify(src/ublox/ublox) by extension 'ignore_ament_install'
[1.523s] Level 1:colcon.colcon_core.package_identification:_identify(src/ublox/ublox) by extensions ['colcon_pkg']
[1.523s] Level 1:colcon.colcon_core.package_identification:_identify(src/ublox/ublox) by extension 'colcon_pkg'
[1.524s] Level 1:colcon.colcon_core.package_identification:_identify(src/ublox/ublox) by extensions ['colcon_meta']
[1.524s] Level 1:colcon.colcon_core.package_identification:_identify(src/ublox/ublox) by extension 'colcon_meta'
[1.524s] Level 1:colcon.colcon_core.package_identification:_identify(src/ublox/ublox) by extensions ['ros']
[1.524s] Level 1:colcon.colcon_core.package_identification:_identify(src/ublox/ublox) by extension 'ros'
[1.526s] DEBUG:colcon.colcon_core.package_identification:Package 'src/ublox/ublox' with type 'ros.ament_cmake' and name 'ublox'
[1.527s] Level 1:colcon.colcon_core.package_identification:_identify(src/ublox/ublox_gps) by extensions ['ignore', 'ignore_ament_install']
[1.527s] Level 1:colcon.colcon_core.package_identification:_identify(src/ublox/ublox_gps) by extension 'ignore'
[1.528s] Level 1:colcon.colcon_core.package_identification:_identify(src/ublox/ublox_gps) by extension 'ignore_ament_install'
[1.528s] Level 1:colcon.colcon_core.package_identification:_identify(src/ublox/ublox_gps) by extensions ['colcon_pkg']
[1.528s] Level 1:colcon.colcon_core.package_identification:_identify(src/ublox/ublox_gps) by extension 'colcon_pkg'
[1.528s] Level 1:colcon.colcon_core.package_identification:_identify(src/ublox/ublox_gps) by extensions ['colcon_meta']
[1.528s] Level 1:colcon.colcon_core.package_identification:_identify(src/ublox/ublox_gps) by extension 'colcon_meta'
[1.529s] Level 1:colcon.colcon_core.package_identification:_identify(src/ublox/ublox_gps) by extensions ['ros']
[1.529s] Level 1:colcon.colcon_core.package_identification:_identify(src/ublox/ublox_gps) by extension 'ros'
[1.536s] DEBUG:colcon.colcon_core.package_identification:Package 'src/ublox/ublox_gps' with type 'ros.ament_cmake' and name 'ublox_gps'
[1.537s] Level 1:colcon.colcon_core.package_identification:_identify(src/ublox/ublox_msgs) by extensions ['ignore', 'ignore_ament_install']
[1.538s] Level 1:colcon.colcon_core.package_identification:_identify(src/ublox/ublox_msgs) by extension 'ignore'
[1.538s] Level 1:colcon.colcon_core.package_identification:_identify(src/ublox/ublox_msgs) by extension 'ignore_ament_install'
[1.538s] Level 1:colcon.colcon_core.package_identification:_identify(src/ublox/ublox_msgs) by extensions ['colcon_pkg']
[1.539s] Level 1:colcon.colcon_core.package_identification:_identify(src/ublox/ublox_msgs) by extension 'colcon_pkg'
[1.539s] Level 1:colcon.colcon_core.package_identification:_identify(src/ublox/ublox_msgs) by extensions ['colcon_meta']
[1.539s] Level 1:colcon.colcon_core.package_identification:_identify(src/ublox/ublox_msgs) by extension 'colcon_meta'
[1.539s] Level 1:colcon.colcon_core.package_identification:_identify(src/ublox/ublox_msgs) by extensions ['ros']
[1.539s] Level 1:colcon.colcon_core.package_identification:_identify(src/ublox/ublox_msgs) by extension 'ros'
[1.543s] DEBUG:colcon.colcon_core.package_identification:Package 'src/ublox/ublox_msgs' with type 'ros.ament_cmake' and name 'ublox_msgs'
[1.545s] Level 1:colcon.colcon_core.package_identification:_identify(src/ublox/ublox_serialization) by extensions ['ignore', 'ignore_ament_install']
[1.545s] Level 1:colcon.colcon_core.package_identification:_identify(src/ublox/ublox_serialization) by extension 'ignore'
[1.546s] Level 1:colcon.colcon_core.package_identification:_identify(src/ublox/ublox_serialization) by extension 'ignore_ament_install'
[1.547s] Level 1:colcon.colcon_core.package_identification:_identify(src/ublox/ublox_serialization) by extensions ['colcon_pkg']
[1.547s] Level 1:colcon.colcon_core.package_identification:_identify(src/ublox/ublox_serialization) by extension 'colcon_pkg'
[1.547s] Level 1:colcon.colcon_core.package_identification:_identify(src/ublox/ublox_serialization) by extensions ['colcon_meta']
[1.547s] Level 1:colcon.colcon_core.package_identification:_identify(src/ublox/ublox_serialization) by extension 'colcon_meta'
[1.547s] Level 1:colcon.colcon_core.package_identification:_identify(src/ublox/ublox_serialization) by extensions ['ros']
[1.547s] Level 1:colcon.colcon_core.package_identification:_identify(src/ublox/ublox_serialization) by extension 'ros'
[1.550s] DEBUG:colcon.colcon_core.package_identification:Package 'src/ublox/ublox_serialization' with type 'ros.ament_cmake' and name 'ublox_serialization'
[1.550s] Level 1:colcon.colcon_core.package_discovery:discover_packages(recursive) using defaults
[1.551s] Level 1:colcon.colcon_core.package_discovery:discover_packages(ignore) discover
[1.551s] Level 1:colcon.colcon_core.package_discovery:discover_packages(ignore) using defaults
[1.551s] Level 1:colcon.colcon_core.package_discovery:discover_packages(path) discover
[1.551s] Level 1:colcon.colcon_core.package_discovery:discover_packages(path) using defaults
[1.738s] Level 1:colcon.colcon_core.package_discovery:discover_packages(prefix_path) check parameters
[1.739s] Level 1:colcon.colcon_core.package_discovery:discover_packages(prefix_path) discover
[1.765s] DEBUG:colcon.colcon_installed_package_information.package_discovery:Found 184 installed packages in /opt/ros/humble
[1.770s] Level 1:colcon.colcon_core.package_discovery:discover_packages(prefix_path) using defaults
[1.970s] Level 5:colcon.colcon_core.verb:set package 'rtcm_msgs' build argument 'cmake_args' from command line to 'None'
[1.970s] Level 5:colcon.colcon_core.verb:set package 'rtcm_msgs' build argument 'cmake_target' from command line to 'None'
[1.970s] Level 5:colcon.colcon_core.verb:set package 'rtcm_msgs' build argument 'cmake_target_skip_unavailable' from command line to 'False'
[1.971s] Level 5:colcon.colcon_core.verb:set package 'rtcm_msgs' build argument 'cmake_clean_cache' from command line to 'False'
[1.971s] Level 5:colcon.colcon_core.verb:set package 'rtcm_msgs' build argument 'cmake_clean_first' from command line to 'False'
[1.971s] Level 5:colcon.colcon_core.verb:set package 'rtcm_msgs' build argument 'cmake_force_configure' from command line to 'False'
[1.971s] Level 5:colcon.colcon_core.verb:set package 'rtcm_msgs' build argument 'ament_cmake_args' from command line to 'None'
[1.971s] Level 5:colcon.colcon_core.verb:set package 'rtcm_msgs' build argument 'catkin_cmake_args' from command line to 'None'
[1.972s] Level 5:colcon.colcon_core.verb:set package 'rtcm_msgs' build argument 'catkin_skip_building_tests' from command line to 'False'
[1.972s] DEBUG:colcon.colcon_core.verb:Building package 'rtcm_msgs' with the following arguments: {'ament_cmake_args': None, 'build_base': '/home/ej/Silverfish/ublox_ws/build/rtcm_msgs', 'catkin_cmake_args': None, 'catkin_skip_building_tests': False, 'cmake_args': None, 'cmake_clean_cache': False, 'cmake_clean_first': False, 'cmake_force_configure': False, 'cmake_target': None, 'cmake_target_skip_unavailable': False, 'install_base': '/home/ej/Silverfish/ublox_ws/install/rtcm_msgs', 'merge_install': False, 'path': '/home/ej/Silverfish/ublox_ws/src/ublox/rtcm_msgs', 'symlink_install': False, 'test_result_base': None}
[1.976s] Level 5:colcon.colcon_core.verb:set package 'ublox_serialization' build argument 'cmake_args' from command line to 'None'
[1.976s] Level 5:colcon.colcon_core.verb:set package 'ublox_serialization' build argument 'cmake_target' from command line to 'None'
[1.976s] Level 5:colcon.colcon_core.verb:set package 'ublox_serialization' build argument 'cmake_target_skip_unavailable' from command line to 'False'
[1.976s] Level 5:colcon.colcon_core.verb:set package 'ublox_serialization' build argument 'cmake_clean_cache' from command line to 'False'
[1.977s] Level 5:colcon.colcon_core.verb:set package 'ublox_serialization' build argument 'cmake_clean_first' from command line to 'False'
[1.977s] Level 5:colcon.colcon_core.verb:set package 'ublox_serialization' build argument 'cmake_force_configure' from command line to 'False'
[1.977s] Level 5:colcon.colcon_core.verb:set package 'ublox_serialization' build argument 'ament_cmake_args' from command line to 'None'
[1.977s] Level 5:colcon.colcon_core.verb:set package 'ublox_serialization' build argument 'catkin_cmake_args' from command line to 'None'
[1.977s] Level 5:colcon.colcon_core.verb:set package 'ublox_serialization' build argument 'catkin_skip_building_tests' from command line to 'False'
[1.977s] DEBUG:colcon.colcon_core.verb:Building package 'ublox_serialization' with the following arguments: {'ament_cmake_args': None, 'build_base': '/home/ej/Silverfish/ublox_ws/build/ublox_serialization', 'catkin_cmake_args': None, 'catkin_skip_building_tests': False, 'cmake_args': None, 'cmake_clean_cache': False, 'cmake_clean_first': False, 'cmake_force_configure': False, 'cmake_target': None, 'cmake_target_skip_unavailable': False, 'install_base': '/home/ej/Silverfish/ublox_ws/install/ublox_serialization', 'merge_install': False, 'path': '/home/ej/Silverfish/ublox_ws/src/ublox/ublox_serialization', 'symlink_install': False, 'test_result_base': None}
[1.981s] Level 5:colcon.colcon_core.verb:set package 'ublox_msgs' build argument 'cmake_args' from command line to 'None'
[1.981s] Level 5:colcon.colcon_core.verb:set package 'ublox_msgs' build argument 'cmake_target' from command line to 'None'
[1.981s] Level 5:colcon.colcon_core.verb:set package 'ublox_msgs' build argument 'cmake_target_skip_unavailable' from command line to 'False'
[1.981s] Level 5:colcon.colcon_core.verb:set package 'ublox_msgs' build argument 'cmake_clean_cache' from command line to 'False'
[1.981s] Level 5:colcon.colcon_core.verb:set package 'ublox_msgs' build argument 'cmake_clean_first' from command line to 'False'
[1.982s] Level 5:colcon.colcon_core.verb:set package 'ublox_msgs' build argument 'cmake_force_configure' from command line to 'False'
[1.982s] Level 5:colcon.colcon_core.verb:set package 'ublox_msgs' build argument 'ament_cmake_args' from command line to 'None'
[1.982s] Level 5:colcon.colcon_core.verb:set package 'ublox_msgs' build argument 'catkin_cmake_args' from command line to 'None'
[1.982s] Level 5:colcon.colcon_core.verb:set package 'ublox_msgs' build argument 'catkin_skip_building_tests' from command line to 'False'
[1.982s] DEBUG:colcon.colcon_core.verb:Building package 'ublox_msgs' with the following arguments: {'ament_cmake_args': None, 'build_base': '/home/ej/Silverfish/ublox_ws/build/ublox_msgs', 'catkin_cmake_args': None, 'catkin_skip_building_tests': False, 'cmake_args': None, 'cmake_clean_cache': False, 'cmake_clean_first': False, 'cmake_force_configure': False, 'cmake_target': None, 'cmake_target_skip_unavailable': False, 'install_base': '/home/ej/Silverfish/ublox_ws/install/ublox_msgs', 'merge_install': False, 'path': '/home/ej/Silverfish/ublox_ws/src/ublox/ublox_msgs', 'symlink_install': False, 'test_result_base': None}
[1.987s] Level 5:colcon.colcon_core.verb:set package 'ublox_gps' build argument 'cmake_args' from command line to 'None'
[1.987s] Level 5:colcon.colcon_core.verb:set package 'ublox_gps' build argument 'cmake_target' from command line to 'None'
[1.988s] Level 5:colcon.colcon_core.verb:set package 'ublox_gps' build argument 'cmake_target_skip_unavailable' from command line to 'False'
[1.988s] Level 5:colcon.colcon_core.verb:set package 'ublox_gps' build argument 'cmake_clean_cache' from command line to 'False'
[1.988s] Level 5:colcon.colcon_core.verb:set package 'ublox_gps' build argument 'cmake_clean_first' from command line to 'False'
[1.988s] Level 5:colcon.colcon_core.verb:set package 'ublox_gps' build argument 'cmake_force_configure' from command line to 'False'
[1.988s] Level 5:colcon.colcon_core.verb:set package 'ublox_gps' build argument 'ament_cmake_args' from command line to 'None'
[1.988s] Level 5:colcon.colcon_core.verb:set package 'ublox_gps' build argument 'catkin_cmake_args' from command line to 'None'
[1.988s] Level 5:colcon.colcon_core.verb:set package 'ublox_gps' build argument 'catkin_skip_building_tests' from command line to 'False'
[1.988s] DEBUG:colcon.colcon_core.verb:Building package 'ublox_gps' with the following arguments: {'ament_cmake_args': None, 'build_base': '/home/ej/Silverfish/ublox_ws/build/ublox_gps', 'catkin_cmake_args': None, 'catkin_skip_building_tests': False, 'cmake_args': None, 'cmake_clean_cache': False, 'cmake_clean_first': False, 'cmake_force_configure': False, 'cmake_target': None, 'cmake_target_skip_unavailable': False, 'install_base': '/home/ej/Silverfish/ublox_ws/install/ublox_gps', 'merge_install': False, 'path': '/home/ej/Silverfish/ublox_ws/src/ublox/ublox_gps', 'symlink_install': False, 'test_result_base': None}
[1.993s] Level 5:colcon.colcon_core.verb:set package 'ublox' build argument 'cmake_args' from command line to 'None'
[1.993s] Level 5:colcon.colcon_core.verb:set package 'ublox' build argument 'cmake_target' from command line to 'None'
[1.993s] Level 5:colcon.colcon_core.verb:set package 'ublox' build argument 'cmake_target_skip_unavailable' from command line to 'False'
[1.993s] Level 5:colcon.colcon_core.verb:set package 'ublox' build argument 'cmake_clean_cache' from command line to 'False'
[1.993s] Level 5:colcon.colcon_core.verb:set package 'ublox' build argument 'cmake_clean_first' from command line to 'False'
[1.993s] Level 5:colcon.colcon_core.verb:set package 'ublox' build argument 'cmake_force_configure' from command line to 'False'
[1.993s] Level 5:colcon.colcon_core.verb:set package 'ublox' build argument 'ament_cmake_args' from command line to 'None'
[1.993s] Level 5:colcon.colcon_core.verb:set package 'ublox' build argument 'catkin_cmake_args' from command line to 'None'
[1.993s] Level 5:colcon.colcon_core.verb:set package 'ublox' build argument 'catkin_skip_building_tests' from command line to 'False'
[1.994s] DEBUG:colcon.colcon_core.verb:Building package 'ublox' with the following arguments: {'ament_cmake_args': None, 'build_base': '/home/ej/Silverfish/ublox_ws/build/ublox', 'catkin_cmake_args': None, 'catkin_skip_building_tests': False, 'cmake_args': None, 'cmake_clean_cache': False, 'cmake_clean_first': False, 'cmake_force_configure': False, 'cmake_target': None, 'cmake_target_skip_unavailable': False, 'install_base': '/home/ej/Silverfish/ublox_ws/install/ublox', 'merge_install': False, 'path': '/home/ej/Silverfish/ublox_ws/src/ublox/ublox', 'symlink_install': False, 'test_result_base': None}
[1.996s] INFO:colcon.colcon_core.executor:Executing jobs using 'parallel' executor
[2.014s] DEBUG:colcon.colcon_parallel_executor.executor.parallel:run_until_complete
[2.015s] INFO:colcon.colcon_ros.task.ament_cmake.build:Building ROS package in '/home/ej/Silverfish/ublox_ws/src/ublox/ublox_serialization' with build type 'ament_cmake'
[2.016s] INFO:colcon.colcon_cmake.task.cmake.build:Building CMake package in '/home/ej/Silverfish/ublox_ws/src/ublox/ublox_serialization'
[2.051s] INFO:colcon.colcon_core.plugin_system:Skipping extension 'colcon_core.shell.bat': Not used on non-Windows systems
[2.053s] INFO:colcon.colcon_core.shell:Skip shell extension 'powershell' for command environment: Not usable outside of PowerShell
[2.054s] DEBUG:colcon.colcon_core.shell:Skip shell extension 'dsv' for command environment
[2.093s] INFO:colcon.colcon_ros.task.ament_cmake.build:Building ROS package in '/home/ej/Silverfish/ublox_ws/src/ublox/rtcm_msgs' with build type 'ament_cmake'
[2.095s] INFO:colcon.colcon_cmake.task.cmake.build:Building CMake package in '/home/ej/Silverfish/ublox_ws/src/ublox/rtcm_msgs'
[2.110s] INFO:colcon.colcon_core.shell:Skip shell extension 'powershell' for command environment: Not usable outside of PowerShell
[2.111s] DEBUG:colcon.colcon_core.shell:Skip shell extension 'dsv' for command environment
[2.200s] DEBUG:colcon.colcon_core.event_handler.log_command:Invoking command in '/home/ej/Silverfish/ublox_ws/build/ublox_serialization': CMAKE_PREFIX_PATH=/opt/ros/humble /usr/bin/cmake --build /home/ej/Silverfish/ublox_ws/build/ublox_serialization -- -j4 -l4
[2.266s] DEBUG:colcon.colcon_core.event_handler.log_command:Invoking command in '/home/ej/Silverfish/ublox_ws/build/rtcm_msgs': CMAKE_PREFIX_PATH=/opt/ros/humble /usr/bin/cmake --build /home/ej/Silverfish/ublox_ws/build/rtcm_msgs -- -j4 -l4
[2.514s] DEBUG:colcon.colcon_core.event_handler.log_command:Invoked command in '/home/ej/Silverfish/ublox_ws/build/ublox_serialization' returned '0': CMAKE_PREFIX_PATH=/opt/ros/humble /usr/bin/cmake --build /home/ej/Silverfish/ublox_ws/build/ublox_serialization -- -j4 -l4
[2.820s] DEBUG:colcon.colcon_core.event_handler.log_command:Invoking command in '/home/ej/Silverfish/ublox_ws/build/ublox_serialization': CMAKE_PREFIX_PATH=/opt/ros/humble /usr/bin/cmake --install /home/ej/Silverfish/ublox_ws/build/ublox_serialization
[3.037s] Level 1:colcon.colcon_core.environment:create_environment_scripts_only(ublox_serialization)
[3.118s] DEBUG:colcon.colcon_core.event_handler.log_command:Invoked command in '/home/ej/Silverfish/ublox_ws/build/ublox_serialization' returned '0': CMAKE_PREFIX_PATH=/opt/ros/humble /usr/bin/cmake --install /home/ej/Silverfish/ublox_ws/build/ublox_serialization
[3.155s] Level 1:colcon.colcon_core.environment:checking '/home/ej/Silverfish/ublox_ws/install/ublox_serialization' for CMake module files
[3.161s] Level 1:colcon.colcon_core.environment:checking '/home/ej/Silverfish/ublox_ws/install/ublox_serialization' for CMake config files
[3.164s] Level 1:colcon.colcon_core.shell:create_environment_hook('ublox_serialization', 'cmake_prefix_path')
[3.177s] INFO:colcon.colcon_core.shell:Creating environment hook '/home/ej/Silverfish/ublox_ws/install/ublox_serialization/share/ublox_serialization/hook/cmake_prefix_path.ps1'
[3.195s] INFO:colcon.colcon_core.shell:Creating environment descriptor '/home/ej/Silverfish/ublox_ws/install/ublox_serialization/share/ublox_serialization/hook/cmake_prefix_path.dsv'
[3.211s] INFO:colcon.colcon_core.shell:Creating environment hook '/home/ej/Silverfish/ublox_ws/install/ublox_serialization/share/ublox_serialization/hook/cmake_prefix_path.sh'
[3.223s] Level 1:colcon.colcon_core.environment:checking '/home/ej/Silverfish/ublox_ws/install/ublox_serialization/bin'
[3.225s] Level 1:colcon.colcon_core.environment:checking '/home/ej/Silverfish/ublox_ws/install/ublox_serialization/lib/pkgconfig/ublox_serialization.pc'
[3.237s] Level 1:colcon.colcon_core.environment:checking '/home/ej/Silverfish/ublox_ws/install/ublox_serialization/lib/python3.10/site-packages'
[3.239s] Level 1:colcon.colcon_core.environment:checking '/home/ej/Silverfish/ublox_ws/install/ublox_serialization/bin'
[3.267s] INFO:colcon.colcon_core.shell:Creating package script '/home/ej/Silverfish/ublox_ws/install/ublox_serialization/share/ublox_serialization/package.ps1'
[3.305s] INFO:colcon.colcon_core.shell:Creating package descriptor '/home/ej/Silverfish/ublox_ws/install/ublox_serialization/share/ublox_serialization/package.dsv'
[3.325s] INFO:colcon.colcon_core.shell:Creating package script '/home/ej/Silverfish/ublox_ws/install/ublox_serialization/share/ublox_serialization/package.sh'
[3.331s] INFO:colcon.colcon_core.shell:Creating package script '/home/ej/Silverfish/ublox_ws/install/ublox_serialization/share/ublox_serialization/package.bash'
[3.338s] INFO:colcon.colcon_core.shell:Creating package script '/home/ej/Silverfish/ublox_ws/install/ublox_serialization/share/ublox_serialization/package.zsh'
[3.343s] Level 1:colcon.colcon_core.environment:create_file_with_runtime_dependencies(/home/ej/Silverfish/ublox_ws/install/ublox_serialization/share/colcon-core/packages/ublox_serialization)
[3.894s] Level 1:colcon.colcon_core.environment:create_environment_scripts_only(ublox_serialization)
[3.934s] Level 1:colcon.colcon_core.environment:checking '/home/ej/Silverfish/ublox_ws/install/ublox_serialization' for CMake module files
[3.945s] Level 1:colcon.colcon_core.environment:checking '/home/ej/Silverfish/ublox_ws/install/ublox_serialization' for CMake config files
[3.950s] Level 1:colcon.colcon_core.shell:create_environment_hook('ublox_serialization', 'cmake_prefix_path')
[3.982s] INFO:colcon.colcon_core.shell:Creating environment hook '/home/ej/Silverfish/ublox_ws/install/ublox_serialization/share/ublox_serialization/hook/cmake_prefix_path.ps1'
[4.004s] INFO:colcon.colcon_core.shell:Creating environment descriptor '/home/ej/Silverfish/ublox_ws/install/ublox_serialization/share/ublox_serialization/hook/cmake_prefix_path.dsv'
[4.017s] INFO:colcon.colcon_core.shell:Creating environment hook '/home/ej/Silverfish/ublox_ws/install/ublox_serialization/share/ublox_serialization/hook/cmake_prefix_path.sh'
[4.031s] Level 1:colcon.colcon_core.environment:checking '/home/ej/Silverfish/ublox_ws/install/ublox_serialization/bin'
[4.033s] Level 1:colcon.colcon_core.environment:checking '/home/ej/Silverfish/ublox_ws/install/ublox_serialization/lib/pkgconfig/ublox_serialization.pc'
[4.053s] Level 1:colcon.colcon_core.environment:checking '/home/ej/Silverfish/ublox_ws/install/ublox_serialization/lib/python3.10/site-packages'
[4.056s] Level 1:colcon.colcon_core.environment:checking '/home/ej/Silverfish/ublox_ws/install/ublox_serialization/bin'
[4.092s] INFO:colcon.colcon_core.shell:Creating package script '/home/ej/Silverfish/ublox_ws/install/ublox_serialization/share/ublox_serialization/package.ps1'
[4.106s] INFO:colcon.colcon_core.shell:Creating package descriptor '/home/ej/Silverfish/ublox_ws/install/ublox_serialization/share/ublox_serialization/package.dsv'
[4.118s] INFO:colcon.colcon_core.shell:Creating package script '/home/ej/Silverfish/ublox_ws/install/ublox_serialization/share/ublox_serialization/package.sh'
[4.127s] INFO:colcon.colcon_core.shell:Creating package script '/home/ej/Silverfish/ublox_ws/install/ublox_serialization/share/ublox_serialization/package.bash'
[4.134s] INFO:colcon.colcon_core.shell:Creating package script '/home/ej/Silverfish/ublox_ws/install/ublox_serialization/share/ublox_serialization/package.zsh'
[4.146s] Level 1:colcon.colcon_core.environment:create_file_with_runtime_dependencies(/home/ej/Silverfish/ublox_ws/install/ublox_serialization/share/colcon-core/packages/ublox_serialization)
[4.149s] INFO:colcon.colcon_ros.task.ament_cmake.build:Building ROS package in '/home/ej/Silverfish/ublox_ws/src/ublox/ublox_msgs' with build type 'ament_cmake'
[4.151s] INFO:colcon.colcon_cmake.task.cmake.build:Building CMake package in '/home/ej/Silverfish/ublox_ws/src/ublox/ublox_msgs'
[4.176s] INFO:colcon.colcon_core.shell:Skip shell extension 'powershell' for command environment: Not usable outside of PowerShell
[4.178s] DEBUG:colcon.colcon_core.shell:Skip shell extension 'dsv' for command environment
[4.367s] DEBUG:colcon.colcon_core.event_handler.log_command:Invoking command in '/home/ej/Silverfish/ublox_ws/build/ublox_msgs': AMENT_PREFIX_PATH=/home/ej/Silverfish/ublox_ws/install/ublox_serialization:${AMENT_PREFIX_PATH} CMAKE_PREFIX_PATH=/home/ej/Silverfish/ublox_ws/install/ublox_serialization:/opt/ros/humble /usr/bin/cmake --build /home/ej/Silverfish/ublox_ws/build/ublox_msgs -- -j4 -l4
[8.555s] DEBUG:colcon.colcon_core.event_handler.log_command:Invoked command in '/home/ej/Silverfish/ublox_ws/build/rtcm_msgs' returned '0': CMAKE_PREFIX_PATH=/opt/ros/humble /usr/bin/cmake --build /home/ej/Silverfish/ublox_ws/build/rtcm_msgs -- -j4 -l4
[9.283s] DEBUG:colcon.colcon_core.event_handler.log_command:Invoking command in '/home/ej/Silverfish/ublox_ws/build/rtcm_msgs': CMAKE_PREFIX_PATH=/opt/ros/humble /usr/bin/cmake --install /home/ej/Silverfish/ublox_ws/build/rtcm_msgs
[9.754s] Level 1:colcon.colcon_core.environment:create_environment_scripts_only(rtcm_msgs)
[9.771s] Level 1:colcon.colcon_core.environment:checking '/home/ej/Silverfish/ublox_ws/install/rtcm_msgs' for CMake module files
[9.772s] DEBUG:colcon.colcon_core.event_handler.log_command:Invoked command in '/home/ej/Silverfish/ublox_ws/build/rtcm_msgs' returned '0': CMAKE_PREFIX_PATH=/opt/ros/humble /usr/bin/cmake --install /home/ej/Silverfish/ublox_ws/build/rtcm_msgs
[9.782s] Level 1:colcon.colcon_core.environment:checking '/home/ej/Silverfish/ublox_ws/install/rtcm_msgs' for CMake config files
[9.786s] Level 1:colcon.colcon_core.shell:create_environment_hook('rtcm_msgs', 'cmake_prefix_path')
[9.793s] INFO:colcon.colcon_core.shell:Creating environment hook '/home/ej/Silverfish/ublox_ws/install/rtcm_msgs/share/rtcm_msgs/hook/cmake_prefix_path.ps1'
[9.801s] INFO:colcon.colcon_core.shell:Creating environment descriptor '/home/ej/Silverfish/ublox_ws/install/rtcm_msgs/share/rtcm_msgs/hook/cmake_prefix_path.dsv'
[9.808s] INFO:colcon.colcon_core.shell:Creating environment hook '/home/ej/Silverfish/ublox_ws/install/rtcm_msgs/share/rtcm_msgs/hook/cmake_prefix_path.sh'
[9.821s] Level 1:colcon.colcon_core.environment:checking '/home/ej/Silverfish/ublox_ws/install/rtcm_msgs/lib'
[9.825s] Level 1:colcon.colcon_core.shell:create_environment_hook('rtcm_msgs', 'ld_library_path_lib')
[9.845s] INFO:colcon.colcon_core.shell:Creating environment hook '/home/ej/Silverfish/ublox_ws/install/rtcm_msgs/share/rtcm_msgs/hook/ld_library_path_lib.ps1'
[9.853s] INFO:colcon.colcon_core.shell:Creating environment descriptor '/home/ej/Silverfish/ublox_ws/install/rtcm_msgs/share/rtcm_msgs/hook/ld_library_path_lib.dsv'
[9.858s] INFO:colcon.colcon_core.shell:Creating environment hook '/home/ej/Silverfish/ublox_ws/install/rtcm_msgs/share/rtcm_msgs/hook/ld_library_path_lib.sh'
[9.863s] Level 1:colcon.colcon_core.environment:checking '/home/ej/Silverfish/ublox_ws/install/rtcm_msgs/bin'
[9.864s] Level 1:colcon.colcon_core.environment:checking '/home/ej/Silverfish/ublox_ws/install/rtcm_msgs/lib/pkgconfig/rtcm_msgs.pc'
[9.867s] Level 1:colcon.colcon_core.environment:checking '/home/ej/Silverfish/ublox_ws/install/rtcm_msgs/lib/python3.10/site-packages'
[9.869s] Level 1:colcon.colcon_core.environment:checking '/home/ej/Silverfish/ublox_ws/install/rtcm_msgs/bin'
[9.883s] INFO:colcon.colcon_core.shell:Creating package script '/home/ej/Silverfish/ublox_ws/install/rtcm_msgs/share/rtcm_msgs/package.ps1'
[9.890s] INFO:colcon.colcon_core.shell:Creating package descriptor '/home/ej/Silverfish/ublox_ws/install/rtcm_msgs/share/rtcm_msgs/package.dsv'
[9.895s] INFO:colcon.colcon_core.shell:Creating package script '/home/ej/Silverfish/ublox_ws/install/rtcm_msgs/share/rtcm_msgs/package.sh'
[9.902s] INFO:colcon.colcon_core.shell:Creating package script '/home/ej/Silverfish/ublox_ws/install/rtcm_msgs/share/rtcm_msgs/package.bash'
[9.906s] INFO:colcon.colcon_core.shell:Creating package script '/home/ej/Silverfish/ublox_ws/install/rtcm_msgs/share/rtcm_msgs/package.zsh'
[9.912s] Level 1:colcon.colcon_core.environment:create_file_with_runtime_dependencies(/home/ej/Silverfish/ublox_ws/install/rtcm_msgs/share/colcon-core/packages/rtcm_msgs)
[10.110s] DEBUG:colcon.colcon_core.event_handler.log_command:Invoked command in '/home/ej/Silverfish/ublox_ws/build/ublox_msgs' returned '0': AMENT_PREFIX_PATH=/home/ej/Silverfish/ublox_ws/install/ublox_serialization:${AMENT_PREFIX_PATH} CMAKE_PREFIX_PATH=/home/ej/Silverfish/ublox_ws/install/ublox_serialization:/opt/ros/humble /usr/bin/cmake --build /home/ej/Silverfish/ublox_ws/build/ublox_msgs -- -j4 -l4
[10.487s] Level 1:colcon.colcon_core.environment:create_environment_scripts_only(rtcm_msgs)
[10.507s] Level 1:colcon.colcon_core.environment:checking '/home/ej/Silverfish/ublox_ws/install/rtcm_msgs' for CMake module files
[10.515s] Level 1:colcon.colcon_core.environment:checking '/home/ej/Silverfish/ublox_ws/install/rtcm_msgs' for CMake config files
[10.520s] Level 1:colcon.colcon_core.shell:create_environment_hook('rtcm_msgs', 'cmake_prefix_path')
[10.530s] INFO:colcon.colcon_core.shell:Creating environment hook '/home/ej/Silverfish/ublox_ws/install/rtcm_msgs/share/rtcm_msgs/hook/cmake_prefix_path.ps1'
[10.534s] INFO:colcon.colcon_core.shell:Creating environment descriptor '/home/ej/Silverfish/ublox_ws/install/rtcm_msgs/share/rtcm_msgs/hook/cmake_prefix_path.dsv'
[10.538s] INFO:colcon.colcon_core.shell:Creating environment hook '/home/ej/Silverfish/ublox_ws/install/rtcm_msgs/share/rtcm_msgs/hook/cmake_prefix_path.sh'
[10.550s] Level 1:colcon.colcon_core.environment:checking '/home/ej/Silverfish/ublox_ws/install/rtcm_msgs/lib'
[10.553s] Level 1:colcon.colcon_core.shell:create_environment_hook('rtcm_msgs', 'ld_library_path_lib')
[10.566s] INFO:colcon.colcon_core.shell:Creating environment hook '/home/ej/Silverfish/ublox_ws/install/rtcm_msgs/share/rtcm_msgs/hook/ld_library_path_lib.ps1'
[10.576s] INFO:colcon.colcon_core.shell:Creating environment descriptor '/home/ej/Silverfish/ublox_ws/install/rtcm_msgs/share/rtcm_msgs/hook/ld_library_path_lib.dsv'
[10.582s] INFO:colcon.colcon_core.shell:Creating environment hook '/home/ej/Silverfish/ublox_ws/install/rtcm_msgs/share/rtcm_msgs/hook/ld_library_path_lib.sh'
[10.586s] Level 1:colcon.colcon_core.environment:checking '/home/ej/Silverfish/ublox_ws/install/rtcm_msgs/bin'
[10.586s] Level 1:colcon.colcon_core.environment:checking '/home/ej/Silverfish/ublox_ws/install/rtcm_msgs/lib/pkgconfig/rtcm_msgs.pc'
[10.587s] Level 1:colcon.colcon_core.environment:checking '/home/ej/Silverfish/ublox_ws/install/rtcm_msgs/lib/python3.10/site-packages'
[10.589s] Level 1:colcon.colcon_core.environment:checking '/home/ej/Silverfish/ublox_ws/install/rtcm_msgs/bin'
[10.597s] INFO:colcon.colcon_core.shell:Creating package script '/home/ej/Silverfish/ublox_ws/install/rtcm_msgs/share/rtcm_msgs/package.ps1'
[10.601s] INFO:colcon.colcon_core.shell:Creating package descriptor '/home/ej/Silverfish/ublox_ws/install/rtcm_msgs/share/rtcm_msgs/package.dsv'
[10.605s] INFO:colcon.colcon_core.shell:Creating package script '/home/ej/Silverfish/ublox_ws/install/rtcm_msgs/share/rtcm_msgs/package.sh'
[10.608s] INFO:colcon.colcon_core.shell:Creating package script '/home/ej/Silverfish/ublox_ws/install/rtcm_msgs/share/rtcm_msgs/package.bash'
[10.611s] INFO:colcon.colcon_core.shell:Creating package script '/home/ej/Silverfish/ublox_ws/install/rtcm_msgs/share/rtcm_msgs/package.zsh'
[10.614s] Level 1:colcon.colcon_core.environment:create_file_with_runtime_dependencies(/home/ej/Silverfish/ublox_ws/install/rtcm_msgs/share/colcon-core/packages/rtcm_msgs)
[23.652s] DEBUG:colcon.colcon_core.event_handler.log_command:Invoking command in '/home/ej/Silverfish/ublox_ws/build/ublox_msgs': AMENT_PREFIX_PATH=/home/ej/Silverfish/ublox_ws/install/ublox_serialization:${AMENT_PREFIX_PATH} CMAKE_PREFIX_PATH=/home/ej/Silverfish/ublox_ws/install/ublox_serialization:/opt/ros/humble /usr/bin/cmake --install /home/ej/Silverfish/ublox_ws/build/ublox_msgs
[25.934s] Level 1:colcon.colcon_core.environment:create_environment_scripts_only(ublox_msgs)
[25.953s] Level 1:colcon.colcon_core.environment:checking '/home/ej/Silverfish/ublox_ws/install/ublox_msgs' for CMake module files
[25.987s] Level 1:colcon.colcon_core.environment:checking '/home/ej/Silverfish/ublox_ws/install/ublox_msgs' for CMake config files
[25.996s] Level 1:colcon.colcon_core.shell:create_environment_hook('ublox_msgs', 'cmake_prefix_path')
[26.004s] INFO:colcon.colcon_core.shell:Creating environment hook '/home/ej/Silverfish/ublox_ws/install/ublox_msgs/share/ublox_msgs/hook/cmake_prefix_path.ps1'
[26.010s] INFO:colcon.colcon_core.shell:Creating environment descriptor '/home/ej/Silverfish/ublox_ws/install/ublox_msgs/share/ublox_msgs/hook/cmake_prefix_path.dsv'
[26.014s] INFO:colcon.colcon_core.shell:Creating environment hook '/home/ej/Silverfish/ublox_ws/install/ublox_msgs/share/ublox_msgs/hook/cmake_prefix_path.sh'
[26.034s] Level 1:colcon.colcon_core.environment:checking '/home/ej/Silverfish/ublox_ws/install/ublox_msgs/lib'
[26.036s] Level 1:colcon.colcon_core.shell:create_environment_hook('ublox_msgs', 'ld_library_path_lib')
[26.047s] INFO:colcon.colcon_core.shell:Creating environment hook '/home/ej/Silverfish/ublox_ws/install/ublox_msgs/share/ublox_msgs/hook/ld_library_path_lib.ps1'
[26.056s] INFO:colcon.colcon_core.shell:Creating environment descriptor '/home/ej/Silverfish/ublox_ws/install/ublox_msgs/share/ublox_msgs/hook/ld_library_path_lib.dsv'
[26.064s] INFO:colcon.colcon_core.shell:Creating environment hook '/home/ej/Silverfish/ublox_ws/install/ublox_msgs/share/ublox_msgs/hook/ld_library_path_lib.sh'
[26.080s] Level 1:colcon.colcon_core.environment:checking '/home/ej/Silverfish/ublox_ws/install/ublox_msgs/bin'
[26.081s] Level 1:colcon.colcon_core.environment:checking '/home/ej/Silverfish/ublox_ws/install/ublox_msgs/lib/pkgconfig/ublox_msgs.pc'
[26.083s] Level 1:colcon.colcon_core.environment:checking '/home/ej/Silverfish/ublox_ws/install/ublox_msgs/lib/python3.10/site-packages'
[26.085s] Level 1:colcon.colcon_core.environment:checking '/home/ej/Silverfish/ublox_ws/install/ublox_msgs/bin'
[26.094s] INFO:colcon.colcon_core.shell:Creating package script '/home/ej/Silverfish/ublox_ws/install/ublox_msgs/share/ublox_msgs/package.ps1'
[26.110s] INFO:colcon.colcon_core.shell:Creating package descriptor '/home/ej/Silverfish/ublox_ws/install/ublox_msgs/share/ublox_msgs/package.dsv'
[26.115s] INFO:colcon.colcon_core.shell:Creating package script '/home/ej/Silverfish/ublox_ws/install/ublox_msgs/share/ublox_msgs/package.sh'
[26.121s] INFO:colcon.colcon_core.shell:Creating package script '/home/ej/Silverfish/ublox_ws/install/ublox_msgs/share/ublox_msgs/package.bash'
[26.126s] INFO:colcon.colcon_core.shell:Creating package script '/home/ej/Silverfish/ublox_ws/install/ublox_msgs/share/ublox_msgs/package.zsh'
[26.133s] Level 1:colcon.colcon_core.environment:create_file_with_runtime_dependencies(/home/ej/Silverfish/ublox_ws/install/ublox_msgs/share/colcon-core/packages/ublox_msgs)
[26.993s] DEBUG:colcon.colcon_core.event_handler.log_command:Invoked command in '/home/ej/Silverfish/ublox_ws/build/ublox_msgs' returned '0': AMENT_PREFIX_PATH=/home/ej/Silverfish/ublox_ws/install/ublox_serialization:${AMENT_PREFIX_PATH} CMAKE_PREFIX_PATH=/home/ej/Silverfish/ublox_ws/install/ublox_serialization:/opt/ros/humble /usr/bin/cmake --install /home/ej/Silverfish/ublox_ws/build/ublox_msgs
[40.786s] Level 1:colcon.colcon_core.environment:create_environment_scripts_only(ublox_msgs)
[40.806s] Level 1:colcon.colcon_core.environment:checking '/home/ej/Silverfish/ublox_ws/install/ublox_msgs' for CMake module files
[40.812s] Level 1:colcon.colcon_core.environment:checking '/home/ej/Silverfish/ublox_ws/install/ublox_msgs' for CMake config files
[40.814s] Level 1:colcon.colcon_core.shell:create_environment_hook('ublox_msgs', 'cmake_prefix_path')
[40.820s] INFO:colcon.colcon_core.shell:Creating environment hook '/home/ej/Silverfish/ublox_ws/install/ublox_msgs/share/ublox_msgs/hook/cmake_prefix_path.ps1'
[40.823s] INFO:colcon.colcon_core.shell:Creating environment descriptor '/home/ej/Silverfish/ublox_ws/install/ublox_msgs/share/ublox_msgs/hook/cmake_prefix_path.dsv'
[40.825s] INFO:colcon.colcon_core.shell:Creating environment hook '/home/ej/Silverfish/ublox_ws/install/ublox_msgs/share/ublox_msgs/hook/cmake_prefix_path.sh'
[40.829s] Level 1:colcon.colcon_core.environment:checking '/home/ej/Silverfish/ublox_ws/install/ublox_msgs/lib'
[40.830s] Level 1:colcon.colcon_core.shell:create_environment_hook('ublox_msgs', 'ld_library_path_lib')
[40.835s] INFO:colcon.colcon_core.shell:Creating environment hook '/home/ej/Silverfish/ublox_ws/install/ublox_msgs/share/ublox_msgs/hook/ld_library_path_lib.ps1'
[40.838s] INFO:colcon.colcon_core.shell:Creating environment descriptor '/home/ej/Silverfish/ublox_ws/install/ublox_msgs/share/ublox_msgs/hook/ld_library_path_lib.dsv'
[40.840s] INFO:colcon.colcon_core.shell:Creating environment hook '/home/ej/Silverfish/ublox_ws/install/ublox_msgs/share/ublox_msgs/hook/ld_library_path_lib.sh'
[40.843s] Level 1:colcon.colcon_core.environment:checking '/home/ej/Silverfish/ublox_ws/install/ublox_msgs/bin'
[40.843s] Level 1:colcon.colcon_core.environment:checking '/home/ej/Silverfish/ublox_ws/install/ublox_msgs/lib/pkgconfig/ublox_msgs.pc'
[40.845s] Level 1:colcon.colcon_core.environment:checking '/home/ej/Silverfish/ublox_ws/install/ublox_msgs/lib/python3.10/site-packages'
[40.846s] Level 1:colcon.colcon_core.environment:checking '/home/ej/Silverfish/ublox_ws/install/ublox_msgs/bin'
[40.852s] INFO:colcon.colcon_core.shell:Creating package script '/home/ej/Silverfish/ublox_ws/install/ublox_msgs/share/ublox_msgs/package.ps1'
[40.855s] INFO:colcon.colcon_core.shell:Creating package descriptor '/home/ej/Silverfish/ublox_ws/install/ublox_msgs/share/ublox_msgs/package.dsv'
[40.859s] INFO:colcon.colcon_core.shell:Creating package script '/home/ej/Silverfish/ublox_ws/install/ublox_msgs/share/ublox_msgs/package.sh'
[40.863s] INFO:colcon.colcon_core.shell:Creating package script '/home/ej/Silverfish/ublox_ws/install/ublox_msgs/share/ublox_msgs/package.bash'
[40.867s] INFO:colcon.colcon_core.shell:Creating package script '/home/ej/Silverfish/ublox_ws/install/ublox_msgs/share/ublox_msgs/package.zsh'
[40.878s] Level 1:colcon.colcon_core.environment:create_file_with_runtime_dependencies(/home/ej/Silverfish/ublox_ws/install/ublox_msgs/share/colcon-core/packages/ublox_msgs)
[40.880s] INFO:colcon.colcon_ros.task.ament_cmake.build:Building ROS package in '/home/ej/Silverfish/ublox_ws/src/ublox/ublox_gps' with build type 'ament_cmake'
[40.880s] INFO:colcon.colcon_cmake.task.cmake.build:Building CMake package in '/home/ej/Silverfish/ublox_ws/src/ublox/ublox_gps'
[40.885s] INFO:colcon.colcon_core.shell:Skip shell extension 'powershell' for command environment: Not usable outside of PowerShell
[40.886s] DEBUG:colcon.colcon_core.shell:Skip shell extension 'dsv' for command environment
[40.976s] DEBUG:colcon.colcon_core.event_handler.log_command:Invoking command in '/home/ej/Silverfish/ublox_ws/build/ublox_gps': AMENT_PREFIX_PATH=/home/ej/Silverfish/ublox_ws/install/ublox_msgs:/home/ej/Silverfish/ublox_ws/install/ublox_serialization:/home/ej/Silverfish/ublox_ws/install/rtcm_msgs:${AMENT_PREFIX_PATH} CMAKE_PREFIX_PATH=/home/ej/Silverfish/ublox_ws/install/ublox_msgs:/home/ej/Silverfish/ublox_ws/install/ublox_serialization:/home/ej/Silverfish/ublox_ws/install/rtcm_msgs:/opt/ros/humble LD_LIBRARY_PATH=/home/ej/Silverfish/ublox_ws/install/ublox_msgs/lib:/home/ej/Silverfish/ublox_ws/install/rtcm_msgs/lib:${LD_LIBRARY_PATH} PYTHONPATH=/home/ej/Silverfish/ublox_ws/install/ublox_msgs/local/lib/python3.10/dist-packages:/home/ej/Silverfish/ublox_ws/install/rtcm_msgs/local/lib/python3.10/dist-packages:${PYTHONPATH} /usr/bin/cmake --build /home/ej/Silverfish/ublox_ws/build/ublox_gps -- -j4 -l4
[42.795s] DEBUG:colcon.colcon_core.event_handler.log_command:Invoked command in '/home/ej/Silverfish/ublox_ws/build/ublox_gps' returned '2': AMENT_PREFIX_PATH=/home/ej/Silverfish/ublox_ws/install/ublox_msgs:/home/ej/Silverfish/ublox_ws/install/ublox_serialization:/home/ej/Silverfish/ublox_ws/install/rtcm_msgs:${AMENT_PREFIX_PATH} CMAKE_PREFIX_PATH=/home/ej/Silverfish/ublox_ws/install/ublox_msgs:/home/ej/Silverfish/ublox_ws/install/ublox_serialization:/home/ej/Silverfish/ublox_ws/install/rtcm_msgs:/opt/ros/humble LD_LIBRARY_PATH=/home/ej/Silverfish/ublox_ws/install/ublox_msgs/lib:/home/ej/Silverfish/ublox_ws/install/rtcm_msgs/lib:${LD_LIBRARY_PATH} PYTHONPATH=/home/ej/Silverfish/ublox_ws/install/ublox_msgs/local/lib/python3.10/dist-packages:/home/ej/Silverfish/ublox_ws/install/rtcm_msgs/local/lib/python3.10/dist-packages:${PYTHONPATH} /usr/bin/cmake --build /home/ej/Silverfish/ublox_ws/build/ublox_gps -- -j4 -l4
[43.403s] Level 1:colcon.colcon_core.environment:create_environment_scripts_only(ublox_gps)
[43.416s] Level 1:colcon.colcon_core.environment:checking '/home/ej/Silverfish/ublox_ws/install/ublox_gps' for CMake module files
[43.419s] Level 1:colcon.colcon_core.environment:checking '/home/ej/Silverfish/ublox_ws/install/ublox_gps' for CMake config files
[43.422s] Level 1:colcon.colcon_core.environment:checking '/home/ej/Silverfish/ublox_ws/install/ublox_gps/bin'
[43.422s] Level 1:colcon.colcon_core.environment:checking '/home/ej/Silverfish/ublox_ws/install/ublox_gps/lib/pkgconfig/ublox_gps.pc'
[43.424s] Level 1:colcon.colcon_core.environment:checking '/home/ej/Silverfish/ublox_ws/install/ublox_gps/lib/python3.10/site-packages'
[43.425s] Level 1:colcon.colcon_core.environment:checking '/home/ej/Silverfish/ublox_ws/install/ublox_gps/bin'
[43.431s] INFO:colcon.colcon_core.shell:Creating package script '/home/ej/Silverfish/ublox_ws/install/ublox_gps/share/ublox_gps/package.ps1'
[43.433s] INFO:colcon.colcon_core.shell:Creating package descriptor '/home/ej/Silverfish/ublox_ws/install/ublox_gps/share/ublox_gps/package.dsv'
[43.436s] INFO:colcon.colcon_core.shell:Creating package script '/home/ej/Silverfish/ublox_ws/install/ublox_gps/share/ublox_gps/package.sh'
[43.439s] INFO:colcon.colcon_core.shell:Creating package script '/home/ej/Silverfish/ublox_ws/install/ublox_gps/share/ublox_gps/package.bash'
[43.441s] INFO:colcon.colcon_core.shell:Creating package script '/home/ej/Silverfish/ublox_ws/install/ublox_gps/share/ublox_gps/package.zsh'
[43.444s] Level 1:colcon.colcon_core.environment:create_file_with_runtime_dependencies(/home/ej/Silverfish/ublox_ws/install/ublox_gps/share/colcon-core/packages/ublox_gps)
[43.457s] DEBUG:colcon.colcon_parallel_executor.executor.parallel:closing loop
[43.460s] DEBUG:colcon.colcon_parallel_executor.executor.parallel:loop closed
[43.462s] DEBUG:colcon.colcon_parallel_executor.executor.parallel:run_until_complete finished with '2'
[43.464s] DEBUG:colcon.colcon_core.event_reactor:joining thread
[43.500s] INFO:colcon.colcon_core.plugin_system:Skipping extension 'colcon_notification.desktop_notification.terminal_notifier': Not used on non-Darwin systems
[43.501s] INFO:colcon.colcon_core.plugin_system:Skipping extension 'colcon_notification.desktop_notification.win32': Not used on non-Windows systems
[43.501s] INFO:colcon.colcon_notification.desktop_notification:Sending desktop notification using 'notify2'
[43.582s] DEBUG:colcon.colcon_core.event_reactor:joined thread
[43.589s] INFO:colcon.colcon_core.shell:Creating prefix script '/home/ej/Silverfish/ublox_ws/install/local_setup.ps1'
[43.595s] INFO:colcon.colcon_core.shell:Creating prefix util module '/home/ej/Silverfish/ublox_ws/install/_local_setup_util_ps1.py'
[43.605s] INFO:colcon.colcon_core.shell:Creating prefix chain script '/home/ej/Silverfish/ublox_ws/install/setup.ps1'
[43.616s] INFO:colcon.colcon_core.shell:Creating prefix script '/home/ej/Silverfish/ublox_ws/install/local_setup.sh'
[43.621s] INFO:colcon.colcon_core.shell:Creating prefix util module '/home/ej/Silverfish/ublox_ws/install/_local_setup_util_sh.py'
[43.626s] INFO:colcon.colcon_core.shell:Creating prefix chain script '/home/ej/Silverfish/ublox_ws/install/setup.sh'
[43.638s] INFO:colcon.colcon_core.shell:Creating prefix script '/home/ej/Silverfish/ublox_ws/install/local_setup.bash'
[43.644s] INFO:colcon.colcon_core.shell:Creating prefix chain script '/home/ej/Silverfish/ublox_ws/install/setup.bash'
[43.656s] INFO:colcon.colcon_core.shell:Creating prefix script '/home/ej/Silverfish/ublox_ws/install/local_setup.zsh'
[43.659s] INFO:colcon.colcon_core.shell:Creating prefix chain script '/home/ej/Silverfish/ublox_ws/install/setup.zsh'
