[0.108s] Invoking command in '/home/ej/Silverfish/ublox_ws/build/ublox_serialization': CMAKE_PREFIX_PATH=/opt/ros/humble /usr/bin/cmake --build /home/ej/Silverfish/ublox_ws/build/ublox_serialization -- -j4 -l4
[0.320s] Invoked command in '/home/ej/Silverfish/ublox_ws/build/ublox_serialization' returned '0': CMAKE_PREFIX_PATH=/opt/ros/humble /usr/bin/cmake --build /home/ej/Silverfish/ublox_ws/build/ublox_serialization -- -j4 -l4
[0.570s] Invoking command in '/home/ej/Silverfish/ublox_ws/build/ublox_serialization': CMAKE_PREFIX_PATH=/opt/ros/humble /usr/bin/cmake --install /home/ej/Silverfish/ublox_ws/build/ublox_serialization
[0.646s] -- Install configuration: ""
[0.648s] -- Up-to-date: /home/ej/Silverfish/ublox_ws/install/ublox_serialization/include/ublox_serialization
[0.648s] -- Up-to-date: /home/ej/Silverfish/ublox_ws/install/ublox_serialization/include/ublox_serialization/ublox_serialization
[0.649s] -- Up-to-date: /home/ej/Silverfish/ublox_ws/install/ublox_serialization/include/ublox_serialization/ublox_serialization/checksum.hpp
[0.650s] -- Up-to-date: /home/ej/Silverfish/ublox_ws/install/ublox_serialization/include/ublox_serialization/ublox_serialization/serialization.hpp
[0.651s] -- Up-to-date: /home/ej/Silverfish/ublox_ws/install/ublox_serialization/share/ament_index/resource_index/package_run_dependencies/ublox_serialization
[0.652s] -- Up-to-date: /home/ej/Silverfish/ublox_ws/install/ublox_serialization/share/ament_index/resource_index/parent_prefix_path/ublox_serialization
[0.653s] -- Up-to-date: /home/ej/Silverfish/ublox_ws/install/ublox_serialization/share/ublox_serialization/environment/ament_prefix_path.sh
[0.654s] -- Up-to-date: /home/ej/Silverfish/ublox_ws/install/ublox_serialization/share/ublox_serialization/environment/ament_prefix_path.dsv
[0.655s] -- Up-to-date: /home/ej/Silverfish/ublox_ws/install/ublox_serialization/share/ublox_serialization/environment/path.sh
[0.660s] -- Up-to-date: /home/ej/Silverfish/ublox_ws/install/ublox_serialization/share/ublox_serialization/environment/path.dsv
[0.671s] -- Up-to-date: /home/ej/Silverfish/ublox_ws/install/ublox_serialization/share/ublox_serialization/local_setup.bash
[0.672s] -- Up-to-date: /home/ej/Silverfish/ublox_ws/install/ublox_serialization/share/ublox_serialization/local_setup.sh
[0.678s] -- Up-to-date: /home/ej/Silverfish/ublox_ws/install/ublox_serialization/share/ublox_serialization/local_setup.zsh
[0.679s] -- Up-to-date: /home/ej/Silverfish/ublox_ws/install/ublox_serialization/share/ublox_serialization/local_setup.dsv
[0.680s] -- Installing: /home/ej/Silverfish/ublox_ws/install/ublox_serialization/share/ublox_serialization/package.dsv
[0.685s] -- Up-to-date: /home/ej/Silverfish/ublox_ws/install/ublox_serialization/share/ament_index/resource_index/packages/ublox_serialization
[0.687s] -- Up-to-date: /home/ej/Silverfish/ublox_ws/install/ublox_serialization/share/ublox_serialization/cmake/export_ublox_serializationExport.cmake
[0.688s] -- Up-to-date: /home/ej/Silverfish/ublox_ws/install/ublox_serialization/share/ublox_serialization/cmake/ament_cmake_export_include_directories-extras.cmake
[0.693s] -- Up-to-date: /home/ej/Silverfish/ublox_ws/install/ublox_serialization/share/ublox_serialization/cmake/ament_cmake_export_targets-extras.cmake
[0.696s] -- Up-to-date: /home/ej/Silverfish/ublox_ws/install/ublox_serialization/share/ublox_serialization/cmake/ublox_serializationConfig.cmake
[0.706s] -- Up-to-date: /home/ej/Silverfish/ublox_ws/install/ublox_serialization/share/ublox_serialization/cmake/ublox_serializationConfig-version.cmake
[0.707s] -- Up-to-date: /home/ej/Silverfish/ublox_ws/install/ublox_serialization/share/ublox_serialization/package.xml
[0.730s] Invoked command in '/home/ej/Silverfish/ublox_ws/build/ublox_serialization' returned '0': CMAKE_PREFIX_PATH=/opt/ros/humble /usr/bin/cmake --install /home/ej/Silverfish/ublox_ws/build/ublox_serialization
