[0.093s] Invoking command in '/home/ej/Silverfish/ublox_ws/build/rtcm_msgs': CMAKE_PREFIX_PATH=/opt/ros/humble /usr/bin/cmake --build /home/ej/Silverfish/ublox_ws/build/rtcm_msgs -- -j4 -l4
[0.411s] [  9%] Built target rtcm_msgs__rosidl_generator_c
[0.467s] [ 12%] Built target rtcm_msgs__cpp
[0.541s] [ 12%] Built target ament_cmake_python_copy_rtcm_msgs
[0.689s] [ 22%] Built target rtcm_msgs__rosidl_typesupport_introspection_c
[0.715s] [ 32%] Built target rtcm_msgs__rosidl_typesupport_fastrtps_c
[0.716s] [ 41%] Built target rtcm_msgs__rosidl_typesupport_c
[0.754s] [ 51%] Built target rtcm_msgs__rosidl_typesupport_introspection_cpp
[0.889s] [ 61%] Built target rtcm_msgs__rosidl_typesupport_cpp
[0.959s] [ 70%] Built target rtcm_msgs__rosidl_typesupport_fastrtps_cpp
[1.102s] [ 70%] Built target rtcm_msgs
[1.250s] [ 74%] Built target rtcm_msgs__py
[1.424s] [ 80%] Built target rtcm_msgs__rosidl_generator_py
[1.729s] [ 87%] Built target rtcm_msgs__rosidl_typesupport_introspection_c__pyext
[1.792s] [ 93%] Built target rtcm_msgs__rosidl_typesupport_c__pyext
[1.798s] [100%] Built target rtcm_msgs__rosidl_typesupport_fastrtps_c__pyext
[3.525s] running egg_info
[3.542s] writing rtcm_msgs.egg-info/PKG-INFO
[3.546s] writing dependency_links to rtcm_msgs.egg-info/dependency_links.txt
[3.547s] writing top-level names to rtcm_msgs.egg-info/top_level.txt
[3.568s] reading manifest file 'rtcm_msgs.egg-info/SOURCES.txt'
[3.578s] writing manifest file 'rtcm_msgs.egg-info/SOURCES.txt'
[3.911s] [100%] Built target ament_cmake_python_build_rtcm_msgs_egg
[4.038s] Invoked command in '/home/ej/Silverfish/ublox_ws/build/rtcm_msgs' returned '0': CMAKE_PREFIX_PATH=/opt/ros/humble /usr/bin/cmake --build /home/ej/Silverfish/ublox_ws/build/rtcm_msgs -- -j4 -l4
[5.015s] Invoking command in '/home/ej/Silverfish/ublox_ws/build/rtcm_msgs': CMAKE_PREFIX_PATH=/opt/ros/humble /usr/bin/cmake --install /home/ej/Silverfish/ublox_ws/build/rtcm_msgs
[5.071s] -- Install configuration: ""
[5.072s] -- Up-to-date: /home/ej/Silverfish/ublox_ws/install/rtcm_msgs/share/ament_index/resource_index/rosidl_interfaces/rtcm_msgs
[5.073s] -- Up-to-date: /home/ej/Silverfish/ublox_ws/install/rtcm_msgs/include/rtcm_msgs/rtcm_msgs
[5.076s] -- Up-to-date: /home/ej/Silverfish/ublox_ws/install/rtcm_msgs/include/rtcm_msgs/rtcm_msgs/msg
[5.077s] -- Up-to-date: /home/ej/Silverfish/ublox_ws/install/rtcm_msgs/include/rtcm_msgs/rtcm_msgs/msg/message.h
[5.078s] -- Up-to-date: /home/ej/Silverfish/ublox_ws/install/rtcm_msgs/include/rtcm_msgs/rtcm_msgs/msg/rosidl_generator_c__visibility_control.h
[5.079s] -- Up-to-date: /home/ej/Silverfish/ublox_ws/install/rtcm_msgs/include/rtcm_msgs/rtcm_msgs/msg/detail
[5.080s] -- Up-to-date: /home/ej/Silverfish/ublox_ws/install/rtcm_msgs/include/rtcm_msgs/rtcm_msgs/msg/detail/message__struct.h
[5.081s] -- Up-to-date: /home/ej/Silverfish/ublox_ws/install/rtcm_msgs/include/rtcm_msgs/rtcm_msgs/msg/detail/message__functions.h
[5.082s] -- Up-to-date: /home/ej/Silverfish/ublox_ws/install/rtcm_msgs/include/rtcm_msgs/rtcm_msgs/msg/detail/message__functions.c
[5.093s] -- Up-to-date: /home/ej/Silverfish/ublox_ws/install/rtcm_msgs/include/rtcm_msgs/rtcm_msgs/msg/detail/message__type_support.h
[5.098s] -- Up-to-date: /home/ej/Silverfish/ublox_ws/install/rtcm_msgs/share/rtcm_msgs/environment/library_path.sh
[5.100s] -- Up-to-date: /home/ej/Silverfish/ublox_ws/install/rtcm_msgs/share/rtcm_msgs/environment/library_path.dsv
[5.101s] -- Up-to-date: /home/ej/Silverfish/ublox_ws/install/rtcm_msgs/lib/librtcm_msgs__rosidl_generator_c.so
[5.101s] -- Up-to-date: /home/ej/Silverfish/ublox_ws/install/rtcm_msgs/include/rtcm_msgs/rtcm_msgs
[5.104s] -- Up-to-date: /home/ej/Silverfish/ublox_ws/install/rtcm_msgs/include/rtcm_msgs/rtcm_msgs/msg
[5.105s] -- Up-to-date: /home/ej/Silverfish/ublox_ws/install/rtcm_msgs/include/rtcm_msgs/rtcm_msgs/msg/rosidl_typesupport_fastrtps_c__visibility_control.h
[5.106s] -- Up-to-date: /home/ej/Silverfish/ublox_ws/install/rtcm_msgs/include/rtcm_msgs/rtcm_msgs/msg/detail
[5.107s] -- Up-to-date: /home/ej/Silverfish/ublox_ws/install/rtcm_msgs/include/rtcm_msgs/rtcm_msgs/msg/detail/message__rosidl_typesupport_fastrtps_c.h
[5.109s] -- Up-to-date: /home/ej/Silverfish/ublox_ws/install/rtcm_msgs/lib/librtcm_msgs__rosidl_typesupport_fastrtps_c.so
[5.110s] -- Up-to-date: /home/ej/Silverfish/ublox_ws/install/rtcm_msgs/include/rtcm_msgs/rtcm_msgs
[5.111s] -- Up-to-date: /home/ej/Silverfish/ublox_ws/install/rtcm_msgs/include/rtcm_msgs/rtcm_msgs/msg
[5.111s] -- Up-to-date: /home/ej/Silverfish/ublox_ws/install/rtcm_msgs/include/rtcm_msgs/rtcm_msgs/msg/detail
[5.112s] -- Up-to-date: /home/ej/Silverfish/ublox_ws/install/rtcm_msgs/include/rtcm_msgs/rtcm_msgs/msg/detail/message__struct.hpp
[5.113s] -- Up-to-date: /home/ej/Silverfish/ublox_ws/install/rtcm_msgs/include/rtcm_msgs/rtcm_msgs/msg/detail/message__traits.hpp
[5.114s] -- Up-to-date: /home/ej/Silverfish/ublox_ws/install/rtcm_msgs/include/rtcm_msgs/rtcm_msgs/msg/detail/message__builder.hpp
[5.115s] -- Up-to-date: /home/ej/Silverfish/ublox_ws/install/rtcm_msgs/include/rtcm_msgs/rtcm_msgs/msg/message.hpp
[5.116s] -- Up-to-date: /home/ej/Silverfish/ublox_ws/install/rtcm_msgs/include/rtcm_msgs/rtcm_msgs
[5.118s] -- Up-to-date: /home/ej/Silverfish/ublox_ws/install/rtcm_msgs/include/rtcm_msgs/rtcm_msgs/msg
[5.120s] -- Up-to-date: /home/ej/Silverfish/ublox_ws/install/rtcm_msgs/include/rtcm_msgs/rtcm_msgs/msg/rosidl_typesupport_fastrtps_cpp__visibility_control.h
[5.121s] -- Up-to-date: /home/ej/Silverfish/ublox_ws/install/rtcm_msgs/include/rtcm_msgs/rtcm_msgs/msg/detail
[5.122s] -- Up-to-date: /home/ej/Silverfish/ublox_ws/install/rtcm_msgs/include/rtcm_msgs/rtcm_msgs/msg/detail/message__rosidl_typesupport_fastrtps_cpp.hpp
[5.124s] -- Up-to-date: /home/ej/Silverfish/ublox_ws/install/rtcm_msgs/include/rtcm_msgs/rtcm_msgs/msg/detail/dds_fastrtps
[5.125s] -- Up-to-date: /home/ej/Silverfish/ublox_ws/install/rtcm_msgs/lib/librtcm_msgs__rosidl_typesupport_fastrtps_cpp.so
[5.126s] -- Up-to-date: /home/ej/Silverfish/ublox_ws/install/rtcm_msgs/include/rtcm_msgs/rtcm_msgs
[5.128s] -- Up-to-date: /home/ej/Silverfish/ublox_ws/install/rtcm_msgs/include/rtcm_msgs/rtcm_msgs/msg
[5.129s] -- Up-to-date: /home/ej/Silverfish/ublox_ws/install/rtcm_msgs/include/rtcm_msgs/rtcm_msgs/msg/rosidl_typesupport_introspection_c__visibility_control.h
[5.130s] -- Up-to-date: /home/ej/Silverfish/ublox_ws/install/rtcm_msgs/include/rtcm_msgs/rtcm_msgs/msg/detail
[5.131s] -- Up-to-date: /home/ej/Silverfish/ublox_ws/install/rtcm_msgs/include/rtcm_msgs/rtcm_msgs/msg/detail/message__type_support.c
[5.132s] -- Up-to-date: /home/ej/Silverfish/ublox_ws/install/rtcm_msgs/include/rtcm_msgs/rtcm_msgs/msg/detail/message__rosidl_typesupport_introspection_c.h
[5.133s] -- Up-to-date: /home/ej/Silverfish/ublox_ws/install/rtcm_msgs/lib/librtcm_msgs__rosidl_typesupport_introspection_c.so
[5.134s] -- Up-to-date: /home/ej/Silverfish/ublox_ws/install/rtcm_msgs/lib/librtcm_msgs__rosidl_typesupport_c.so
[5.135s] -- Up-to-date: /home/ej/Silverfish/ublox_ws/install/rtcm_msgs/include/rtcm_msgs/rtcm_msgs
[5.136s] -- Up-to-date: /home/ej/Silverfish/ublox_ws/install/rtcm_msgs/include/rtcm_msgs/rtcm_msgs/msg
[5.136s] -- Up-to-date: /home/ej/Silverfish/ublox_ws/install/rtcm_msgs/include/rtcm_msgs/rtcm_msgs/msg/detail
[5.138s] -- Up-to-date: /home/ej/Silverfish/ublox_ws/install/rtcm_msgs/include/rtcm_msgs/rtcm_msgs/msg/detail/message__rosidl_typesupport_introspection_cpp.hpp
[5.139s] -- Up-to-date: /home/ej/Silverfish/ublox_ws/install/rtcm_msgs/include/rtcm_msgs/rtcm_msgs/msg/detail/message__type_support.cpp
[5.142s] -- Up-to-date: /home/ej/Silverfish/ublox_ws/install/rtcm_msgs/lib/librtcm_msgs__rosidl_typesupport_introspection_cpp.so
[5.142s] -- Up-to-date: /home/ej/Silverfish/ublox_ws/install/rtcm_msgs/lib/librtcm_msgs__rosidl_typesupport_cpp.so
[5.143s] -- Up-to-date: /home/ej/Silverfish/ublox_ws/install/rtcm_msgs/share/rtcm_msgs/environment/pythonpath.sh
[5.144s] -- Up-to-date: /home/ej/Silverfish/ublox_ws/install/rtcm_msgs/share/rtcm_msgs/environment/pythonpath.dsv
[5.145s] -- Up-to-date: /home/ej/Silverfish/ublox_ws/install/rtcm_msgs/local/lib/python3.10/dist-packages/rtcm_msgs-1.1.0-py3.10.egg-info
[5.146s] -- Installing: /home/ej/Silverfish/ublox_ws/install/rtcm_msgs/local/lib/python3.10/dist-packages/rtcm_msgs-1.1.0-py3.10.egg-info/PKG-INFO
[5.147s] -- Installing: /home/ej/Silverfish/ublox_ws/install/rtcm_msgs/local/lib/python3.10/dist-packages/rtcm_msgs-1.1.0-py3.10.egg-info/top_level.txt
[5.148s] -- Installing: /home/ej/Silverfish/ublox_ws/install/rtcm_msgs/local/lib/python3.10/dist-packages/rtcm_msgs-1.1.0-py3.10.egg-info/SOURCES.txt
[5.148s] -- Installing: /home/ej/Silverfish/ublox_ws/install/rtcm_msgs/local/lib/python3.10/dist-packages/rtcm_msgs-1.1.0-py3.10.egg-info/dependency_links.txt
[5.149s] -- Up-to-date: /home/ej/Silverfish/ublox_ws/install/rtcm_msgs/local/lib/python3.10/dist-packages/rtcm_msgs
[5.150s] -- Up-to-date: /home/ej/Silverfish/ublox_ws/install/rtcm_msgs/local/lib/python3.10/dist-packages/rtcm_msgs/librtcm_msgs__rosidl_generator_py.so
[5.150s] -- Up-to-date: /home/ej/Silverfish/ublox_ws/install/rtcm_msgs/local/lib/python3.10/dist-packages/rtcm_msgs/_rtcm_msgs_s.ep.rosidl_typesupport_c.c
[5.153s] -- Up-to-date: /home/ej/Silverfish/ublox_ws/install/rtcm_msgs/local/lib/python3.10/dist-packages/rtcm_msgs/msg
[5.154s] -- Up-to-date: /home/ej/Silverfish/ublox_ws/install/rtcm_msgs/local/lib/python3.10/dist-packages/rtcm_msgs/msg/_message.py
[5.155s] -- Up-to-date: /home/ej/Silverfish/ublox_ws/install/rtcm_msgs/local/lib/python3.10/dist-packages/rtcm_msgs/msg/_message_s.c
[5.156s] -- Up-to-date: /home/ej/Silverfish/ublox_ws/install/rtcm_msgs/local/lib/python3.10/dist-packages/rtcm_msgs/msg/__init__.py
[5.157s] -- Up-to-date: /home/ej/Silverfish/ublox_ws/install/rtcm_msgs/local/lib/python3.10/dist-packages/rtcm_msgs/_rtcm_msgs_s.ep.rosidl_typesupport_fastrtps_c.c
[5.157s] -- Up-to-date: /home/ej/Silverfish/ublox_ws/install/rtcm_msgs/local/lib/python3.10/dist-packages/rtcm_msgs/__init__.py
[5.158s] -- Up-to-date: /home/ej/Silverfish/ublox_ws/install/rtcm_msgs/local/lib/python3.10/dist-packages/rtcm_msgs/rtcm_msgs_s__rosidl_typesupport_c.cpython-310-aarch64-linux-gnu.so
[5.159s] -- Up-to-date: /home/ej/Silverfish/ublox_ws/install/rtcm_msgs/local/lib/python3.10/dist-packages/rtcm_msgs/rtcm_msgs_s__rosidl_typesupport_fastrtps_c.cpython-310-aarch64-linux-gnu.so
[5.159s] -- Up-to-date: /home/ej/Silverfish/ublox_ws/install/rtcm_msgs/local/lib/python3.10/dist-packages/rtcm_msgs/rtcm_msgs_s__rosidl_typesupport_introspection_c.cpython-310-aarch64-linux-gnu.so
[5.160s] -- Up-to-date: /home/ej/Silverfish/ublox_ws/install/rtcm_msgs/local/lib/python3.10/dist-packages/rtcm_msgs/_rtcm_msgs_s.ep.rosidl_typesupport_introspection_c.c
[5.379s] Listing '/home/ej/Silverfish/ublox_ws/install/rtcm_msgs/local/lib/python3.10/dist-packages/rtcm_msgs'...
[5.381s] Listing '/home/ej/Silverfish/ublox_ws/install/rtcm_msgs/local/lib/python3.10/dist-packages/rtcm_msgs/msg'...
[5.440s] -- Up-to-date: /home/ej/Silverfish/ublox_ws/install/rtcm_msgs/local/lib/python3.10/dist-packages/rtcm_msgs/rtcm_msgs_s__rosidl_typesupport_fastrtps_c.cpython-310-aarch64-linux-gnu.so
[5.441s] -- Up-to-date: /home/ej/Silverfish/ublox_ws/install/rtcm_msgs/local/lib/python3.10/dist-packages/rtcm_msgs/rtcm_msgs_s__rosidl_typesupport_introspection_c.cpython-310-aarch64-linux-gnu.so
[5.445s] -- Up-to-date: /home/ej/Silverfish/ublox_ws/install/rtcm_msgs/local/lib/python3.10/dist-packages/rtcm_msgs/rtcm_msgs_s__rosidl_typesupport_c.cpython-310-aarch64-linux-gnu.so
[5.446s] -- Up-to-date: /home/ej/Silverfish/ublox_ws/install/rtcm_msgs/lib/librtcm_msgs__rosidl_generator_py.so
[5.448s] -- Up-to-date: /home/ej/Silverfish/ublox_ws/install/rtcm_msgs/share/rtcm_msgs/msg/Message.idl
[5.449s] -- Up-to-date: /home/ej/Silverfish/ublox_ws/install/rtcm_msgs/share/rtcm_msgs/msg/Message.msg
[5.455s] -- Up-to-date: /home/ej/Silverfish/ublox_ws/install/rtcm_msgs/share/ament_index/resource_index/package_run_dependencies/rtcm_msgs
[5.456s] -- Up-to-date: /home/ej/Silverfish/ublox_ws/install/rtcm_msgs/share/ament_index/resource_index/parent_prefix_path/rtcm_msgs
[5.457s] -- Up-to-date: /home/ej/Silverfish/ublox_ws/install/rtcm_msgs/share/rtcm_msgs/environment/ament_prefix_path.sh
[5.457s] -- Up-to-date: /home/ej/Silverfish/ublox_ws/install/rtcm_msgs/share/rtcm_msgs/environment/ament_prefix_path.dsv
[5.458s] -- Up-to-date: /home/ej/Silverfish/ublox_ws/install/rtcm_msgs/share/rtcm_msgs/environment/path.sh
[5.460s] -- Up-to-date: /home/ej/Silverfish/ublox_ws/install/rtcm_msgs/share/rtcm_msgs/environment/path.dsv
[5.460s] -- Up-to-date: /home/ej/Silverfish/ublox_ws/install/rtcm_msgs/share/rtcm_msgs/local_setup.bash
[5.462s] -- Up-to-date: /home/ej/Silverfish/ublox_ws/install/rtcm_msgs/share/rtcm_msgs/local_setup.sh
[5.462s] -- Up-to-date: /home/ej/Silverfish/ublox_ws/install/rtcm_msgs/share/rtcm_msgs/local_setup.zsh
[5.464s] -- Up-to-date: /home/ej/Silverfish/ublox_ws/install/rtcm_msgs/share/rtcm_msgs/local_setup.dsv
[5.469s] -- Installing: /home/ej/Silverfish/ublox_ws/install/rtcm_msgs/share/rtcm_msgs/package.dsv
[5.477s] -- Up-to-date: /home/ej/Silverfish/ublox_ws/install/rtcm_msgs/share/ament_index/resource_index/packages/rtcm_msgs
[5.479s] -- Up-to-date: /home/ej/Silverfish/ublox_ws/install/rtcm_msgs/share/rtcm_msgs/cmake/export_rtcm_msgs__rosidl_generator_cExport.cmake
[5.481s] -- Up-to-date: /home/ej/Silverfish/ublox_ws/install/rtcm_msgs/share/rtcm_msgs/cmake/export_rtcm_msgs__rosidl_generator_cExport-noconfig.cmake
[5.482s] -- Up-to-date: /home/ej/Silverfish/ublox_ws/install/rtcm_msgs/share/rtcm_msgs/cmake/export_rtcm_msgs__rosidl_typesupport_fastrtps_cExport.cmake
[5.484s] -- Up-to-date: /home/ej/Silverfish/ublox_ws/install/rtcm_msgs/share/rtcm_msgs/cmake/export_rtcm_msgs__rosidl_typesupport_fastrtps_cExport-noconfig.cmake
[5.486s] -- Up-to-date: /home/ej/Silverfish/ublox_ws/install/rtcm_msgs/share/rtcm_msgs/cmake/export_rtcm_msgs__rosidl_generator_cppExport.cmake
[5.488s] -- Up-to-date: /home/ej/Silverfish/ublox_ws/install/rtcm_msgs/share/rtcm_msgs/cmake/export_rtcm_msgs__rosidl_typesupport_fastrtps_cppExport.cmake
[5.488s] -- Up-to-date: /home/ej/Silverfish/ublox_ws/install/rtcm_msgs/share/rtcm_msgs/cmake/export_rtcm_msgs__rosidl_typesupport_fastrtps_cppExport-noconfig.cmake
[5.489s] -- Up-to-date: /home/ej/Silverfish/ublox_ws/install/rtcm_msgs/share/rtcm_msgs/cmake/rtcm_msgs__rosidl_typesupport_introspection_cExport.cmake
[5.490s] -- Up-to-date: /home/ej/Silverfish/ublox_ws/install/rtcm_msgs/share/rtcm_msgs/cmake/rtcm_msgs__rosidl_typesupport_introspection_cExport-noconfig.cmake
[5.491s] -- Up-to-date: /home/ej/Silverfish/ublox_ws/install/rtcm_msgs/share/rtcm_msgs/cmake/rtcm_msgs__rosidl_typesupport_cExport.cmake
[5.493s] -- Up-to-date: /home/ej/Silverfish/ublox_ws/install/rtcm_msgs/share/rtcm_msgs/cmake/rtcm_msgs__rosidl_typesupport_cExport-noconfig.cmake
[5.505s] -- Up-to-date: /home/ej/Silverfish/ublox_ws/install/rtcm_msgs/share/rtcm_msgs/cmake/rtcm_msgs__rosidl_typesupport_introspection_cppExport.cmake
[5.509s] -- Up-to-date: /home/ej/Silverfish/ublox_ws/install/rtcm_msgs/share/rtcm_msgs/cmake/rtcm_msgs__rosidl_typesupport_introspection_cppExport-noconfig.cmake
[5.526s] -- Up-to-date: /home/ej/Silverfish/ublox_ws/install/rtcm_msgs/share/rtcm_msgs/cmake/rtcm_msgs__rosidl_typesupport_cppExport.cmake
[5.528s] -- Up-to-date: /home/ej/Silverfish/ublox_ws/install/rtcm_msgs/share/rtcm_msgs/cmake/rtcm_msgs__rosidl_typesupport_cppExport-noconfig.cmake
[5.529s] -- Up-to-date: /home/ej/Silverfish/ublox_ws/install/rtcm_msgs/share/rtcm_msgs/cmake/export_rtcm_msgs__rosidl_generator_pyExport.cmake
[5.531s] -- Up-to-date: /home/ej/Silverfish/ublox_ws/install/rtcm_msgs/share/rtcm_msgs/cmake/export_rtcm_msgs__rosidl_generator_pyExport-noconfig.cmake
[5.532s] -- Up-to-date: /home/ej/Silverfish/ublox_ws/install/rtcm_msgs/share/rtcm_msgs/cmake/rosidl_cmake-extras.cmake
[5.533s] -- Up-to-date: /home/ej/Silverfish/ublox_ws/install/rtcm_msgs/share/rtcm_msgs/cmake/ament_cmake_export_dependencies-extras.cmake
[5.535s] -- Up-to-date: /home/ej/Silverfish/ublox_ws/install/rtcm_msgs/share/rtcm_msgs/cmake/ament_cmake_export_include_directories-extras.cmake
[5.536s] -- Up-to-date: /home/ej/Silverfish/ublox_ws/install/rtcm_msgs/share/rtcm_msgs/cmake/ament_cmake_export_libraries-extras.cmake
[5.537s] -- Up-to-date: /home/ej/Silverfish/ublox_ws/install/rtcm_msgs/share/rtcm_msgs/cmake/ament_cmake_export_targets-extras.cmake
[5.537s] -- Up-to-date: /home/ej/Silverfish/ublox_ws/install/rtcm_msgs/share/rtcm_msgs/cmake/rosidl_cmake_export_typesupport_targets-extras.cmake
[5.538s] -- Up-to-date: /home/ej/Silverfish/ublox_ws/install/rtcm_msgs/share/rtcm_msgs/cmake/rosidl_cmake_export_typesupport_libraries-extras.cmake
[5.539s] -- Up-to-date: /home/ej/Silverfish/ublox_ws/install/rtcm_msgs/share/rtcm_msgs/cmake/rtcm_msgsConfig.cmake
[5.540s] -- Up-to-date: /home/ej/Silverfish/ublox_ws/install/rtcm_msgs/share/rtcm_msgs/cmake/rtcm_msgsConfig-version.cmake
[5.540s] -- Up-to-date: /home/ej/Silverfish/ublox_ws/install/rtcm_msgs/share/rtcm_msgs/package.xml
[5.541s] Invoked command in '/home/ej/Silverfish/ublox_ws/build/rtcm_msgs' returned '0': CMAKE_PREFIX_PATH=/opt/ros/humble /usr/bin/cmake --install /home/ej/Silverfish/ublox_ws/build/rtcm_msgs
